[0.495s] DEBUG:colcon:Command line arguments: ['/usr/bin/colcon', 'build', '--symlink-install']
[0.495s] DEBUG:colcon:Parsed command line arguments: Namespace(log_base=None, log_level=None, verb_name='build', build_base='build', install_base='install', merge_install=False, symlink_install=True, test_result_base=None, continue_on_error=False, executor='parallel', parallel_workers=4, event_handlers=None, ignore_user_meta=False, metas=['./colcon.meta'], base_paths=['.'], packages_ignore=None, packages_ignore_regex=None, paths=None, packages_up_to=None, packages_up_to_regex=None, packages_above=None, packages_above_and_dependencies=None, packages_above_depth=None, packages_select_by_dep=None, packages_skip_by_dep=None, packages_skip_up_to=None, packages_select_build_failed=False, packages_skip_build_finished=False, packages_select_test_failures=False, packages_skip_test_passed=False, packages_select=None, packages_skip=None, packages_select_regex=None, packages_skip_regex=None, packages_start=None, packages_end=None, allow_overriding=[], cmake_args=None, cmake_target=None, cmake_target_skip_unavailable=False, cmake_clean_cache=False, cmake_clean_first=False, cmake_force_configure=False, ament_cmake_args=None, catkin_cmake_args=None, catkin_skip_building_tests=False, mixin_files=None, mixin=None, verb_parser=<colcon_mixin.mixin.mixin_argument.MixinArgumentDecorator object at 0xffff7db80400>, verb_extension=<colcon_core.verb.build.BuildVerb object at 0xffff7dcc8b20>, main=<bound method BuildVerb.main of <colcon_core.verb.build.BuildVerb object at 0xffff7dcc8b20>>, mixin_verb=('build',))
[1.193s] Level 1:colcon.colcon_core.package_discovery:discover_packages(colcon_meta) check parameters
[1.194s] Level 1:colcon.colcon_core.package_discovery:discover_packages(recursive) check parameters
[1.194s] Level 1:colcon.colcon_core.package_discovery:discover_packages(ignore) check parameters
[1.194s] Level 1:colcon.colcon_core.package_discovery:discover_packages(path) check parameters
[1.194s] Level 1:colcon.colcon_core.package_discovery:discover_packages(colcon_meta) discover
[1.195s] Level 1:colcon.colcon_core.package_discovery:discover_packages(recursive) discover
[1.195s] INFO:colcon.colcon_core.package_discovery:Crawling recursively for packages in '/home/rosievoice/main_ws/mic_ws'
[1.196s] Level 1:colcon.colcon_core.package_identification:_identify(.) by extensions ['ignore', 'ignore_ament_install']
[1.196s] Level 1:colcon.colcon_core.package_identification:_identify(.) by extension 'ignore'
[1.196s] Level 1:colcon.colcon_core.package_identification:_identify(.) by extension 'ignore_ament_install'
[1.197s] Level 1:colcon.colcon_core.package_identification:_identify(.) by extensions ['colcon_pkg']
[1.197s] Level 1:colcon.colcon_core.package_identification:_identify(.) by extension 'colcon_pkg'
[1.198s] Level 1:colcon.colcon_core.package_identification:_identify(.) by extensions ['colcon_meta']
[1.198s] Level 1:colcon.colcon_core.package_identification:_identify(.) by extension 'colcon_meta'
[1.198s] Level 1:colcon.colcon_core.package_identification:_identify(.) by extensions ['ros']
[1.199s] Level 1:colcon.colcon_core.package_identification:_identify(.) by extension 'ros'
[1.249s] Level 1:colcon.colcon_core.package_identification:_identify(.) by extensions ['cmake', 'python']
[1.250s] Level 1:colcon.colcon_core.package_identification:_identify(.) by extension 'cmake'
[1.250s] Level 1:colcon.colcon_core.package_identification:_identify(.) by extension 'python'
[1.250s] Level 1:colcon.colcon_core.package_identification:_identify(.) by extensions ['python_setup_py']
[1.251s] Level 1:colcon.colcon_core.package_identification:_identify(.) by extension 'python_setup_py'
[1.251s] Level 1:colcon.colcon_core.package_identification:_identify(build) by extensions ['ignore', 'ignore_ament_install']
[1.252s] Level 1:colcon.colcon_core.package_identification:_identify(build) by extension 'ignore'
[1.253s] Level 1:colcon.colcon_core.package_identification:_identify(build) ignored
[1.253s] Level 1:colcon.colcon_core.package_identification:_identify(install) by extensions ['ignore', 'ignore_ament_install']
[1.254s] Level 1:colcon.colcon_core.package_identification:_identify(install) by extension 'ignore'
[1.254s] Level 1:colcon.colcon_core.package_identification:_identify(install) ignored
[1.255s] Level 1:colcon.colcon_core.package_identification:_identify(log) by extensions ['ignore', 'ignore_ament_install']
[1.255s] Level 1:colcon.colcon_core.package_identification:_identify(log) by extension 'ignore'
[1.255s] Level 1:colcon.colcon_core.package_identification:_identify(log) ignored
[1.256s] Level 1:colcon.colcon_core.package_identification:_identify(src) by extensions ['ignore', 'ignore_ament_install']
[1.256s] Level 1:colcon.colcon_core.package_identification:_identify(src) by extension 'ignore'
[1.257s] Level 1:colcon.colcon_core.package_identification:_identify(src) by extension 'ignore_ament_install'
[1.257s] Level 1:colcon.colcon_core.package_identification:_identify(src) by extensions ['colcon_pkg']
[1.257s] Level 1:colcon.colcon_core.package_identification:_identify(src) by extension 'colcon_pkg'
[1.257s] Level 1:colcon.colcon_core.package_identification:_identify(src) by extensions ['colcon_meta']
[1.257s] Level 1:colcon.colcon_core.package_identification:_identify(src) by extension 'colcon_meta'
[1.258s] Level 1:colcon.colcon_core.package_identification:_identify(src) by extensions ['ros']
[1.258s] Level 1:colcon.colcon_core.package_identification:_identify(src) by extension 'ros'
[1.258s] Level 1:colcon.colcon_core.package_identification:_identify(src) by extensions ['cmake', 'python']
[1.258s] Level 1:colcon.colcon_core.package_identification:_identify(src) by extension 'cmake'
[1.259s] Level 1:colcon.colcon_core.package_identification:_identify(src) by extension 'python'
[1.259s] Level 1:colcon.colcon_core.package_identification:_identify(src) by extensions ['python_setup_py']
[1.259s] Level 1:colcon.colcon_core.package_identification:_identify(src) by extension 'python_setup_py'
[1.260s] Level 1:colcon.colcon_core.package_identification:_identify(src/ai_client) by extensions ['ignore', 'ignore_ament_install']
[1.260s] Level 1:colcon.colcon_core.package_identification:_identify(src/ai_client) by extension 'ignore'
[1.260s] Level 1:colcon.colcon_core.package_identification:_identify(src/ai_client) by extension 'ignore_ament_install'
[1.260s] Level 1:colcon.colcon_core.package_identification:_identify(src/ai_client) by extensions ['colcon_pkg']
[1.261s] Level 1:colcon.colcon_core.package_identification:_identify(src/ai_client) by extension 'colcon_pkg'
[1.261s] Level 1:colcon.colcon_core.package_identification:_identify(src/ai_client) by extensions ['colcon_meta']
[1.261s] Level 1:colcon.colcon_core.package_identification:_identify(src/ai_client) by extension 'colcon_meta'
[1.261s] Level 1:colcon.colcon_core.package_identification:_identify(src/ai_client) by extensions ['ros']
[1.261s] Level 1:colcon.colcon_core.package_identification:_identify(src/ai_client) by extension 'ros'
[1.270s] DEBUG:colcon.colcon_core.package_identification:Package 'src/ai_client' with type 'ros.ament_cmake' and name 'ai_client'
[1.271s] Level 1:colcon.colcon_core.package_identification:_identify(src/prototype) by extensions ['ignore', 'ignore_ament_install']
[1.271s] Level 1:colcon.colcon_core.package_identification:_identify(src/prototype) by extension 'ignore'
[1.272s] Level 1:colcon.colcon_core.package_identification:_identify(src/prototype) by extension 'ignore_ament_install'
[1.272s] Level 1:colcon.colcon_core.package_identification:_identify(src/prototype) by extensions ['colcon_pkg']
[1.273s] Level 1:colcon.colcon_core.package_identification:_identify(src/prototype) by extension 'colcon_pkg'
[1.273s] Level 1:colcon.colcon_core.package_identification:_identify(src/prototype) by extensions ['colcon_meta']
[1.273s] Level 1:colcon.colcon_core.package_identification:_identify(src/prototype) by extension 'colcon_meta'
[1.273s] Level 1:colcon.colcon_core.package_identification:_identify(src/prototype) by extensions ['ros']
[1.273s] Level 1:colcon.colcon_core.package_identification:_identify(src/prototype) by extension 'ros'
[1.277s] DEBUG:colcon.colcon_core.package_identification:Package 'src/prototype' with type 'ros.ament_cmake' and name 'prototype'
[1.278s] Level 1:colcon.colcon_core.package_identification:_identify(src/vosk-model-small-en-us-0.15) by extensions ['ignore', 'ignore_ament_install']
[1.278s] Level 1:colcon.colcon_core.package_identification:_identify(src/vosk-model-small-en-us-0.15) by extension 'ignore'
[1.279s] Level 1:colcon.colcon_core.package_identification:_identify(src/vosk-model-small-en-us-0.15) by extension 'ignore_ament_install'
[1.279s] Level 1:colcon.colcon_core.package_identification:_identify(src/vosk-model-small-en-us-0.15) by extensions ['colcon_pkg']
[1.279s] Level 1:colcon.colcon_core.package_identification:_identify(src/vosk-model-small-en-us-0.15) by extension 'colcon_pkg'
[1.279s] Level 1:colcon.colcon_core.package_identification:_identify(src/vosk-model-small-en-us-0.15) by extensions ['colcon_meta']
[1.280s] Level 1:colcon.colcon_core.package_identification:_identify(src/vosk-model-small-en-us-0.15) by extension 'colcon_meta'
[1.280s] Level 1:colcon.colcon_core.package_identification:_identify(src/vosk-model-small-en-us-0.15) by extensions ['ros']
[1.280s] Level 1:colcon.colcon_core.package_identification:_identify(src/vosk-model-small-en-us-0.15) by extension 'ros'
[1.280s] Level 1:colcon.colcon_core.package_identification:_identify(src/vosk-model-small-en-us-0.15) by extensions ['cmake', 'python']
[1.281s] Level 1:colcon.colcon_core.package_identification:_identify(src/vosk-model-small-en-us-0.15) by extension 'cmake'
[1.281s] Level 1:colcon.colcon_core.package_identification:_identify(src/vosk-model-small-en-us-0.15) by extension 'python'
[1.281s] Level 1:colcon.colcon_core.package_identification:_identify(src/vosk-model-small-en-us-0.15) by extensions ['python_setup_py']
[1.281s] Level 1:colcon.colcon_core.package_identification:_identify(src/vosk-model-small-en-us-0.15) by extension 'python_setup_py'
[1.282s] Level 1:colcon.colcon_core.package_identification:_identify(src/vosk-model-small-en-us-0.15/am) by extensions ['ignore', 'ignore_ament_install']
[1.282s] Level 1:colcon.colcon_core.package_identification:_identify(src/vosk-model-small-en-us-0.15/am) by extension 'ignore'
[1.283s] Level 1:colcon.colcon_core.package_identification:_identify(src/vosk-model-small-en-us-0.15/am) by extension 'ignore_ament_install'
[1.283s] Level 1:colcon.colcon_core.package_identification:_identify(src/vosk-model-small-en-us-0.15/am) by extensions ['colcon_pkg']
[1.283s] Level 1:colcon.colcon_core.package_identification:_identify(src/vosk-model-small-en-us-0.15/am) by extension 'colcon_pkg'
[1.283s] Level 1:colcon.colcon_core.package_identification:_identify(src/vosk-model-small-en-us-0.15/am) by extensions ['colcon_meta']
[1.283s] Level 1:colcon.colcon_core.package_identification:_identify(src/vosk-model-small-en-us-0.15/am) by extension 'colcon_meta'
[1.284s] Level 1:colcon.colcon_core.package_identification:_identify(src/vosk-model-small-en-us-0.15/am) by extensions ['ros']
[1.284s] Level 1:colcon.colcon_core.package_identification:_identify(src/vosk-model-small-en-us-0.15/am) by extension 'ros'
[1.284s] Level 1:colcon.colcon_core.package_identification:_identify(src/vosk-model-small-en-us-0.15/am) by extensions ['cmake', 'python']
[1.285s] Level 1:colcon.colcon_core.package_identification:_identify(src/vosk-model-small-en-us-0.15/am) by extension 'cmake'
[1.285s] Level 1:colcon.colcon_core.package_identification:_identify(src/vosk-model-small-en-us-0.15/am) by extension 'python'
[1.285s] Level 1:colcon.colcon_core.package_identification:_identify(src/vosk-model-small-en-us-0.15/am) by extensions ['python_setup_py']
[1.285s] Level 1:colcon.colcon_core.package_identification:_identify(src/vosk-model-small-en-us-0.15/am) by extension 'python_setup_py'
[1.286s] Level 1:colcon.colcon_core.package_identification:_identify(src/vosk-model-small-en-us-0.15/conf) by extensions ['ignore', 'ignore_ament_install']
[1.286s] Level 1:colcon.colcon_core.package_identification:_identify(src/vosk-model-small-en-us-0.15/conf) by extension 'ignore'
[1.287s] Level 1:colcon.colcon_core.package_identification:_identify(src/vosk-model-small-en-us-0.15/conf) by extension 'ignore_ament_install'
[1.287s] Level 1:colcon.colcon_core.package_identification:_identify(src/vosk-model-small-en-us-0.15/conf) by extensions ['colcon_pkg']
[1.287s] Level 1:colcon.colcon_core.package_identification:_identify(src/vosk-model-small-en-us-0.15/conf) by extension 'colcon_pkg'
[1.287s] Level 1:colcon.colcon_core.package_identification:_identify(src/vosk-model-small-en-us-0.15/conf) by extensions ['colcon_meta']
[1.287s] Level 1:colcon.colcon_core.package_identification:_identify(src/vosk-model-small-en-us-0.15/conf) by extension 'colcon_meta'
[1.288s] Level 1:colcon.colcon_core.package_identification:_identify(src/vosk-model-small-en-us-0.15/conf) by extensions ['ros']
[1.288s] Level 1:colcon.colcon_core.package_identification:_identify(src/vosk-model-small-en-us-0.15/conf) by extension 'ros'
[1.288s] Level 1:colcon.colcon_core.package_identification:_identify(src/vosk-model-small-en-us-0.15/conf) by extensions ['cmake', 'python']
[1.288s] Level 1:colcon.colcon_core.package_identification:_identify(src/vosk-model-small-en-us-0.15/conf) by extension 'cmake'
[1.289s] Level 1:colcon.colcon_core.package_identification:_identify(src/vosk-model-small-en-us-0.15/conf) by extension 'python'
[1.289s] Level 1:colcon.colcon_core.package_identification:_identify(src/vosk-model-small-en-us-0.15/conf) by extensions ['python_setup_py']
[1.289s] Level 1:colcon.colcon_core.package_identification:_identify(src/vosk-model-small-en-us-0.15/conf) by extension 'python_setup_py'
[1.290s] Level 1:colcon.colcon_core.package_identification:_identify(src/vosk-model-small-en-us-0.15/graph) by extensions ['ignore', 'ignore_ament_install']
[1.290s] Level 1:colcon.colcon_core.package_identification:_identify(src/vosk-model-small-en-us-0.15/graph) by extension 'ignore'
[1.290s] Level 1:colcon.colcon_core.package_identification:_identify(src/vosk-model-small-en-us-0.15/graph) by extension 'ignore_ament_install'
[1.291s] Level 1:colcon.colcon_core.package_identification:_identify(src/vosk-model-small-en-us-0.15/graph) by extensions ['colcon_pkg']
[1.291s] Level 1:colcon.colcon_core.package_identification:_identify(src/vosk-model-small-en-us-0.15/graph) by extension 'colcon_pkg'
[1.291s] Level 1:colcon.colcon_core.package_identification:_identify(src/vosk-model-small-en-us-0.15/graph) by extensions ['colcon_meta']
[1.291s] Level 1:colcon.colcon_core.package_identification:_identify(src/vosk-model-small-en-us-0.15/graph) by extension 'colcon_meta'
[1.292s] Level 1:colcon.colcon_core.package_identification:_identify(src/vosk-model-small-en-us-0.15/graph) by extensions ['ros']
[1.292s] Level 1:colcon.colcon_core.package_identification:_identify(src/vosk-model-small-en-us-0.15/graph) by extension 'ros'
[1.292s] Level 1:colcon.colcon_core.package_identification:_identify(src/vosk-model-small-en-us-0.15/graph) by extensions ['cmake', 'python']
[1.292s] Level 1:colcon.colcon_core.package_identification:_identify(src/vosk-model-small-en-us-0.15/graph) by extension 'cmake'
[1.293s] Level 1:colcon.colcon_core.package_identification:_identify(src/vosk-model-small-en-us-0.15/graph) by extension 'python'
[1.293s] Level 1:colcon.colcon_core.package_identification:_identify(src/vosk-model-small-en-us-0.15/graph) by extensions ['python_setup_py']
[1.293s] Level 1:colcon.colcon_core.package_identification:_identify(src/vosk-model-small-en-us-0.15/graph) by extension 'python_setup_py'
[1.294s] Level 1:colcon.colcon_core.package_identification:_identify(src/vosk-model-small-en-us-0.15/graph/phones) by extensions ['ignore', 'ignore_ament_install']
[1.294s] Level 1:colcon.colcon_core.package_identification:_identify(src/vosk-model-small-en-us-0.15/graph/phones) by extension 'ignore'
[1.295s] Level 1:colcon.colcon_core.package_identification:_identify(src/vosk-model-small-en-us-0.15/graph/phones) by extension 'ignore_ament_install'
[1.295s] Level 1:colcon.colcon_core.package_identification:_identify(src/vosk-model-small-en-us-0.15/graph/phones) by extensions ['colcon_pkg']
[1.295s] Level 1:colcon.colcon_core.package_identification:_identify(src/vosk-model-small-en-us-0.15/graph/phones) by extension 'colcon_pkg'
[1.295s] Level 1:colcon.colcon_core.package_identification:_identify(src/vosk-model-small-en-us-0.15/graph/phones) by extensions ['colcon_meta']
[1.295s] Level 1:colcon.colcon_core.package_identification:_identify(src/vosk-model-small-en-us-0.15/graph/phones) by extension 'colcon_meta'
[1.296s] Level 1:colcon.colcon_core.package_identification:_identify(src/vosk-model-small-en-us-0.15/graph/phones) by extensions ['ros']
[1.296s] Level 1:colcon.colcon_core.package_identification:_identify(src/vosk-model-small-en-us-0.15/graph/phones) by extension 'ros'
[1.296s] Level 1:colcon.colcon_core.package_identification:_identify(src/vosk-model-small-en-us-0.15/graph/phones) by extensions ['cmake', 'python']
[1.297s] Level 1:colcon.colcon_core.package_identification:_identify(src/vosk-model-small-en-us-0.15/graph/phones) by extension 'cmake'
[1.297s] Level 1:colcon.colcon_core.package_identification:_identify(src/vosk-model-small-en-us-0.15/graph/phones) by extension 'python'
[1.297s] Level 1:colcon.colcon_core.package_identification:_identify(src/vosk-model-small-en-us-0.15/graph/phones) by extensions ['python_setup_py']
[1.297s] Level 1:colcon.colcon_core.package_identification:_identify(src/vosk-model-small-en-us-0.15/graph/phones) by extension 'python_setup_py'
[1.298s] Level 1:colcon.colcon_core.package_identification:_identify(src/vosk-model-small-en-us-0.15/ivector) by extensions ['ignore', 'ignore_ament_install']
[1.298s] Level 1:colcon.colcon_core.package_identification:_identify(src/vosk-model-small-en-us-0.15/ivector) by extension 'ignore'
[1.299s] Level 1:colcon.colcon_core.package_identification:_identify(src/vosk-model-small-en-us-0.15/ivector) by extension 'ignore_ament_install'
[1.299s] Level 1:colcon.colcon_core.package_identification:_identify(src/vosk-model-small-en-us-0.15/ivector) by extensions ['colcon_pkg']
[1.299s] Level 1:colcon.colcon_core.package_identification:_identify(src/vosk-model-small-en-us-0.15/ivector) by extension 'colcon_pkg'
[1.299s] Level 1:colcon.colcon_core.package_identification:_identify(src/vosk-model-small-en-us-0.15/ivector) by extensions ['colcon_meta']
[1.299s] Level 1:colcon.colcon_core.package_identification:_identify(src/vosk-model-small-en-us-0.15/ivector) by extension 'colcon_meta'
[1.300s] Level 1:colcon.colcon_core.package_identification:_identify(src/vosk-model-small-en-us-0.15/ivector) by extensions ['ros']
[1.300s] Level 1:colcon.colcon_core.package_identification:_identify(src/vosk-model-small-en-us-0.15/ivector) by extension 'ros'
[1.300s] Level 1:colcon.colcon_core.package_identification:_identify(src/vosk-model-small-en-us-0.15/ivector) by extensions ['cmake', 'python']
[1.300s] Level 1:colcon.colcon_core.package_identification:_identify(src/vosk-model-small-en-us-0.15/ivector) by extension 'cmake'
[1.301s] Level 1:colcon.colcon_core.package_identification:_identify(src/vosk-model-small-en-us-0.15/ivector) by extension 'python'
[1.301s] Level 1:colcon.colcon_core.package_identification:_identify(src/vosk-model-small-en-us-0.15/ivector) by extensions ['python_setup_py']
[1.301s] Level 1:colcon.colcon_core.package_identification:_identify(src/vosk-model-small-en-us-0.15/ivector) by extension 'python_setup_py'
[1.301s] Level 1:colcon.colcon_core.package_discovery:discover_packages(recursive) using defaults
[1.302s] Level 1:colcon.colcon_core.package_discovery:discover_packages(ignore) discover
[1.302s] Level 1:colcon.colcon_core.package_discovery:discover_packages(ignore) using defaults
[1.302s] Level 1:colcon.colcon_core.package_discovery:discover_packages(path) discover
[1.302s] Level 1:colcon.colcon_core.package_discovery:discover_packages(path) using defaults
[1.385s] Level 1:colcon.colcon_core.package_discovery:discover_packages(prefix_path) check parameters
[1.385s] Level 1:colcon.colcon_core.package_discovery:discover_packages(prefix_path) discover
[1.406s] DEBUG:colcon.colcon_installed_package_information.package_discovery:Found 180 installed packages in /opt/ros/humble
[1.411s] Level 1:colcon.colcon_core.package_discovery:discover_packages(prefix_path) using defaults
[1.573s] Level 5:colcon.colcon_core.verb:set package 'ai_client' build argument 'cmake_args' from command line to 'None'
[1.573s] Level 5:colcon.colcon_core.verb:set package 'ai_client' build argument 'cmake_target' from command line to 'None'
[1.574s] Level 5:colcon.colcon_core.verb:set package 'ai_client' build argument 'cmake_target_skip_unavailable' from command line to 'False'
[1.574s] Level 5:colcon.colcon_core.verb:set package 'ai_client' build argument 'cmake_clean_cache' from command line to 'False'
[1.574s] Level 5:colcon.colcon_core.verb:set package 'ai_client' build argument 'cmake_clean_first' from command line to 'False'
[1.574s] Level 5:colcon.colcon_core.verb:set package 'ai_client' build argument 'cmake_force_configure' from command line to 'False'
[1.574s] Level 5:colcon.colcon_core.verb:set package 'ai_client' build argument 'ament_cmake_args' from command line to 'None'
[1.574s] Level 5:colcon.colcon_core.verb:set package 'ai_client' build argument 'catkin_cmake_args' from command line to 'None'
[1.574s] Level 5:colcon.colcon_core.verb:set package 'ai_client' build argument 'catkin_skip_building_tests' from command line to 'False'
[1.574s] DEBUG:colcon.colcon_core.verb:Building package 'ai_client' with the following arguments: {'ament_cmake_args': None, 'build_base': '/home/rosievoice/main_ws/mic_ws/build/ai_client', 'catkin_cmake_args': None, 'catkin_skip_building_tests': False, 'cmake_args': None, 'cmake_clean_cache': False, 'cmake_clean_first': False, 'cmake_force_configure': False, 'cmake_target': None, 'cmake_target_skip_unavailable': False, 'install_base': '/home/rosievoice/main_ws/mic_ws/install/ai_client', 'merge_install': False, 'path': '/home/rosievoice/main_ws/mic_ws/src/ai_client', 'symlink_install': True, 'test_result_base': None}
[1.576s] Level 5:colcon.colcon_core.verb:set package 'prototype' build argument 'cmake_args' from command line to 'None'
[1.576s] Level 5:colcon.colcon_core.verb:set package 'prototype' build argument 'cmake_target' from command line to 'None'
[1.576s] Level 5:colcon.colcon_core.verb:set package 'prototype' build argument 'cmake_target_skip_unavailable' from command line to 'False'
[1.576s] Level 5:colcon.colcon_core.verb:set package 'prototype' build argument 'cmake_clean_cache' from command line to 'False'
[1.577s] Level 5:colcon.colcon_core.verb:set package 'prototype' build argument 'cmake_clean_first' from command line to 'False'
[1.577s] Level 5:colcon.colcon_core.verb:set package 'prototype' build argument 'cmake_force_configure' from command line to 'False'
[1.577s] Level 5:colcon.colcon_core.verb:set package 'prototype' build argument 'ament_cmake_args' from command line to 'None'
[1.577s] Level 5:colcon.colcon_core.verb:set package 'prototype' build argument 'catkin_cmake_args' from command line to 'None'
[1.577s] Level 5:colcon.colcon_core.verb:set package 'prototype' build argument 'catkin_skip_building_tests' from command line to 'False'
[1.577s] DEBUG:colcon.colcon_core.verb:Building package 'prototype' with the following arguments: {'ament_cmake_args': None, 'build_base': '/home/rosievoice/main_ws/mic_ws/build/prototype', 'catkin_cmake_args': None, 'catkin_skip_building_tests': False, 'cmake_args': None, 'cmake_clean_cache': False, 'cmake_clean_first': False, 'cmake_force_configure': False, 'cmake_target': None, 'cmake_target_skip_unavailable': False, 'install_base': '/home/rosievoice/main_ws/mic_ws/install/prototype', 'merge_install': False, 'path': '/home/rosievoice/main_ws/mic_ws/src/prototype', 'symlink_install': True, 'test_result_base': None}
[1.578s] INFO:colcon.colcon_core.executor:Executing jobs using 'parallel' executor
[1.581s] DEBUG:colcon.colcon_parallel_executor.executor.parallel:run_until_complete
[1.583s] INFO:colcon.colcon_ros.task.ament_cmake.build:Building ROS package in '/home/rosievoice/main_ws/mic_ws/src/ai_client' with build type 'ament_cmake'
[1.583s] INFO:colcon.colcon_cmake.task.cmake.build:Building CMake package in '/home/rosievoice/main_ws/mic_ws/src/ai_client'
[1.602s] INFO:colcon.colcon_core.plugin_system:Skipping extension 'colcon_core.shell.bat': Not used on non-Windows systems
[1.603s] INFO:colcon.colcon_core.shell:Skip shell extension 'powershell' for command environment: Not usable outside of PowerShell
[1.604s] DEBUG:colcon.colcon_core.shell:Skip shell extension 'dsv' for command environment
[1.621s] INFO:colcon.colcon_ros.task.ament_cmake.build:Building ROS package in '/home/rosievoice/main_ws/mic_ws/src/prototype' with build type 'ament_cmake'
[1.622s] INFO:colcon.colcon_cmake.task.cmake.build:Building CMake package in '/home/rosievoice/main_ws/mic_ws/src/prototype'
[1.624s] INFO:colcon.colcon_core.shell:Skip shell extension 'powershell' for command environment: Not usable outside of PowerShell
[1.624s] DEBUG:colcon.colcon_core.shell:Skip shell extension 'dsv' for command environment
[1.670s] DEBUG:colcon.colcon_core.event_handler.log_command:Invoking command in '/home/rosievoice/main_ws/mic_ws/build/ai_client': CMAKE_PREFIX_PATH=/opt/ros/humble /usr/bin/cmake --build /home/rosievoice/main_ws/mic_ws/build/ai_client -- -j4 -l4
[1.696s] DEBUG:colcon.colcon_core.event_handler.log_command:Invoking command in '/home/rosievoice/main_ws/mic_ws/build/prototype': CMAKE_PREFIX_PATH=/opt/ros/humble /usr/bin/cmake --build /home/rosievoice/main_ws/mic_ws/build/prototype -- -j4 -l4
[4.559s] DEBUG:colcon.colcon_core.event_handler.log_command:Invoked command in '/home/rosievoice/main_ws/mic_ws/build/ai_client' returned '0': CMAKE_PREFIX_PATH=/opt/ros/humble /usr/bin/cmake --build /home/rosievoice/main_ws/mic_ws/build/ai_client -- -j4 -l4
[4.832s] DEBUG:colcon.colcon_core.event_handler.log_command:Invoking command in '/home/rosievoice/main_ws/mic_ws/build/ai_client': CMAKE_PREFIX_PATH=/opt/ros/humble /usr/bin/cmake --install /home/rosievoice/main_ws/mic_ws/build/ai_client
[4.848s] DEBUG:colcon.colcon_core.event_handler.log_command:Invoked command in '/home/rosievoice/main_ws/mic_ws/build/prototype' returned '0': CMAKE_PREFIX_PATH=/opt/ros/humble /usr/bin/cmake --build /home/rosievoice/main_ws/mic_ws/build/prototype -- -j4 -l4
[5.225s] Level 1:colcon.colcon_core.environment:create_environment_scripts_only(ai_client)
[5.228s] DEBUG:colcon.colcon_core.event_handler.log_command:Invoked command in '/home/rosievoice/main_ws/mic_ws/build/ai_client' returned '0': CMAKE_PREFIX_PATH=/opt/ros/humble /usr/bin/cmake --install /home/rosievoice/main_ws/mic_ws/build/ai_client
[5.252s] Level 1:colcon.colcon_core.environment:checking '/home/rosievoice/main_ws/mic_ws/install/ai_client' for CMake module files
[5.256s] Level 1:colcon.colcon_core.environment:checking '/home/rosievoice/main_ws/mic_ws/install/ai_client' for CMake config files
[5.258s] Level 1:colcon.colcon_core.shell:create_environment_hook('ai_client', 'cmake_prefix_path')
[5.259s] INFO:colcon.colcon_core.shell:Creating environment hook '/home/rosievoice/main_ws/mic_ws/install/ai_client/share/ai_client/hook/cmake_prefix_path.ps1'
[5.269s] INFO:colcon.colcon_core.shell:Creating environment descriptor '/home/rosievoice/main_ws/mic_ws/install/ai_client/share/ai_client/hook/cmake_prefix_path.dsv'
[5.275s] INFO:colcon.colcon_core.shell:Creating environment hook '/home/rosievoice/main_ws/mic_ws/install/ai_client/share/ai_client/hook/cmake_prefix_path.sh'
[5.281s] Level 1:colcon.colcon_core.environment:checking '/home/rosievoice/main_ws/mic_ws/install/ai_client/lib'
[5.282s] Level 1:colcon.colcon_core.environment:checking '/home/rosievoice/main_ws/mic_ws/install/ai_client/bin'
[5.283s] Level 1:colcon.colcon_core.environment:checking '/home/rosievoice/main_ws/mic_ws/install/ai_client/lib/pkgconfig/ai_client.pc'
[5.285s] Level 1:colcon.colcon_core.environment:checking '/home/rosievoice/main_ws/mic_ws/install/ai_client/lib/python3.10/site-packages'
[5.288s] Level 1:colcon.colcon_core.environment:checking '/home/rosievoice/main_ws/mic_ws/install/ai_client/bin'
[5.290s] INFO:colcon.colcon_core.shell:Creating package script '/home/rosievoice/main_ws/mic_ws/install/ai_client/share/ai_client/package.ps1'
[5.298s] INFO:colcon.colcon_core.shell:Creating package descriptor '/home/rosievoice/main_ws/mic_ws/install/ai_client/share/ai_client/package.dsv'
[5.305s] INFO:colcon.colcon_core.shell:Creating package script '/home/rosievoice/main_ws/mic_ws/install/ai_client/share/ai_client/package.sh'
[5.313s] INFO:colcon.colcon_core.shell:Creating package script '/home/rosievoice/main_ws/mic_ws/install/ai_client/share/ai_client/package.bash'
[5.329s] INFO:colcon.colcon_core.shell:Creating package script '/home/rosievoice/main_ws/mic_ws/install/ai_client/share/ai_client/package.zsh'
[5.336s] Level 1:colcon.colcon_core.environment:create_file_with_runtime_dependencies(/home/rosievoice/main_ws/mic_ws/install/ai_client/share/colcon-core/packages/ai_client)
[5.466s] Level 1:colcon.colcon_core.environment:create_environment_scripts_only(ai_client)
[5.468s] Level 1:colcon.colcon_core.environment:checking '/home/rosievoice/main_ws/mic_ws/install/ai_client' for CMake module files
[5.472s] Level 1:colcon.colcon_core.environment:checking '/home/rosievoice/main_ws/mic_ws/install/ai_client' for CMake config files
[5.479s] Level 1:colcon.colcon_core.shell:create_environment_hook('ai_client', 'cmake_prefix_path')
[5.480s] INFO:colcon.colcon_core.shell:Creating environment hook '/home/rosievoice/main_ws/mic_ws/install/ai_client/share/ai_client/hook/cmake_prefix_path.ps1'
[5.483s] INFO:colcon.colcon_core.shell:Creating environment descriptor '/home/rosievoice/main_ws/mic_ws/install/ai_client/share/ai_client/hook/cmake_prefix_path.dsv'
[5.489s] INFO:colcon.colcon_core.shell:Creating environment hook '/home/rosievoice/main_ws/mic_ws/install/ai_client/share/ai_client/hook/cmake_prefix_path.sh'
[5.495s] Level 1:colcon.colcon_core.environment:checking '/home/rosievoice/main_ws/mic_ws/install/ai_client/lib'
[5.496s] Level 1:colcon.colcon_core.environment:checking '/home/rosievoice/main_ws/mic_ws/install/ai_client/bin'
[5.496s] Level 1:colcon.colcon_core.environment:checking '/home/rosievoice/main_ws/mic_ws/install/ai_client/lib/pkgconfig/ai_client.pc'
[5.497s] Level 1:colcon.colcon_core.environment:checking '/home/rosievoice/main_ws/mic_ws/install/ai_client/lib/python3.10/site-packages'
[5.499s] Level 1:colcon.colcon_core.environment:checking '/home/rosievoice/main_ws/mic_ws/install/ai_client/bin'
[5.500s] INFO:colcon.colcon_core.shell:Creating package script '/home/rosievoice/main_ws/mic_ws/install/ai_client/share/ai_client/package.ps1'
[5.505s] INFO:colcon.colcon_core.shell:Creating package descriptor '/home/rosievoice/main_ws/mic_ws/install/ai_client/share/ai_client/package.dsv'
[5.509s] INFO:colcon.colcon_core.shell:Creating package script '/home/rosievoice/main_ws/mic_ws/install/ai_client/share/ai_client/package.sh'
[5.513s] INFO:colcon.colcon_core.shell:Creating package script '/home/rosievoice/main_ws/mic_ws/install/ai_client/share/ai_client/package.bash'
[5.516s] INFO:colcon.colcon_core.shell:Creating package script '/home/rosievoice/main_ws/mic_ws/install/ai_client/share/ai_client/package.zsh'
[5.520s] Level 1:colcon.colcon_core.environment:create_file_with_runtime_dependencies(/home/rosievoice/main_ws/mic_ws/install/ai_client/share/colcon-core/packages/ai_client)
[6.010s] DEBUG:colcon.colcon_core.event_handler.log_command:Invoking command in '/home/rosievoice/main_ws/mic_ws/build/prototype': CMAKE_PREFIX_PATH=/opt/ros/humble /usr/bin/cmake --install /home/rosievoice/main_ws/mic_ws/build/prototype
[6.741s] Level 1:colcon.colcon_core.environment:create_environment_scripts_only(prototype)
[6.742s] Level 1:colcon.colcon_core.environment:checking '/home/rosievoice/main_ws/mic_ws/install/prototype' for CMake module files
[6.748s] Level 1:colcon.colcon_core.environment:checking '/home/rosievoice/main_ws/mic_ws/install/prototype' for CMake config files
[6.751s] Level 1:colcon.colcon_core.shell:create_environment_hook('prototype', 'cmake_prefix_path')
[6.752s] INFO:colcon.colcon_core.shell:Creating environment hook '/home/rosievoice/main_ws/mic_ws/install/prototype/share/prototype/hook/cmake_prefix_path.ps1'
[6.756s] DEBUG:colcon.colcon_core.event_handler.log_command:Invoked command in '/home/rosievoice/main_ws/mic_ws/build/prototype' returned '0': CMAKE_PREFIX_PATH=/opt/ros/humble /usr/bin/cmake --install /home/rosievoice/main_ws/mic_ws/build/prototype
[6.757s] INFO:colcon.colcon_core.shell:Creating environment descriptor '/home/rosievoice/main_ws/mic_ws/install/prototype/share/prototype/hook/cmake_prefix_path.dsv'
[6.759s] INFO:colcon.colcon_core.shell:Creating environment hook '/home/rosievoice/main_ws/mic_ws/install/prototype/share/prototype/hook/cmake_prefix_path.sh'
[6.762s] Level 1:colcon.colcon_core.environment:checking '/home/rosievoice/main_ws/mic_ws/install/prototype/lib'
[6.763s] Level 1:colcon.colcon_core.shell:create_environment_hook('prototype', 'ld_library_path_lib')
[6.764s] INFO:colcon.colcon_core.shell:Creating environment hook '/home/rosievoice/main_ws/mic_ws/install/prototype/share/prototype/hook/ld_library_path_lib.ps1'
[6.767s] INFO:colcon.colcon_core.shell:Creating environment descriptor '/home/rosievoice/main_ws/mic_ws/install/prototype/share/prototype/hook/ld_library_path_lib.dsv'
[6.769s] INFO:colcon.colcon_core.shell:Creating environment hook '/home/rosievoice/main_ws/mic_ws/install/prototype/share/prototype/hook/ld_library_path_lib.sh'
[6.771s] Level 1:colcon.colcon_core.environment:checking '/home/rosievoice/main_ws/mic_ws/install/prototype/bin'
[6.772s] Level 1:colcon.colcon_core.environment:checking '/home/rosievoice/main_ws/mic_ws/install/prototype/lib/pkgconfig/prototype.pc'
[6.773s] Level 1:colcon.colcon_core.environment:checking '/home/rosievoice/main_ws/mic_ws/install/prototype/lib/python3.10/site-packages'
[6.775s] Level 1:colcon.colcon_core.environment:checking '/home/rosievoice/main_ws/mic_ws/install/prototype/bin'
[6.776s] INFO:colcon.colcon_core.shell:Creating package script '/home/rosievoice/main_ws/mic_ws/install/prototype/share/prototype/package.ps1'
[6.779s] INFO:colcon.colcon_core.shell:Creating package descriptor '/home/rosievoice/main_ws/mic_ws/install/prototype/share/prototype/package.dsv'
[6.783s] INFO:colcon.colcon_core.shell:Creating package script '/home/rosievoice/main_ws/mic_ws/install/prototype/share/prototype/package.sh'
[6.785s] INFO:colcon.colcon_core.shell:Creating package script '/home/rosievoice/main_ws/mic_ws/install/prototype/share/prototype/package.bash'
[6.788s] INFO:colcon.colcon_core.shell:Creating package script '/home/rosievoice/main_ws/mic_ws/install/prototype/share/prototype/package.zsh'
[6.790s] Level 1:colcon.colcon_core.environment:create_file_with_runtime_dependencies(/home/rosievoice/main_ws/mic_ws/install/prototype/share/colcon-core/packages/prototype)
[7.756s] Level 1:colcon.colcon_core.environment:create_environment_scripts_only(prototype)
[7.758s] Level 1:colcon.colcon_core.environment:checking '/home/rosievoice/main_ws/mic_ws/install/prototype' for CMake module files
[7.769s] Level 1:colcon.colcon_core.environment:checking '/home/rosievoice/main_ws/mic_ws/install/prototype' for CMake config files
[7.773s] Level 1:colcon.colcon_core.shell:create_environment_hook('prototype', 'cmake_prefix_path')
[7.774s] INFO:colcon.colcon_core.shell:Creating environment hook '/home/rosievoice/main_ws/mic_ws/install/prototype/share/prototype/hook/cmake_prefix_path.ps1'
[7.777s] INFO:colcon.colcon_core.shell:Creating environment descriptor '/home/rosievoice/main_ws/mic_ws/install/prototype/share/prototype/hook/cmake_prefix_path.dsv'
[7.779s] INFO:colcon.colcon_core.shell:Creating environment hook '/home/rosievoice/main_ws/mic_ws/install/prototype/share/prototype/hook/cmake_prefix_path.sh'
[7.783s] Level 1:colcon.colcon_core.environment:checking '/home/rosievoice/main_ws/mic_ws/install/prototype/lib'
[7.783s] Level 1:colcon.colcon_core.shell:create_environment_hook('prototype', 'ld_library_path_lib')
[7.785s] INFO:colcon.colcon_core.shell:Creating environment hook '/home/rosievoice/main_ws/mic_ws/install/prototype/share/prototype/hook/ld_library_path_lib.ps1'
[7.787s] INFO:colcon.colcon_core.shell:Creating environment descriptor '/home/rosievoice/main_ws/mic_ws/install/prototype/share/prototype/hook/ld_library_path_lib.dsv'
[7.789s] INFO:colcon.colcon_core.shell:Creating environment hook '/home/rosievoice/main_ws/mic_ws/install/prototype/share/prototype/hook/ld_library_path_lib.sh'
[7.792s] Level 1:colcon.colcon_core.environment:checking '/home/rosievoice/main_ws/mic_ws/install/prototype/bin'
[7.792s] Level 1:colcon.colcon_core.environment:checking '/home/rosievoice/main_ws/mic_ws/install/prototype/lib/pkgconfig/prototype.pc'
[7.794s] Level 1:colcon.colcon_core.environment:checking '/home/rosievoice/main_ws/mic_ws/install/prototype/lib/python3.10/site-packages'
[7.795s] Level 1:colcon.colcon_core.environment:checking '/home/rosievoice/main_ws/mic_ws/install/prototype/bin'
[7.797s] INFO:colcon.colcon_core.shell:Creating package script '/home/rosievoice/main_ws/mic_ws/install/prototype/share/prototype/package.ps1'
[7.800s] INFO:colcon.colcon_core.shell:Creating package descriptor '/home/rosievoice/main_ws/mic_ws/install/prototype/share/prototype/package.dsv'
[7.803s] INFO:colcon.colcon_core.shell:Creating package script '/home/rosievoice/main_ws/mic_ws/install/prototype/share/prototype/package.sh'
[7.806s] INFO:colcon.colcon_core.shell:Creating package script '/home/rosievoice/main_ws/mic_ws/install/prototype/share/prototype/package.bash'
[7.808s] INFO:colcon.colcon_core.shell:Creating package script '/home/rosievoice/main_ws/mic_ws/install/prototype/share/prototype/package.zsh'
[7.811s] Level 1:colcon.colcon_core.environment:create_file_with_runtime_dependencies(/home/rosievoice/main_ws/mic_ws/install/prototype/share/colcon-core/packages/prototype)
[7.813s] DEBUG:colcon.colcon_parallel_executor.executor.parallel:closing loop
[7.816s] DEBUG:colcon.colcon_parallel_executor.executor.parallel:loop closed
[7.817s] DEBUG:colcon.colcon_parallel_executor.executor.parallel:run_until_complete finished with '0'
[7.817s] DEBUG:colcon.colcon_core.event_reactor:joining thread
[7.844s] INFO:colcon.colcon_core.plugin_system:Skipping extension 'colcon_notification.desktop_notification.terminal_notifier': Not used on non-Darwin systems
[7.845s] INFO:colcon.colcon_core.plugin_system:Skipping extension 'colcon_notification.desktop_notification.win32': Not used on non-Windows systems
[7.845s] INFO:colcon.colcon_notification.desktop_notification:Sending desktop notification using 'notify2'
[7.905s] DEBUG:colcon.colcon_core.event_reactor:joined thread
[7.906s] INFO:colcon.colcon_core.shell:Creating prefix script '/home/rosievoice/main_ws/mic_ws/install/local_setup.ps1'
[7.913s] INFO:colcon.colcon_core.shell:Creating prefix util module '/home/rosievoice/main_ws/mic_ws/install/_local_setup_util_ps1.py'
[7.920s] INFO:colcon.colcon_core.shell:Creating prefix chain script '/home/rosievoice/main_ws/mic_ws/install/setup.ps1'
[7.925s] INFO:colcon.colcon_core.shell:Creating prefix script '/home/rosievoice/main_ws/mic_ws/install/local_setup.sh'
[7.929s] INFO:colcon.colcon_core.shell:Creating prefix util module '/home/rosievoice/main_ws/mic_ws/install/_local_setup_util_sh.py'
[7.932s] INFO:colcon.colcon_core.shell:Creating prefix chain script '/home/rosievoice/main_ws/mic_ws/install/setup.sh'
[7.937s] INFO:colcon.colcon_core.shell:Creating prefix script '/home/rosievoice/main_ws/mic_ws/install/local_setup.bash'
[7.940s] INFO:colcon.colcon_core.shell:Creating prefix chain script '/home/rosievoice/main_ws/mic_ws/install/setup.bash'
[7.945s] INFO:colcon.colcon_core.shell:Creating prefix script '/home/rosievoice/main_ws/mic_ws/install/local_setup.zsh'
[7.949s] INFO:colcon.colcon_core.shell:Creating prefix chain script '/home/rosievoice/main_ws/mic_ws/install/setup.zsh'
