[0.074s] Invoking command in '/home/rosievoice/main_ws/mic_ws/build/ai_client': CMAKE_PREFIX_PATH=/opt/ros/humble /usr/bin/cmake --build /home/rosievoice/main_ws/mic_ws/build/ai_client -- -j4 -l4
[0.661s] Built target ament_cmake_python_symlink_ai_client
[2.279s] running egg_info
[2.287s] writing ai_client.egg-info/PKG-INFO
[2.289s] writing dependency_links to ai_client.egg-info/dependency_links.txt
[2.290s] writing top-level names to ai_client.egg-info/top_level.txt
[2.345s] reading manifest file 'ai_client.egg-info/SOURCES.txt'
[2.349s] writing manifest file 'ai_client.egg-info/SOURCES.txt'
[2.557s] Built target ament_cmake_python_build_ai_client_egg
[2.613s] Invoked command in '/home/rosievoice/main_ws/mic_ws/build/ai_client' returned '0': CMAKE_PREFIX_PATH=/opt/ros/humble /usr/bin/cmake --build /home/rosievoice/main_ws/mic_ws/build/ai_client -- -j4 -l4
[2.916s] Invoking command in '/home/rosievoice/main_ws/mic_ws/build/ai_client': CMAKE_PREFIX_PATH=/opt/ros/humble /usr/bin/cmake --install /home/rosievoice/main_ws/mic_ws/build/ai_client
[2.961s] -- Install configuration: ""
[2.969s] -- Execute custom install script
[2.977s] -- Up-to-date symlink: /home/rosievoice/main_ws/mic_ws/install/ai_client/share/ai_client/launch/ai_client.launch.py
[2.978s] -- Up-to-date symlink: /home/rosievoice/main_ws/mic_ws/install/ai_client/share/ai_client/launch/navigation.launch.py
[2.979s] -- Up-to-date symlink: /home/rosievoice/main_ws/mic_ws/install/ai_client/share/ai_client/config/battery.xml
[2.980s] -- Up-to-date symlink: /home/rosievoice/main_ws/mic_ws/install/ai_client/share/ai_client/config/follow_point.xml
[2.980s] -- Up-to-date symlink: /home/rosievoice/main_ws/mic_ws/install/ai_client/share/ai_client/config/nav2_params.yaml
[2.981s] -- Up-to-date symlink: /home/rosievoice/main_ws/mic_ws/install/ai_client/share/ai_client/config/navigate_to_pose_w_replanning_and_recovery.xml
[2.985s] -- Up-to-date symlink: /home/rosievoice/main_ws/mic_ws/install/ai_client/share/ai_client/config/navigate_w_battery.xml
[2.986s] -- Up-to-date symlink: /home/rosievoice/main_ws/mic_ws/install/ai_client/share/ai_client/config/output.json
[2.990s] -- Up-to-date symlink: /home/rosievoice/main_ws/mic_ws/install/ai_client/share/ai_client/scripts/action_client_ai.py
[2.990s] -- Up-to-date symlink: /home/rosievoice/main_ws/mic_ws/install/ai_client/share/ai_client/scripts/action_server_ai.py
[2.992s] -- Up-to-date symlink: /home/rosievoice/main_ws/mic_ws/install/ai_client/share/ai_client/scripts/final_test.py
[2.993s] -- Up-to-date symlink: /home/rosievoice/main_ws/mic_ws/install/ai_client/share/ai_client/scripts/kal_.py
[2.994s] -- Up-to-date symlink: /home/rosievoice/main_ws/mic_ws/install/ai_client/share/ai_client/scripts/model_in/README
[2.995s] -- Up-to-date symlink: /home/rosievoice/main_ws/mic_ws/install/ai_client/share/ai_client/scripts/model_in/am/final.mdl
[2.995s] -- Up-to-date symlink: /home/rosievoice/main_ws/mic_ws/install/ai_client/share/ai_client/scripts/model_in/conf/mfcc.conf
[3.002s] -- Up-to-date symlink: /home/rosievoice/main_ws/mic_ws/install/ai_client/share/ai_client/scripts/model_in/conf/model.conf
[3.002s] -- Up-to-date symlink: /home/rosievoice/main_ws/mic_ws/install/ai_client/share/ai_client/scripts/model_in/graph/Gr.fst
[3.003s] -- Up-to-date symlink: /home/rosievoice/main_ws/mic_ws/install/ai_client/share/ai_client/scripts/model_in/graph/HCLr.fst
[3.004s] -- Up-to-date symlink: /home/rosievoice/main_ws/mic_ws/install/ai_client/share/ai_client/scripts/model_in/graph/disambig_tid.int
[3.004s] -- Up-to-date symlink: /home/rosievoice/main_ws/mic_ws/install/ai_client/share/ai_client/scripts/model_in/graph/phones/word_boundary.int
[3.010s] -- Up-to-date symlink: /home/rosievoice/main_ws/mic_ws/install/ai_client/share/ai_client/scripts/model_in/ivector/final.dubm
[3.011s] -- Up-to-date symlink: /home/rosievoice/main_ws/mic_ws/install/ai_client/share/ai_client/scripts/model_in/ivector/final.ie
[3.012s] -- Up-to-date symlink: /home/rosievoice/main_ws/mic_ws/install/ai_client/share/ai_client/scripts/model_in/ivector/final.mat
[3.018s] -- Up-to-date symlink: /home/rosievoice/main_ws/mic_ws/install/ai_client/share/ai_client/scripts/model_in/ivector/global_cmvn.stats
[3.018s] -- Up-to-date symlink: /home/rosievoice/main_ws/mic_ws/install/ai_client/share/ai_client/scripts/model_in/ivector/online_cmvn.conf
[3.019s] -- Up-to-date symlink: /home/rosievoice/main_ws/mic_ws/install/ai_client/share/ai_client/scripts/model_in/ivector/splice.conf
[3.019s] -- Up-to-date symlink: /home/rosievoice/main_ws/mic_ws/install/ai_client/share/ai_client/scripts/table_navigation.py
[3.020s] -- Up-to-date symlink: /home/rosievoice/main_ws/mic_ws/install/ai_client/share/ai_client/scripts/test_.py
[3.020s] -- Up-to-date symlink: /home/rosievoice/main_ws/mic_ws/install/ai_client/share/ai_client/scripts/vosk-model-small-en-in-0.4.zip
[3.026s] -- Up-to-date symlink: /home/rosievoice/main_ws/mic_ws/install/ai_client/share/ai_client/ai_client/__init__.py
[3.026s] -- Up-to-date symlink: /home/rosievoice/main_ws/mic_ws/install/ai_client/share/ai_client/ai_client/robot_navigator.py
[3.027s] -- Up-to-date symlink: /home/rosievoice/main_ws/mic_ws/install/ai_client/share/ai_client/environment/pythonpath.sh
[3.027s] -- Up-to-date symlink: /home/rosievoice/main_ws/mic_ws/install/ai_client/share/ai_client/environment/pythonpath.dsv
[3.028s] -- Up-to-date symlink: /home/rosievoice/main_ws/mic_ws/install/ai_client/local/lib/python3.10/dist-packages/ai_client-0.0.0-py3.10.egg-info/PKG-INFO
[3.028s] -- Up-to-date symlink: /home/rosievoice/main_ws/mic_ws/install/ai_client/local/lib/python3.10/dist-packages/ai_client-0.0.0-py3.10.egg-info/SOURCES.txt
[3.029s] -- Up-to-date symlink: /home/rosievoice/main_ws/mic_ws/install/ai_client/local/lib/python3.10/dist-packages/ai_client-0.0.0-py3.10.egg-info/dependency_links.txt
[3.029s] -- Up-to-date symlink: /home/rosievoice/main_ws/mic_ws/install/ai_client/local/lib/python3.10/dist-packages/ai_client-0.0.0-py3.10.egg-info/top_level.txt
[3.030s] -- Up-to-date symlink: /home/rosievoice/main_ws/mic_ws/install/ai_client/local/lib/python3.10/dist-packages/ai_client/__init__.py
[3.030s] -- Up-to-date symlink: /home/rosievoice/main_ws/mic_ws/install/ai_client/local/lib/python3.10/dist-packages/ai_client/robot_navigator.py
[3.031s] -- Up-to-date symlink: /home/rosievoice/main_ws/mic_ws/install/ai_client/lib/ai_client/action_client_ai.py
[3.031s] -- Up-to-date symlink: /home/rosievoice/main_ws/mic_ws/install/ai_client/share/ament_index/resource_index/package_run_dependencies/ai_client
[3.033s] -- Up-to-date symlink: /home/rosievoice/main_ws/mic_ws/install/ai_client/share/ament_index/resource_index/parent_prefix_path/ai_client
[3.034s] -- Up-to-date symlink: /home/rosievoice/main_ws/mic_ws/install/ai_client/share/ai_client/environment/ament_prefix_path.sh
[3.034s] -- Up-to-date symlink: /home/rosievoice/main_ws/mic_ws/install/ai_client/share/ai_client/environment/ament_prefix_path.dsv
[3.042s] -- Up-to-date symlink: /home/rosievoice/main_ws/mic_ws/install/ai_client/share/ai_client/environment/path.sh
[3.042s] -- Up-to-date symlink: /home/rosievoice/main_ws/mic_ws/install/ai_client/share/ai_client/environment/path.dsv
[3.043s] -- Up-to-date symlink: /home/rosievoice/main_ws/mic_ws/install/ai_client/share/ai_client/local_setup.bash
[3.044s] -- Up-to-date symlink: /home/rosievoice/main_ws/mic_ws/install/ai_client/share/ai_client/local_setup.sh
[3.044s] -- Up-to-date symlink: /home/rosievoice/main_ws/mic_ws/install/ai_client/share/ai_client/local_setup.zsh
[3.045s] -- Up-to-date symlink: /home/rosievoice/main_ws/mic_ws/install/ai_client/share/ai_client/local_setup.dsv
[3.046s] -- Symlinking: /home/rosievoice/main_ws/mic_ws/install/ai_client/share/ai_client/package.dsv
[3.094s] -- Up-to-date symlink: /home/rosievoice/main_ws/mic_ws/install/ai_client/share/ament_index/resource_index/packages/ai_client
[3.094s] -- Up-to-date symlink: /home/rosievoice/main_ws/mic_ws/install/ai_client/share/ai_client/cmake/ai_clientConfig.cmake
[3.095s] -- Up-to-date symlink: /home/rosievoice/main_ws/mic_ws/install/ai_client/share/ai_client/cmake/ai_clientConfig-version.cmake
[3.095s] -- Up-to-date symlink: /home/rosievoice/main_ws/mic_ws/install/ai_client/share/ai_client/package.xml
[3.286s] Listing '/home/rosievoice/main_ws/mic_ws/install/ai_client/local/lib/python3.10/dist-packages/ai_client'...
[3.325s] Invoked command in '/home/rosievoice/main_ws/mic_ws/build/ai_client' returned '0': CMAKE_PREFIX_PATH=/opt/ros/humble /usr/bin/cmake --install /home/rosievoice/main_ws/mic_ws/build/ai_client
