[0.779s] DEBUG:colcon:Command line arguments: ['/usr/bin/colcon', 'build', '--symlink-install']
[0.779s] DEBUG:colcon:Parsed command line arguments: Namespace(log_base=None, log_level=None, verb_name='build', build_base='build', install_base='install', merge_install=False, symlink_install=True, test_result_base=None, continue_on_error=False, executor='parallel', parallel_workers=4, event_handlers=None, ignore_user_meta=False, metas=['./colcon.meta'], base_paths=['.'], packages_ignore=None, packages_ignore_regex=None, paths=None, packages_up_to=None, packages_up_to_regex=None, packages_above=None, packages_above_and_dependencies=None, packages_above_depth=None, packages_select_by_dep=None, packages_skip_by_dep=None, packages_skip_up_to=None, packages_select_build_failed=False, packages_skip_build_finished=False, packages_select_test_failures=False, packages_skip_test_passed=False, packages_select=None, packages_skip=None, packages_select_regex=None, packages_skip_regex=None, packages_start=None, packages_end=None, allow_overriding=[], cmake_args=None, cmake_target=None, cmake_target_skip_unavailable=False, cmake_clean_cache=False, cmake_clean_first=False, cmake_force_configure=False, ament_cmake_args=None, catkin_cmake_args=None, catkin_skip_building_tests=False, mixin_files=None, mixin=None, verb_parser=<colcon_mixin.mixin.mixin_argument.MixinArgumentDecorator object at 0xffff86540310>, verb_extension=<colcon_core.verb.build.BuildVerb object at 0xffff86688a30>, main=<bound method BuildVerb.main of <colcon_core.verb.build.BuildVerb object at 0xffff86688a30>>, mixin_verb=('build',))
[1.824s] Level 1:colcon.colcon_core.package_discovery:discover_packages(colcon_meta) check parameters
[1.825s] Level 1:colcon.colcon_core.package_discovery:discover_packages(recursive) check parameters
[1.825s] Level 1:colcon.colcon_core.package_discovery:discover_packages(ignore) check parameters
[1.825s] Level 1:colcon.colcon_core.package_discovery:discover_packages(path) check parameters
[1.825s] Level 1:colcon.colcon_core.package_discovery:discover_packages(colcon_meta) discover
[1.825s] Level 1:colcon.colcon_core.package_discovery:discover_packages(recursive) discover
[1.825s] INFO:colcon.colcon_core.package_discovery:Crawling recursively for packages in '/home/rosievoice/main_ws/mic_ws'
[1.826s] Level 1:colcon.colcon_core.package_identification:_identify(.) by extensions ['ignore', 'ignore_ament_install']
[1.826s] Level 1:colcon.colcon_core.package_identification:_identify(.) by extension 'ignore'
[1.826s] Level 1:colcon.colcon_core.package_identification:_identify(.) by extension 'ignore_ament_install'
[1.827s] Level 1:colcon.colcon_core.package_identification:_identify(.) by extensions ['colcon_pkg']
[1.827s] Level 1:colcon.colcon_core.package_identification:_identify(.) by extension 'colcon_pkg'
[1.827s] Level 1:colcon.colcon_core.package_identification:_identify(.) by extensions ['colcon_meta']
[1.827s] Level 1:colcon.colcon_core.package_identification:_identify(.) by extension 'colcon_meta'
[1.827s] Level 1:colcon.colcon_core.package_identification:_identify(.) by extensions ['ros']
[1.828s] Level 1:colcon.colcon_core.package_identification:_identify(.) by extension 'ros'
[1.902s] Level 1:colcon.colcon_core.package_identification:_identify(.) by extensions ['cmake', 'python']
[1.902s] Level 1:colcon.colcon_core.package_identification:_identify(.) by extension 'cmake'
[1.903s] Level 1:colcon.colcon_core.package_identification:_identify(.) by extension 'python'
[1.903s] Level 1:colcon.colcon_core.package_identification:_identify(.) by extensions ['python_setup_py']
[1.903s] Level 1:colcon.colcon_core.package_identification:_identify(.) by extension 'python_setup_py'
[1.903s] Level 1:colcon.colcon_core.package_identification:_identify(build) by extensions ['ignore', 'ignore_ament_install']
[1.904s] Level 1:colcon.colcon_core.package_identification:_identify(build) by extension 'ignore'
[1.905s] Level 1:colcon.colcon_core.package_identification:_identify(build) ignored
[1.905s] Level 1:colcon.colcon_core.package_identification:_identify(install) by extensions ['ignore', 'ignore_ament_install']
[1.906s] Level 1:colcon.colcon_core.package_identification:_identify(install) by extension 'ignore'
[1.906s] Level 1:colcon.colcon_core.package_identification:_identify(install) ignored
[1.906s] Level 1:colcon.colcon_core.package_identification:_identify(log) by extensions ['ignore', 'ignore_ament_install']
[1.907s] Level 1:colcon.colcon_core.package_identification:_identify(log) by extension 'ignore'
[1.907s] Level 1:colcon.colcon_core.package_identification:_identify(log) ignored
[1.907s] Level 1:colcon.colcon_core.package_identification:_identify(src) by extensions ['ignore', 'ignore_ament_install']
[1.908s] Level 1:colcon.colcon_core.package_identification:_identify(src) by extension 'ignore'
[1.908s] Level 1:colcon.colcon_core.package_identification:_identify(src) by extension 'ignore_ament_install'
[1.908s] Level 1:colcon.colcon_core.package_identification:_identify(src) by extensions ['colcon_pkg']
[1.908s] Level 1:colcon.colcon_core.package_identification:_identify(src) by extension 'colcon_pkg'
[1.908s] Level 1:colcon.colcon_core.package_identification:_identify(src) by extensions ['colcon_meta']
[1.909s] Level 1:colcon.colcon_core.package_identification:_identify(src) by extension 'colcon_meta'
[1.909s] Level 1:colcon.colcon_core.package_identification:_identify(src) by extensions ['ros']
[1.909s] Level 1:colcon.colcon_core.package_identification:_identify(src) by extension 'ros'
[1.909s] Level 1:colcon.colcon_core.package_identification:_identify(src) by extensions ['cmake', 'python']
[1.909s] Level 1:colcon.colcon_core.package_identification:_identify(src) by extension 'cmake'
[1.909s] Level 1:colcon.colcon_core.package_identification:_identify(src) by extension 'python'
[1.910s] Level 1:colcon.colcon_core.package_identification:_identify(src) by extensions ['python_setup_py']
[1.910s] Level 1:colcon.colcon_core.package_identification:_identify(src) by extension 'python_setup_py'
[1.913s] Level 1:colcon.colcon_core.package_identification:_identify(src/ai_client) by extensions ['ignore', 'ignore_ament_install']
[1.913s] Level 1:colcon.colcon_core.package_identification:_identify(src/ai_client) by extension 'ignore'
[1.913s] Level 1:colcon.colcon_core.package_identification:_identify(src/ai_client) by extension 'ignore_ament_install'
[1.914s] Level 1:colcon.colcon_core.package_identification:_identify(src/ai_client) by extensions ['colcon_pkg']
[1.914s] Level 1:colcon.colcon_core.package_identification:_identify(src/ai_client) by extension 'colcon_pkg'
[1.914s] Level 1:colcon.colcon_core.package_identification:_identify(src/ai_client) by extensions ['colcon_meta']
[1.914s] Level 1:colcon.colcon_core.package_identification:_identify(src/ai_client) by extension 'colcon_meta'
[1.914s] Level 1:colcon.colcon_core.package_identification:_identify(src/ai_client) by extensions ['ros']
[1.914s] Level 1:colcon.colcon_core.package_identification:_identify(src/ai_client) by extension 'ros'
[1.927s] DEBUG:colcon.colcon_core.package_identification:Package 'src/ai_client' with type 'ros.ament_cmake' and name 'ai_client'
[1.928s] Level 1:colcon.colcon_core.package_identification:_identify(src/build) by extensions ['ignore', 'ignore_ament_install']
[1.929s] Level 1:colcon.colcon_core.package_identification:_identify(src/build) by extension 'ignore'
[1.929s] Level 1:colcon.colcon_core.package_identification:_identify(src/build) ignored
[1.930s] Level 1:colcon.colcon_core.package_identification:_identify(src/install) by extensions ['ignore', 'ignore_ament_install']
[1.931s] Level 1:colcon.colcon_core.package_identification:_identify(src/install) by extension 'ignore'
[1.931s] Level 1:colcon.colcon_core.package_identification:_identify(src/install) ignored
[1.932s] Level 1:colcon.colcon_core.package_identification:_identify(src/log) by extensions ['ignore', 'ignore_ament_install']
[1.933s] Level 1:colcon.colcon_core.package_identification:_identify(src/log) by extension 'ignore'
[1.933s] Level 1:colcon.colcon_core.package_identification:_identify(src/log) ignored
[1.934s] Level 1:colcon.colcon_core.package_identification:_identify(src/prototype) by extensions ['ignore', 'ignore_ament_install']
[1.934s] Level 1:colcon.colcon_core.package_identification:_identify(src/prototype) by extension 'ignore'
[1.934s] Level 1:colcon.colcon_core.package_identification:_identify(src/prototype) by extension 'ignore_ament_install'
[1.935s] Level 1:colcon.colcon_core.package_identification:_identify(src/prototype) by extensions ['colcon_pkg']
[1.935s] Level 1:colcon.colcon_core.package_identification:_identify(src/prototype) by extension 'colcon_pkg'
[1.935s] Level 1:colcon.colcon_core.package_identification:_identify(src/prototype) by extensions ['colcon_meta']
[1.935s] Level 1:colcon.colcon_core.package_identification:_identify(src/prototype) by extension 'colcon_meta'
[1.935s] Level 1:colcon.colcon_core.package_identification:_identify(src/prototype) by extensions ['ros']
[1.935s] Level 1:colcon.colcon_core.package_identification:_identify(src/prototype) by extension 'ros'
[1.940s] DEBUG:colcon.colcon_core.package_identification:Package 'src/prototype' with type 'ros.ament_cmake' and name 'prototype'
[1.941s] Level 1:colcon.colcon_core.package_identification:_identify(src/vosk-model-small-en-us-0.15) by extensions ['ignore', 'ignore_ament_install']
[1.942s] Level 1:colcon.colcon_core.package_identification:_identify(src/vosk-model-small-en-us-0.15) by extension 'ignore'
[1.942s] Level 1:colcon.colcon_core.package_identification:_identify(src/vosk-model-small-en-us-0.15) by extension 'ignore_ament_install'
[1.942s] Level 1:colcon.colcon_core.package_identification:_identify(src/vosk-model-small-en-us-0.15) by extensions ['colcon_pkg']
[1.942s] Level 1:colcon.colcon_core.package_identification:_identify(src/vosk-model-small-en-us-0.15) by extension 'colcon_pkg'
[1.942s] Level 1:colcon.colcon_core.package_identification:_identify(src/vosk-model-small-en-us-0.15) by extensions ['colcon_meta']
[1.942s] Level 1:colcon.colcon_core.package_identification:_identify(src/vosk-model-small-en-us-0.15) by extension 'colcon_meta'
[1.943s] Level 1:colcon.colcon_core.package_identification:_identify(src/vosk-model-small-en-us-0.15) by extensions ['ros']
[1.943s] Level 1:colcon.colcon_core.package_identification:_identify(src/vosk-model-small-en-us-0.15) by extension 'ros'
[1.943s] Level 1:colcon.colcon_core.package_identification:_identify(src/vosk-model-small-en-us-0.15) by extensions ['cmake', 'python']
[1.943s] Level 1:colcon.colcon_core.package_identification:_identify(src/vosk-model-small-en-us-0.15) by extension 'cmake'
[1.944s] Level 1:colcon.colcon_core.package_identification:_identify(src/vosk-model-small-en-us-0.15) by extension 'python'
[1.944s] Level 1:colcon.colcon_core.package_identification:_identify(src/vosk-model-small-en-us-0.15) by extensions ['python_setup_py']
[1.944s] Level 1:colcon.colcon_core.package_identification:_identify(src/vosk-model-small-en-us-0.15) by extension 'python_setup_py'
[1.945s] Level 1:colcon.colcon_core.package_identification:_identify(src/vosk-model-small-en-us-0.15/am) by extensions ['ignore', 'ignore_ament_install']
[1.946s] Level 1:colcon.colcon_core.package_identification:_identify(src/vosk-model-small-en-us-0.15/am) by extension 'ignore'
[1.946s] Level 1:colcon.colcon_core.package_identification:_identify(src/vosk-model-small-en-us-0.15/am) by extension 'ignore_ament_install'
[1.946s] Level 1:colcon.colcon_core.package_identification:_identify(src/vosk-model-small-en-us-0.15/am) by extensions ['colcon_pkg']
[1.946s] Level 1:colcon.colcon_core.package_identification:_identify(src/vosk-model-small-en-us-0.15/am) by extension 'colcon_pkg'
[1.946s] Level 1:colcon.colcon_core.package_identification:_identify(src/vosk-model-small-en-us-0.15/am) by extensions ['colcon_meta']
[1.947s] Level 1:colcon.colcon_core.package_identification:_identify(src/vosk-model-small-en-us-0.15/am) by extension 'colcon_meta'
[1.947s] Level 1:colcon.colcon_core.package_identification:_identify(src/vosk-model-small-en-us-0.15/am) by extensions ['ros']
[1.947s] Level 1:colcon.colcon_core.package_identification:_identify(src/vosk-model-small-en-us-0.15/am) by extension 'ros'
[1.947s] Level 1:colcon.colcon_core.package_identification:_identify(src/vosk-model-small-en-us-0.15/am) by extensions ['cmake', 'python']
[1.948s] Level 1:colcon.colcon_core.package_identification:_identify(src/vosk-model-small-en-us-0.15/am) by extension 'cmake'
[1.948s] Level 1:colcon.colcon_core.package_identification:_identify(src/vosk-model-small-en-us-0.15/am) by extension 'python'
[1.948s] Level 1:colcon.colcon_core.package_identification:_identify(src/vosk-model-small-en-us-0.15/am) by extensions ['python_setup_py']
[1.948s] Level 1:colcon.colcon_core.package_identification:_identify(src/vosk-model-small-en-us-0.15/am) by extension 'python_setup_py'
[1.949s] Level 1:colcon.colcon_core.package_identification:_identify(src/vosk-model-small-en-us-0.15/conf) by extensions ['ignore', 'ignore_ament_install']
[1.949s] Level 1:colcon.colcon_core.package_identification:_identify(src/vosk-model-small-en-us-0.15/conf) by extension 'ignore'
[1.950s] Level 1:colcon.colcon_core.package_identification:_identify(src/vosk-model-small-en-us-0.15/conf) by extension 'ignore_ament_install'
[1.950s] Level 1:colcon.colcon_core.package_identification:_identify(src/vosk-model-small-en-us-0.15/conf) by extensions ['colcon_pkg']
[1.950s] Level 1:colcon.colcon_core.package_identification:_identify(src/vosk-model-small-en-us-0.15/conf) by extension 'colcon_pkg'
[1.950s] Level 1:colcon.colcon_core.package_identification:_identify(src/vosk-model-small-en-us-0.15/conf) by extensions ['colcon_meta']
[1.950s] Level 1:colcon.colcon_core.package_identification:_identify(src/vosk-model-small-en-us-0.15/conf) by extension 'colcon_meta'
[1.951s] Level 1:colcon.colcon_core.package_identification:_identify(src/vosk-model-small-en-us-0.15/conf) by extensions ['ros']
[1.951s] Level 1:colcon.colcon_core.package_identification:_identify(src/vosk-model-small-en-us-0.15/conf) by extension 'ros'
[1.951s] Level 1:colcon.colcon_core.package_identification:_identify(src/vosk-model-small-en-us-0.15/conf) by extensions ['cmake', 'python']
[1.951s] Level 1:colcon.colcon_core.package_identification:_identify(src/vosk-model-small-en-us-0.15/conf) by extension 'cmake'
[1.951s] Level 1:colcon.colcon_core.package_identification:_identify(src/vosk-model-small-en-us-0.15/conf) by extension 'python'
[1.952s] Level 1:colcon.colcon_core.package_identification:_identify(src/vosk-model-small-en-us-0.15/conf) by extensions ['python_setup_py']
[1.952s] Level 1:colcon.colcon_core.package_identification:_identify(src/vosk-model-small-en-us-0.15/conf) by extension 'python_setup_py'
[1.953s] Level 1:colcon.colcon_core.package_identification:_identify(src/vosk-model-small-en-us-0.15/graph) by extensions ['ignore', 'ignore_ament_install']
[1.953s] Level 1:colcon.colcon_core.package_identification:_identify(src/vosk-model-small-en-us-0.15/graph) by extension 'ignore'
[1.953s] Level 1:colcon.colcon_core.package_identification:_identify(src/vosk-model-small-en-us-0.15/graph) by extension 'ignore_ament_install'
[1.954s] Level 1:colcon.colcon_core.package_identification:_identify(src/vosk-model-small-en-us-0.15/graph) by extensions ['colcon_pkg']
[1.954s] Level 1:colcon.colcon_core.package_identification:_identify(src/vosk-model-small-en-us-0.15/graph) by extension 'colcon_pkg'
[1.954s] Level 1:colcon.colcon_core.package_identification:_identify(src/vosk-model-small-en-us-0.15/graph) by extensions ['colcon_meta']
[1.954s] Level 1:colcon.colcon_core.package_identification:_identify(src/vosk-model-small-en-us-0.15/graph) by extension 'colcon_meta'
[1.954s] Level 1:colcon.colcon_core.package_identification:_identify(src/vosk-model-small-en-us-0.15/graph) by extensions ['ros']
[1.954s] Level 1:colcon.colcon_core.package_identification:_identify(src/vosk-model-small-en-us-0.15/graph) by extension 'ros'
[1.955s] Level 1:colcon.colcon_core.package_identification:_identify(src/vosk-model-small-en-us-0.15/graph) by extensions ['cmake', 'python']
[1.955s] Level 1:colcon.colcon_core.package_identification:_identify(src/vosk-model-small-en-us-0.15/graph) by extension 'cmake'
[1.955s] Level 1:colcon.colcon_core.package_identification:_identify(src/vosk-model-small-en-us-0.15/graph) by extension 'python'
[1.955s] Level 1:colcon.colcon_core.package_identification:_identify(src/vosk-model-small-en-us-0.15/graph) by extensions ['python_setup_py']
[1.955s] Level 1:colcon.colcon_core.package_identification:_identify(src/vosk-model-small-en-us-0.15/graph) by extension 'python_setup_py'
[1.957s] Level 1:colcon.colcon_core.package_identification:_identify(src/vosk-model-small-en-us-0.15/graph/phones) by extensions ['ignore', 'ignore_ament_install']
[1.957s] Level 1:colcon.colcon_core.package_identification:_identify(src/vosk-model-small-en-us-0.15/graph/phones) by extension 'ignore'
[1.957s] Level 1:colcon.colcon_core.package_identification:_identify(src/vosk-model-small-en-us-0.15/graph/phones) by extension 'ignore_ament_install'
[1.957s] Level 1:colcon.colcon_core.package_identification:_identify(src/vosk-model-small-en-us-0.15/graph/phones) by extensions ['colcon_pkg']
[1.958s] Level 1:colcon.colcon_core.package_identification:_identify(src/vosk-model-small-en-us-0.15/graph/phones) by extension 'colcon_pkg'
[1.958s] Level 1:colcon.colcon_core.package_identification:_identify(src/vosk-model-small-en-us-0.15/graph/phones) by extensions ['colcon_meta']
[1.958s] Level 1:colcon.colcon_core.package_identification:_identify(src/vosk-model-small-en-us-0.15/graph/phones) by extension 'colcon_meta'
[1.958s] Level 1:colcon.colcon_core.package_identification:_identify(src/vosk-model-small-en-us-0.15/graph/phones) by extensions ['ros']
[1.958s] Level 1:colcon.colcon_core.package_identification:_identify(src/vosk-model-small-en-us-0.15/graph/phones) by extension 'ros'
[1.959s] Level 1:colcon.colcon_core.package_identification:_identify(src/vosk-model-small-en-us-0.15/graph/phones) by extensions ['cmake', 'python']
[1.959s] Level 1:colcon.colcon_core.package_identification:_identify(src/vosk-model-small-en-us-0.15/graph/phones) by extension 'cmake'
[1.959s] Level 1:colcon.colcon_core.package_identification:_identify(src/vosk-model-small-en-us-0.15/graph/phones) by extension 'python'
[1.959s] Level 1:colcon.colcon_core.package_identification:_identify(src/vosk-model-small-en-us-0.15/graph/phones) by extensions ['python_setup_py']
[1.959s] Level 1:colcon.colcon_core.package_identification:_identify(src/vosk-model-small-en-us-0.15/graph/phones) by extension 'python_setup_py'
[1.960s] Level 1:colcon.colcon_core.package_identification:_identify(src/vosk-model-small-en-us-0.15/ivector) by extensions ['ignore', 'ignore_ament_install']
[1.961s] Level 1:colcon.colcon_core.package_identification:_identify(src/vosk-model-small-en-us-0.15/ivector) by extension 'ignore'
[1.961s] Level 1:colcon.colcon_core.package_identification:_identify(src/vosk-model-small-en-us-0.15/ivector) by extension 'ignore_ament_install'
[1.961s] Level 1:colcon.colcon_core.package_identification:_identify(src/vosk-model-small-en-us-0.15/ivector) by extensions ['colcon_pkg']
[1.961s] Level 1:colcon.colcon_core.package_identification:_identify(src/vosk-model-small-en-us-0.15/ivector) by extension 'colcon_pkg'
[1.961s] Level 1:colcon.colcon_core.package_identification:_identify(src/vosk-model-small-en-us-0.15/ivector) by extensions ['colcon_meta']
[1.962s] Level 1:colcon.colcon_core.package_identification:_identify(src/vosk-model-small-en-us-0.15/ivector) by extension 'colcon_meta'
[1.962s] Level 1:colcon.colcon_core.package_identification:_identify(src/vosk-model-small-en-us-0.15/ivector) by extensions ['ros']
[1.962s] Level 1:colcon.colcon_core.package_identification:_identify(src/vosk-model-small-en-us-0.15/ivector) by extension 'ros'
[1.962s] Level 1:colcon.colcon_core.package_identification:_identify(src/vosk-model-small-en-us-0.15/ivector) by extensions ['cmake', 'python']
[1.962s] Level 1:colcon.colcon_core.package_identification:_identify(src/vosk-model-small-en-us-0.15/ivector) by extension 'cmake'
[1.963s] Level 1:colcon.colcon_core.package_identification:_identify(src/vosk-model-small-en-us-0.15/ivector) by extension 'python'
[1.963s] Level 1:colcon.colcon_core.package_identification:_identify(src/vosk-model-small-en-us-0.15/ivector) by extensions ['python_setup_py']
[1.963s] Level 1:colcon.colcon_core.package_identification:_identify(src/vosk-model-small-en-us-0.15/ivector) by extension 'python_setup_py'
[1.963s] Level 1:colcon.colcon_core.package_discovery:discover_packages(recursive) using defaults
[1.963s] Level 1:colcon.colcon_core.package_discovery:discover_packages(ignore) discover
[1.963s] Level 1:colcon.colcon_core.package_discovery:discover_packages(ignore) using defaults
[1.964s] Level 1:colcon.colcon_core.package_discovery:discover_packages(path) discover
[1.964s] Level 1:colcon.colcon_core.package_discovery:discover_packages(path) using defaults
[2.104s] Level 1:colcon.colcon_core.package_discovery:discover_packages(prefix_path) check parameters
[2.104s] Level 1:colcon.colcon_core.package_discovery:discover_packages(prefix_path) discover
[2.123s] DEBUG:colcon.colcon_installed_package_information.package_discovery:Found 181 installed packages in /opt/ros/humble
[2.128s] Level 1:colcon.colcon_core.package_discovery:discover_packages(prefix_path) using defaults
[2.283s] Level 5:colcon.colcon_core.verb:set package 'ai_client' build argument 'cmake_args' from command line to 'None'
[2.284s] Level 5:colcon.colcon_core.verb:set package 'ai_client' build argument 'cmake_target' from command line to 'None'
[2.284s] Level 5:colcon.colcon_core.verb:set package 'ai_client' build argument 'cmake_target_skip_unavailable' from command line to 'False'
[2.284s] Level 5:colcon.colcon_core.verb:set package 'ai_client' build argument 'cmake_clean_cache' from command line to 'False'
[2.284s] Level 5:colcon.colcon_core.verb:set package 'ai_client' build argument 'cmake_clean_first' from command line to 'False'
[2.284s] Level 5:colcon.colcon_core.verb:set package 'ai_client' build argument 'cmake_force_configure' from command line to 'False'
[2.284s] Level 5:colcon.colcon_core.verb:set package 'ai_client' build argument 'ament_cmake_args' from command line to 'None'
[2.285s] Level 5:colcon.colcon_core.verb:set package 'ai_client' build argument 'catkin_cmake_args' from command line to 'None'
[2.285s] Level 5:colcon.colcon_core.verb:set package 'ai_client' build argument 'catkin_skip_building_tests' from command line to 'False'
[2.285s] DEBUG:colcon.colcon_core.verb:Building package 'ai_client' with the following arguments: {'ament_cmake_args': None, 'build_base': '/home/rosievoice/main_ws/mic_ws/build/ai_client', 'catkin_cmake_args': None, 'catkin_skip_building_tests': False, 'cmake_args': None, 'cmake_clean_cache': False, 'cmake_clean_first': False, 'cmake_force_configure': False, 'cmake_target': None, 'cmake_target_skip_unavailable': False, 'install_base': '/home/rosievoice/main_ws/mic_ws/install/ai_client', 'merge_install': False, 'path': '/home/rosievoice/main_ws/mic_ws/src/ai_client', 'symlink_install': True, 'test_result_base': None}
[2.286s] Level 5:colcon.colcon_core.verb:set package 'prototype' build argument 'cmake_args' from command line to 'None'
[2.286s] Level 5:colcon.colcon_core.verb:set package 'prototype' build argument 'cmake_target' from command line to 'None'
[2.286s] Level 5:colcon.colcon_core.verb:set package 'prototype' build argument 'cmake_target_skip_unavailable' from command line to 'False'
[2.287s] Level 5:colcon.colcon_core.verb:set package 'prototype' build argument 'cmake_clean_cache' from command line to 'False'
[2.287s] Level 5:colcon.colcon_core.verb:set package 'prototype' build argument 'cmake_clean_first' from command line to 'False'
[2.287s] Level 5:colcon.colcon_core.verb:set package 'prototype' build argument 'cmake_force_configure' from command line to 'False'
[2.287s] Level 5:colcon.colcon_core.verb:set package 'prototype' build argument 'ament_cmake_args' from command line to 'None'
[2.287s] Level 5:colcon.colcon_core.verb:set package 'prototype' build argument 'catkin_cmake_args' from command line to 'None'
[2.287s] Level 5:colcon.colcon_core.verb:set package 'prototype' build argument 'catkin_skip_building_tests' from command line to 'False'
[2.287s] DEBUG:colcon.colcon_core.verb:Building package 'prototype' with the following arguments: {'ament_cmake_args': None, 'build_base': '/home/rosievoice/main_ws/mic_ws/build/prototype', 'catkin_cmake_args': None, 'catkin_skip_building_tests': False, 'cmake_args': None, 'cmake_clean_cache': False, 'cmake_clean_first': False, 'cmake_force_configure': False, 'cmake_target': None, 'cmake_target_skip_unavailable': False, 'install_base': '/home/rosievoice/main_ws/mic_ws/install/prototype', 'merge_install': False, 'path': '/home/rosievoice/main_ws/mic_ws/src/prototype', 'symlink_install': True, 'test_result_base': None}
[2.288s] INFO:colcon.colcon_core.executor:Executing jobs using 'parallel' executor
[2.291s] DEBUG:colcon.colcon_parallel_executor.executor.parallel:run_until_complete
[2.292s] INFO:colcon.colcon_ros.task.ament_cmake.build:Building ROS package in '/home/rosievoice/main_ws/mic_ws/src/ai_client' with build type 'ament_cmake'
[2.292s] INFO:colcon.colcon_cmake.task.cmake.build:Building CMake package in '/home/rosievoice/main_ws/mic_ws/src/ai_client'
[2.314s] INFO:colcon.colcon_core.plugin_system:Skipping extension 'colcon_core.shell.bat': Not used on non-Windows systems
[2.316s] INFO:colcon.colcon_core.shell:Skip shell extension 'powershell' for command environment: Not usable outside of PowerShell
[2.316s] DEBUG:colcon.colcon_core.shell:Skip shell extension 'dsv' for command environment
[2.334s] INFO:colcon.colcon_ros.task.ament_cmake.build:Building ROS package in '/home/rosievoice/main_ws/mic_ws/src/prototype' with build type 'ament_cmake'
[2.334s] INFO:colcon.colcon_cmake.task.cmake.build:Building CMake package in '/home/rosievoice/main_ws/mic_ws/src/prototype'
[2.336s] INFO:colcon.colcon_core.shell:Skip shell extension 'powershell' for command environment: Not usable outside of PowerShell
[2.336s] DEBUG:colcon.colcon_core.shell:Skip shell extension 'dsv' for command environment
[2.376s] DEBUG:colcon.colcon_core.event_handler.log_command:Invoking command in '/home/rosievoice/main_ws/mic_ws/build/ai_client': CMAKE_PREFIX_PATH=/opt/ros/humble /usr/bin/cmake --build /home/rosievoice/main_ws/mic_ws/build/ai_client -- -j4 -l4
[2.423s] DEBUG:colcon.colcon_core.event_handler.log_command:Invoking command in '/home/rosievoice/main_ws/mic_ws/build/prototype': CMAKE_PREFIX_PATH=/opt/ros/humble /usr/bin/cmake --build /home/rosievoice/main_ws/mic_ws/build/prototype -- -j4 -l4
[4.517s] DEBUG:colcon.colcon_core.event_handler.log_command:Invoked command in '/home/rosievoice/main_ws/mic_ws/build/ai_client' returned '0': CMAKE_PREFIX_PATH=/opt/ros/humble /usr/bin/cmake --build /home/rosievoice/main_ws/mic_ws/build/ai_client -- -j4 -l4
[4.530s] DEBUG:colcon.colcon_core.event_handler.log_command:Invoked command in '/home/rosievoice/main_ws/mic_ws/build/prototype' returned '0': CMAKE_PREFIX_PATH=/opt/ros/humble /usr/bin/cmake --build /home/rosievoice/main_ws/mic_ws/build/prototype -- -j4 -l4
[4.654s] DEBUG:colcon.colcon_core.event_handler.log_command:Invoking command in '/home/rosievoice/main_ws/mic_ws/build/ai_client': CMAKE_PREFIX_PATH=/opt/ros/humble /usr/bin/cmake --install /home/rosievoice/main_ws/mic_ws/build/ai_client
[5.028s] Level 1:colcon.colcon_core.environment:create_environment_scripts_only(ai_client)
[5.030s] DEBUG:colcon.colcon_core.event_handler.log_command:Invoked command in '/home/rosievoice/main_ws/mic_ws/build/ai_client' returned '0': CMAKE_PREFIX_PATH=/opt/ros/humble /usr/bin/cmake --install /home/rosievoice/main_ws/mic_ws/build/ai_client
[5.056s] Level 1:colcon.colcon_core.environment:checking '/home/rosievoice/main_ws/mic_ws/install/ai_client' for CMake module files
[5.060s] Level 1:colcon.colcon_core.environment:checking '/home/rosievoice/main_ws/mic_ws/install/ai_client' for CMake config files
[5.061s] Level 1:colcon.colcon_core.shell:create_environment_hook('ai_client', 'cmake_prefix_path')
[5.062s] INFO:colcon.colcon_core.shell:Creating environment hook '/home/rosievoice/main_ws/mic_ws/install/ai_client/share/ai_client/hook/cmake_prefix_path.ps1'
[5.069s] INFO:colcon.colcon_core.shell:Creating environment descriptor '/home/rosievoice/main_ws/mic_ws/install/ai_client/share/ai_client/hook/cmake_prefix_path.dsv'
[5.072s] INFO:colcon.colcon_core.shell:Creating environment hook '/home/rosievoice/main_ws/mic_ws/install/ai_client/share/ai_client/hook/cmake_prefix_path.sh'
[5.076s] Level 1:colcon.colcon_core.environment:checking '/home/rosievoice/main_ws/mic_ws/install/ai_client/lib'
[5.077s] Level 1:colcon.colcon_core.environment:checking '/home/rosievoice/main_ws/mic_ws/install/ai_client/bin'
[5.078s] Level 1:colcon.colcon_core.environment:checking '/home/rosievoice/main_ws/mic_ws/install/ai_client/lib/pkgconfig/ai_client.pc'
[5.079s] Level 1:colcon.colcon_core.environment:checking '/home/rosievoice/main_ws/mic_ws/install/ai_client/lib/python3.10/site-packages'
[5.080s] Level 1:colcon.colcon_core.environment:checking '/home/rosievoice/main_ws/mic_ws/install/ai_client/bin'
[5.081s] INFO:colcon.colcon_core.shell:Creating package script '/home/rosievoice/main_ws/mic_ws/install/ai_client/share/ai_client/package.ps1'
[5.085s] INFO:colcon.colcon_core.shell:Creating package descriptor '/home/rosievoice/main_ws/mic_ws/install/ai_client/share/ai_client/package.dsv'
[5.089s] INFO:colcon.colcon_core.shell:Creating package script '/home/rosievoice/main_ws/mic_ws/install/ai_client/share/ai_client/package.sh'
[5.093s] INFO:colcon.colcon_core.shell:Creating package script '/home/rosievoice/main_ws/mic_ws/install/ai_client/share/ai_client/package.bash'
[5.098s] INFO:colcon.colcon_core.shell:Creating package script '/home/rosievoice/main_ws/mic_ws/install/ai_client/share/ai_client/package.zsh'
[5.104s] Level 1:colcon.colcon_core.environment:create_file_with_runtime_dependencies(/home/rosievoice/main_ws/mic_ws/install/ai_client/share/colcon-core/packages/ai_client)
[5.207s] Level 1:colcon.colcon_core.environment:create_environment_scripts_only(ai_client)
[5.208s] Level 1:colcon.colcon_core.environment:checking '/home/rosievoice/main_ws/mic_ws/install/ai_client' for CMake module files
[5.212s] Level 1:colcon.colcon_core.environment:checking '/home/rosievoice/main_ws/mic_ws/install/ai_client' for CMake config files
[5.214s] Level 1:colcon.colcon_core.shell:create_environment_hook('ai_client', 'cmake_prefix_path')
[5.215s] INFO:colcon.colcon_core.shell:Creating environment hook '/home/rosievoice/main_ws/mic_ws/install/ai_client/share/ai_client/hook/cmake_prefix_path.ps1'
[5.217s] INFO:colcon.colcon_core.shell:Creating environment descriptor '/home/rosievoice/main_ws/mic_ws/install/ai_client/share/ai_client/hook/cmake_prefix_path.dsv'
[5.219s] INFO:colcon.colcon_core.shell:Creating environment hook '/home/rosievoice/main_ws/mic_ws/install/ai_client/share/ai_client/hook/cmake_prefix_path.sh'
[5.222s] Level 1:colcon.colcon_core.environment:checking '/home/rosievoice/main_ws/mic_ws/install/ai_client/lib'
[5.223s] Level 1:colcon.colcon_core.environment:checking '/home/rosievoice/main_ws/mic_ws/install/ai_client/bin'
[5.223s] Level 1:colcon.colcon_core.environment:checking '/home/rosievoice/main_ws/mic_ws/install/ai_client/lib/pkgconfig/ai_client.pc'
[5.224s] Level 1:colcon.colcon_core.environment:checking '/home/rosievoice/main_ws/mic_ws/install/ai_client/lib/python3.10/site-packages'
[5.225s] Level 1:colcon.colcon_core.environment:checking '/home/rosievoice/main_ws/mic_ws/install/ai_client/bin'
[5.227s] INFO:colcon.colcon_core.shell:Creating package script '/home/rosievoice/main_ws/mic_ws/install/ai_client/share/ai_client/package.ps1'
[5.229s] INFO:colcon.colcon_core.shell:Creating package descriptor '/home/rosievoice/main_ws/mic_ws/install/ai_client/share/ai_client/package.dsv'
[5.232s] INFO:colcon.colcon_core.shell:Creating package script '/home/rosievoice/main_ws/mic_ws/install/ai_client/share/ai_client/package.sh'
[5.234s] INFO:colcon.colcon_core.shell:Creating package script '/home/rosievoice/main_ws/mic_ws/install/ai_client/share/ai_client/package.bash'
[5.237s] INFO:colcon.colcon_core.shell:Creating package script '/home/rosievoice/main_ws/mic_ws/install/ai_client/share/ai_client/package.zsh'
[5.239s] Level 1:colcon.colcon_core.environment:create_file_with_runtime_dependencies(/home/rosievoice/main_ws/mic_ws/install/ai_client/share/colcon-core/packages/ai_client)
[5.333s] DEBUG:colcon.colcon_core.event_handler.log_command:Invoking command in '/home/rosievoice/main_ws/mic_ws/build/prototype': CMAKE_PREFIX_PATH=/opt/ros/humble /usr/bin/cmake --install /home/rosievoice/main_ws/mic_ws/build/prototype
[6.241s] Level 1:colcon.colcon_core.environment:create_environment_scripts_only(prototype)
[6.242s] Level 1:colcon.colcon_core.environment:checking '/home/rosievoice/main_ws/mic_ws/install/prototype' for CMake module files
[6.244s] DEBUG:colcon.colcon_core.event_handler.log_command:Invoked command in '/home/rosievoice/main_ws/mic_ws/build/prototype' returned '0': CMAKE_PREFIX_PATH=/opt/ros/humble /usr/bin/cmake --install /home/rosievoice/main_ws/mic_ws/build/prototype
[6.249s] Level 1:colcon.colcon_core.environment:checking '/home/rosievoice/main_ws/mic_ws/install/prototype' for CMake config files
[6.252s] Level 1:colcon.colcon_core.shell:create_environment_hook('prototype', 'cmake_prefix_path')
[6.253s] INFO:colcon.colcon_core.shell:Creating environment hook '/home/rosievoice/main_ws/mic_ws/install/prototype/share/prototype/hook/cmake_prefix_path.ps1'
[6.257s] INFO:colcon.colcon_core.shell:Creating environment descriptor '/home/rosievoice/main_ws/mic_ws/install/prototype/share/prototype/hook/cmake_prefix_path.dsv'
[6.259s] INFO:colcon.colcon_core.shell:Creating environment hook '/home/rosievoice/main_ws/mic_ws/install/prototype/share/prototype/hook/cmake_prefix_path.sh'
[6.262s] Level 1:colcon.colcon_core.environment:checking '/home/rosievoice/main_ws/mic_ws/install/prototype/lib'
[6.262s] Level 1:colcon.colcon_core.shell:create_environment_hook('prototype', 'ld_library_path_lib')
[6.263s] INFO:colcon.colcon_core.shell:Creating environment hook '/home/rosievoice/main_ws/mic_ws/install/prototype/share/prototype/hook/ld_library_path_lib.ps1'
[6.265s] INFO:colcon.colcon_core.shell:Creating environment descriptor '/home/rosievoice/main_ws/mic_ws/install/prototype/share/prototype/hook/ld_library_path_lib.dsv'
[6.266s] INFO:colcon.colcon_core.shell:Creating environment hook '/home/rosievoice/main_ws/mic_ws/install/prototype/share/prototype/hook/ld_library_path_lib.sh'
[6.268s] Level 1:colcon.colcon_core.environment:checking '/home/rosievoice/main_ws/mic_ws/install/prototype/bin'
[6.269s] Level 1:colcon.colcon_core.environment:checking '/home/rosievoice/main_ws/mic_ws/install/prototype/lib/pkgconfig/prototype.pc'
[6.270s] Level 1:colcon.colcon_core.environment:checking '/home/rosievoice/main_ws/mic_ws/install/prototype/lib/python3.10/site-packages'
[6.271s] Level 1:colcon.colcon_core.environment:checking '/home/rosievoice/main_ws/mic_ws/install/prototype/bin'
[6.272s] INFO:colcon.colcon_core.shell:Creating package script '/home/rosievoice/main_ws/mic_ws/install/prototype/share/prototype/package.ps1'
[6.274s] INFO:colcon.colcon_core.shell:Creating package descriptor '/home/rosievoice/main_ws/mic_ws/install/prototype/share/prototype/package.dsv'
[6.276s] INFO:colcon.colcon_core.shell:Creating package script '/home/rosievoice/main_ws/mic_ws/install/prototype/share/prototype/package.sh'
[6.278s] INFO:colcon.colcon_core.shell:Creating package script '/home/rosievoice/main_ws/mic_ws/install/prototype/share/prototype/package.bash'
[6.280s] INFO:colcon.colcon_core.shell:Creating package script '/home/rosievoice/main_ws/mic_ws/install/prototype/share/prototype/package.zsh'
[6.281s] Level 1:colcon.colcon_core.environment:create_file_with_runtime_dependencies(/home/rosievoice/main_ws/mic_ws/install/prototype/share/colcon-core/packages/prototype)
[7.026s] Level 1:colcon.colcon_core.environment:create_environment_scripts_only(prototype)
[7.027s] Level 1:colcon.colcon_core.environment:checking '/home/rosievoice/main_ws/mic_ws/install/prototype' for CMake module files
[7.033s] Level 1:colcon.colcon_core.environment:checking '/home/rosievoice/main_ws/mic_ws/install/prototype' for CMake config files
[7.039s] Level 1:colcon.colcon_core.shell:create_environment_hook('prototype', 'cmake_prefix_path')
[7.040s] INFO:colcon.colcon_core.shell:Creating environment hook '/home/rosievoice/main_ws/mic_ws/install/prototype/share/prototype/hook/cmake_prefix_path.ps1'
[7.042s] INFO:colcon.colcon_core.shell:Creating environment descriptor '/home/rosievoice/main_ws/mic_ws/install/prototype/share/prototype/hook/cmake_prefix_path.dsv'
[7.044s] INFO:colcon.colcon_core.shell:Creating environment hook '/home/rosievoice/main_ws/mic_ws/install/prototype/share/prototype/hook/cmake_prefix_path.sh'
[7.047s] Level 1:colcon.colcon_core.environment:checking '/home/rosievoice/main_ws/mic_ws/install/prototype/lib'
[7.047s] Level 1:colcon.colcon_core.shell:create_environment_hook('prototype', 'ld_library_path_lib')
[7.048s] INFO:colcon.colcon_core.shell:Creating environment hook '/home/rosievoice/main_ws/mic_ws/install/prototype/share/prototype/hook/ld_library_path_lib.ps1'
[7.050s] INFO:colcon.colcon_core.shell:Creating environment descriptor '/home/rosievoice/main_ws/mic_ws/install/prototype/share/prototype/hook/ld_library_path_lib.dsv'
[7.051s] INFO:colcon.colcon_core.shell:Creating environment hook '/home/rosievoice/main_ws/mic_ws/install/prototype/share/prototype/hook/ld_library_path_lib.sh'
[7.053s] Level 1:colcon.colcon_core.environment:checking '/home/rosievoice/main_ws/mic_ws/install/prototype/bin'
[7.053s] Level 1:colcon.colcon_core.environment:checking '/home/rosievoice/main_ws/mic_ws/install/prototype/lib/pkgconfig/prototype.pc'
[7.054s] Level 1:colcon.colcon_core.environment:checking '/home/rosievoice/main_ws/mic_ws/install/prototype/lib/python3.10/site-packages'
[7.055s] Level 1:colcon.colcon_core.environment:checking '/home/rosievoice/main_ws/mic_ws/install/prototype/bin'
[7.056s] INFO:colcon.colcon_core.shell:Creating package script '/home/rosievoice/main_ws/mic_ws/install/prototype/share/prototype/package.ps1'
[7.059s] INFO:colcon.colcon_core.shell:Creating package descriptor '/home/rosievoice/main_ws/mic_ws/install/prototype/share/prototype/package.dsv'
[7.061s] INFO:colcon.colcon_core.shell:Creating package script '/home/rosievoice/main_ws/mic_ws/install/prototype/share/prototype/package.sh'
[7.063s] INFO:colcon.colcon_core.shell:Creating package script '/home/rosievoice/main_ws/mic_ws/install/prototype/share/prototype/package.bash'
[7.065s] INFO:colcon.colcon_core.shell:Creating package script '/home/rosievoice/main_ws/mic_ws/install/prototype/share/prototype/package.zsh'
[7.067s] Level 1:colcon.colcon_core.environment:create_file_with_runtime_dependencies(/home/rosievoice/main_ws/mic_ws/install/prototype/share/colcon-core/packages/prototype)
[7.068s] DEBUG:colcon.colcon_parallel_executor.executor.parallel:closing loop
[7.069s] DEBUG:colcon.colcon_parallel_executor.executor.parallel:loop closed
[7.069s] DEBUG:colcon.colcon_parallel_executor.executor.parallel:run_until_complete finished with '0'
[7.070s] DEBUG:colcon.colcon_core.event_reactor:joining thread
[7.094s] INFO:colcon.colcon_core.plugin_system:Skipping extension 'colcon_notification.desktop_notification.terminal_notifier': Not used on non-Darwin systems
[7.095s] INFO:colcon.colcon_core.plugin_system:Skipping extension 'colcon_notification.desktop_notification.win32': Not used on non-Windows systems
[7.095s] INFO:colcon.colcon_notification.desktop_notification:Sending desktop notification using 'notify2'
[7.159s] DEBUG:colcon.colcon_core.event_reactor:joined thread
[7.160s] INFO:colcon.colcon_core.shell:Creating prefix script '/home/rosievoice/main_ws/mic_ws/install/local_setup.ps1'
[7.166s] INFO:colcon.colcon_core.shell:Creating prefix util module '/home/rosievoice/main_ws/mic_ws/install/_local_setup_util_ps1.py'
[7.174s] INFO:colcon.colcon_core.shell:Creating prefix chain script '/home/rosievoice/main_ws/mic_ws/install/setup.ps1'
[7.179s] INFO:colcon.colcon_core.shell:Creating prefix script '/home/rosievoice/main_ws/mic_ws/install/local_setup.sh'
[7.183s] INFO:colcon.colcon_core.shell:Creating prefix util module '/home/rosievoice/main_ws/mic_ws/install/_local_setup_util_sh.py'
[7.185s] INFO:colcon.colcon_core.shell:Creating prefix chain script '/home/rosievoice/main_ws/mic_ws/install/setup.sh'
[7.190s] INFO:colcon.colcon_core.shell:Creating prefix script '/home/rosievoice/main_ws/mic_ws/install/local_setup.bash'
[7.192s] INFO:colcon.colcon_core.shell:Creating prefix chain script '/home/rosievoice/main_ws/mic_ws/install/setup.bash'
[7.197s] INFO:colcon.colcon_core.shell:Creating prefix script '/home/rosievoice/main_ws/mic_ws/install/local_setup.zsh'
[7.200s] INFO:colcon.colcon_core.shell:Creating prefix chain script '/home/rosievoice/main_ws/mic_ws/install/setup.zsh'
