[0.060s] Invoking command in '/home/rosievoice/main_ws/mic_ws/build/prototype': CMAKE_PREFIX_PATH=/opt/ros/humble /usr/bin/cmake --build /home/rosievoice/main_ws/mic_ws/build/prototype -- -j4 -l4
[0.310s] [  1%] Built target prototype__cpp
[0.343s] [ 12%] Built target prototype__rosidl_generator_c
[0.368s] [ 12%] Built target ament_cmake_python_symlink_prototype
[0.458s] [ 23%] Built target prototype__rosidl_typesupport_cpp
[0.480s] [ 35%] Built target prototype__rosidl_typesupport_fastrtps_cpp
[0.511s] [ 46%] Built target prototype__rosidl_typesupport_introspection_cpp
[0.562s] [ 57%] Built target prototype__rosidl_typesupport_fastrtps_c
[0.621s] [ 69%] Built target prototype__rosidl_typesupport_introspection_c
[0.630s] [ 80%] Built target prototype__rosidl_typesupport_c
[0.746s] [ 80%] Built target prototype
[0.876s] [ 81%] Built target prototype__py
[1.009s] [ 91%] Built target prototype__rosidl_generator_py
[1.160s] [ 94%] Built target prototype__rosidl_typesupport_c__pyext
[1.176s] [ 97%] Built target prototype__rosidl_typesupport_fastrtps_c__pyext
[1.208s] [100%] Built target prototype__rosidl_typesupport_introspection_c__pyext
[1.893s] running egg_info
[1.898s] writing prototype.egg-info/PKG-INFO
[1.899s] writing dependency_links to prototype.egg-info/dependency_links.txt
[1.901s] writing top-level names to prototype.egg-info/top_level.txt
[1.914s] reading manifest file 'prototype.egg-info/SOURCES.txt'
[1.918s] writing manifest file 'prototype.egg-info/SOURCES.txt'
[2.085s] [100%] Built target ament_cmake_python_build_prototype_egg
[2.137s] Invoked command in '/home/rosievoice/main_ws/mic_ws/build/prototype' returned '0': CMAKE_PREFIX_PATH=/opt/ros/humble /usr/bin/cmake --build /home/rosievoice/main_ws/mic_ws/build/prototype -- -j4 -l4
[3.046s] Invoking command in '/home/rosievoice/main_ws/mic_ws/build/prototype': CMAKE_PREFIX_PATH=/opt/ros/humble /usr/bin/cmake --install /home/rosievoice/main_ws/mic_ws/build/prototype
[3.074s] -- Install configuration: ""
[3.076s] -- Execute custom install script
[3.079s] -- Up-to-date symlink: /home/rosievoice/main_ws/mic_ws/install/prototype/share/prototype//config/camera.yaml
[3.080s] -- Up-to-date symlink: /home/rosievoice/main_ws/mic_ws/install/prototype/share/prototype//config/ekf.yaml
[3.080s] -- Up-to-date symlink: /home/rosievoice/main_ws/mic_ws/install/prototype/share/prototype//config/ekf_map.yaml
[3.081s] -- Up-to-date symlink: /home/rosievoice/main_ws/mic_ws/install/prototype/share/prototype//config/joystick.yaml
[3.082s] -- Up-to-date symlink: /home/rosievoice/main_ws/mic_ws/install/prototype/share/prototype//config/motor_control.yaml
[3.083s] -- Up-to-date symlink: /home/rosievoice/main_ws/mic_ws/install/prototype/share/prototype//config/nn/mobilenet.json
[3.083s] -- Up-to-date symlink: /home/rosievoice/main_ws/mic_ws/install/prototype/share/prototype//config/nn/segmentation.json
[3.084s] -- Up-to-date symlink: /home/rosievoice/main_ws/mic_ws/install/prototype/share/prototype//config/nn/yolo.json
[3.085s] -- Up-to-date symlink: /home/rosievoice/main_ws/mic_ws/install/prototype/share/prototype//config/rgbd.yaml
[3.086s] -- Up-to-date symlink: /home/rosievoice/main_ws/mic_ws/install/prototype/share/prototype//config/spatial_bb.yaml
[3.086s] -- Up-to-date symlink: /home/rosievoice/main_ws/mic_ws/install/prototype/share/prototype//config/twist_mux.yaml
[3.089s] -- Up-to-date symlink: /home/rosievoice/main_ws/mic_ws/install/prototype/share/prototype//launch/battery_state.launch.py
[3.090s] -- Up-to-date symlink: /home/rosievoice/main_ws/mic_ws/install/prototype/share/prototype//launch/camera.launch.py
[3.091s] -- Up-to-date symlink: /home/rosievoice/main_ws/mic_ws/install/prototype/share/prototype//launch/camera_local.launch.py
[3.091s] -- Up-to-date symlink: /home/rosievoice/main_ws/mic_ws/install/prototype/share/prototype//launch/camera_uncompressed_launch.py
[3.092s] -- Up-to-date symlink: /home/rosievoice/main_ws/mic_ws/install/prototype/share/prototype//launch/gui.launch.py
[3.093s] -- Up-to-date symlink: /home/rosievoice/main_ws/mic_ws/install/prototype/share/prototype//launch/hand_gesture.launch.py
[3.095s] -- Up-to-date symlink: /home/rosievoice/main_ws/mic_ws/install/prototype/share/prototype//launch/image_pro.py
[3.095s] -- Up-to-date symlink: /home/rosievoice/main_ws/mic_ws/install/prototype/share/prototype//launch/imu_launch.py
[3.096s] -- Up-to-date symlink: /home/rosievoice/main_ws/mic_ws/install/prototype/share/prototype//launch/joystick.launch.py
[3.096s] -- Up-to-date symlink: /home/rosievoice/main_ws/mic_ws/install/prototype/share/prototype//launch/laser_launch.py
[3.097s] -- Up-to-date symlink: /home/rosievoice/main_ws/mic_ws/install/prototype/share/prototype//launch/localization_launch.py
[3.097s] -- Up-to-date symlink: /home/rosievoice/main_ws/mic_ws/install/prototype/share/prototype//launch/main_launch.py
[3.098s] -- Up-to-date symlink: /home/rosievoice/main_ws/mic_ws/install/prototype/share/prototype//launch/motor_launch.py
[3.100s] -- Up-to-date symlink: /home/rosievoice/main_ws/mic_ws/install/prototype/share/prototype//launch/navigation.launch.py
[3.101s] -- Up-to-date symlink: /home/rosievoice/main_ws/mic_ws/install/prototype/share/prototype//launch/no_com_camera.launch.py
[3.102s] -- Up-to-date symlink: /home/rosievoice/main_ws/mic_ws/install/prototype/share/prototype//launch/rgbd_pcl.launch.py
[3.102s] -- Up-to-date symlink: /home/rosievoice/main_ws/mic_ws/install/prototype/share/prototype//launch/robot_localization_launch.py
[3.103s] -- Up-to-date symlink: /home/rosievoice/main_ws/mic_ws/install/prototype/share/prototype//launch/robotmodel.launch.py
[3.103s] -- Up-to-date symlink: /home/rosievoice/main_ws/mic_ws/install/prototype/share/prototype//launch/rtab_odom.launch.py
[3.104s] -- Up-to-date symlink: /home/rosievoice/main_ws/mic_ws/install/prototype/share/prototype//launch/rtabmap.launch.py
[3.105s] -- Up-to-date symlink: /home/rosievoice/main_ws/mic_ws/install/prototype/share/prototype//launch/rviz2_launch.py
[3.105s] -- Up-to-date symlink: /home/rosievoice/main_ws/mic_ws/install/prototype/share/prototype//launch/sensors_launch.py
[3.106s] -- Up-to-date symlink: /home/rosievoice/main_ws/mic_ws/install/prototype/share/prototype//launch/spatial_bb.launch.py
[3.107s] -- Up-to-date symlink: /home/rosievoice/main_ws/mic_ws/install/prototype/share/prototype//launch/spawn.launch.xml
[3.108s] -- Up-to-date symlink: /home/rosievoice/main_ws/mic_ws/install/prototype/share/prototype//launch/spawn_pos.launch.py
[3.108s] -- Up-to-date symlink: /home/rosievoice/main_ws/mic_ws/install/prototype/share/prototype//launch/stereo.launch.py
[3.110s] -- Up-to-date symlink: /home/rosievoice/main_ws/mic_ws/install/prototype/share/prototype//action/AiCamera.action
[3.111s] -- Up-to-date symlink: /home/rosievoice/main_ws/mic_ws/install/prototype/share/prototype//action/FoodMenu.action
[3.112s] -- Up-to-date symlink: /home/rosievoice/main_ws/mic_ws/install/prototype/share/prototype//action/GoTo.action
[3.112s] -- Up-to-date symlink: /home/rosievoice/main_ws/mic_ws/install/prototype/share/prototype//action/SendCoordinates.action
[3.114s] -- Up-to-date symlink: /home/rosievoice/main_ws/mic_ws/install/prototype/share/prototype//worlds/empty_world.world
[3.116s] -- Up-to-date symlink: /home/rosievoice/main_ws/mic_ws/install/prototype/share/prototype//models/box_room/meshes/box_room.dae
[3.116s] -- Up-to-date symlink: /home/rosievoice/main_ws/mic_ws/install/prototype/share/prototype//models/box_room/meshes/chambre.png
[3.117s] -- Up-to-date symlink: /home/rosievoice/main_ws/mic_ws/install/prototype/share/prototype//models/model.config
[3.118s] -- Up-to-date symlink: /home/rosievoice/main_ws/mic_ws/install/prototype/share/prototype//models/model.sdf
[3.119s] -- Up-to-date symlink: /home/rosievoice/main_ws/mic_ws/install/prototype/share/prototype//urdf/camera.xacro
[3.120s] -- Up-to-date symlink: /home/rosievoice/main_ws/mic_ws/install/prototype/share/prototype//urdf/hardware_interface.xacro
[3.121s] -- Up-to-date symlink: /home/rosievoice/main_ws/mic_ws/install/prototype/share/prototype//urdf/joint_macros.xacro
[3.122s] -- Up-to-date symlink: /home/rosievoice/main_ws/mic_ws/install/prototype/share/prototype//urdf/lidar.xacro
[3.122s] -- Up-to-date symlink: /home/rosievoice/main_ws/mic_ws/install/prototype/share/prototype//urdf/link_macros.xacro
[3.123s] -- Up-to-date symlink: /home/rosievoice/main_ws/mic_ws/install/prototype/share/prototype//urdf/prototype.xacro
[3.124s] -- Up-to-date symlink: /home/rosievoice/main_ws/mic_ws/install/prototype/share/prototype//urdf/wheel.xacro
[3.125s] -- Up-to-date symlink: /home/rosievoice/main_ws/mic_ws/install/prototype/share/prototype//sambot/camera.xacro
[3.126s] -- Up-to-date symlink: /home/rosievoice/main_ws/mic_ws/install/prototype/share/prototype//sambot/hardware_interface.xacro
[3.127s] -- Up-to-date symlink: /home/rosievoice/main_ws/mic_ws/install/prototype/share/prototype//sambot/joint_macros.xacro
[3.128s] -- Up-to-date symlink: /home/rosievoice/main_ws/mic_ws/install/prototype/share/prototype//sambot/lidar.xacro
[3.129s] -- Up-to-date symlink: /home/rosievoice/main_ws/mic_ws/install/prototype/share/prototype//sambot/link_macros.xacro
[3.130s] -- Up-to-date symlink: /home/rosievoice/main_ws/mic_ws/install/prototype/share/prototype//sambot/prototype.xacro
[3.130s] -- Up-to-date symlink: /home/rosievoice/main_ws/mic_ws/install/prototype/share/prototype//sambot/wheel.xacro
[3.134s] -- Up-to-date symlink: /home/rosievoice/main_ws/mic_ws/install/prototype/share/prototype//meshes/Dazzling.stl
[3.134s] -- Up-to-date symlink: /home/rosievoice/main_ws/mic_ws/install/prototype/share/prototype//meshes/Dbrakes2K.png
[3.135s] -- Up-to-date symlink: /home/rosievoice/main_ws/mic_ws/install/prototype/share/prototype//meshes/Dreaotherothertex2K.png
[3.136s] -- Up-to-date symlink: /home/rosievoice/main_ws/mic_ws/install/prototype/share/prototype//meshes/Dtire_rim_detail2Ktex.png
[3.136s] -- Up-to-date symlink: /home/rosievoice/main_ws/mic_ws/install/prototype/share/prototype//meshes/Material Base Color.png
[3.137s] -- Up-to-date symlink: /home/rosievoice/main_ws/mic_ws/install/prototype/share/prototype//meshes/Material.005 Base Color.png
[3.138s] -- Up-to-date symlink: /home/rosievoice/main_ws/mic_ws/install/prototype/share/prototype//meshes/Prototype_mesh(1).stl
[3.139s] -- Up-to-date symlink: /home/rosievoice/main_ws/mic_ws/install/prototype/share/prototype//meshes/Prototype_mesh(3).stl
[3.140s] -- Up-to-date symlink: /home/rosievoice/main_ws/mic_ws/install/prototype/share/prototype//meshes/Prototype_mesh.stl
[3.140s] -- Up-to-date symlink: /home/rosievoice/main_ws/mic_ws/install/prototype/share/prototype//meshes/Wheels.dae
[3.141s] -- Up-to-date symlink: /home/rosievoice/main_ws/mic_ws/install/prototype/share/prototype//meshes/blender_mesh.stl
[3.142s] -- Up-to-date symlink: /home/rosievoice/main_ws/mic_ws/install/prototype/share/prototype//meshes/crane base.png
[3.143s] -- Up-to-date symlink: /home/rosievoice/main_ws/mic_ws/install/prototype/share/prototype//meshes/crane stand.001.png
[3.143s] -- Up-to-date symlink: /home/rosievoice/main_ws/mic_ws/install/prototype/share/prototype//meshes/crane.blend
[3.144s] -- Up-to-date symlink: /home/rosievoice/main_ws/mic_ws/install/prototype/share/prototype//meshes/crane.blend1
[3.145s] -- Up-to-date symlink: /home/rosievoice/main_ws/mic_ws/install/prototype/share/prototype//meshes/crane.dae
[3.145s] -- Up-to-date symlink: /home/rosievoice/main_ws/mic_ws/install/prototype/share/prototype//meshes/crane_base.png
[3.146s] -- Up-to-date symlink: /home/rosievoice/main_ws/mic_ws/install/prototype/share/prototype//meshes/crane_stand.png
[3.147s] -- Up-to-date symlink: /home/rosievoice/main_ws/mic_ws/install/prototype/share/prototype//meshes/cute_cube.blend
[3.148s] -- Up-to-date symlink: /home/rosievoice/main_ws/mic_ws/install/prototype/share/prototype//meshes/cute_cube.dae
[3.148s] -- Up-to-date symlink: /home/rosievoice/main_ws/mic_ws/install/prototype/share/prototype//meshes/first wheel.blend
[3.149s] -- Up-to-date symlink: /home/rosievoice/main_ws/mic_ws/install/prototype/share/prototype//meshes/gear color.png
[3.150s] -- Up-to-date symlink: /home/rosievoice/main_ws/mic_ws/install/prototype/share/prototype//meshes/lambert3_baseColor.png
[3.151s] -- Up-to-date symlink: /home/rosievoice/main_ws/mic_ws/install/prototype/share/prototype//meshes/motor .png
[3.151s] -- Up-to-date symlink: /home/rosievoice/main_ws/mic_ws/install/prototype/share/prototype//meshes/prototype.blend
[3.152s] -- Up-to-date symlink: /home/rosievoice/main_ws/mic_ws/install/prototype/share/prototype//meshes/prototype.dae
[3.153s] -- Up-to-date symlink: /home/rosievoice/main_ws/mic_ws/install/prototype/share/prototype//meshes/sensors/realsense.dae
[3.154s] -- Up-to-date symlink: /home/rosievoice/main_ws/mic_ws/install/prototype/share/prototype//meshes/sensors/rplidar.dae
[3.154s] -- Up-to-date symlink: /home/rosievoice/main_ws/mic_ws/install/prototype/share/prototype//meshes/sensors/rplidartexture.png
[3.155s] -- Up-to-date symlink: /home/rosievoice/main_ws/mic_ws/install/prototype/share/prototype//meshes/textures/lambert3_baseColor.png
[3.156s] -- Up-to-date symlink: /home/rosievoice/main_ws/mic_ws/install/prototype/share/prototype//meshes/tinker.stl
[3.157s] -- Up-to-date symlink: /home/rosievoice/main_ws/mic_ws/install/prototype/share/prototype//meshes/tire_rubber_2K_NRM.png
[3.157s] -- Up-to-date symlink: /home/rosievoice/main_ws/mic_ws/install/prototype/share/prototype//meshes/tires/obj.mtl
[3.158s] -- Up-to-date symlink: /home/rosievoice/main_ws/mic_ws/install/prototype/share/prototype//meshes/tires/tinker.obj
[3.161s] -- Up-to-date symlink: /home/rosievoice/main_ws/mic_ws/install/prototype/share/prototype//scripts/__init__.py
[3.162s] -- Up-to-date symlink: /home/rosievoice/main_ws/mic_ws/install/prototype/share/prototype//scripts/__pycache__/gesture_recognition.cpython-310.pyc
[3.163s] -- Up-to-date symlink: /home/rosievoice/main_ws/mic_ws/install/prototype/share/prototype//scripts/__pycache__/robot_navigator.cpython-310.pyc
[3.164s] -- Up-to-date symlink: /home/rosievoice/main_ws/mic_ws/install/prototype/share/prototype//scripts/action_client.py
[3.165s] -- Up-to-date symlink: /home/rosievoice/main_ws/mic_ws/install/prototype/share/prototype//scripts/action_server.py
[3.165s] -- Up-to-date symlink: /home/rosievoice/main_ws/mic_ws/install/prototype/share/prototype//scripts/battery.py
[3.166s] -- Up-to-date symlink: /home/rosievoice/main_ws/mic_ws/install/prototype/share/prototype//scripts/battery_boot.py
[3.167s] -- Up-to-date symlink: /home/rosievoice/main_ws/mic_ws/install/prototype/share/prototype//scripts/battery_test.py
[3.168s] -- Up-to-date symlink: /home/rosievoice/main_ws/mic_ws/install/prototype/share/prototype//scripts/behaviours.py
[3.168s] -- Up-to-date symlink: /home/rosievoice/main_ws/mic_ws/install/prototype/share/prototype//scripts/cvfpscalc.py
[3.169s] -- Up-to-date symlink: /home/rosievoice/main_ws/mic_ws/install/prototype/share/prototype//scripts/data_gathering.py
[3.170s] -- Up-to-date symlink: /home/rosievoice/main_ws/mic_ws/install/prototype/share/prototype//scripts/face.py
[3.171s] -- Up-to-date symlink: /home/rosievoice/main_ws/mic_ws/install/prototype/share/prototype//scripts/gesture_recognition.py
[3.171s] -- Up-to-date symlink: /home/rosievoice/main_ws/mic_ws/install/prototype/share/prototype//scripts/goal.py
[3.172s] -- Up-to-date symlink: /home/rosievoice/main_ws/mic_ws/install/prototype/share/prototype//scripts/hand.py
[3.173s] -- Up-to-date symlink: /home/rosievoice/main_ws/mic_ws/install/prototype/share/prototype//scripts/hand_sign_recognition.py
[3.174s] -- Up-to-date symlink: /home/rosievoice/main_ws/mic_ws/install/prototype/share/prototype//scripts/map.py
[3.174s] -- Up-to-date symlink: /home/rosievoice/main_ws/mic_ws/install/prototype/share/prototype//scripts/map_object.py
[3.175s] -- Up-to-date symlink: /home/rosievoice/main_ws/mic_ws/install/prototype/share/prototype//scripts/move_laser.py
[3.176s] -- Up-to-date symlink: /home/rosievoice/main_ws/mic_ws/install/prototype/share/prototype//scripts/move_shaft.py
[3.177s] -- Up-to-date symlink: /home/rosievoice/main_ws/mic_ws/install/prototype/share/prototype//scripts/object_broadcast.py
[3.177s] -- Up-to-date symlink: /home/rosievoice/main_ws/mic_ws/install/prototype/share/prototype//scripts/odom_base.py
[3.178s] -- Up-to-date symlink: /home/rosievoice/main_ws/mic_ws/install/prototype/share/prototype//scripts/py_tree_server.py
[3.179s] -- Up-to-date symlink: /home/rosievoice/main_ws/mic_ws/install/prototype/share/prototype//scripts/robot_navigator.py
[3.180s] -- Up-to-date symlink: /home/rosievoice/main_ws/mic_ws/install/prototype/share/prototype//scripts/robotmodel.py
[3.180s] -- Up-to-date symlink: /home/rosievoice/main_ws/mic_ws/install/prototype/share/prototype//scripts/service_velocity.py
[3.181s] -- Up-to-date symlink: /home/rosievoice/main_ws/mic_ws/install/prototype/share/prototype//scripts/spatial.py
[3.182s] -- Up-to-date symlink: /home/rosievoice/main_ws/mic_ws/install/prototype/share/prototype//scripts/string_sub.py
[3.183s] -- Up-to-date symlink: /home/rosievoice/main_ws/mic_ws/install/prototype/share/prototype//scripts/test.py
[3.183s] -- Up-to-date symlink: /home/rosievoice/main_ws/mic_ws/install/prototype/share/prototype//scripts/tf.py
[3.185s] -- Up-to-date symlink: /home/rosievoice/main_ws/mic_ws/install/prototype/share/prototype//scripts/waiter.dot
[3.185s] -- Up-to-date symlink: /home/rosievoice/main_ws/mic_ws/install/prototype/share/prototype//scripts/waiter.png
[3.185s] -- Up-to-date symlink: /home/rosievoice/main_ws/mic_ws/install/prototype/share/prototype//scripts/waiter.svg
[3.187s] -- Up-to-date symlink: /home/rosievoice/main_ws/mic_ws/install/prototype/share/prototype//rviz/localizer_rviz_config.rviz
[3.188s] -- Up-to-date symlink: /home/rosievoice/main_ws/mic_ws/install/prototype/share/prototype//msg/DistanceAngle.msg
[3.189s] -- Up-to-date symlink: /home/rosievoice/main_ws/mic_ws/install/prototype/share/prototype//msg/Food.msg
[3.190s] -- Up-to-date symlink: /home/rosievoice/main_ws/mic_ws/install/prototype/lib/prototype/move_laser.py
[3.191s] -- Up-to-date symlink: /home/rosievoice/main_ws/mic_ws/install/prototype/lib/prototype/move_shaft.py
[3.191s] -- Up-to-date symlink: /home/rosievoice/main_ws/mic_ws/install/prototype/lib/prototype/action_client.py
[3.193s] -- Up-to-date symlink: /home/rosievoice/main_ws/mic_ws/install/prototype/share/ament_index/resource_index/rosidl_interfaces/prototype
[3.197s] -- Up-to-date symlink: /home/rosievoice/main_ws/mic_ws/install/prototype/include/prototype/prototype/action/ai_camera.h
[3.200s] -- Up-to-date symlink: /home/rosievoice/main_ws/mic_ws/install/prototype/include/prototype/prototype/action/detail/ai_camera__functions.h
[3.201s] -- Up-to-date symlink: /home/rosievoice/main_ws/mic_ws/install/prototype/include/prototype/prototype/action/detail/ai_camera__struct.h
[3.201s] -- Up-to-date symlink: /home/rosievoice/main_ws/mic_ws/install/prototype/include/prototype/prototype/action/detail/ai_camera__type_support.h
[3.202s] -- Up-to-date symlink: /home/rosievoice/main_ws/mic_ws/install/prototype/include/prototype/prototype/action/detail/food_menu__functions.h
[3.203s] -- Up-to-date symlink: /home/rosievoice/main_ws/mic_ws/install/prototype/include/prototype/prototype/action/detail/food_menu__struct.h
[3.203s] -- Up-to-date symlink: /home/rosievoice/main_ws/mic_ws/install/prototype/include/prototype/prototype/action/detail/food_menu__type_support.h
[3.206s] -- Up-to-date symlink: /home/rosievoice/main_ws/mic_ws/install/prototype/include/prototype/prototype/action/detail/go_to__functions.h
[3.209s] -- Up-to-date symlink: /home/rosievoice/main_ws/mic_ws/install/prototype/include/prototype/prototype/action/detail/go_to__struct.h
[3.210s] -- Up-to-date symlink: /home/rosievoice/main_ws/mic_ws/install/prototype/include/prototype/prototype/action/detail/go_to__type_support.h
[3.211s] -- Up-to-date symlink: /home/rosievoice/main_ws/mic_ws/install/prototype/include/prototype/prototype/action/detail/send_coordinates__functions.h
[3.211s] -- Up-to-date symlink: /home/rosievoice/main_ws/mic_ws/install/prototype/include/prototype/prototype/action/detail/send_coordinates__struct.h
[3.212s] -- Up-to-date symlink: /home/rosievoice/main_ws/mic_ws/install/prototype/include/prototype/prototype/action/detail/send_coordinates__type_support.h
[3.213s] -- Up-to-date symlink: /home/rosievoice/main_ws/mic_ws/install/prototype/include/prototype/prototype/action/food_menu.h
[3.215s] -- Up-to-date symlink: /home/rosievoice/main_ws/mic_ws/install/prototype/include/prototype/prototype/action/go_to.h
[3.215s] -- Up-to-date symlink: /home/rosievoice/main_ws/mic_ws/install/prototype/include/prototype/prototype/action/send_coordinates.h
[3.216s] -- Up-to-date symlink: /home/rosievoice/main_ws/mic_ws/install/prototype/include/prototype/prototype/msg/detail/distance_angle__functions.h
[3.216s] -- Up-to-date symlink: /home/rosievoice/main_ws/mic_ws/install/prototype/include/prototype/prototype/msg/detail/distance_angle__struct.h
[3.217s] -- Up-to-date symlink: /home/rosievoice/main_ws/mic_ws/install/prototype/include/prototype/prototype/msg/detail/distance_angle__type_support.h
[3.218s] -- Up-to-date symlink: /home/rosievoice/main_ws/mic_ws/install/prototype/include/prototype/prototype/msg/detail/food__functions.h
[3.219s] -- Up-to-date symlink: /home/rosievoice/main_ws/mic_ws/install/prototype/include/prototype/prototype/msg/detail/food__struct.h
[3.220s] -- Up-to-date symlink: /home/rosievoice/main_ws/mic_ws/install/prototype/include/prototype/prototype/msg/detail/food__type_support.h
[3.222s] -- Up-to-date symlink: /home/rosievoice/main_ws/mic_ws/install/prototype/include/prototype/prototype/msg/distance_angle.h
[3.223s] -- Up-to-date symlink: /home/rosievoice/main_ws/mic_ws/install/prototype/include/prototype/prototype/msg/food.h
[3.224s] -- Up-to-date symlink: /home/rosievoice/main_ws/mic_ws/install/prototype/include/prototype/prototype/msg/rosidl_generator_c__visibility_control.h
[3.225s] -- Up-to-date symlink: /home/rosievoice/main_ws/mic_ws/install/prototype/share/prototype/environment/library_path.sh
[3.226s] -- Up-to-date symlink: /home/rosievoice/main_ws/mic_ws/install/prototype/share/prototype/environment/library_path.dsv
[3.230s] -- Up-to-date symlink: /home/rosievoice/main_ws/mic_ws/install/prototype/include/prototype/prototype/action/detail/ai_camera__rosidl_typesupport_fastrtps_c.h
[3.231s] -- Up-to-date symlink: /home/rosievoice/main_ws/mic_ws/install/prototype/include/prototype/prototype/action/detail/food_menu__rosidl_typesupport_fastrtps_c.h
[3.232s] -- Up-to-date symlink: /home/rosievoice/main_ws/mic_ws/install/prototype/include/prototype/prototype/action/detail/go_to__rosidl_typesupport_fastrtps_c.h
[3.233s] -- Up-to-date symlink: /home/rosievoice/main_ws/mic_ws/install/prototype/include/prototype/prototype/action/detail/send_coordinates__rosidl_typesupport_fastrtps_c.h
[3.234s] -- Up-to-date symlink: /home/rosievoice/main_ws/mic_ws/install/prototype/include/prototype/prototype/msg/detail/distance_angle__rosidl_typesupport_fastrtps_c.h
[3.235s] -- Up-to-date symlink: /home/rosievoice/main_ws/mic_ws/install/prototype/include/prototype/prototype/msg/detail/food__rosidl_typesupport_fastrtps_c.h
[3.236s] -- Up-to-date symlink: /home/rosievoice/main_ws/mic_ws/install/prototype/include/prototype/prototype/msg/rosidl_typesupport_fastrtps_c__visibility_control.h
[3.240s] -- Up-to-date symlink: /home/rosievoice/main_ws/mic_ws/install/prototype/include/prototype/prototype/action/ai_camera.hpp
[3.241s] -- Up-to-date symlink: /home/rosievoice/main_ws/mic_ws/install/prototype/include/prototype/prototype/action/detail/ai_camera__builder.hpp
[3.242s] -- Up-to-date symlink: /home/rosievoice/main_ws/mic_ws/install/prototype/include/prototype/prototype/action/detail/ai_camera__struct.hpp
[3.243s] -- Up-to-date symlink: /home/rosievoice/main_ws/mic_ws/install/prototype/include/prototype/prototype/action/detail/ai_camera__traits.hpp
[3.244s] -- Up-to-date symlink: /home/rosievoice/main_ws/mic_ws/install/prototype/include/prototype/prototype/action/detail/food_menu__builder.hpp
[3.245s] -- Up-to-date symlink: /home/rosievoice/main_ws/mic_ws/install/prototype/include/prototype/prototype/action/detail/food_menu__struct.hpp
[3.245s] -- Up-to-date symlink: /home/rosievoice/main_ws/mic_ws/install/prototype/include/prototype/prototype/action/detail/food_menu__traits.hpp
[3.246s] -- Up-to-date symlink: /home/rosievoice/main_ws/mic_ws/install/prototype/include/prototype/prototype/action/detail/go_to__builder.hpp
[3.247s] -- Up-to-date symlink: /home/rosievoice/main_ws/mic_ws/install/prototype/include/prototype/prototype/action/detail/go_to__struct.hpp
[3.248s] -- Up-to-date symlink: /home/rosievoice/main_ws/mic_ws/install/prototype/include/prototype/prototype/action/detail/go_to__traits.hpp
[3.249s] -- Up-to-date symlink: /home/rosievoice/main_ws/mic_ws/install/prototype/include/prototype/prototype/action/detail/send_coordinates__builder.hpp
[3.250s] -- Up-to-date symlink: /home/rosievoice/main_ws/mic_ws/install/prototype/include/prototype/prototype/action/detail/send_coordinates__struct.hpp
[3.251s] -- Up-to-date symlink: /home/rosievoice/main_ws/mic_ws/install/prototype/include/prototype/prototype/action/detail/send_coordinates__traits.hpp
[3.252s] -- Up-to-date symlink: /home/rosievoice/main_ws/mic_ws/install/prototype/include/prototype/prototype/action/food_menu.hpp
[3.253s] -- Up-to-date symlink: /home/rosievoice/main_ws/mic_ws/install/prototype/include/prototype/prototype/action/go_to.hpp
[3.254s] -- Up-to-date symlink: /home/rosievoice/main_ws/mic_ws/install/prototype/include/prototype/prototype/action/send_coordinates.hpp
[3.255s] -- Up-to-date symlink: /home/rosievoice/main_ws/mic_ws/install/prototype/include/prototype/prototype/msg/detail/distance_angle__builder.hpp
[3.256s] -- Up-to-date symlink: /home/rosievoice/main_ws/mic_ws/install/prototype/include/prototype/prototype/msg/detail/distance_angle__struct.hpp
[3.257s] -- Up-to-date symlink: /home/rosievoice/main_ws/mic_ws/install/prototype/include/prototype/prototype/msg/detail/distance_angle__traits.hpp
[3.258s] -- Up-to-date symlink: /home/rosievoice/main_ws/mic_ws/install/prototype/include/prototype/prototype/msg/detail/food__builder.hpp
[3.259s] -- Up-to-date symlink: /home/rosievoice/main_ws/mic_ws/install/prototype/include/prototype/prototype/msg/detail/food__struct.hpp
[3.260s] -- Up-to-date symlink: /home/rosievoice/main_ws/mic_ws/install/prototype/include/prototype/prototype/msg/detail/food__traits.hpp
[3.261s] -- Up-to-date symlink: /home/rosievoice/main_ws/mic_ws/install/prototype/include/prototype/prototype/msg/distance_angle.hpp
[3.262s] -- Up-to-date symlink: /home/rosievoice/main_ws/mic_ws/install/prototype/include/prototype/prototype/msg/food.hpp
[3.268s] -- Up-to-date symlink: /home/rosievoice/main_ws/mic_ws/install/prototype/include/prototype/prototype/action/detail/ai_camera__rosidl_typesupport_fastrtps_cpp.hpp
[3.269s] -- Up-to-date symlink: /home/rosievoice/main_ws/mic_ws/install/prototype/include/prototype/prototype/action/detail/food_menu__rosidl_typesupport_fastrtps_cpp.hpp
[3.270s] -- Up-to-date symlink: /home/rosievoice/main_ws/mic_ws/install/prototype/include/prototype/prototype/action/detail/go_to__rosidl_typesupport_fastrtps_cpp.hpp
[3.271s] -- Up-to-date symlink: /home/rosievoice/main_ws/mic_ws/install/prototype/include/prototype/prototype/action/detail/send_coordinates__rosidl_typesupport_fastrtps_cpp.hpp
[3.272s] -- Up-to-date symlink: /home/rosievoice/main_ws/mic_ws/install/prototype/include/prototype/prototype/msg/detail/distance_angle__rosidl_typesupport_fastrtps_cpp.hpp
[3.273s] -- Up-to-date symlink: /home/rosievoice/main_ws/mic_ws/install/prototype/include/prototype/prototype/msg/detail/food__rosidl_typesupport_fastrtps_cpp.hpp
[3.274s] -- Up-to-date symlink: /home/rosievoice/main_ws/mic_ws/install/prototype/include/prototype/prototype/msg/rosidl_typesupport_fastrtps_cpp__visibility_control.h
[3.277s] -- Up-to-date symlink: /home/rosievoice/main_ws/mic_ws/install/prototype/include/prototype/prototype/action/detail/ai_camera__rosidl_typesupport_introspection_c.h
[3.278s] -- Up-to-date symlink: /home/rosievoice/main_ws/mic_ws/install/prototype/include/prototype/prototype/action/detail/food_menu__rosidl_typesupport_introspection_c.h
[3.279s] -- Up-to-date symlink: /home/rosievoice/main_ws/mic_ws/install/prototype/include/prototype/prototype/action/detail/go_to__rosidl_typesupport_introspection_c.h
[3.280s] -- Up-to-date symlink: /home/rosievoice/main_ws/mic_ws/install/prototype/include/prototype/prototype/action/detail/send_coordinates__rosidl_typesupport_introspection_c.h
[3.281s] -- Up-to-date symlink: /home/rosievoice/main_ws/mic_ws/install/prototype/include/prototype/prototype/msg/detail/distance_angle__rosidl_typesupport_introspection_c.h
[3.282s] -- Up-to-date symlink: /home/rosievoice/main_ws/mic_ws/install/prototype/include/prototype/prototype/msg/detail/food__rosidl_typesupport_introspection_c.h
[3.283s] -- Up-to-date symlink: /home/rosievoice/main_ws/mic_ws/install/prototype/include/prototype/prototype/msg/rosidl_typesupport_introspection_c__visibility_control.h
[3.287s] -- Up-to-date symlink: /home/rosievoice/main_ws/mic_ws/install/prototype/include/prototype/prototype/action/detail/ai_camera__rosidl_typesupport_introspection_cpp.hpp
[3.288s] -- Up-to-date symlink: /home/rosievoice/main_ws/mic_ws/install/prototype/include/prototype/prototype/action/detail/food_menu__rosidl_typesupport_introspection_cpp.hpp
[3.289s] -- Up-to-date symlink: /home/rosievoice/main_ws/mic_ws/install/prototype/include/prototype/prototype/action/detail/go_to__rosidl_typesupport_introspection_cpp.hpp
[3.289s] -- Up-to-date symlink: /home/rosievoice/main_ws/mic_ws/install/prototype/include/prototype/prototype/action/detail/send_coordinates__rosidl_typesupport_introspection_cpp.hpp
[3.291s] -- Up-to-date symlink: /home/rosievoice/main_ws/mic_ws/install/prototype/include/prototype/prototype/msg/detail/distance_angle__rosidl_typesupport_introspection_cpp.hpp
[3.291s] -- Up-to-date symlink: /home/rosievoice/main_ws/mic_ws/install/prototype/include/prototype/prototype/msg/detail/food__rosidl_typesupport_introspection_cpp.hpp
[3.293s] -- Up-to-date symlink: /home/rosievoice/main_ws/mic_ws/install/prototype/share/prototype/environment/pythonpath.sh
[3.293s] -- Up-to-date symlink: /home/rosievoice/main_ws/mic_ws/install/prototype/share/prototype/environment/pythonpath.dsv
[3.296s] -- Up-to-date symlink: /home/rosievoice/main_ws/mic_ws/install/prototype/local/lib/python3.10/dist-packages/prototype-0.0.0-py3.10.egg-info/PKG-INFO
[3.297s] -- Up-to-date symlink: /home/rosievoice/main_ws/mic_ws/install/prototype/local/lib/python3.10/dist-packages/prototype-0.0.0-py3.10.egg-info/SOURCES.txt
[3.297s] -- Up-to-date symlink: /home/rosievoice/main_ws/mic_ws/install/prototype/local/lib/python3.10/dist-packages/prototype-0.0.0-py3.10.egg-info/dependency_links.txt
[3.298s] -- Up-to-date symlink: /home/rosievoice/main_ws/mic_ws/install/prototype/local/lib/python3.10/dist-packages/prototype-0.0.0-py3.10.egg-info/top_level.txt
[3.306s] -- Up-to-date symlink: /home/rosievoice/main_ws/mic_ws/install/prototype/local/lib/python3.10/dist-packages/prototype/__init__.py
[3.307s] -- Up-to-date symlink: /home/rosievoice/main_ws/mic_ws/install/prototype/local/lib/python3.10/dist-packages/prototype/_prototype_s.ep.rosidl_typesupport_c.c
[3.308s] -- Up-to-date symlink: /home/rosievoice/main_ws/mic_ws/install/prototype/local/lib/python3.10/dist-packages/prototype/_prototype_s.ep.rosidl_typesupport_fastrtps_c.c
[3.309s] -- Up-to-date symlink: /home/rosievoice/main_ws/mic_ws/install/prototype/local/lib/python3.10/dist-packages/prototype/_prototype_s.ep.rosidl_typesupport_introspection_c.c
[3.310s] -- Up-to-date symlink: /home/rosievoice/main_ws/mic_ws/install/prototype/local/lib/python3.10/dist-packages/prototype/action/__init__.py
[3.311s] -- Up-to-date symlink: /home/rosievoice/main_ws/mic_ws/install/prototype/local/lib/python3.10/dist-packages/prototype/action/_ai_camera.py
[3.312s] -- Up-to-date symlink: /home/rosievoice/main_ws/mic_ws/install/prototype/local/lib/python3.10/dist-packages/prototype/action/_ai_camera_s.c
[3.313s] -- Up-to-date symlink: /home/rosievoice/main_ws/mic_ws/install/prototype/local/lib/python3.10/dist-packages/prototype/action/_food_menu.py
[3.314s] -- Up-to-date symlink: /home/rosievoice/main_ws/mic_ws/install/prototype/local/lib/python3.10/dist-packages/prototype/action/_food_menu_s.c
[3.316s] -- Up-to-date symlink: /home/rosievoice/main_ws/mic_ws/install/prototype/local/lib/python3.10/dist-packages/prototype/action/_go_to.py
[3.317s] -- Up-to-date symlink: /home/rosievoice/main_ws/mic_ws/install/prototype/local/lib/python3.10/dist-packages/prototype/action/_go_to_s.c
[3.318s] -- Up-to-date symlink: /home/rosievoice/main_ws/mic_ws/install/prototype/local/lib/python3.10/dist-packages/prototype/action/_send_coordinates.py
[3.319s] -- Up-to-date symlink: /home/rosievoice/main_ws/mic_ws/install/prototype/local/lib/python3.10/dist-packages/prototype/action/_send_coordinates_s.c
[3.320s] -- Up-to-date symlink: /home/rosievoice/main_ws/mic_ws/install/prototype/local/lib/python3.10/dist-packages/prototype/libprototype__rosidl_generator_py.so
[3.321s] -- Up-to-date symlink: /home/rosievoice/main_ws/mic_ws/install/prototype/local/lib/python3.10/dist-packages/prototype/msg/__init__.py
[3.322s] -- Up-to-date symlink: /home/rosievoice/main_ws/mic_ws/install/prototype/local/lib/python3.10/dist-packages/prototype/msg/_distance_angle.py
[3.323s] -- Up-to-date symlink: /home/rosievoice/main_ws/mic_ws/install/prototype/local/lib/python3.10/dist-packages/prototype/msg/_distance_angle_s.c
[3.324s] -- Up-to-date symlink: /home/rosievoice/main_ws/mic_ws/install/prototype/local/lib/python3.10/dist-packages/prototype/msg/_food.py
[3.325s] -- Up-to-date symlink: /home/rosievoice/main_ws/mic_ws/install/prototype/local/lib/python3.10/dist-packages/prototype/msg/_food_s.c
[3.326s] -- Up-to-date symlink: /home/rosievoice/main_ws/mic_ws/install/prototype/local/lib/python3.10/dist-packages/prototype/prototype_s__rosidl_typesupport_c.cpython-310-aarch64-linux-gnu.so
[3.327s] -- Up-to-date symlink: /home/rosievoice/main_ws/mic_ws/install/prototype/local/lib/python3.10/dist-packages/prototype/prototype_s__rosidl_typesupport_fastrtps_c.cpython-310-aarch64-linux-gnu.so
[3.328s] -- Up-to-date symlink: /home/rosievoice/main_ws/mic_ws/install/prototype/local/lib/python3.10/dist-packages/prototype/prototype_s__rosidl_typesupport_introspection_c.cpython-310-aarch64-linux-gnu.so
[3.329s] -- Up-to-date symlink: /home/rosievoice/main_ws/mic_ws/install/prototype/local/lib/python3.10/dist-packages/prototype/prototype_s__rosidl_typesupport_fastrtps_c.cpython-310-aarch64-linux-gnu.so
[3.331s] -- Up-to-date symlink: /home/rosievoice/main_ws/mic_ws/install/prototype/local/lib/python3.10/dist-packages/prototype/prototype_s__rosidl_typesupport_introspection_c.cpython-310-aarch64-linux-gnu.so
[3.332s] -- Up-to-date symlink: /home/rosievoice/main_ws/mic_ws/install/prototype/local/lib/python3.10/dist-packages/prototype/prototype_s__rosidl_typesupport_c.cpython-310-aarch64-linux-gnu.so
[3.333s] -- Up-to-date symlink: /home/rosievoice/main_ws/mic_ws/install/prototype/share/prototype/action/SendCoordinates.idl
[3.334s] -- Up-to-date symlink: /home/rosievoice/main_ws/mic_ws/install/prototype/share/prototype/action/GoTo.idl
[3.335s] -- Up-to-date symlink: /home/rosievoice/main_ws/mic_ws/install/prototype/share/prototype/action/FoodMenu.idl
[3.336s] -- Up-to-date symlink: /home/rosievoice/main_ws/mic_ws/install/prototype/share/prototype/action/AiCamera.idl
[3.337s] -- Up-to-date symlink: /home/rosievoice/main_ws/mic_ws/install/prototype/share/prototype/msg/Food.idl
[3.338s] -- Up-to-date symlink: /home/rosievoice/main_ws/mic_ws/install/prototype/share/prototype/msg/DistanceAngle.idl
[3.339s] -- Up-to-date symlink: /home/rosievoice/main_ws/mic_ws/install/prototype/share/prototype/action/SendCoordinates.action
[3.340s] -- Up-to-date symlink: /home/rosievoice/main_ws/mic_ws/install/prototype/share/prototype/action/GoTo.action
[3.341s] -- Up-to-date symlink: /home/rosievoice/main_ws/mic_ws/install/prototype/share/prototype/action/FoodMenu.action
[3.342s] -- Up-to-date symlink: /home/rosievoice/main_ws/mic_ws/install/prototype/share/prototype/action/AiCamera.action
[3.343s] -- Up-to-date symlink: /home/rosievoice/main_ws/mic_ws/install/prototype/share/prototype/msg/Food.msg
[3.344s] -- Up-to-date symlink: /home/rosievoice/main_ws/mic_ws/install/prototype/share/prototype/msg/DistanceAngle.msg
[3.345s] -- Up-to-date symlink: /home/rosievoice/main_ws/mic_ws/install/prototype/share/ament_index/resource_index/package_run_dependencies/prototype
[3.346s] -- Up-to-date symlink: /home/rosievoice/main_ws/mic_ws/install/prototype/share/ament_index/resource_index/parent_prefix_path/prototype
[3.347s] -- Up-to-date symlink: /home/rosievoice/main_ws/mic_ws/install/prototype/share/prototype/environment/ament_prefix_path.sh
[3.348s] -- Up-to-date symlink: /home/rosievoice/main_ws/mic_ws/install/prototype/share/prototype/environment/ament_prefix_path.dsv
[3.349s] -- Up-to-date symlink: /home/rosievoice/main_ws/mic_ws/install/prototype/share/prototype/environment/path.sh
[3.350s] -- Up-to-date symlink: /home/rosievoice/main_ws/mic_ws/install/prototype/share/prototype/environment/path.dsv
[3.351s] -- Up-to-date symlink: /home/rosievoice/main_ws/mic_ws/install/prototype/share/prototype/local_setup.bash
[3.352s] -- Up-to-date symlink: /home/rosievoice/main_ws/mic_ws/install/prototype/share/prototype/local_setup.sh
[3.353s] -- Up-to-date symlink: /home/rosievoice/main_ws/mic_ws/install/prototype/share/prototype/local_setup.zsh
[3.354s] -- Up-to-date symlink: /home/rosievoice/main_ws/mic_ws/install/prototype/share/prototype/local_setup.dsv
[3.354s] -- Symlinking: /home/rosievoice/main_ws/mic_ws/install/prototype/share/prototype/package.dsv
[3.387s] -- Up-to-date symlink: /home/rosievoice/main_ws/mic_ws/install/prototype/share/ament_index/resource_index/packages/prototype
[3.388s] -- Up-to-date symlink: /home/rosievoice/main_ws/mic_ws/install/prototype/share/prototype/cmake/rosidl_cmake-extras.cmake
[3.389s] -- Up-to-date symlink: /home/rosievoice/main_ws/mic_ws/install/prototype/share/prototype/cmake/ament_cmake_export_dependencies-extras.cmake
[3.390s] -- Up-to-date symlink: /home/rosievoice/main_ws/mic_ws/install/prototype/share/prototype/cmake/ament_cmake_export_include_directories-extras.cmake
[3.391s] -- Up-to-date symlink: /home/rosievoice/main_ws/mic_ws/install/prototype/share/prototype/cmake/ament_cmake_export_libraries-extras.cmake
[3.392s] -- Up-to-date symlink: /home/rosievoice/main_ws/mic_ws/install/prototype/share/prototype/cmake/ament_cmake_export_targets-extras.cmake
[3.393s] -- Up-to-date symlink: /home/rosievoice/main_ws/mic_ws/install/prototype/share/prototype/cmake/rosidl_cmake_export_typesupport_targets-extras.cmake
[3.394s] -- Up-to-date symlink: /home/rosievoice/main_ws/mic_ws/install/prototype/share/prototype/cmake/rosidl_cmake_export_typesupport_libraries-extras.cmake
[3.396s] -- Up-to-date symlink: /home/rosievoice/main_ws/mic_ws/install/prototype/share/prototype/cmake/prototypeConfig.cmake
[3.396s] -- Up-to-date symlink: /home/rosievoice/main_ws/mic_ws/install/prototype/share/prototype/cmake/prototypeConfig-version.cmake
[3.397s] -- Up-to-date symlink: /home/rosievoice/main_ws/mic_ws/install/prototype/share/prototype/package.xml
[3.399s] -- Up-to-date: /home/rosievoice/main_ws/mic_ws/install/prototype/lib/libprototype__rosidl_generator_c.so
[3.402s] -- Up-to-date: /home/rosievoice/main_ws/mic_ws/install/prototype/lib/libprototype__rosidl_typesupport_fastrtps_c.so
[3.404s] -- Up-to-date: /home/rosievoice/main_ws/mic_ws/install/prototype/lib/libprototype__rosidl_typesupport_fastrtps_cpp.so
[3.407s] -- Up-to-date: /home/rosievoice/main_ws/mic_ws/install/prototype/lib/libprototype__rosidl_typesupport_introspection_c.so
[3.409s] -- Up-to-date: /home/rosievoice/main_ws/mic_ws/install/prototype/lib/libprototype__rosidl_typesupport_c.so
[3.411s] -- Up-to-date: /home/rosievoice/main_ws/mic_ws/install/prototype/lib/libprototype__rosidl_typesupport_introspection_cpp.so
[3.413s] -- Up-to-date: /home/rosievoice/main_ws/mic_ws/install/prototype/lib/libprototype__rosidl_typesupport_cpp.so
[3.553s] Listing '/home/rosievoice/main_ws/mic_ws/install/prototype/local/lib/python3.10/dist-packages/prototype'...
[3.554s] Listing '/home/rosievoice/main_ws/mic_ws/install/prototype/local/lib/python3.10/dist-packages/prototype/action'...
[3.556s] Listing '/home/rosievoice/main_ws/mic_ws/install/prototype/local/lib/python3.10/dist-packages/prototype/msg'...
[3.577s] -- Up-to-date: /home/rosievoice/main_ws/mic_ws/install/prototype/lib/libprototype__rosidl_generator_py.so
[3.579s] -- Up-to-date: /home/rosievoice/main_ws/mic_ws/install/prototype/share/prototype/cmake/export_prototype__rosidl_generator_cExport.cmake
[3.579s] -- Up-to-date: /home/rosievoice/main_ws/mic_ws/install/prototype/share/prototype/cmake/export_prototype__rosidl_generator_cExport-noconfig.cmake
[3.580s] -- Up-to-date: /home/rosievoice/main_ws/mic_ws/install/prototype/share/prototype/cmake/export_prototype__rosidl_typesupport_fastrtps_cExport.cmake
[3.580s] -- Up-to-date: /home/rosievoice/main_ws/mic_ws/install/prototype/share/prototype/cmake/export_prototype__rosidl_typesupport_fastrtps_cExport-noconfig.cmake
[3.581s] -- Up-to-date: /home/rosievoice/main_ws/mic_ws/install/prototype/share/prototype/cmake/export_prototype__rosidl_generator_cppExport.cmake
[3.582s] -- Up-to-date: /home/rosievoice/main_ws/mic_ws/install/prototype/share/prototype/cmake/export_prototype__rosidl_typesupport_fastrtps_cppExport.cmake
[3.583s] -- Up-to-date: /home/rosievoice/main_ws/mic_ws/install/prototype/share/prototype/cmake/export_prototype__rosidl_typesupport_fastrtps_cppExport-noconfig.cmake
[3.584s] -- Up-to-date: /home/rosievoice/main_ws/mic_ws/install/prototype/share/prototype/cmake/prototype__rosidl_typesupport_introspection_cExport.cmake
[3.584s] -- Up-to-date: /home/rosievoice/main_ws/mic_ws/install/prototype/share/prototype/cmake/prototype__rosidl_typesupport_introspection_cExport-noconfig.cmake
[3.585s] -- Up-to-date: /home/rosievoice/main_ws/mic_ws/install/prototype/share/prototype/cmake/prototype__rosidl_typesupport_cExport.cmake
[3.586s] -- Up-to-date: /home/rosievoice/main_ws/mic_ws/install/prototype/share/prototype/cmake/prototype__rosidl_typesupport_cExport-noconfig.cmake
[3.587s] -- Up-to-date: /home/rosievoice/main_ws/mic_ws/install/prototype/share/prototype/cmake/prototype__rosidl_typesupport_introspection_cppExport.cmake
[3.587s] -- Up-to-date: /home/rosievoice/main_ws/mic_ws/install/prototype/share/prototype/cmake/prototype__rosidl_typesupport_introspection_cppExport-noconfig.cmake
[3.588s] -- Up-to-date: /home/rosievoice/main_ws/mic_ws/install/prototype/share/prototype/cmake/prototype__rosidl_typesupport_cppExport.cmake
[3.589s] -- Up-to-date: /home/rosievoice/main_ws/mic_ws/install/prototype/share/prototype/cmake/prototype__rosidl_typesupport_cppExport-noconfig.cmake
[3.589s] -- Up-to-date: /home/rosievoice/main_ws/mic_ws/install/prototype/share/prototype/cmake/export_prototype__rosidl_generator_pyExport.cmake
[3.590s] -- Up-to-date: /home/rosievoice/main_ws/mic_ws/install/prototype/share/prototype/cmake/export_prototype__rosidl_generator_pyExport-noconfig.cmake
[3.599s] Invoked command in '/home/rosievoice/main_ws/mic_ws/build/prototype' returned '0': CMAKE_PREFIX_PATH=/opt/ros/humble /usr/bin/cmake --install /home/rosievoice/main_ws/mic_ws/build/prototype
