[0.085s] Invoking command in '/home/rosievoice/main_ws/mic_ws/build/prototype': CMAKE_PREFIX_PATH=/opt/ros/humble /usr/bin/cmake --build /home/rosievoice/main_ws/mic_ws/build/prototype -- -j4 -l4
[0.267s] gmake: Warning: File 'Makefile' has modification time 9214656 s in the future
[0.494s] gmake[1]: Warning: File 'CMakeFiles/Makefile2' has modification time 9214655 s in the future
[0.505s] gmake[2]: Warning: File 'CMakeFiles/prototype__cpp.dir/progress.make' has modification time 9214655 s in the future
[0.510s] gmake[2]: Warning: File 'CMakeFiles/ament_cmake_python_symlink_prototype.dir/progress.make' has modification time 9214655 s in the future
[0.513s] gmake[2]: Warning: File 'CMakeFiles/prototype__rosidl_generator_c.dir/flags.make' has modification time 9214655 s in the future
[0.551s] gmake[2]: warning:  Clock skew detected.  Your build may be incomplete.
[0.556s] gmake[2]: warning:  Clock skew detected.  Your build may be incomplete.
[0.558s] gmake[2]: Warning: File 'CMakeFiles/ament_cmake_python_symlink_prototype.dir/progress.make' has modification time 9214655 s in the future
[0.567s] gmake[2]: Warning: File 'CMakeFiles/prototype__cpp.dir/progress.make' has modification time 9214655 s in the future
[0.572s] gmake[2]: warning:  Clock skew detected.  Your build may be incomplete.
[0.582s] gmake[2]: warning:  Clock skew detected.  Your build may be incomplete.
[0.590s] gmake[2]: warning:  Clock skew detected.  Your build may be incomplete.
[0.596s] gmake[2]: Warning: File 'CMakeFiles/prototype__rosidl_generator_c.dir/flags.make' has modification time 9214655 s in the future
[0.612s] [  1%] Built target prototype__cpp
[0.626s] [  1%] Built target ament_cmake_python_symlink_prototype
[0.642s] gmake[2]: Warning: File 'CMakeFiles/prototype__rosidl_typesupport_cpp.dir/flags.make' has modification time 9214655 s in the future
[0.643s] gmake[2]: warning:  Clock skew detected.  Your build may be incomplete.
[0.655s] gmake[2]: Warning: File 'CMakeFiles/prototype__rosidl_typesupport_fastrtps_cpp.dir/flags.make' has modification time 9214655 s in the future
[0.659s] gmake[2]: Warning: File 'CMakeFiles/prototype__rosidl_typesupport_introspection_cpp.dir/flags.make' has modification time 9214655 s in the future
[0.679s] [ 12%] Built target prototype__rosidl_generator_c
[0.697s] gmake[2]: Warning: File 'CMakeFiles/ament_cmake_python_build_prototype_egg.dir/progress.make' has modification time 9214655 s in the future
[0.715s] gmake[2]: warning:  Clock skew detected.  Your build may be incomplete.
[0.731s] gmake[2]: warning:  Clock skew detected.  Your build may be incomplete.
[0.741s] gmake[2]: Warning: File 'CMakeFiles/prototype__rosidl_typesupport_cpp.dir/flags.make' has modification time 9214655 s in the future
[0.744s] gmake[2]: Warning: File 'CMakeFiles/prototype__rosidl_typesupport_fastrtps_cpp.dir/flags.make' has modification time 9214655 s in the future
[0.749s] gmake[2]: warning:  Clock skew detected.  Your build may be incomplete.
[0.763s] gmake[2]: warning:  Clock skew detected.  Your build may be incomplete.
[0.766s] gmake[2]: Warning: File 'CMakeFiles/prototype__rosidl_typesupport_introspection_cpp.dir/flags.make' has modification time 9214655 s in the future
[0.771s] gmake[2]: Warning: File 'CMakeFiles/ament_cmake_python_build_prototype_egg.dir/progress.make' has modification time 9214655 s in the future
[0.779s] gmake[2]: warning:  Clock skew detected.  Your build may be incomplete.
[0.781s] gmake[2]: warning:  Clock skew detected.  Your build may be incomplete.
[0.785s] gmake[2]: warning:  Clock skew detected.  Your build may be incomplete.
[0.817s] [ 23%] Built target prototype__rosidl_typesupport_cpp
[0.833s] [ 35%] Built target prototype__rosidl_typesupport_introspection_cpp
[0.854s] [ 46%] Built target prototype__rosidl_typesupport_fastrtps_cpp
[0.856s] gmake[2]: Warning: File 'CMakeFiles/prototype__rosidl_typesupport_fastrtps_c.dir/flags.make' has modification time 9214655 s in the future
[0.869s] gmake[2]: Warning: File 'CMakeFiles/prototype__rosidl_typesupport_introspection_c.dir/flags.make' has modification time 9214655 s in the future
[0.882s] gmake[2]: Warning: File 'CMakeFiles/prototype__rosidl_typesupport_c.dir/flags.make' has modification time 9214655 s in the future
[0.922s] gmake[2]: warning:  Clock skew detected.  Your build may be incomplete.
[0.945s] gmake[2]: Warning: File 'CMakeFiles/prototype__rosidl_typesupport_fastrtps_c.dir/flags.make' has modification time 9214655 s in the future
[0.955s] gmake[2]: warning:  Clock skew detected.  Your build may be incomplete.
[0.964s] gmake[2]: warning:  Clock skew detected.  Your build may be incomplete.
[0.970s] gmake[2]: Warning: File 'CMakeFiles/prototype__rosidl_typesupport_introspection_c.dir/flags.make' has modification time 9214655 s in the future
[0.972s] gmake[2]: warning:  Clock skew detected.  Your build may be incomplete.
[0.978s] gmake[2]: warning:  Clock skew detected.  Your build may be incomplete.
[0.986s] gmake[2]: Warning: File 'CMakeFiles/prototype__rosidl_typesupport_c.dir/flags.make' has modification time 9214655 s in the future
[0.990s] gmake[2]: warning:  Clock skew detected.  Your build may be incomplete.
[1.022s] [ 57%] Built target prototype__rosidl_typesupport_fastrtps_c
[1.034s] [ 69%] Built target prototype__rosidl_typesupport_introspection_c
[1.060s] [ 80%] Built target prototype__rosidl_typesupport_c
[1.075s] gmake[2]: Warning: File 'CMakeFiles/prototype.dir/progress.make' has modification time 9214655 s in the future
[1.116s] gmake[2]: warning:  Clock skew detected.  Your build may be incomplete.
[1.123s] gmake[2]: Warning: File 'CMakeFiles/prototype.dir/progress.make' has modification time 9214655 s in the future
[1.124s] gmake[2]: warning:  Clock skew detected.  Your build may be incomplete.
[1.159s] [ 80%] Built target prototype
[1.176s] gmake[2]: Warning: File 'prototype__py/CMakeFiles/prototype__py.dir/progress.make' has modification time 9214655 s in the future
[1.223s] gmake[2]: warning:  Clock skew detected.  Your build may be incomplete.
[1.231s] gmake[2]: Warning: File 'prototype__py/CMakeFiles/prototype__py.dir/progress.make' has modification time 9214655 s in the future
[1.236s] gmake[2]: warning:  Clock skew detected.  Your build may be incomplete.
[1.271s] [ 81%] Built target prototype__py
[1.293s] gmake[2]: Warning: File 'CMakeFiles/prototype__rosidl_generator_py.dir/flags.make' has modification time 9214654 s in the future
[1.338s] gmake[2]: warning:  Clock skew detected.  Your build may be incomplete.
[1.348s] gmake[2]: Warning: File 'CMakeFiles/prototype__rosidl_generator_py.dir/flags.make' has modification time 9214654 s in the future
[1.371s] gmake[2]: warning:  Clock skew detected.  Your build may be incomplete.
[1.403s] [ 91%] Built target prototype__rosidl_generator_py
[1.425s] gmake[2]: Warning: File 'CMakeFiles/prototype__rosidl_typesupport_introspection_c__pyext.dir/flags.make' has modification time 9214654 s in the future
[1.426s] gmake[2]: Warning: File 'CMakeFiles/prototype__rosidl_typesupport_fastrtps_c__pyext.dir/flags.make' has modification time 9214654 s in the future
[1.431s] gmake[2]: Warning: File 'CMakeFiles/prototype__rosidl_typesupport_c__pyext.dir/flags.make' has modification time 9214654 s in the future
[1.483s] gmake[2]: warning:  Clock skew detected.  Your build may be incomplete.
[1.491s] gmake[2]: warning:  Clock skew detected.  Your build may be incomplete.
[1.499s] gmake[2]: warning:  Clock skew detected.  Your build may be incomplete.
[1.502s] gmake[2]: Warning: File 'CMakeFiles/prototype__rosidl_typesupport_introspection_c__pyext.dir/flags.make' has modification time 9214654 s in the future
[1.508s] gmake[2]: Warning: File 'CMakeFiles/prototype__rosidl_typesupport_fastrtps_c__pyext.dir/flags.make' has modification time 9214654 s in the future
[1.510s] gmake[2]: warning:  Clock skew detected.  Your build may be incomplete.
[1.514s] gmake[2]: warning:  Clock skew detected.  Your build may be incomplete.
[1.521s] gmake[2]: Warning: File 'CMakeFiles/prototype__rosidl_typesupport_c__pyext.dir/flags.make' has modification time 9214654 s in the future
[1.526s] gmake[2]: warning:  Clock skew detected.  Your build may be incomplete.
[1.564s] [ 94%] Built target prototype__rosidl_typesupport_c__pyext
[1.573s] [ 97%] Built target prototype__rosidl_typesupport_fastrtps_c__pyext
[1.586s] [100%] Built target prototype__rosidl_typesupport_introspection_c__pyext
[1.998s] running egg_info
[2.001s] writing prototype.egg-info/PKG-INFO
[2.034s] writing dependency_links to prototype.egg-info/dependency_links.txt
[2.037s] writing top-level names to prototype.egg-info/top_level.txt
[2.072s] reading manifest file 'prototype.egg-info/SOURCES.txt'
[2.079s] writing manifest file 'prototype.egg-info/SOURCES.txt'
[2.209s] gmake[2]: warning:  Clock skew detected.  Your build may be incomplete.
[2.238s] [100%] Built target ament_cmake_python_build_prototype_egg
[2.241s] gmake[1]: warning:  Clock skew detected.  Your build may be incomplete.
[2.277s] gmake: warning:  Clock skew detected.  Your build may be incomplete.
[2.283s] Invoked command in '/home/rosievoice/main_ws/mic_ws/build/prototype' returned '0': CMAKE_PREFIX_PATH=/opt/ros/humble /usr/bin/cmake --build /home/rosievoice/main_ws/mic_ws/build/prototype -- -j4 -l4
[3.083s] Invoking command in '/home/rosievoice/main_ws/mic_ws/build/prototype': CMAKE_PREFIX_PATH=/opt/ros/humble /usr/bin/cmake --install /home/rosievoice/main_ws/mic_ws/build/prototype
[3.113s] -- Install configuration: ""
[3.116s] -- Execute custom install script
[3.123s] -- Up-to-date symlink: /home/rosievoice/main_ws/mic_ws/install/prototype/share/prototype//config/camera.yaml
[3.124s] -- Up-to-date symlink: /home/rosievoice/main_ws/mic_ws/install/prototype/share/prototype//config/ekf.yaml
[3.125s] -- Up-to-date symlink: /home/rosievoice/main_ws/mic_ws/install/prototype/share/prototype//config/ekf_map.yaml
[3.127s] -- Up-to-date symlink: /home/rosievoice/main_ws/mic_ws/install/prototype/share/prototype//config/joystick.yaml
[3.129s] -- Up-to-date symlink: /home/rosievoice/main_ws/mic_ws/install/prototype/share/prototype//config/motor_control.yaml
[3.131s] -- Up-to-date symlink: /home/rosievoice/main_ws/mic_ws/install/prototype/share/prototype//config/nn/mobilenet.json
[3.132s] -- Up-to-date symlink: /home/rosievoice/main_ws/mic_ws/install/prototype/share/prototype//config/nn/segmentation.json
[3.133s] -- Up-to-date symlink: /home/rosievoice/main_ws/mic_ws/install/prototype/share/prototype//config/nn/yolo.json
[3.135s] -- Up-to-date symlink: /home/rosievoice/main_ws/mic_ws/install/prototype/share/prototype//config/rgbd.yaml
[3.136s] -- Up-to-date symlink: /home/rosievoice/main_ws/mic_ws/install/prototype/share/prototype//config/spatial_bb.yaml
[3.138s] -- Up-to-date symlink: /home/rosievoice/main_ws/mic_ws/install/prototype/share/prototype//config/twist_mux.yaml
[3.143s] -- Up-to-date symlink: /home/rosievoice/main_ws/mic_ws/install/prototype/share/prototype//launch/battery_state.launch.py
[3.144s] -- Up-to-date symlink: /home/rosievoice/main_ws/mic_ws/install/prototype/share/prototype//launch/camera.launch.py
[3.146s] -- Up-to-date symlink: /home/rosievoice/main_ws/mic_ws/install/prototype/share/prototype//launch/camera_local.launch.py
[3.147s] -- Up-to-date symlink: /home/rosievoice/main_ws/mic_ws/install/prototype/share/prototype//launch/camera_uncompressed_launch.py
[3.149s] -- Up-to-date symlink: /home/rosievoice/main_ws/mic_ws/install/prototype/share/prototype//launch/gui.launch.py
[3.150s] -- Up-to-date symlink: /home/rosievoice/main_ws/mic_ws/install/prototype/share/prototype//launch/hand_gesture.launch.py
[3.152s] -- Up-to-date symlink: /home/rosievoice/main_ws/mic_ws/install/prototype/share/prototype//launch/image_pro.py
[3.153s] -- Up-to-date symlink: /home/rosievoice/main_ws/mic_ws/install/prototype/share/prototype//launch/imu_launch.py
[3.154s] -- Up-to-date symlink: /home/rosievoice/main_ws/mic_ws/install/prototype/share/prototype//launch/joystick.launch.py
[3.156s] -- Up-to-date symlink: /home/rosievoice/main_ws/mic_ws/install/prototype/share/prototype//launch/laser_launch.py
[3.157s] -- Up-to-date symlink: /home/rosievoice/main_ws/mic_ws/install/prototype/share/prototype//launch/localization_launch.py
[3.159s] -- Up-to-date symlink: /home/rosievoice/main_ws/mic_ws/install/prototype/share/prototype//launch/main_launch.py
[3.160s] -- Up-to-date symlink: /home/rosievoice/main_ws/mic_ws/install/prototype/share/prototype//launch/motor_launch.py
[3.161s] -- Up-to-date symlink: /home/rosievoice/main_ws/mic_ws/install/prototype/share/prototype//launch/navigation.launch.py
[3.163s] -- Up-to-date symlink: /home/rosievoice/main_ws/mic_ws/install/prototype/share/prototype//launch/no_com_camera.launch.py
[3.164s] -- Up-to-date symlink: /home/rosievoice/main_ws/mic_ws/install/prototype/share/prototype//launch/rgbd_pcl.launch.py
[3.166s] -- Up-to-date symlink: /home/rosievoice/main_ws/mic_ws/install/prototype/share/prototype//launch/robot_localization_launch.py
[3.167s] -- Up-to-date symlink: /home/rosievoice/main_ws/mic_ws/install/prototype/share/prototype//launch/robotmodel.launch.py
[3.168s] -- Up-to-date symlink: /home/rosievoice/main_ws/mic_ws/install/prototype/share/prototype//launch/rtab_odom.launch.py
[3.170s] -- Up-to-date symlink: /home/rosievoice/main_ws/mic_ws/install/prototype/share/prototype//launch/rtabmap.launch.py
[3.171s] -- Up-to-date symlink: /home/rosievoice/main_ws/mic_ws/install/prototype/share/prototype//launch/rviz2_launch.py
[3.173s] -- Up-to-date symlink: /home/rosievoice/main_ws/mic_ws/install/prototype/share/prototype//launch/sensors_launch.py
[3.175s] -- Up-to-date symlink: /home/rosievoice/main_ws/mic_ws/install/prototype/share/prototype//launch/spatial_bb.launch.py
[3.176s] -- Up-to-date symlink: /home/rosievoice/main_ws/mic_ws/install/prototype/share/prototype//launch/spawn.launch.xml
[3.177s] -- Up-to-date symlink: /home/rosievoice/main_ws/mic_ws/install/prototype/share/prototype//launch/spawn_pos.launch.py
[3.179s] -- Up-to-date symlink: /home/rosievoice/main_ws/mic_ws/install/prototype/share/prototype//launch/stereo.launch.py
[3.182s] -- Up-to-date symlink: /home/rosievoice/main_ws/mic_ws/install/prototype/share/prototype//action/AiCamera.action
[3.184s] -- Up-to-date symlink: /home/rosievoice/main_ws/mic_ws/install/prototype/share/prototype//action/FoodMenu.action
[3.185s] -- Up-to-date symlink: /home/rosievoice/main_ws/mic_ws/install/prototype/share/prototype//action/GoTo.action
[3.186s] -- Up-to-date symlink: /home/rosievoice/main_ws/mic_ws/install/prototype/share/prototype//action/SendCoordinates.action
[3.190s] -- Up-to-date symlink: /home/rosievoice/main_ws/mic_ws/install/prototype/share/prototype//worlds/empty_world.world
[3.195s] -- Up-to-date symlink: /home/rosievoice/main_ws/mic_ws/install/prototype/share/prototype//models/box_room/meshes/box_room.dae
[3.196s] -- Up-to-date symlink: /home/rosievoice/main_ws/mic_ws/install/prototype/share/prototype//models/box_room/meshes/chambre.png
[3.198s] -- Up-to-date symlink: /home/rosievoice/main_ws/mic_ws/install/prototype/share/prototype//models/model.config
[3.200s] -- Up-to-date symlink: /home/rosievoice/main_ws/mic_ws/install/prototype/share/prototype//models/model.sdf
[3.203s] -- Up-to-date symlink: /home/rosievoice/main_ws/mic_ws/install/prototype/share/prototype//urdf/camera.xacro
[3.205s] -- Up-to-date symlink: /home/rosievoice/main_ws/mic_ws/install/prototype/share/prototype//urdf/hardware_interface.xacro
[3.206s] -- Up-to-date symlink: /home/rosievoice/main_ws/mic_ws/install/prototype/share/prototype//urdf/joint_macros.xacro
[3.208s] -- Up-to-date symlink: /home/rosievoice/main_ws/mic_ws/install/prototype/share/prototype//urdf/lidar.xacro
[3.209s] -- Up-to-date symlink: /home/rosievoice/main_ws/mic_ws/install/prototype/share/prototype//urdf/link_macros.xacro
[3.210s] -- Up-to-date symlink: /home/rosievoice/main_ws/mic_ws/install/prototype/share/prototype//urdf/prototype.xacro
[3.212s] -- Up-to-date symlink: /home/rosievoice/main_ws/mic_ws/install/prototype/share/prototype//urdf/wheel.xacro
[3.215s] -- Up-to-date symlink: /home/rosievoice/main_ws/mic_ws/install/prototype/share/prototype//sambot/camera.xacro
[3.217s] -- Up-to-date symlink: /home/rosievoice/main_ws/mic_ws/install/prototype/share/prototype//sambot/hardware_interface.xacro
[3.218s] -- Up-to-date symlink: /home/rosievoice/main_ws/mic_ws/install/prototype/share/prototype//sambot/joint_macros.xacro
[3.220s] -- Up-to-date symlink: /home/rosievoice/main_ws/mic_ws/install/prototype/share/prototype//sambot/lidar.xacro
[3.221s] -- Up-to-date symlink: /home/rosievoice/main_ws/mic_ws/install/prototype/share/prototype//sambot/link_macros.xacro
[3.222s] -- Up-to-date symlink: /home/rosievoice/main_ws/mic_ws/install/prototype/share/prototype//sambot/prototype.xacro
[3.224s] -- Up-to-date symlink: /home/rosievoice/main_ws/mic_ws/install/prototype/share/prototype//sambot/wheel.xacro
[3.232s] -- Up-to-date symlink: /home/rosievoice/main_ws/mic_ws/install/prototype/share/prototype//meshes/Dazzling.stl
[3.233s] -- Up-to-date symlink: /home/rosievoice/main_ws/mic_ws/install/prototype/share/prototype//meshes/Dbrakes2K.png
[3.234s] -- Up-to-date symlink: /home/rosievoice/main_ws/mic_ws/install/prototype/share/prototype//meshes/Dreaotherothertex2K.png
[3.236s] -- Up-to-date symlink: /home/rosievoice/main_ws/mic_ws/install/prototype/share/prototype//meshes/Dtire_rim_detail2Ktex.png
[3.237s] -- Up-to-date symlink: /home/rosievoice/main_ws/mic_ws/install/prototype/share/prototype//meshes/Material Base Color.png
[3.239s] -- Up-to-date symlink: /home/rosievoice/main_ws/mic_ws/install/prototype/share/prototype//meshes/Material.005 Base Color.png
[3.240s] -- Up-to-date symlink: /home/rosievoice/main_ws/mic_ws/install/prototype/share/prototype//meshes/Prototype_mesh(1).stl
[3.241s] -- Up-to-date symlink: /home/rosievoice/main_ws/mic_ws/install/prototype/share/prototype//meshes/Prototype_mesh(3).stl
[3.243s] -- Up-to-date symlink: /home/rosievoice/main_ws/mic_ws/install/prototype/share/prototype//meshes/Prototype_mesh.stl
[3.244s] -- Up-to-date symlink: /home/rosievoice/main_ws/mic_ws/install/prototype/share/prototype//meshes/Wheels.dae
[3.246s] -- Up-to-date symlink: /home/rosievoice/main_ws/mic_ws/install/prototype/share/prototype//meshes/blender_mesh.stl
[3.247s] -- Up-to-date symlink: /home/rosievoice/main_ws/mic_ws/install/prototype/share/prototype//meshes/crane base.png
[3.249s] -- Up-to-date symlink: /home/rosievoice/main_ws/mic_ws/install/prototype/share/prototype//meshes/crane stand.001.png
[3.250s] -- Up-to-date symlink: /home/rosievoice/main_ws/mic_ws/install/prototype/share/prototype//meshes/crane.blend
[3.251s] -- Up-to-date symlink: /home/rosievoice/main_ws/mic_ws/install/prototype/share/prototype//meshes/crane.blend1
[3.253s] -- Up-to-date symlink: /home/rosievoice/main_ws/mic_ws/install/prototype/share/prototype//meshes/crane.dae
[3.254s] -- Up-to-date symlink: /home/rosievoice/main_ws/mic_ws/install/prototype/share/prototype//meshes/crane_base.png
[3.256s] -- Up-to-date symlink: /home/rosievoice/main_ws/mic_ws/install/prototype/share/prototype//meshes/crane_stand.png
[3.257s] -- Up-to-date symlink: /home/rosievoice/main_ws/mic_ws/install/prototype/share/prototype//meshes/cute_cube.blend
[3.258s] -- Up-to-date symlink: /home/rosievoice/main_ws/mic_ws/install/prototype/share/prototype//meshes/cute_cube.dae
[3.260s] -- Up-to-date symlink: /home/rosievoice/main_ws/mic_ws/install/prototype/share/prototype//meshes/first wheel.blend
[3.261s] -- Up-to-date symlink: /home/rosievoice/main_ws/mic_ws/install/prototype/share/prototype//meshes/gear color.png
[3.263s] -- Up-to-date symlink: /home/rosievoice/main_ws/mic_ws/install/prototype/share/prototype//meshes/lambert3_baseColor.png
[3.264s] -- Up-to-date symlink: /home/rosievoice/main_ws/mic_ws/install/prototype/share/prototype//meshes/motor .png
[3.265s] -- Up-to-date symlink: /home/rosievoice/main_ws/mic_ws/install/prototype/share/prototype//meshes/prototype.blend
[3.267s] -- Up-to-date symlink: /home/rosievoice/main_ws/mic_ws/install/prototype/share/prototype//meshes/prototype.dae
[3.269s] -- Up-to-date symlink: /home/rosievoice/main_ws/mic_ws/install/prototype/share/prototype//meshes/sensors/realsense.dae
[3.270s] -- Up-to-date symlink: /home/rosievoice/main_ws/mic_ws/install/prototype/share/prototype//meshes/sensors/rplidar.dae
[3.272s] -- Up-to-date symlink: /home/rosievoice/main_ws/mic_ws/install/prototype/share/prototype//meshes/sensors/rplidartexture.png
[3.274s] -- Up-to-date symlink: /home/rosievoice/main_ws/mic_ws/install/prototype/share/prototype//meshes/textures/lambert3_baseColor.png
[3.275s] -- Up-to-date symlink: /home/rosievoice/main_ws/mic_ws/install/prototype/share/prototype//meshes/tinker.stl
[3.277s] -- Up-to-date symlink: /home/rosievoice/main_ws/mic_ws/install/prototype/share/prototype//meshes/tire_rubber_2K_NRM.png
[3.279s] -- Up-to-date symlink: /home/rosievoice/main_ws/mic_ws/install/prototype/share/prototype//meshes/tires/obj.mtl
[3.280s] -- Up-to-date symlink: /home/rosievoice/main_ws/mic_ws/install/prototype/share/prototype//meshes/tires/tinker.obj
[3.286s] -- Up-to-date symlink: /home/rosievoice/main_ws/mic_ws/install/prototype/share/prototype//scripts/__init__.py
[3.288s] -- Up-to-date symlink: /home/rosievoice/main_ws/mic_ws/install/prototype/share/prototype//scripts/__pycache__/gesture_recognition.cpython-310.pyc
[3.290s] -- Up-to-date symlink: /home/rosievoice/main_ws/mic_ws/install/prototype/share/prototype//scripts/__pycache__/robot_navigator.cpython-310.pyc
[3.291s] -- Up-to-date symlink: /home/rosievoice/main_ws/mic_ws/install/prototype/share/prototype//scripts/action_client.py
[3.292s] -- Up-to-date symlink: /home/rosievoice/main_ws/mic_ws/install/prototype/share/prototype//scripts/action_server.py
[3.294s] -- Up-to-date symlink: /home/rosievoice/main_ws/mic_ws/install/prototype/share/prototype//scripts/battery.py
[3.295s] -- Up-to-date symlink: /home/rosievoice/main_ws/mic_ws/install/prototype/share/prototype//scripts/battery_boot.py
[3.297s] -- Up-to-date symlink: /home/rosievoice/main_ws/mic_ws/install/prototype/share/prototype//scripts/battery_test.py
[3.298s] -- Up-to-date symlink: /home/rosievoice/main_ws/mic_ws/install/prototype/share/prototype//scripts/behaviours.py
[3.300s] -- Up-to-date symlink: /home/rosievoice/main_ws/mic_ws/install/prototype/share/prototype//scripts/cvfpscalc.py
[3.301s] -- Up-to-date symlink: /home/rosievoice/main_ws/mic_ws/install/prototype/share/prototype//scripts/data_gathering.py
[3.302s] -- Up-to-date symlink: /home/rosievoice/main_ws/mic_ws/install/prototype/share/prototype//scripts/face.py
[3.304s] -- Up-to-date symlink: /home/rosievoice/main_ws/mic_ws/install/prototype/share/prototype//scripts/gesture_recognition.py
[3.305s] -- Up-to-date symlink: /home/rosievoice/main_ws/mic_ws/install/prototype/share/prototype//scripts/goal.py
[3.307s] -- Up-to-date symlink: /home/rosievoice/main_ws/mic_ws/install/prototype/share/prototype//scripts/hand.py
[3.308s] -- Up-to-date symlink: /home/rosievoice/main_ws/mic_ws/install/prototype/share/prototype//scripts/hand_sign_recognition.py
[3.309s] -- Up-to-date symlink: /home/rosievoice/main_ws/mic_ws/install/prototype/share/prototype//scripts/map.py
[3.311s] -- Up-to-date symlink: /home/rosievoice/main_ws/mic_ws/install/prototype/share/prototype//scripts/map_object.py
[3.312s] -- Up-to-date symlink: /home/rosievoice/main_ws/mic_ws/install/prototype/share/prototype//scripts/move_laser.py
[3.314s] -- Up-to-date symlink: /home/rosievoice/main_ws/mic_ws/install/prototype/share/prototype//scripts/move_shaft.py
[3.315s] -- Up-to-date symlink: /home/rosievoice/main_ws/mic_ws/install/prototype/share/prototype//scripts/object_broadcast.py
[3.316s] -- Up-to-date symlink: /home/rosievoice/main_ws/mic_ws/install/prototype/share/prototype//scripts/odom_base.py
[3.318s] -- Up-to-date symlink: /home/rosievoice/main_ws/mic_ws/install/prototype/share/prototype//scripts/py_tree_server.py
[3.319s] -- Up-to-date symlink: /home/rosievoice/main_ws/mic_ws/install/prototype/share/prototype//scripts/robot_navigator.py
[3.321s] -- Up-to-date symlink: /home/rosievoice/main_ws/mic_ws/install/prototype/share/prototype//scripts/robotmodel.py
[3.322s] -- Up-to-date symlink: /home/rosievoice/main_ws/mic_ws/install/prototype/share/prototype//scripts/service_velocity.py
[3.324s] -- Up-to-date symlink: /home/rosievoice/main_ws/mic_ws/install/prototype/share/prototype//scripts/spatial.py
[3.325s] -- Up-to-date symlink: /home/rosievoice/main_ws/mic_ws/install/prototype/share/prototype//scripts/string_sub.py
[3.326s] -- Up-to-date symlink: /home/rosievoice/main_ws/mic_ws/install/prototype/share/prototype//scripts/test.py
[3.327s] -- Up-to-date symlink: /home/rosievoice/main_ws/mic_ws/install/prototype/share/prototype//scripts/tf.py
[3.329s] -- Up-to-date symlink: /home/rosievoice/main_ws/mic_ws/install/prototype/share/prototype//scripts/waiter.dot
[3.330s] -- Up-to-date symlink: /home/rosievoice/main_ws/mic_ws/install/prototype/share/prototype//scripts/waiter.png
[3.332s] -- Up-to-date symlink: /home/rosievoice/main_ws/mic_ws/install/prototype/share/prototype//scripts/waiter.svg
[3.335s] -- Up-to-date symlink: /home/rosievoice/main_ws/mic_ws/install/prototype/share/prototype//rviz/localizer_rviz_config.rviz
[3.337s] -- Up-to-date symlink: /home/rosievoice/main_ws/mic_ws/install/prototype/share/prototype//msg/DistanceAngle.msg
[3.338s] -- Up-to-date symlink: /home/rosievoice/main_ws/mic_ws/install/prototype/share/prototype//msg/Food.msg
[3.341s] -- Up-to-date symlink: /home/rosievoice/main_ws/mic_ws/install/prototype/lib/prototype/move_laser.py
[3.342s] -- Up-to-date symlink: /home/rosievoice/main_ws/mic_ws/install/prototype/lib/prototype/move_shaft.py
[3.343s] -- Up-to-date symlink: /home/rosievoice/main_ws/mic_ws/install/prototype/lib/prototype/action_client.py
[3.347s] -- Up-to-date symlink: /home/rosievoice/main_ws/mic_ws/install/prototype/share/ament_index/resource_index/rosidl_interfaces/prototype
[3.354s] -- Up-to-date symlink: /home/rosievoice/main_ws/mic_ws/install/prototype/include/prototype/prototype/action/ai_camera.h
[3.356s] -- Up-to-date symlink: /home/rosievoice/main_ws/mic_ws/install/prototype/include/prototype/prototype/action/detail/ai_camera__functions.h
[3.357s] -- Up-to-date symlink: /home/rosievoice/main_ws/mic_ws/install/prototype/include/prototype/prototype/action/detail/ai_camera__struct.h
[3.359s] -- Up-to-date symlink: /home/rosievoice/main_ws/mic_ws/install/prototype/include/prototype/prototype/action/detail/ai_camera__type_support.h
[3.361s] -- Up-to-date symlink: /home/rosievoice/main_ws/mic_ws/install/prototype/include/prototype/prototype/action/detail/food_menu__functions.h
[3.362s] -- Up-to-date symlink: /home/rosievoice/main_ws/mic_ws/install/prototype/include/prototype/prototype/action/detail/food_menu__struct.h
[3.364s] -- Up-to-date symlink: /home/rosievoice/main_ws/mic_ws/install/prototype/include/prototype/prototype/action/detail/food_menu__type_support.h
[3.366s] -- Up-to-date symlink: /home/rosievoice/main_ws/mic_ws/install/prototype/include/prototype/prototype/action/detail/go_to__functions.h
[3.367s] -- Up-to-date symlink: /home/rosievoice/main_ws/mic_ws/install/prototype/include/prototype/prototype/action/detail/go_to__struct.h
[3.369s] -- Up-to-date symlink: /home/rosievoice/main_ws/mic_ws/install/prototype/include/prototype/prototype/action/detail/go_to__type_support.h
[3.371s] -- Up-to-date symlink: /home/rosievoice/main_ws/mic_ws/install/prototype/include/prototype/prototype/action/detail/send_coordinates__functions.h
[3.372s] -- Up-to-date symlink: /home/rosievoice/main_ws/mic_ws/install/prototype/include/prototype/prototype/action/detail/send_coordinates__struct.h
[3.374s] -- Up-to-date symlink: /home/rosievoice/main_ws/mic_ws/install/prototype/include/prototype/prototype/action/detail/send_coordinates__type_support.h
[3.376s] -- Up-to-date symlink: /home/rosievoice/main_ws/mic_ws/install/prototype/include/prototype/prototype/action/food_menu.h
[3.377s] -- Up-to-date symlink: /home/rosievoice/main_ws/mic_ws/install/prototype/include/prototype/prototype/action/go_to.h
[3.379s] -- Up-to-date symlink: /home/rosievoice/main_ws/mic_ws/install/prototype/include/prototype/prototype/action/send_coordinates.h
[3.381s] -- Up-to-date symlink: /home/rosievoice/main_ws/mic_ws/install/prototype/include/prototype/prototype/msg/detail/distance_angle__functions.h
[3.383s] -- Up-to-date symlink: /home/rosievoice/main_ws/mic_ws/install/prototype/include/prototype/prototype/msg/detail/distance_angle__struct.h
[3.384s] -- Up-to-date symlink: /home/rosievoice/main_ws/mic_ws/install/prototype/include/prototype/prototype/msg/detail/distance_angle__type_support.h
[3.386s] -- Up-to-date symlink: /home/rosievoice/main_ws/mic_ws/install/prototype/include/prototype/prototype/msg/detail/food__functions.h
[3.388s] -- Up-to-date symlink: /home/rosievoice/main_ws/mic_ws/install/prototype/include/prototype/prototype/msg/detail/food__struct.h
[3.389s] -- Up-to-date symlink: /home/rosievoice/main_ws/mic_ws/install/prototype/include/prototype/prototype/msg/detail/food__type_support.h
[3.391s] -- Up-to-date symlink: /home/rosievoice/main_ws/mic_ws/install/prototype/include/prototype/prototype/msg/distance_angle.h
[3.392s] -- Up-to-date symlink: /home/rosievoice/main_ws/mic_ws/install/prototype/include/prototype/prototype/msg/food.h
[3.394s] -- Up-to-date symlink: /home/rosievoice/main_ws/mic_ws/install/prototype/include/prototype/prototype/msg/rosidl_generator_c__visibility_control.h
[3.396s] -- Up-to-date symlink: /home/rosievoice/main_ws/mic_ws/install/prototype/share/prototype/environment/library_path.sh
[3.398s] -- Up-to-date symlink: /home/rosievoice/main_ws/mic_ws/install/prototype/share/prototype/environment/library_path.dsv
[3.404s] -- Up-to-date symlink: /home/rosievoice/main_ws/mic_ws/install/prototype/include/prototype/prototype/action/detail/ai_camera__rosidl_typesupport_fastrtps_c.h
[3.406s] -- Up-to-date symlink: /home/rosievoice/main_ws/mic_ws/install/prototype/include/prototype/prototype/action/detail/food_menu__rosidl_typesupport_fastrtps_c.h
[3.407s] -- Up-to-date symlink: /home/rosievoice/main_ws/mic_ws/install/prototype/include/prototype/prototype/action/detail/go_to__rosidl_typesupport_fastrtps_c.h
[3.409s] -- Up-to-date symlink: /home/rosievoice/main_ws/mic_ws/install/prototype/include/prototype/prototype/action/detail/send_coordinates__rosidl_typesupport_fastrtps_c.h
[3.411s] -- Up-to-date symlink: /home/rosievoice/main_ws/mic_ws/install/prototype/include/prototype/prototype/msg/detail/distance_angle__rosidl_typesupport_fastrtps_c.h
[3.412s] -- Up-to-date symlink: /home/rosievoice/main_ws/mic_ws/install/prototype/include/prototype/prototype/msg/detail/food__rosidl_typesupport_fastrtps_c.h
[3.414s] -- Up-to-date symlink: /home/rosievoice/main_ws/mic_ws/install/prototype/include/prototype/prototype/msg/rosidl_typesupport_fastrtps_c__visibility_control.h
[3.418s] -- Up-to-date symlink: /home/rosievoice/main_ws/mic_ws/install/prototype/include/prototype/prototype/action/ai_camera.hpp
[3.420s] -- Up-to-date symlink: /home/rosievoice/main_ws/mic_ws/install/prototype/include/prototype/prototype/action/detail/ai_camera__builder.hpp
[3.421s] -- Up-to-date symlink: /home/rosievoice/main_ws/mic_ws/install/prototype/include/prototype/prototype/action/detail/ai_camera__struct.hpp
[3.423s] -- Up-to-date symlink: /home/rosievoice/main_ws/mic_ws/install/prototype/include/prototype/prototype/action/detail/ai_camera__traits.hpp
[3.424s] -- Up-to-date symlink: /home/rosievoice/main_ws/mic_ws/install/prototype/include/prototype/prototype/action/detail/food_menu__builder.hpp
[3.426s] -- Up-to-date symlink: /home/rosievoice/main_ws/mic_ws/install/prototype/include/prototype/prototype/action/detail/food_menu__struct.hpp
[3.428s] -- Up-to-date symlink: /home/rosievoice/main_ws/mic_ws/install/prototype/include/prototype/prototype/action/detail/food_menu__traits.hpp
[3.429s] -- Up-to-date symlink: /home/rosievoice/main_ws/mic_ws/install/prototype/include/prototype/prototype/action/detail/go_to__builder.hpp
[3.431s] -- Up-to-date symlink: /home/rosievoice/main_ws/mic_ws/install/prototype/include/prototype/prototype/action/detail/go_to__struct.hpp
[3.433s] -- Up-to-date symlink: /home/rosievoice/main_ws/mic_ws/install/prototype/include/prototype/prototype/action/detail/go_to__traits.hpp
[3.434s] -- Up-to-date symlink: /home/rosievoice/main_ws/mic_ws/install/prototype/include/prototype/prototype/action/detail/send_coordinates__builder.hpp
[3.436s] -- Up-to-date symlink: /home/rosievoice/main_ws/mic_ws/install/prototype/include/prototype/prototype/action/detail/send_coordinates__struct.hpp
[3.437s] -- Up-to-date symlink: /home/rosievoice/main_ws/mic_ws/install/prototype/include/prototype/prototype/action/detail/send_coordinates__traits.hpp
[3.439s] -- Up-to-date symlink: /home/rosievoice/main_ws/mic_ws/install/prototype/include/prototype/prototype/action/food_menu.hpp
[3.440s] -- Up-to-date symlink: /home/rosievoice/main_ws/mic_ws/install/prototype/include/prototype/prototype/action/go_to.hpp
[3.442s] -- Up-to-date symlink: /home/rosievoice/main_ws/mic_ws/install/prototype/include/prototype/prototype/action/send_coordinates.hpp
[3.444s] -- Up-to-date symlink: /home/rosievoice/main_ws/mic_ws/install/prototype/include/prototype/prototype/msg/detail/distance_angle__builder.hpp
[3.445s] -- Up-to-date symlink: /home/rosievoice/main_ws/mic_ws/install/prototype/include/prototype/prototype/msg/detail/distance_angle__struct.hpp
[3.447s] -- Up-to-date symlink: /home/rosievoice/main_ws/mic_ws/install/prototype/include/prototype/prototype/msg/detail/distance_angle__traits.hpp
[3.448s] -- Up-to-date symlink: /home/rosievoice/main_ws/mic_ws/install/prototype/include/prototype/prototype/msg/detail/food__builder.hpp
[3.450s] -- Up-to-date symlink: /home/rosievoice/main_ws/mic_ws/install/prototype/include/prototype/prototype/msg/detail/food__struct.hpp
[3.452s] -- Up-to-date symlink: /home/rosievoice/main_ws/mic_ws/install/prototype/include/prototype/prototype/msg/detail/food__traits.hpp
[3.453s] -- Up-to-date symlink: /home/rosievoice/main_ws/mic_ws/install/prototype/include/prototype/prototype/msg/distance_angle.hpp
[3.455s] -- Up-to-date symlink: /home/rosievoice/main_ws/mic_ws/install/prototype/include/prototype/prototype/msg/food.hpp
[3.462s] -- Up-to-date symlink: /home/rosievoice/main_ws/mic_ws/install/prototype/include/prototype/prototype/action/detail/ai_camera__rosidl_typesupport_fastrtps_cpp.hpp
[3.463s] -- Up-to-date symlink: /home/rosievoice/main_ws/mic_ws/install/prototype/include/prototype/prototype/action/detail/food_menu__rosidl_typesupport_fastrtps_cpp.hpp
[3.465s] -- Up-to-date symlink: /home/rosievoice/main_ws/mic_ws/install/prototype/include/prototype/prototype/action/detail/go_to__rosidl_typesupport_fastrtps_cpp.hpp
[3.467s] -- Up-to-date symlink: /home/rosievoice/main_ws/mic_ws/install/prototype/include/prototype/prototype/action/detail/send_coordinates__rosidl_typesupport_fastrtps_cpp.hpp
[3.468s] -- Up-to-date symlink: /home/rosievoice/main_ws/mic_ws/install/prototype/include/prototype/prototype/msg/detail/distance_angle__rosidl_typesupport_fastrtps_cpp.hpp
[3.470s] -- Up-to-date symlink: /home/rosievoice/main_ws/mic_ws/install/prototype/include/prototype/prototype/msg/detail/food__rosidl_typesupport_fastrtps_cpp.hpp
[3.471s] -- Up-to-date symlink: /home/rosievoice/main_ws/mic_ws/install/prototype/include/prototype/prototype/msg/rosidl_typesupport_fastrtps_cpp__visibility_control.h
[3.475s] -- Up-to-date symlink: /home/rosievoice/main_ws/mic_ws/install/prototype/include/prototype/prototype/action/detail/ai_camera__rosidl_typesupport_introspection_c.h
[3.477s] -- Up-to-date symlink: /home/rosievoice/main_ws/mic_ws/install/prototype/include/prototype/prototype/action/detail/food_menu__rosidl_typesupport_introspection_c.h
[3.479s] -- Up-to-date symlink: /home/rosievoice/main_ws/mic_ws/install/prototype/include/prototype/prototype/action/detail/go_to__rosidl_typesupport_introspection_c.h
[3.480s] -- Up-to-date symlink: /home/rosievoice/main_ws/mic_ws/install/prototype/include/prototype/prototype/action/detail/send_coordinates__rosidl_typesupport_introspection_c.h
[3.482s] -- Up-to-date symlink: /home/rosievoice/main_ws/mic_ws/install/prototype/include/prototype/prototype/msg/detail/distance_angle__rosidl_typesupport_introspection_c.h
[3.484s] -- Up-to-date symlink: /home/rosievoice/main_ws/mic_ws/install/prototype/include/prototype/prototype/msg/detail/food__rosidl_typesupport_introspection_c.h
[3.485s] -- Up-to-date symlink: /home/rosievoice/main_ws/mic_ws/install/prototype/include/prototype/prototype/msg/rosidl_typesupport_introspection_c__visibility_control.h
[3.489s] -- Up-to-date symlink: /home/rosievoice/main_ws/mic_ws/install/prototype/include/prototype/prototype/action/detail/ai_camera__rosidl_typesupport_introspection_cpp.hpp
[3.491s] -- Up-to-date symlink: /home/rosievoice/main_ws/mic_ws/install/prototype/include/prototype/prototype/action/detail/food_menu__rosidl_typesupport_introspection_cpp.hpp
[3.493s] -- Up-to-date symlink: /home/rosievoice/main_ws/mic_ws/install/prototype/include/prototype/prototype/action/detail/go_to__rosidl_typesupport_introspection_cpp.hpp
[3.494s] -- Up-to-date symlink: /home/rosievoice/main_ws/mic_ws/install/prototype/include/prototype/prototype/action/detail/send_coordinates__rosidl_typesupport_introspection_cpp.hpp
[3.496s] -- Up-to-date symlink: /home/rosievoice/main_ws/mic_ws/install/prototype/include/prototype/prototype/msg/detail/distance_angle__rosidl_typesupport_introspection_cpp.hpp
[3.498s] -- Up-to-date symlink: /home/rosievoice/main_ws/mic_ws/install/prototype/include/prototype/prototype/msg/detail/food__rosidl_typesupport_introspection_cpp.hpp
[3.499s] -- Up-to-date symlink: /home/rosievoice/main_ws/mic_ws/install/prototype/share/prototype/environment/pythonpath.sh
[3.501s] -- Up-to-date symlink: /home/rosievoice/main_ws/mic_ws/install/prototype/share/prototype/environment/pythonpath.dsv
[3.506s] -- Up-to-date symlink: /home/rosievoice/main_ws/mic_ws/install/prototype/local/lib/python3.10/dist-packages/prototype-0.0.0-py3.10.egg-info/PKG-INFO
[3.507s] -- Up-to-date symlink: /home/rosievoice/main_ws/mic_ws/install/prototype/local/lib/python3.10/dist-packages/prototype-0.0.0-py3.10.egg-info/SOURCES.txt
[3.509s] -- Up-to-date symlink: /home/rosievoice/main_ws/mic_ws/install/prototype/local/lib/python3.10/dist-packages/prototype-0.0.0-py3.10.egg-info/dependency_links.txt
[3.511s] -- Up-to-date symlink: /home/rosievoice/main_ws/mic_ws/install/prototype/local/lib/python3.10/dist-packages/prototype-0.0.0-py3.10.egg-info/top_level.txt
[3.521s] -- Up-to-date symlink: /home/rosievoice/main_ws/mic_ws/install/prototype/local/lib/python3.10/dist-packages/prototype/__init__.py
[3.523s] -- Up-to-date symlink: /home/rosievoice/main_ws/mic_ws/install/prototype/local/lib/python3.10/dist-packages/prototype/_prototype_s.ep.rosidl_typesupport_c.c
[3.524s] -- Up-to-date symlink: /home/rosievoice/main_ws/mic_ws/install/prototype/local/lib/python3.10/dist-packages/prototype/_prototype_s.ep.rosidl_typesupport_fastrtps_c.c
[3.526s] -- Up-to-date symlink: /home/rosievoice/main_ws/mic_ws/install/prototype/local/lib/python3.10/dist-packages/prototype/_prototype_s.ep.rosidl_typesupport_introspection_c.c
[3.528s] -- Up-to-date symlink: /home/rosievoice/main_ws/mic_ws/install/prototype/local/lib/python3.10/dist-packages/prototype/action/__init__.py
[3.529s] -- Up-to-date symlink: /home/rosievoice/main_ws/mic_ws/install/prototype/local/lib/python3.10/dist-packages/prototype/action/_ai_camera.py
[3.531s] -- Up-to-date symlink: /home/rosievoice/main_ws/mic_ws/install/prototype/local/lib/python3.10/dist-packages/prototype/action/_ai_camera_s.c
[3.533s] -- Up-to-date symlink: /home/rosievoice/main_ws/mic_ws/install/prototype/local/lib/python3.10/dist-packages/prototype/action/_food_menu.py
[3.534s] -- Up-to-date symlink: /home/rosievoice/main_ws/mic_ws/install/prototype/local/lib/python3.10/dist-packages/prototype/action/_food_menu_s.c
[3.537s] -- Up-to-date symlink: /home/rosievoice/main_ws/mic_ws/install/prototype/local/lib/python3.10/dist-packages/prototype/action/_go_to.py
[3.555s] -- Up-to-date symlink: /home/rosievoice/main_ws/mic_ws/install/prototype/local/lib/python3.10/dist-packages/prototype/action/_go_to_s.c
[3.558s] -- Up-to-date symlink: /home/rosievoice/main_ws/mic_ws/install/prototype/local/lib/python3.10/dist-packages/prototype/action/_send_coordinates.py
[3.560s] -- Up-to-date symlink: /home/rosievoice/main_ws/mic_ws/install/prototype/local/lib/python3.10/dist-packages/prototype/action/_send_coordinates_s.c
[3.562s] -- Up-to-date symlink: /home/rosievoice/main_ws/mic_ws/install/prototype/local/lib/python3.10/dist-packages/prototype/libprototype__rosidl_generator_py.so
[3.565s] -- Up-to-date symlink: /home/rosievoice/main_ws/mic_ws/install/prototype/local/lib/python3.10/dist-packages/prototype/msg/__init__.py
[3.567s] -- Up-to-date symlink: /home/rosievoice/main_ws/mic_ws/install/prototype/local/lib/python3.10/dist-packages/prototype/msg/_distance_angle.py
[3.569s] -- Up-to-date symlink: /home/rosievoice/main_ws/mic_ws/install/prototype/local/lib/python3.10/dist-packages/prototype/msg/_distance_angle_s.c
[3.571s] -- Up-to-date symlink: /home/rosievoice/main_ws/mic_ws/install/prototype/local/lib/python3.10/dist-packages/prototype/msg/_food.py
[3.572s] -- Up-to-date symlink: /home/rosievoice/main_ws/mic_ws/install/prototype/local/lib/python3.10/dist-packages/prototype/msg/_food_s.c
[3.574s] -- Up-to-date symlink: /home/rosievoice/main_ws/mic_ws/install/prototype/local/lib/python3.10/dist-packages/prototype/prototype_s__rosidl_typesupport_c.cpython-310-aarch64-linux-gnu.so
[3.576s] -- Up-to-date symlink: /home/rosievoice/main_ws/mic_ws/install/prototype/local/lib/python3.10/dist-packages/prototype/prototype_s__rosidl_typesupport_fastrtps_c.cpython-310-aarch64-linux-gnu.so
[3.577s] -- Up-to-date symlink: /home/rosievoice/main_ws/mic_ws/install/prototype/local/lib/python3.10/dist-packages/prototype/prototype_s__rosidl_typesupport_introspection_c.cpython-310-aarch64-linux-gnu.so
[3.580s] -- Up-to-date symlink: /home/rosievoice/main_ws/mic_ws/install/prototype/local/lib/python3.10/dist-packages/prototype/prototype_s__rosidl_typesupport_fastrtps_c.cpython-310-aarch64-linux-gnu.so
[3.582s] -- Up-to-date symlink: /home/rosievoice/main_ws/mic_ws/install/prototype/local/lib/python3.10/dist-packages/prototype/prototype_s__rosidl_typesupport_introspection_c.cpython-310-aarch64-linux-gnu.so
[3.584s] -- Up-to-date symlink: /home/rosievoice/main_ws/mic_ws/install/prototype/local/lib/python3.10/dist-packages/prototype/prototype_s__rosidl_typesupport_c.cpython-310-aarch64-linux-gnu.so
[3.586s] -- Up-to-date symlink: /home/rosievoice/main_ws/mic_ws/install/prototype/share/prototype/action/SendCoordinates.idl
[3.587s] -- Up-to-date symlink: /home/rosievoice/main_ws/mic_ws/install/prototype/share/prototype/action/GoTo.idl
[3.589s] -- Up-to-date symlink: /home/rosievoice/main_ws/mic_ws/install/prototype/share/prototype/action/FoodMenu.idl
[3.591s] -- Up-to-date symlink: /home/rosievoice/main_ws/mic_ws/install/prototype/share/prototype/action/AiCamera.idl
[3.592s] -- Up-to-date symlink: /home/rosievoice/main_ws/mic_ws/install/prototype/share/prototype/msg/Food.idl
[3.594s] -- Up-to-date symlink: /home/rosievoice/main_ws/mic_ws/install/prototype/share/prototype/msg/DistanceAngle.idl
[3.595s] -- Up-to-date symlink: /home/rosievoice/main_ws/mic_ws/install/prototype/share/prototype/action/SendCoordinates.action
[3.596s] -- Up-to-date symlink: /home/rosievoice/main_ws/mic_ws/install/prototype/share/prototype/action/GoTo.action
[3.597s] -- Up-to-date symlink: /home/rosievoice/main_ws/mic_ws/install/prototype/share/prototype/action/FoodMenu.action
[3.598s] -- Up-to-date symlink: /home/rosievoice/main_ws/mic_ws/install/prototype/share/prototype/action/AiCamera.action
[3.599s] -- Up-to-date symlink: /home/rosievoice/main_ws/mic_ws/install/prototype/share/prototype/msg/Food.msg
[3.600s] -- Up-to-date symlink: /home/rosievoice/main_ws/mic_ws/install/prototype/share/prototype/msg/DistanceAngle.msg
[3.604s] -- Up-to-date symlink: /home/rosievoice/main_ws/mic_ws/install/prototype/share/ament_index/resource_index/package_run_dependencies/prototype
[3.606s] -- Up-to-date symlink: /home/rosievoice/main_ws/mic_ws/install/prototype/share/ament_index/resource_index/parent_prefix_path/prototype
[3.608s] -- Up-to-date symlink: /home/rosievoice/main_ws/mic_ws/install/prototype/share/prototype/environment/ament_prefix_path.sh
[3.609s] -- Up-to-date symlink: /home/rosievoice/main_ws/mic_ws/install/prototype/share/prototype/environment/ament_prefix_path.dsv
[3.611s] -- Up-to-date symlink: /home/rosievoice/main_ws/mic_ws/install/prototype/share/prototype/environment/path.sh
[3.613s] -- Up-to-date symlink: /home/rosievoice/main_ws/mic_ws/install/prototype/share/prototype/environment/path.dsv
[3.614s] -- Up-to-date symlink: /home/rosievoice/main_ws/mic_ws/install/prototype/share/prototype/local_setup.bash
[3.616s] -- Up-to-date symlink: /home/rosievoice/main_ws/mic_ws/install/prototype/share/prototype/local_setup.sh
[3.618s] -- Up-to-date symlink: /home/rosievoice/main_ws/mic_ws/install/prototype/share/prototype/local_setup.zsh
[3.619s] -- Up-to-date symlink: /home/rosievoice/main_ws/mic_ws/install/prototype/share/prototype/local_setup.dsv
[3.620s] -- Symlinking: /home/rosievoice/main_ws/mic_ws/install/prototype/share/prototype/package.dsv
[3.654s] -- Up-to-date symlink: /home/rosievoice/main_ws/mic_ws/install/prototype/share/ament_index/resource_index/packages/prototype
[3.656s] -- Up-to-date symlink: /home/rosievoice/main_ws/mic_ws/install/prototype/share/prototype/cmake/rosidl_cmake-extras.cmake
[3.658s] -- Up-to-date symlink: /home/rosievoice/main_ws/mic_ws/install/prototype/share/prototype/cmake/ament_cmake_export_dependencies-extras.cmake
[3.660s] -- Up-to-date symlink: /home/rosievoice/main_ws/mic_ws/install/prototype/share/prototype/cmake/ament_cmake_export_include_directories-extras.cmake
[3.662s] -- Up-to-date symlink: /home/rosievoice/main_ws/mic_ws/install/prototype/share/prototype/cmake/ament_cmake_export_libraries-extras.cmake
[3.664s] -- Up-to-date symlink: /home/rosievoice/main_ws/mic_ws/install/prototype/share/prototype/cmake/ament_cmake_export_targets-extras.cmake
[3.665s] -- Up-to-date symlink: /home/rosievoice/main_ws/mic_ws/install/prototype/share/prototype/cmake/rosidl_cmake_export_typesupport_targets-extras.cmake
[3.667s] -- Up-to-date symlink: /home/rosievoice/main_ws/mic_ws/install/prototype/share/prototype/cmake/rosidl_cmake_export_typesupport_libraries-extras.cmake
[3.669s] -- Up-to-date symlink: /home/rosievoice/main_ws/mic_ws/install/prototype/share/prototype/cmake/prototypeConfig.cmake
[3.670s] -- Up-to-date symlink: /home/rosievoice/main_ws/mic_ws/install/prototype/share/prototype/cmake/prototypeConfig-version.cmake
[3.671s] -- Up-to-date symlink: /home/rosievoice/main_ws/mic_ws/install/prototype/share/prototype/package.xml
[3.676s] -- Up-to-date: /home/rosievoice/main_ws/mic_ws/install/prototype/lib/libprototype__rosidl_generator_c.so
[3.681s] -- Up-to-date: /home/rosievoice/main_ws/mic_ws/install/prototype/lib/libprototype__rosidl_typesupport_fastrtps_c.so
[3.686s] -- Up-to-date: /home/rosievoice/main_ws/mic_ws/install/prototype/lib/libprototype__rosidl_typesupport_fastrtps_cpp.so
[3.690s] -- Up-to-date: /home/rosievoice/main_ws/mic_ws/install/prototype/lib/libprototype__rosidl_typesupport_introspection_c.so
[3.695s] -- Up-to-date: /home/rosievoice/main_ws/mic_ws/install/prototype/lib/libprototype__rosidl_typesupport_c.so
[3.699s] -- Up-to-date: /home/rosievoice/main_ws/mic_ws/install/prototype/lib/libprototype__rosidl_typesupport_introspection_cpp.so
[3.704s] -- Up-to-date: /home/rosievoice/main_ws/mic_ws/install/prototype/lib/libprototype__rosidl_typesupport_cpp.so
[3.848s] Listing '/home/rosievoice/main_ws/mic_ws/install/prototype/local/lib/python3.10/dist-packages/prototype'...
[3.849s] Listing '/home/rosievoice/main_ws/mic_ws/install/prototype/local/lib/python3.10/dist-packages/prototype/action'...
[3.850s] Listing '/home/rosievoice/main_ws/mic_ws/install/prototype/local/lib/python3.10/dist-packages/prototype/msg'...
[3.876s] -- Up-to-date: /home/rosievoice/main_ws/mic_ws/install/prototype/lib/libprototype__rosidl_generator_py.so
[3.881s] -- Up-to-date: /home/rosievoice/main_ws/mic_ws/install/prototype/share/prototype/cmake/export_prototype__rosidl_generator_cExport.cmake
[3.882s] -- Up-to-date: /home/rosievoice/main_ws/mic_ws/install/prototype/share/prototype/cmake/export_prototype__rosidl_generator_cExport-noconfig.cmake
[3.884s] -- Up-to-date: /home/rosievoice/main_ws/mic_ws/install/prototype/share/prototype/cmake/export_prototype__rosidl_typesupport_fastrtps_cExport.cmake
[3.885s] -- Up-to-date: /home/rosievoice/main_ws/mic_ws/install/prototype/share/prototype/cmake/export_prototype__rosidl_typesupport_fastrtps_cExport-noconfig.cmake
[3.888s] -- Up-to-date: /home/rosievoice/main_ws/mic_ws/install/prototype/share/prototype/cmake/export_prototype__rosidl_generator_cppExport.cmake
[3.890s] -- Up-to-date: /home/rosievoice/main_ws/mic_ws/install/prototype/share/prototype/cmake/export_prototype__rosidl_typesupport_fastrtps_cppExport.cmake
[3.891s] -- Up-to-date: /home/rosievoice/main_ws/mic_ws/install/prototype/share/prototype/cmake/export_prototype__rosidl_typesupport_fastrtps_cppExport-noconfig.cmake
[3.894s] -- Up-to-date: /home/rosievoice/main_ws/mic_ws/install/prototype/share/prototype/cmake/prototype__rosidl_typesupport_introspection_cExport.cmake
[3.894s] -- Up-to-date: /home/rosievoice/main_ws/mic_ws/install/prototype/share/prototype/cmake/prototype__rosidl_typesupport_introspection_cExport-noconfig.cmake
[3.896s] -- Up-to-date: /home/rosievoice/main_ws/mic_ws/install/prototype/share/prototype/cmake/prototype__rosidl_typesupport_cExport.cmake
[3.897s] -- Up-to-date: /home/rosievoice/main_ws/mic_ws/install/prototype/share/prototype/cmake/prototype__rosidl_typesupport_cExport-noconfig.cmake
[3.899s] -- Up-to-date: /home/rosievoice/main_ws/mic_ws/install/prototype/share/prototype/cmake/prototype__rosidl_typesupport_introspection_cppExport.cmake
[3.900s] -- Up-to-date: /home/rosievoice/main_ws/mic_ws/install/prototype/share/prototype/cmake/prototype__rosidl_typesupport_introspection_cppExport-noconfig.cmake
[3.902s] -- Up-to-date: /home/rosievoice/main_ws/mic_ws/install/prototype/share/prototype/cmake/prototype__rosidl_typesupport_cppExport.cmake
[3.902s] -- Up-to-date: /home/rosievoice/main_ws/mic_ws/install/prototype/share/prototype/cmake/prototype__rosidl_typesupport_cppExport-noconfig.cmake
[3.905s] -- Up-to-date: /home/rosievoice/main_ws/mic_ws/install/prototype/share/prototype/cmake/export_prototype__rosidl_generator_pyExport.cmake
[3.905s] -- Up-to-date: /home/rosievoice/main_ws/mic_ws/install/prototype/share/prototype/cmake/export_prototype__rosidl_generator_pyExport-noconfig.cmake
[3.916s] Invoked command in '/home/rosievoice/main_ws/mic_ws/build/prototype' returned '0': CMAKE_PREFIX_PATH=/opt/ros/humble /usr/bin/cmake --install /home/rosievoice/main_ws/mic_ws/build/prototype
