[0.061s] Invoking command in '/home/rosievoice/main_ws/mic_ws/build/prototype': CMAKE_PREFIX_PATH=/opt/ros/humble /usr/bin/cmake /home/rosievoice/main_ws/mic_ws/src/prototype -DAMENT_CMAKE_SYMLINK_INSTALL=1 -DCMAKE_INSTALL_PREFIX=/home/rosievoice/main_ws/mic_ws/install/prototype
[0.886s] -- The C compiler identification is GNU 11.4.0
[1.464s] -- The CXX compiler identification is GNU 11.4.0
[1.516s] -- Detecting C compiler ABI info
[1.940s] -- Detecting C compiler ABI info - done
[1.976s] -- Check for working C compiler: /usr/bin/cc - skipped
[1.983s] -- Detecting C compile features
[1.988s] -- Detecting C compile features - done
[2.011s] -- Detecting CXX compiler ABI info
[2.491s] -- Detecting CXX compiler ABI info - done
[2.523s] -- Check for working CXX compiler: /usr/bin/c++ - skipped
[2.524s] -- Detecting CXX compile features
[2.527s] -- Detecting CXX compile features - done
[2.547s] -- Found ament_cmake: 1.3.9 (/opt/ros/humble/share/ament_cmake/cmake)
[3.373s] -- Found Python3: /usr/bin/python3 (found version "3.10.12") found components: Interpreter 
[3.779s] -- Override CMake install command with custom implementation using symlinks instead of copying resources
[4.063s] -- Found rclpy: 3.3.13 (/opt/ros/humble/share/rclpy/cmake)
[4.081s] -- Found urdf: 2.6.0 (/opt/ros/humble/share/urdf/cmake)
[4.517s] -- Found geometry_msgs: 4.2.3 (/opt/ros/humble/share/geometry_msgs/cmake)
[4.684s] -- Found rosidl_generator_c: 3.1.5 (/opt/ros/humble/share/rosidl_generator_c/cmake)
[4.716s] -- Found rosidl_adapter: 3.1.5 (/opt/ros/humble/share/rosidl_adapter/cmake)
[4.763s] -- Found rosidl_generator_cpp: 3.1.5 (/opt/ros/humble/share/rosidl_generator_cpp/cmake)
[4.832s] -- Using all available rosidl_typesupport_c: rosidl_typesupport_fastrtps_c;rosidl_typesupport_introspection_c
[4.913s] -- Using all available rosidl_typesupport_cpp: rosidl_typesupport_fastrtps_cpp;rosidl_typesupport_introspection_cpp
[5.546s] -- Found std_srvs: 4.2.3 (/opt/ros/humble/share/std_srvs/cmake)
[5.646s] -- Found tf2_ros: 0.25.6 (/opt/ros/humble/share/tf2_ros/cmake)
[6.242s] -- Found rmw_implementation_cmake: 6.1.2 (/opt/ros/humble/share/rmw_implementation_cmake/cmake)
[6.258s] -- Found rmw_fastrtps_cpp: 6.2.6 (/opt/ros/humble/share/rmw_fastrtps_cpp/cmake)
[6.438s] -- Found TinyXML2 via Config file: TinyXML2_DIR-NOTFOUND
[6.682s] -- Found OpenSSL: /usr/lib/aarch64-linux-gnu/libcrypto.so (found version "3.0.2")  
[6.690s] -- Found TinyXML2 via Config file: TinyXML2_DIR-NOTFOUND
[6.754s] -- Found FastRTPS: /opt/ros/humble/include  
[6.799s] -- Found TinyXML2 via Config file: TinyXML2_DIR-NOTFOUND
[6.838s] -- Found TinyXML2 via Config file: TinyXML2_DIR-NOTFOUND
[6.877s] -- Using RMW implementation 'rmw_fastrtps_cpp' as default
[6.942s] -- Looking for pthread.h
[7.354s] -- Looking for pthread.h - found
[7.356s] -- Performing Test CMAKE_HAVE_LIBC_PTHREAD
[7.713s] -- Performing Test CMAKE_HAVE_LIBC_PTHREAD - Success
[7.720s] -- Found Threads: TRUE  
[9.651s] -- Found tf2_geometry_msgs: 0.25.6 (/opt/ros/humble/share/tf2_geometry_msgs/cmake)
[9.812s] -- Found eigen3_cmake_module: 0.1.1 (/opt/ros/humble/share/eigen3_cmake_module/cmake)
[9.822s] -- Found Eigen3: TRUE (found version "3.4.0") 
[9.824s] -- Ensuring Eigen3 include directory is part of orocos-kdl CMake target
[9.884s] -- Found rosidl_default_generators: 1.2.0 (/opt/ros/humble/share/rosidl_default_generators/cmake)
[11.603s] -- Found ament_cmake_ros: 0.10.0 (/opt/ros/humble/share/ament_cmake_ros/cmake)
[13.573s] -- Using all available rosidl_typesupport_c: rosidl_typesupport_fastrtps_c;rosidl_typesupport_introspection_c
[15.362s] -- Using all available rosidl_typesupport_cpp: rosidl_typesupport_fastrtps_cpp;rosidl_typesupport_introspection_cpp
[15.451s] -- Found PythonInterp: /usr/bin/python3 (found suitable version "3.10.12", minimum required is "3.6") 
[15.469s] -- Found python_cmake_module: 0.10.0 (/opt/ros/humble/share/python_cmake_module/cmake)
[15.575s] -- Found PythonLibs: /usr/lib/aarch64-linux-gnu/libpython3.10.so (found suitable version "3.10.12", minimum required is "3.5") 
[15.576s] -- Using PYTHON_EXECUTABLE: /usr/bin/python3
[15.576s] -- Using PYTHON_INCLUDE_DIRS: /usr/include/python3.10
[15.577s] -- Using PYTHON_LIBRARIES: /usr/lib/aarch64-linux-gnu/libpython3.10.so
[15.655s] -- Found PythonExtra: .so  
[15.901s] -- Found ament_lint_auto: 0.12.11 (/opt/ros/humble/share/ament_lint_auto/cmake)
[16.089s] -- Added test 'copyright' to check source files copyright and LICENSE
[16.235s] -- Added test 'flake8' to check Python code syntax and style conventions
[16.253s] -- Added test 'lint_cmake' to check CMake code style
[16.263s] -- Added test 'pep257' to check Python code against some of the docstring style conventions in PEP 257
[16.341s] -- Added test 'xmllint' to check XML markup files
[16.364s] -- Configuring done
[16.621s] -- Generating done
[16.639s] -- Build files have been written to: /home/rosievoice/main_ws/mic_ws/build/prototype
[16.698s] Invoked command in '/home/rosievoice/main_ws/mic_ws/build/prototype' returned '0': CMAKE_PREFIX_PATH=/opt/ros/humble /usr/bin/cmake /home/rosievoice/main_ws/mic_ws/src/prototype -DAMENT_CMAKE_SYMLINK_INSTALL=1 -DCMAKE_INSTALL_PREFIX=/home/rosievoice/main_ws/mic_ws/install/prototype
[16.709s] Invoking command in '/home/rosievoice/main_ws/mic_ws/build/prototype': CMAKE_PREFIX_PATH=/opt/ros/humble /usr/bin/cmake --build /home/rosievoice/main_ws/mic_ws/build/prototype -- -j4 -l4
[16.941s] [  1%] [34m[1mGenerating C code for ROS interfaces[0m
[16.976s] [  2%] [34m[1mGenerating C++ code for ROS interfaces[0m
[17.159s] [  2%] Built target ament_cmake_python_symlink_prototype
[18.624s] running egg_info
[18.627s] creating prototype.egg-info
[18.628s] writing prototype.egg-info/PKG-INFO
[18.630s] writing dependency_links to prototype.egg-info/dependency_links.txt
[18.631s] writing top-level names to prototype.egg-info/top_level.txt
[18.632s] writing manifest file 'prototype.egg-info/SOURCES.txt'
[18.641s] reading manifest file 'prototype.egg-info/SOURCES.txt'
[18.644s] writing manifest file 'prototype.egg-info/SOURCES.txt'
[18.795s] [  2%] Built target ament_cmake_python_build_prototype_egg
[23.471s] [  2%] Built target prototype__cpp
[23.520s] [  4%] [34m[1mGenerating C++ type support dispatch for ROS interfaces[0m
[23.525s] [  5%] [34m[1mGenerating C++ type support for eProsima Fast-RTPS[0m
[23.526s] [  7%] [34m[1mGenerating C++ introspection for ROS interfaces[0m
[23.538s] [  8%] [32mBuilding C object CMakeFiles/prototype__rosidl_generator_c.dir/rosidl_generator_c/prototype/action/detail/send_coordinates__functions.c.o[0m
[24.537s] [  9%] [32mBuilding C object CMakeFiles/prototype__rosidl_generator_c.dir/rosidl_generator_c/prototype/action/detail/go_to__functions.c.o[0m
[25.258s] [ 11%] [32mBuilding C object CMakeFiles/prototype__rosidl_generator_c.dir/rosidl_generator_c/prototype/action/detail/food_menu__functions.c.o[0m
[26.555s] [ 12%] [32mBuilding C object CMakeFiles/prototype__rosidl_generator_c.dir/rosidl_generator_c/prototype/action/detail/ai_camera__functions.c.o[0m
[27.848s] [ 14%] [32mBuilding C object CMakeFiles/prototype__rosidl_generator_c.dir/rosidl_generator_c/prototype/msg/detail/food__functions.c.o[0m
[28.216s] [ 15%] [32mBuilding CXX object CMakeFiles/prototype__rosidl_typesupport_cpp.dir/rosidl_typesupport_cpp/prototype/action/send_coordinates__type_support.cpp.o[0m
[28.256s] [ 16%] [32mBuilding C object CMakeFiles/prototype__rosidl_generator_c.dir/rosidl_generator_c/prototype/msg/detail/distance_angle__functions.c.o[0m
[28.780s] [ 18%] [32m[1mLinking C shared library libprototype__rosidl_generator_c.so[0m
[29.099s] [ 18%] Built target prototype__rosidl_generator_c
[29.178s] [ 19%] [34m[1mGenerating C type support for eProsima Fast-RTPS[0m
[30.407s] [ 21%] [32mBuilding CXX object CMakeFiles/prototype__rosidl_typesupport_introspection_cpp.dir/rosidl_typesupport_introspection_cpp/prototype/action/detail/send_coordinates__type_support.cpp.o[0m
[32.324s] [ 22%] [32mBuilding CXX object CMakeFiles/prototype__rosidl_typesupport_fastrtps_cpp.dir/rosidl_typesupport_fastrtps_cpp/prototype/action/detail/dds_fastrtps/send_coordinates__type_support.cpp.o[0m
[33.698s] [ 23%] [32mBuilding CXX object CMakeFiles/prototype__rosidl_typesupport_cpp.dir/rosidl_typesupport_cpp/prototype/action/go_to__type_support.cpp.o[0m
[36.711s] [ 25%] [32mBuilding CXX object CMakeFiles/prototype__rosidl_typesupport_introspection_cpp.dir/rosidl_typesupport_introspection_cpp/prototype/action/detail/go_to__type_support.cpp.o[0m
[37.712s] [ 26%] [32mBuilding CXX object CMakeFiles/prototype__rosidl_typesupport_fastrtps_c.dir/rosidl_typesupport_fastrtps_c/prototype/action/detail/send_coordinates__type_support_c.cpp.o[0m
[38.270s] [ 28%] [32mBuilding CXX object CMakeFiles/prototype__rosidl_typesupport_cpp.dir/rosidl_typesupport_cpp/prototype/action/food_menu__type_support.cpp.o[0m
[38.371s] [ 29%] [32mBuilding CXX object CMakeFiles/prototype__rosidl_typesupport_fastrtps_cpp.dir/rosidl_typesupport_fastrtps_cpp/prototype/action/detail/dds_fastrtps/go_to__type_support.cpp.o[0m
[40.629s] [ 30%] [32mBuilding CXX object CMakeFiles/prototype__rosidl_typesupport_fastrtps_c.dir/rosidl_typesupport_fastrtps_c/prototype/action/detail/go_to__type_support_c.cpp.o[0m
[41.610s] [ 32%] [32mBuilding CXX object CMakeFiles/prototype__rosidl_typesupport_introspection_cpp.dir/rosidl_typesupport_introspection_cpp/prototype/action/detail/food_menu__type_support.cpp.o[0m
[41.875s] [ 33%] [32mBuilding CXX object CMakeFiles/prototype__rosidl_typesupport_cpp.dir/rosidl_typesupport_cpp/prototype/action/ai_camera__type_support.cpp.o[0m
[42.591s] [ 35%] [32mBuilding CXX object CMakeFiles/prototype__rosidl_typesupport_fastrtps_cpp.dir/rosidl_typesupport_fastrtps_cpp/prototype/action/detail/dds_fastrtps/food_menu__type_support.cpp.o[0m
[43.670s] [ 36%] [32mBuilding CXX object CMakeFiles/prototype__rosidl_typesupport_fastrtps_c.dir/rosidl_typesupport_fastrtps_c/prototype/action/detail/food_menu__type_support_c.cpp.o[0m
[45.625s] [ 38%] [32mBuilding CXX object CMakeFiles/prototype__rosidl_typesupport_cpp.dir/rosidl_typesupport_cpp/prototype/msg/food__type_support.cpp.o[0m
[46.263s] [ 39%] [32mBuilding CXX object CMakeFiles/prototype__rosidl_typesupport_introspection_cpp.dir/rosidl_typesupport_introspection_cpp/prototype/action/detail/ai_camera__type_support.cpp.o[0m
[46.712s] [ 40%] [32mBuilding CXX object CMakeFiles/prototype__rosidl_typesupport_fastrtps_cpp.dir/rosidl_typesupport_fastrtps_cpp/prototype/action/detail/dds_fastrtps/ai_camera__type_support.cpp.o[0m
[46.826s] [ 42%] [32mBuilding CXX object CMakeFiles/prototype__rosidl_typesupport_fastrtps_c.dir/rosidl_typesupport_fastrtps_c/prototype/action/detail/ai_camera__type_support_c.cpp.o[0m
[47.664s] [ 43%] [32mBuilding CXX object CMakeFiles/prototype__rosidl_typesupport_cpp.dir/rosidl_typesupport_cpp/prototype/msg/distance_angle__type_support.cpp.o[0m
[49.802s] [ 45%] [32m[1mLinking CXX shared library libprototype__rosidl_typesupport_cpp.so[0m
[50.107s] [ 45%] Built target prototype__rosidl_typesupport_cpp
[50.120s] [ 46%] [32mBuilding CXX object CMakeFiles/prototype__rosidl_typesupport_fastrtps_c.dir/rosidl_typesupport_fastrtps_c/prototype/msg/detail/food__type_support_c.cpp.o[0m
[50.161s] [ 47%] [34m[1mGenerating C introspection for ROS interfaces[0m
[50.759s] [ 49%] [32mBuilding CXX object CMakeFiles/prototype__rosidl_typesupport_fastrtps_cpp.dir/rosidl_typesupport_fastrtps_cpp/prototype/msg/detail/dds_fastrtps/food__type_support.cpp.o[0m
[51.008s] [ 50%] [32mBuilding CXX object CMakeFiles/prototype__rosidl_typesupport_introspection_cpp.dir/rosidl_typesupport_introspection_cpp/prototype/msg/detail/food__type_support.cpp.o[0m
[52.475s] [ 52%] [32mBuilding CXX object CMakeFiles/prototype__rosidl_typesupport_fastrtps_c.dir/rosidl_typesupport_fastrtps_c/prototype/msg/detail/distance_angle__type_support_c.cpp.o[0m
[53.701s] [ 53%] [32mBuilding CXX object CMakeFiles/prototype__rosidl_typesupport_introspection_cpp.dir/rosidl_typesupport_introspection_cpp/prototype/msg/detail/distance_angle__type_support.cpp.o[0m
[53.723s] [ 54%] [32mBuilding CXX object CMakeFiles/prototype__rosidl_typesupport_fastrtps_cpp.dir/rosidl_typesupport_fastrtps_cpp/prototype/msg/detail/dds_fastrtps/distance_angle__type_support.cpp.o[0m
[55.080s] [ 56%] [32m[1mLinking CXX shared library libprototype__rosidl_typesupport_fastrtps_c.so[0m
[55.637s] [ 56%] Built target prototype__rosidl_typesupport_fastrtps_c
[55.713s] [ 57%] [34m[1mGenerating C type support dispatch for ROS interfaces[0m
[56.634s] [ 59%] [32m[1mLinking CXX shared library libprototype__rosidl_typesupport_fastrtps_cpp.so[0m
[56.697s] [ 60%] [32mBuilding C object CMakeFiles/prototype__rosidl_typesupport_introspection_c.dir/rosidl_typesupport_introspection_c/prototype/action/detail/send_coordinates__type_support.c.o[0m
[56.798s] [ 61%] [32m[1mLinking CXX shared library libprototype__rosidl_typesupport_introspection_cpp.so[0m
[57.149s] [ 61%] Built target prototype__rosidl_typesupport_fastrtps_cpp
[57.159s] [ 63%] [32mBuilding C object CMakeFiles/prototype__rosidl_typesupport_introspection_c.dir/rosidl_typesupport_introspection_c/prototype/action/detail/go_to__type_support.c.o[0m
[57.224s] [ 64%] [32mBuilding C object CMakeFiles/prototype__rosidl_typesupport_introspection_c.dir/rosidl_typesupport_introspection_c/prototype/action/detail/food_menu__type_support.c.o[0m
[57.300s] [ 64%] Built target prototype__rosidl_typesupport_introspection_cpp
[57.338s] [ 66%] [32mBuilding C object CMakeFiles/prototype__rosidl_typesupport_introspection_c.dir/rosidl_typesupport_introspection_c/prototype/action/detail/ai_camera__type_support.c.o[0m
[57.534s] [ 67%] [32mBuilding C object CMakeFiles/prototype__rosidl_typesupport_introspection_c.dir/rosidl_typesupport_introspection_c/prototype/msg/detail/food__type_support.c.o[0m
[57.578s] [ 69%] [32mBuilding C object CMakeFiles/prototype__rosidl_typesupport_introspection_c.dir/rosidl_typesupport_introspection_c/prototype/msg/detail/distance_angle__type_support.c.o[0m
[57.777s] [ 70%] [32m[1mLinking C shared library libprototype__rosidl_typesupport_introspection_c.so[0m
[57.964s] [ 70%] Built target prototype__rosidl_typesupport_introspection_c
[59.470s] [ 71%] [32mBuilding CXX object CMakeFiles/prototype__rosidl_typesupport_c.dir/rosidl_typesupport_c/prototype/action/go_to__type_support.cpp.o[0m
[59.473s] [ 73%] [32mBuilding CXX object CMakeFiles/prototype__rosidl_typesupport_c.dir/rosidl_typesupport_c/prototype/action/ai_camera__type_support.cpp.o[0m
[59.478s] [ 74%] [32mBuilding CXX object CMakeFiles/prototype__rosidl_typesupport_c.dir/rosidl_typesupport_c/prototype/action/send_coordinates__type_support.cpp.o[0m
[59.496s] [ 76%] [32mBuilding CXX object CMakeFiles/prototype__rosidl_typesupport_c.dir/rosidl_typesupport_c/prototype/action/food_menu__type_support.cpp.o[0m
[59.899s] [ 77%] [32mBuilding CXX object CMakeFiles/prototype__rosidl_typesupport_c.dir/rosidl_typesupport_c/prototype/msg/food__type_support.cpp.o[0m
[59.904s] [ 78%] [32mBuilding CXX object CMakeFiles/prototype__rosidl_typesupport_c.dir/rosidl_typesupport_c/prototype/msg/distance_angle__type_support.cpp.o[0m
[60.080s] [ 80%] [32m[1mLinking CXX shared library libprototype__rosidl_typesupport_c.so[0m
[60.277s] [ 80%] Built target prototype__rosidl_typesupport_c
[60.366s] [ 80%] Built target prototype
[60.459s] [ 81%] [34m[1mGenerating Python code for ROS interfaces[0m
[71.121s] [ 81%] Built target prototype__py
[71.214s] [ 83%] [32mBuilding C object CMakeFiles/prototype__rosidl_generator_py.dir/rosidl_generator_py/prototype/action/_go_to_s.c.o[0m
[71.218s] [ 84%] [32mBuilding C object CMakeFiles/prototype__rosidl_generator_py.dir/rosidl_generator_py/prototype/action/_food_menu_s.c.o[0m
[71.223s] [ 85%] [32mBuilding C object CMakeFiles/prototype__rosidl_generator_py.dir/rosidl_generator_py/prototype/action/_send_coordinates_s.c.o[0m
[71.224s] [ 87%] [32mBuilding C object CMakeFiles/prototype__rosidl_generator_py.dir/rosidl_generator_py/prototype/action/_ai_camera_s.c.o[0m
[72.233s] [ 88%] [32mBuilding C object CMakeFiles/prototype__rosidl_generator_py.dir/rosidl_generator_py/prototype/msg/_food_s.c.o[0m
[72.249s] [ 90%] [32mBuilding C object CMakeFiles/prototype__rosidl_generator_py.dir/rosidl_generator_py/prototype/msg/_distance_angle_s.c.o[0m
[72.758s] [ 91%] [32m[1mLinking C shared library rosidl_generator_py/prototype/libprototype__rosidl_generator_py.so[0m
[72.986s] [ 91%] Built target prototype__rosidl_generator_py
[73.080s] [ 92%] [32mBuilding C object CMakeFiles/prototype__rosidl_typesupport_fastrtps_c__pyext.dir/rosidl_generator_py/prototype/_prototype_s.ep.rosidl_typesupport_fastrtps_c.c.o[0m
[73.083s] [ 94%] [32mBuilding C object CMakeFiles/prototype__rosidl_typesupport_introspection_c__pyext.dir/rosidl_generator_py/prototype/_prototype_s.ep.rosidl_typesupport_introspection_c.c.o[0m
[73.085s] [ 95%] [32mBuilding C object CMakeFiles/prototype__rosidl_typesupport_c__pyext.dir/rosidl_generator_py/prototype/_prototype_s.ep.rosidl_typesupport_c.c.o[0m
[74.204s] [ 97%] [32m[1mLinking C shared library rosidl_generator_py/prototype/prototype_s__rosidl_typesupport_introspection_c.cpython-310-aarch64-linux-gnu.so[0m
[74.209s] [ 98%] [32m[1mLinking C shared library rosidl_generator_py/prototype/prototype_s__rosidl_typesupport_c.cpython-310-aarch64-linux-gnu.so[0m
[74.254s] [100%] [32m[1mLinking C shared library rosidl_generator_py/prototype/prototype_s__rosidl_typesupport_fastrtps_c.cpython-310-aarch64-linux-gnu.so[0m
[74.582s] [100%] Built target prototype__rosidl_typesupport_c__pyext
[74.602s] [100%] Built target prototype__rosidl_typesupport_introspection_c__pyext
[74.626s] [100%] Built target prototype__rosidl_typesupport_fastrtps_c__pyext
[74.675s] Invoked command in '/home/rosievoice/main_ws/mic_ws/build/prototype' returned '0': CMAKE_PREFIX_PATH=/opt/ros/humble /usr/bin/cmake --build /home/rosievoice/main_ws/mic_ws/build/prototype -- -j4 -l4
[75.691s] Invoking command in '/home/rosievoice/main_ws/mic_ws/build/prototype': CMAKE_PREFIX_PATH=/opt/ros/humble /usr/bin/cmake --install /home/rosievoice/main_ws/mic_ws/build/prototype
[75.720s] -- Install configuration: ""
[75.722s] -- Execute custom install script
[75.725s] -- Symlinking: /home/rosievoice/main_ws/mic_ws/install/prototype/share/prototype//config/camera.yaml
[75.757s] -- Symlinking: /home/rosievoice/main_ws/mic_ws/install/prototype/share/prototype//config/ekf.yaml
[75.789s] -- Symlinking: /home/rosievoice/main_ws/mic_ws/install/prototype/share/prototype//config/ekf_map.yaml
[75.821s] -- Symlinking: /home/rosievoice/main_ws/mic_ws/install/prototype/share/prototype//config/joystick.yaml
[75.852s] -- Symlinking: /home/rosievoice/main_ws/mic_ws/install/prototype/share/prototype//config/motor_control.yaml
[75.885s] -- Symlinking: /home/rosievoice/main_ws/mic_ws/install/prototype/share/prototype//config/nn/mobilenet.json
[75.919s] -- Symlinking: /home/rosievoice/main_ws/mic_ws/install/prototype/share/prototype//config/nn/segmentation.json
[75.952s] -- Symlinking: /home/rosievoice/main_ws/mic_ws/install/prototype/share/prototype//config/nn/yolo.json
[76.020s] -- Symlinking: /home/rosievoice/main_ws/mic_ws/install/prototype/share/prototype//config/rgbd.yaml
[76.053s] -- Symlinking: /home/rosievoice/main_ws/mic_ws/install/prototype/share/prototype//config/spatial_bb.yaml
[76.094s] -- Symlinking: /home/rosievoice/main_ws/mic_ws/install/prototype/share/prototype//config/twist_mux.yaml
[76.138s] -- Symlinking: /home/rosievoice/main_ws/mic_ws/install/prototype/share/prototype//launch/battery_state.launch.py
[76.177s] -- Symlinking: /home/rosievoice/main_ws/mic_ws/install/prototype/share/prototype//launch/camera.launch.py
[76.228s] -- Symlinking: /home/rosievoice/main_ws/mic_ws/install/prototype/share/prototype//launch/camera_local.launch.py
[76.272s] -- Symlinking: /home/rosievoice/main_ws/mic_ws/install/prototype/share/prototype//launch/camera_uncompressed_launch.py
[76.319s] -- Symlinking: /home/rosievoice/main_ws/mic_ws/install/prototype/share/prototype//launch/gui.launch.py
[76.374s] -- Symlinking: /home/rosievoice/main_ws/mic_ws/install/prototype/share/prototype//launch/hand_gesture.launch.py
[76.410s] -- Symlinking: /home/rosievoice/main_ws/mic_ws/install/prototype/share/prototype//launch/image_pro.py
[76.441s] -- Symlinking: /home/rosievoice/main_ws/mic_ws/install/prototype/share/prototype//launch/imu_launch.py
[76.474s] -- Symlinking: /home/rosievoice/main_ws/mic_ws/install/prototype/share/prototype//launch/joystick.launch.py
[76.507s] -- Symlinking: /home/rosievoice/main_ws/mic_ws/install/prototype/share/prototype//launch/laser_launch.py
[76.540s] -- Symlinking: /home/rosievoice/main_ws/mic_ws/install/prototype/share/prototype//launch/localization_launch.py
[76.572s] -- Symlinking: /home/rosievoice/main_ws/mic_ws/install/prototype/share/prototype//launch/main_launch.py
[76.605s] -- Symlinking: /home/rosievoice/main_ws/mic_ws/install/prototype/share/prototype//launch/motor_launch.py
[76.636s] -- Symlinking: /home/rosievoice/main_ws/mic_ws/install/prototype/share/prototype//launch/navigation.launch.py
[76.668s] -- Symlinking: /home/rosievoice/main_ws/mic_ws/install/prototype/share/prototype//launch/no_com_camera.launch.py
[76.702s] -- Symlinking: /home/rosievoice/main_ws/mic_ws/install/prototype/share/prototype//launch/rgbd_pcl.launch.py
[76.736s] -- Symlinking: /home/rosievoice/main_ws/mic_ws/install/prototype/share/prototype//launch/robot_localization_launch.py
[76.767s] -- Symlinking: /home/rosievoice/main_ws/mic_ws/install/prototype/share/prototype//launch/robotmodel.launch.py
[76.799s] -- Symlinking: /home/rosievoice/main_ws/mic_ws/install/prototype/share/prototype//launch/rtab_odom.launch.py
[76.833s] -- Symlinking: /home/rosievoice/main_ws/mic_ws/install/prototype/share/prototype//launch/rtabmap.launch.py
[76.865s] -- Symlinking: /home/rosievoice/main_ws/mic_ws/install/prototype/share/prototype//launch/rviz2_launch.py
[76.899s] -- Symlinking: /home/rosievoice/main_ws/mic_ws/install/prototype/share/prototype//launch/sensors_launch.py
[76.931s] -- Symlinking: /home/rosievoice/main_ws/mic_ws/install/prototype/share/prototype//launch/spatial_bb.launch.py
[76.964s] -- Symlinking: /home/rosievoice/main_ws/mic_ws/install/prototype/share/prototype//launch/spawn.launch.xml
[77.001s] -- Symlinking: /home/rosievoice/main_ws/mic_ws/install/prototype/share/prototype//launch/spawn_pos.launch.py
[77.042s] -- Symlinking: /home/rosievoice/main_ws/mic_ws/install/prototype/share/prototype//launch/stereo.launch.py
[77.092s] -- Symlinking: /home/rosievoice/main_ws/mic_ws/install/prototype/share/prototype//action/AiCamera.action
[77.136s] -- Symlinking: /home/rosievoice/main_ws/mic_ws/install/prototype/share/prototype//action/FoodMenu.action
[77.180s] -- Symlinking: /home/rosievoice/main_ws/mic_ws/install/prototype/share/prototype//action/GoTo.action
[77.224s] -- Symlinking: /home/rosievoice/main_ws/mic_ws/install/prototype/share/prototype//action/SendCoordinates.action
[77.260s] -- Symlinking: /home/rosievoice/main_ws/mic_ws/install/prototype/share/prototype//worlds/empty_world.world
[77.295s] -- Symlinking: /home/rosievoice/main_ws/mic_ws/install/prototype/share/prototype//models/box_room/meshes/box_room.dae
[77.327s] -- Symlinking: /home/rosievoice/main_ws/mic_ws/install/prototype/share/prototype//models/box_room/meshes/chambre.png
[77.358s] -- Symlinking: /home/rosievoice/main_ws/mic_ws/install/prototype/share/prototype//models/model.config
[77.391s] -- Symlinking: /home/rosievoice/main_ws/mic_ws/install/prototype/share/prototype//models/model.sdf
[77.425s] -- Symlinking: /home/rosievoice/main_ws/mic_ws/install/prototype/share/prototype//urdf/camera.xacro
[77.458s] -- Symlinking: /home/rosievoice/main_ws/mic_ws/install/prototype/share/prototype//urdf/hardware_interface.xacro
[77.491s] -- Symlinking: /home/rosievoice/main_ws/mic_ws/install/prototype/share/prototype//urdf/joint_macros.xacro
[77.523s] -- Symlinking: /home/rosievoice/main_ws/mic_ws/install/prototype/share/prototype//urdf/lidar.xacro
[77.555s] -- Symlinking: /home/rosievoice/main_ws/mic_ws/install/prototype/share/prototype//urdf/link_macros.xacro
[77.588s] -- Symlinking: /home/rosievoice/main_ws/mic_ws/install/prototype/share/prototype//urdf/prototype.xacro
[77.620s] -- Symlinking: /home/rosievoice/main_ws/mic_ws/install/prototype/share/prototype//urdf/wheel.xacro
[77.652s] -- Symlinking: /home/rosievoice/main_ws/mic_ws/install/prototype/share/prototype//sambot/camera.xacro
[77.684s] -- Symlinking: /home/rosievoice/main_ws/mic_ws/install/prototype/share/prototype//sambot/hardware_interface.xacro
[77.718s] -- Symlinking: /home/rosievoice/main_ws/mic_ws/install/prototype/share/prototype//sambot/joint_macros.xacro
[77.749s] -- Symlinking: /home/rosievoice/main_ws/mic_ws/install/prototype/share/prototype//sambot/lidar.xacro
[77.780s] -- Symlinking: /home/rosievoice/main_ws/mic_ws/install/prototype/share/prototype//sambot/link_macros.xacro
[77.813s] -- Symlinking: /home/rosievoice/main_ws/mic_ws/install/prototype/share/prototype//sambot/prototype.xacro
[77.844s] -- Symlinking: /home/rosievoice/main_ws/mic_ws/install/prototype/share/prototype//sambot/wheel.xacro
[77.878s] -- Symlinking: /home/rosievoice/main_ws/mic_ws/install/prototype/share/prototype//meshes/Dazzling.stl
[77.912s] -- Symlinking: /home/rosievoice/main_ws/mic_ws/install/prototype/share/prototype//meshes/Dbrakes2K.png
[77.943s] -- Symlinking: /home/rosievoice/main_ws/mic_ws/install/prototype/share/prototype//meshes/Dreaotherothertex2K.png
[77.974s] -- Symlinking: /home/rosievoice/main_ws/mic_ws/install/prototype/share/prototype//meshes/Dtire_rim_detail2Ktex.png
[78.007s] -- Symlinking: /home/rosievoice/main_ws/mic_ws/install/prototype/share/prototype//meshes/Material Base Color.png
[78.039s] -- Symlinking: /home/rosievoice/main_ws/mic_ws/install/prototype/share/prototype//meshes/Material.005 Base Color.png
[78.071s] -- Symlinking: /home/rosievoice/main_ws/mic_ws/install/prototype/share/prototype//meshes/Prototype_mesh(1).stl
[78.103s] -- Symlinking: /home/rosievoice/main_ws/mic_ws/install/prototype/share/prototype//meshes/Prototype_mesh(3).stl
[78.135s] -- Symlinking: /home/rosievoice/main_ws/mic_ws/install/prototype/share/prototype//meshes/Prototype_mesh.stl
[78.167s] -- Symlinking: /home/rosievoice/main_ws/mic_ws/install/prototype/share/prototype//meshes/Wheels.dae
[78.200s] -- Symlinking: /home/rosievoice/main_ws/mic_ws/install/prototype/share/prototype//meshes/blender_mesh.stl
[78.234s] -- Symlinking: /home/rosievoice/main_ws/mic_ws/install/prototype/share/prototype//meshes/crane base.png
[78.265s] -- Symlinking: /home/rosievoice/main_ws/mic_ws/install/prototype/share/prototype//meshes/crane stand.001.png
[78.298s] -- Symlinking: /home/rosievoice/main_ws/mic_ws/install/prototype/share/prototype//meshes/crane.blend
[78.329s] -- Symlinking: /home/rosievoice/main_ws/mic_ws/install/prototype/share/prototype//meshes/crane.blend1
[78.359s] -- Symlinking: /home/rosievoice/main_ws/mic_ws/install/prototype/share/prototype//meshes/crane.dae
[78.391s] -- Symlinking: /home/rosievoice/main_ws/mic_ws/install/prototype/share/prototype//meshes/crane_base.png
[78.423s] -- Symlinking: /home/rosievoice/main_ws/mic_ws/install/prototype/share/prototype//meshes/crane_stand.png
[78.456s] -- Symlinking: /home/rosievoice/main_ws/mic_ws/install/prototype/share/prototype//meshes/cute_cube.blend
[78.488s] -- Symlinking: /home/rosievoice/main_ws/mic_ws/install/prototype/share/prototype//meshes/cute_cube.dae
[78.521s] -- Symlinking: /home/rosievoice/main_ws/mic_ws/install/prototype/share/prototype//meshes/first wheel.blend
[78.553s] -- Symlinking: /home/rosievoice/main_ws/mic_ws/install/prototype/share/prototype//meshes/gear color.png
[78.585s] -- Symlinking: /home/rosievoice/main_ws/mic_ws/install/prototype/share/prototype//meshes/lambert3_baseColor.png
[78.617s] -- Symlinking: /home/rosievoice/main_ws/mic_ws/install/prototype/share/prototype//meshes/motor .png
[78.651s] -- Symlinking: /home/rosievoice/main_ws/mic_ws/install/prototype/share/prototype//meshes/prototype.blend
[78.682s] -- Symlinking: /home/rosievoice/main_ws/mic_ws/install/prototype/share/prototype//meshes/prototype.dae
[78.715s] -- Symlinking: /home/rosievoice/main_ws/mic_ws/install/prototype/share/prototype//meshes/sensors/realsense.dae
[78.746s] -- Symlinking: /home/rosievoice/main_ws/mic_ws/install/prototype/share/prototype//meshes/sensors/rplidar.dae
[78.778s] -- Symlinking: /home/rosievoice/main_ws/mic_ws/install/prototype/share/prototype//meshes/sensors/rplidartexture.png
[78.810s] -- Symlinking: /home/rosievoice/main_ws/mic_ws/install/prototype/share/prototype//meshes/textures/lambert3_baseColor.png
[78.842s] -- Symlinking: /home/rosievoice/main_ws/mic_ws/install/prototype/share/prototype//meshes/tinker.stl
[78.874s] -- Symlinking: /home/rosievoice/main_ws/mic_ws/install/prototype/share/prototype//meshes/tire_rubber_2K_NRM.png
[78.907s] -- Symlinking: /home/rosievoice/main_ws/mic_ws/install/prototype/share/prototype//meshes/tires/obj.mtl
[78.938s] -- Symlinking: /home/rosievoice/main_ws/mic_ws/install/prototype/share/prototype//meshes/tires/tinker.obj
[78.972s] -- Symlinking: /home/rosievoice/main_ws/mic_ws/install/prototype/share/prototype//scripts/__init__.py
[79.007s] -- Symlinking: /home/rosievoice/main_ws/mic_ws/install/prototype/share/prototype//scripts/__pycache__/gesture_recognition.cpython-310.pyc
[79.039s] -- Symlinking: /home/rosievoice/main_ws/mic_ws/install/prototype/share/prototype//scripts/__pycache__/robot_navigator.cpython-310.pyc
[79.071s] -- Symlinking: /home/rosievoice/main_ws/mic_ws/install/prototype/share/prototype//scripts/action_client.py
[79.103s] -- Symlinking: /home/rosievoice/main_ws/mic_ws/install/prototype/share/prototype//scripts/action_server.py
[79.134s] -- Symlinking: /home/rosievoice/main_ws/mic_ws/install/prototype/share/prototype//scripts/battery.py
[79.165s] -- Symlinking: /home/rosievoice/main_ws/mic_ws/install/prototype/share/prototype//scripts/battery_boot.py
[79.197s] -- Symlinking: /home/rosievoice/main_ws/mic_ws/install/prototype/share/prototype//scripts/battery_test.py
[79.229s] -- Symlinking: /home/rosievoice/main_ws/mic_ws/install/prototype/share/prototype//scripts/behaviours.py
[79.262s] -- Symlinking: /home/rosievoice/main_ws/mic_ws/install/prototype/share/prototype//scripts/cvfpscalc.py
[79.294s] -- Symlinking: /home/rosievoice/main_ws/mic_ws/install/prototype/share/prototype//scripts/data_gathering.py
[79.325s] -- Symlinking: /home/rosievoice/main_ws/mic_ws/install/prototype/share/prototype//scripts/face.py
[79.358s] -- Symlinking: /home/rosievoice/main_ws/mic_ws/install/prototype/share/prototype//scripts/gesture_recognition.py
[79.390s] -- Symlinking: /home/rosievoice/main_ws/mic_ws/install/prototype/share/prototype//scripts/goal.py
[79.422s] -- Symlinking: /home/rosievoice/main_ws/mic_ws/install/prototype/share/prototype//scripts/hand.py
[79.454s] -- Symlinking: /home/rosievoice/main_ws/mic_ws/install/prototype/share/prototype//scripts/hand_sign_recognition.py
[79.486s] -- Symlinking: /home/rosievoice/main_ws/mic_ws/install/prototype/share/prototype//scripts/map.py
[79.519s] -- Symlinking: /home/rosievoice/main_ws/mic_ws/install/prototype/share/prototype//scripts/map_object.py
[79.550s] -- Symlinking: /home/rosievoice/main_ws/mic_ws/install/prototype/share/prototype//scripts/move_laser.py
[79.583s] -- Symlinking: /home/rosievoice/main_ws/mic_ws/install/prototype/share/prototype//scripts/move_shaft.py
[79.615s] -- Symlinking: /home/rosievoice/main_ws/mic_ws/install/prototype/share/prototype//scripts/object_broadcast.py
[79.647s] -- Symlinking: /home/rosievoice/main_ws/mic_ws/install/prototype/share/prototype//scripts/odom_base.py
[79.681s] -- Symlinking: /home/rosievoice/main_ws/mic_ws/install/prototype/share/prototype//scripts/py_tree_server.py
[79.714s] -- Symlinking: /home/rosievoice/main_ws/mic_ws/install/prototype/share/prototype//scripts/robot_navigator.py
[79.747s] -- Symlinking: /home/rosievoice/main_ws/mic_ws/install/prototype/share/prototype//scripts/robotmodel.py
[79.779s] -- Symlinking: /home/rosievoice/main_ws/mic_ws/install/prototype/share/prototype//scripts/service_velocity.py
[79.811s] -- Symlinking: /home/rosievoice/main_ws/mic_ws/install/prototype/share/prototype//scripts/spatial.py
[79.843s] -- Symlinking: /home/rosievoice/main_ws/mic_ws/install/prototype/share/prototype//scripts/string_sub.py
[79.874s] -- Symlinking: /home/rosievoice/main_ws/mic_ws/install/prototype/share/prototype//scripts/test.py
[79.907s] -- Symlinking: /home/rosievoice/main_ws/mic_ws/install/prototype/share/prototype//scripts/tf.py
[79.938s] -- Symlinking: /home/rosievoice/main_ws/mic_ws/install/prototype/share/prototype//scripts/waiter.dot
[79.969s] -- Symlinking: /home/rosievoice/main_ws/mic_ws/install/prototype/share/prototype//scripts/waiter.png
[80.001s] -- Symlinking: /home/rosievoice/main_ws/mic_ws/install/prototype/share/prototype//scripts/waiter.svg
[80.033s] -- Symlinking: /home/rosievoice/main_ws/mic_ws/install/prototype/share/prototype//rviz/localizer_rviz_config.rviz
[80.067s] -- Symlinking: /home/rosievoice/main_ws/mic_ws/install/prototype/share/prototype//msg/DistanceAngle.msg
[80.100s] -- Symlinking: /home/rosievoice/main_ws/mic_ws/install/prototype/share/prototype//msg/Food.msg
[80.132s] -- Symlinking: /home/rosievoice/main_ws/mic_ws/install/prototype/lib/prototype/move_laser.py
[80.166s] -- Symlinking: /home/rosievoice/main_ws/mic_ws/install/prototype/lib/prototype/move_shaft.py
[80.197s] -- Symlinking: /home/rosievoice/main_ws/mic_ws/install/prototype/lib/prototype/action_client.py
[80.229s] -- Symlinking: /home/rosievoice/main_ws/mic_ws/install/prototype/share/ament_index/resource_index/rosidl_interfaces/prototype
[80.266s] -- Symlinking: /home/rosievoice/main_ws/mic_ws/install/prototype/include/prototype/prototype/action/ai_camera.h
[80.301s] -- Symlinking: /home/rosievoice/main_ws/mic_ws/install/prototype/include/prototype/prototype/action/detail/ai_camera__functions.h
[80.335s] -- Symlinking: /home/rosievoice/main_ws/mic_ws/install/prototype/include/prototype/prototype/action/detail/ai_camera__struct.h
[80.366s] -- Symlinking: /home/rosievoice/main_ws/mic_ws/install/prototype/include/prototype/prototype/action/detail/ai_camera__type_support.h
[80.398s] -- Symlinking: /home/rosievoice/main_ws/mic_ws/install/prototype/include/prototype/prototype/action/detail/food_menu__functions.h
[80.432s] -- Symlinking: /home/rosievoice/main_ws/mic_ws/install/prototype/include/prototype/prototype/action/detail/food_menu__struct.h
[80.464s] -- Symlinking: /home/rosievoice/main_ws/mic_ws/install/prototype/include/prototype/prototype/action/detail/food_menu__type_support.h
[80.495s] -- Symlinking: /home/rosievoice/main_ws/mic_ws/install/prototype/include/prototype/prototype/action/detail/go_to__functions.h
[80.528s] -- Symlinking: /home/rosievoice/main_ws/mic_ws/install/prototype/include/prototype/prototype/action/detail/go_to__struct.h
[80.560s] -- Symlinking: /home/rosievoice/main_ws/mic_ws/install/prototype/include/prototype/prototype/action/detail/go_to__type_support.h
[80.591s] -- Symlinking: /home/rosievoice/main_ws/mic_ws/install/prototype/include/prototype/prototype/action/detail/send_coordinates__functions.h
[80.623s] -- Symlinking: /home/rosievoice/main_ws/mic_ws/install/prototype/include/prototype/prototype/action/detail/send_coordinates__struct.h
[80.654s] -- Symlinking: /home/rosievoice/main_ws/mic_ws/install/prototype/include/prototype/prototype/action/detail/send_coordinates__type_support.h
[80.686s] -- Symlinking: /home/rosievoice/main_ws/mic_ws/install/prototype/include/prototype/prototype/action/food_menu.h
[80.720s] -- Symlinking: /home/rosievoice/main_ws/mic_ws/install/prototype/include/prototype/prototype/action/go_to.h
[80.750s] -- Symlinking: /home/rosievoice/main_ws/mic_ws/install/prototype/include/prototype/prototype/action/send_coordinates.h
[80.784s] -- Symlinking: /home/rosievoice/main_ws/mic_ws/install/prototype/include/prototype/prototype/msg/detail/distance_angle__functions.h
[80.816s] -- Symlinking: /home/rosievoice/main_ws/mic_ws/install/prototype/include/prototype/prototype/msg/detail/distance_angle__struct.h
[80.848s] -- Symlinking: /home/rosievoice/main_ws/mic_ws/install/prototype/include/prototype/prototype/msg/detail/distance_angle__type_support.h
[80.880s] -- Symlinking: /home/rosievoice/main_ws/mic_ws/install/prototype/include/prototype/prototype/msg/detail/food__functions.h
[80.911s] -- Symlinking: /home/rosievoice/main_ws/mic_ws/install/prototype/include/prototype/prototype/msg/detail/food__struct.h
[80.944s] -- Symlinking: /home/rosievoice/main_ws/mic_ws/install/prototype/include/prototype/prototype/msg/detail/food__type_support.h
[80.997s] -- Symlinking: /home/rosievoice/main_ws/mic_ws/install/prototype/include/prototype/prototype/msg/distance_angle.h
[81.036s] -- Symlinking: /home/rosievoice/main_ws/mic_ws/install/prototype/include/prototype/prototype/msg/food.h
[81.068s] -- Symlinking: /home/rosievoice/main_ws/mic_ws/install/prototype/include/prototype/prototype/msg/rosidl_generator_c__visibility_control.h
[81.101s] -- Symlinking: /home/rosievoice/main_ws/mic_ws/install/prototype/share/prototype/environment/library_path.sh
[81.134s] -- Symlinking: /home/rosievoice/main_ws/mic_ws/install/prototype/share/prototype/environment/library_path.dsv
[81.170s] -- Symlinking: /home/rosievoice/main_ws/mic_ws/install/prototype/include/prototype/prototype/action/detail/ai_camera__rosidl_typesupport_fastrtps_c.h
[81.204s] -- Symlinking: /home/rosievoice/main_ws/mic_ws/install/prototype/include/prototype/prototype/action/detail/food_menu__rosidl_typesupport_fastrtps_c.h
[81.235s] -- Symlinking: /home/rosievoice/main_ws/mic_ws/install/prototype/include/prototype/prototype/action/detail/go_to__rosidl_typesupport_fastrtps_c.h
[81.267s] -- Symlinking: /home/rosievoice/main_ws/mic_ws/install/prototype/include/prototype/prototype/action/detail/send_coordinates__rosidl_typesupport_fastrtps_c.h
[81.300s] -- Symlinking: /home/rosievoice/main_ws/mic_ws/install/prototype/include/prototype/prototype/msg/detail/distance_angle__rosidl_typesupport_fastrtps_c.h
[81.331s] -- Symlinking: /home/rosievoice/main_ws/mic_ws/install/prototype/include/prototype/prototype/msg/detail/food__rosidl_typesupport_fastrtps_c.h
[81.365s] -- Symlinking: /home/rosievoice/main_ws/mic_ws/install/prototype/include/prototype/prototype/msg/rosidl_typesupport_fastrtps_c__visibility_control.h
[81.400s] -- Symlinking: /home/rosievoice/main_ws/mic_ws/install/prototype/include/prototype/prototype/action/ai_camera.hpp
[81.433s] -- Symlinking: /home/rosievoice/main_ws/mic_ws/install/prototype/include/prototype/prototype/action/detail/ai_camera__builder.hpp
[81.465s] -- Symlinking: /home/rosievoice/main_ws/mic_ws/install/prototype/include/prototype/prototype/action/detail/ai_camera__struct.hpp
[81.498s] -- Symlinking: /home/rosievoice/main_ws/mic_ws/install/prototype/include/prototype/prototype/action/detail/ai_camera__traits.hpp
[81.530s] -- Symlinking: /home/rosievoice/main_ws/mic_ws/install/prototype/include/prototype/prototype/action/detail/food_menu__builder.hpp
[81.562s] -- Symlinking: /home/rosievoice/main_ws/mic_ws/install/prototype/include/prototype/prototype/action/detail/food_menu__struct.hpp
[81.595s] -- Symlinking: /home/rosievoice/main_ws/mic_ws/install/prototype/include/prototype/prototype/action/detail/food_menu__traits.hpp
[81.626s] -- Symlinking: /home/rosievoice/main_ws/mic_ws/install/prototype/include/prototype/prototype/action/detail/go_to__builder.hpp
[81.658s] -- Symlinking: /home/rosievoice/main_ws/mic_ws/install/prototype/include/prototype/prototype/action/detail/go_to__struct.hpp
[81.690s] -- Symlinking: /home/rosievoice/main_ws/mic_ws/install/prototype/include/prototype/prototype/action/detail/go_to__traits.hpp
[81.722s] -- Symlinking: /home/rosievoice/main_ws/mic_ws/install/prototype/include/prototype/prototype/action/detail/send_coordinates__builder.hpp
[81.753s] -- Symlinking: /home/rosievoice/main_ws/mic_ws/install/prototype/include/prototype/prototype/action/detail/send_coordinates__struct.hpp
[81.786s] -- Symlinking: /home/rosievoice/main_ws/mic_ws/install/prototype/include/prototype/prototype/action/detail/send_coordinates__traits.hpp
[81.821s] -- Symlinking: /home/rosievoice/main_ws/mic_ws/install/prototype/include/prototype/prototype/action/food_menu.hpp
[81.852s] -- Symlinking: /home/rosievoice/main_ws/mic_ws/install/prototype/include/prototype/prototype/action/go_to.hpp
[81.884s] -- Symlinking: /home/rosievoice/main_ws/mic_ws/install/prototype/include/prototype/prototype/action/send_coordinates.hpp
[81.916s] -- Symlinking: /home/rosievoice/main_ws/mic_ws/install/prototype/include/prototype/prototype/msg/detail/distance_angle__builder.hpp
[81.949s] -- Symlinking: /home/rosievoice/main_ws/mic_ws/install/prototype/include/prototype/prototype/msg/detail/distance_angle__struct.hpp
[81.981s] -- Symlinking: /home/rosievoice/main_ws/mic_ws/install/prototype/include/prototype/prototype/msg/detail/distance_angle__traits.hpp
[82.013s] -- Symlinking: /home/rosievoice/main_ws/mic_ws/install/prototype/include/prototype/prototype/msg/detail/food__builder.hpp
[82.047s] -- Symlinking: /home/rosievoice/main_ws/mic_ws/install/prototype/include/prototype/prototype/msg/detail/food__struct.hpp
[82.080s] -- Symlinking: /home/rosievoice/main_ws/mic_ws/install/prototype/include/prototype/prototype/msg/detail/food__traits.hpp
[82.112s] -- Symlinking: /home/rosievoice/main_ws/mic_ws/install/prototype/include/prototype/prototype/msg/distance_angle.hpp
[82.147s] -- Symlinking: /home/rosievoice/main_ws/mic_ws/install/prototype/include/prototype/prototype/msg/food.hpp
[82.184s] -- Symlinking: /home/rosievoice/main_ws/mic_ws/install/prototype/include/prototype/prototype/action/detail/ai_camera__rosidl_typesupport_fastrtps_cpp.hpp
[82.219s] -- Symlinking: /home/rosievoice/main_ws/mic_ws/install/prototype/include/prototype/prototype/action/detail/food_menu__rosidl_typesupport_fastrtps_cpp.hpp
[82.250s] -- Symlinking: /home/rosievoice/main_ws/mic_ws/install/prototype/include/prototype/prototype/action/detail/go_to__rosidl_typesupport_fastrtps_cpp.hpp
[82.282s] -- Symlinking: /home/rosievoice/main_ws/mic_ws/install/prototype/include/prototype/prototype/action/detail/send_coordinates__rosidl_typesupport_fastrtps_cpp.hpp
[82.314s] -- Symlinking: /home/rosievoice/main_ws/mic_ws/install/prototype/include/prototype/prototype/msg/detail/distance_angle__rosidl_typesupport_fastrtps_cpp.hpp
[82.345s] -- Symlinking: /home/rosievoice/main_ws/mic_ws/install/prototype/include/prototype/prototype/msg/detail/food__rosidl_typesupport_fastrtps_cpp.hpp
[82.377s] -- Symlinking: /home/rosievoice/main_ws/mic_ws/install/prototype/include/prototype/prototype/msg/rosidl_typesupport_fastrtps_cpp__visibility_control.h
[82.411s] -- Symlinking: /home/rosievoice/main_ws/mic_ws/install/prototype/include/prototype/prototype/action/detail/ai_camera__rosidl_typesupport_introspection_c.h
[82.445s] -- Symlinking: /home/rosievoice/main_ws/mic_ws/install/prototype/include/prototype/prototype/action/detail/food_menu__rosidl_typesupport_introspection_c.h
[82.478s] -- Symlinking: /home/rosievoice/main_ws/mic_ws/install/prototype/include/prototype/prototype/action/detail/go_to__rosidl_typesupport_introspection_c.h
[82.509s] -- Symlinking: /home/rosievoice/main_ws/mic_ws/install/prototype/include/prototype/prototype/action/detail/send_coordinates__rosidl_typesupport_introspection_c.h
[82.542s] -- Symlinking: /home/rosievoice/main_ws/mic_ws/install/prototype/include/prototype/prototype/msg/detail/distance_angle__rosidl_typesupport_introspection_c.h
[82.573s] -- Symlinking: /home/rosievoice/main_ws/mic_ws/install/prototype/include/prototype/prototype/msg/detail/food__rosidl_typesupport_introspection_c.h
[82.606s] -- Symlinking: /home/rosievoice/main_ws/mic_ws/install/prototype/include/prototype/prototype/msg/rosidl_typesupport_introspection_c__visibility_control.h
[82.640s] -- Symlinking: /home/rosievoice/main_ws/mic_ws/install/prototype/include/prototype/prototype/action/detail/ai_camera__rosidl_typesupport_introspection_cpp.hpp
[82.674s] -- Symlinking: /home/rosievoice/main_ws/mic_ws/install/prototype/include/prototype/prototype/action/detail/food_menu__rosidl_typesupport_introspection_cpp.hpp
[82.705s] -- Symlinking: /home/rosievoice/main_ws/mic_ws/install/prototype/include/prototype/prototype/action/detail/go_to__rosidl_typesupport_introspection_cpp.hpp
[82.736s] -- Symlinking: /home/rosievoice/main_ws/mic_ws/install/prototype/include/prototype/prototype/action/detail/send_coordinates__rosidl_typesupport_introspection_cpp.hpp
[82.768s] -- Symlinking: /home/rosievoice/main_ws/mic_ws/install/prototype/include/prototype/prototype/msg/detail/distance_angle__rosidl_typesupport_introspection_cpp.hpp
[82.802s] -- Symlinking: /home/rosievoice/main_ws/mic_ws/install/prototype/include/prototype/prototype/msg/detail/food__rosidl_typesupport_introspection_cpp.hpp
[82.833s] -- Symlinking: /home/rosievoice/main_ws/mic_ws/install/prototype/share/prototype/environment/pythonpath.sh
[82.865s] -- Symlinking: /home/rosievoice/main_ws/mic_ws/install/prototype/share/prototype/environment/pythonpath.dsv
[82.898s] -- Symlinking: /home/rosievoice/main_ws/mic_ws/install/prototype/local/lib/python3.10/dist-packages/prototype-0.0.0-py3.10.egg-info/PKG-INFO
[82.931s] -- Symlinking: /home/rosievoice/main_ws/mic_ws/install/prototype/local/lib/python3.10/dist-packages/prototype-0.0.0-py3.10.egg-info/SOURCES.txt
[82.962s] -- Symlinking: /home/rosievoice/main_ws/mic_ws/install/prototype/local/lib/python3.10/dist-packages/prototype-0.0.0-py3.10.egg-info/dependency_links.txt
[82.994s] -- Symlinking: /home/rosievoice/main_ws/mic_ws/install/prototype/local/lib/python3.10/dist-packages/prototype-0.0.0-py3.10.egg-info/top_level.txt
[83.034s] -- Symlinking: /home/rosievoice/main_ws/mic_ws/install/prototype/local/lib/python3.10/dist-packages/prototype/__init__.py
[83.067s] -- Symlinking: /home/rosievoice/main_ws/mic_ws/install/prototype/local/lib/python3.10/dist-packages/prototype/_prototype_s.ep.rosidl_typesupport_c.c
[83.099s] -- Symlinking: /home/rosievoice/main_ws/mic_ws/install/prototype/local/lib/python3.10/dist-packages/prototype/_prototype_s.ep.rosidl_typesupport_fastrtps_c.c
[83.130s] -- Symlinking: /home/rosievoice/main_ws/mic_ws/install/prototype/local/lib/python3.10/dist-packages/prototype/_prototype_s.ep.rosidl_typesupport_introspection_c.c
[83.163s] -- Symlinking: /home/rosievoice/main_ws/mic_ws/install/prototype/local/lib/python3.10/dist-packages/prototype/action/__init__.py
[83.196s] -- Symlinking: /home/rosievoice/main_ws/mic_ws/install/prototype/local/lib/python3.10/dist-packages/prototype/action/_ai_camera.py
[83.231s] -- Symlinking: /home/rosievoice/main_ws/mic_ws/install/prototype/local/lib/python3.10/dist-packages/prototype/action/_ai_camera_s.c
[83.262s] -- Symlinking: /home/rosievoice/main_ws/mic_ws/install/prototype/local/lib/python3.10/dist-packages/prototype/action/_food_menu.py
[83.293s] -- Symlinking: /home/rosievoice/main_ws/mic_ws/install/prototype/local/lib/python3.10/dist-packages/prototype/action/_food_menu_s.c
[83.326s] -- Symlinking: /home/rosievoice/main_ws/mic_ws/install/prototype/local/lib/python3.10/dist-packages/prototype/action/_go_to.py
[83.356s] -- Symlinking: /home/rosievoice/main_ws/mic_ws/install/prototype/local/lib/python3.10/dist-packages/prototype/action/_go_to_s.c
[83.388s] -- Symlinking: /home/rosievoice/main_ws/mic_ws/install/prototype/local/lib/python3.10/dist-packages/prototype/action/_send_coordinates.py
[83.420s] -- Symlinking: /home/rosievoice/main_ws/mic_ws/install/prototype/local/lib/python3.10/dist-packages/prototype/action/_send_coordinates_s.c
[83.453s] -- Symlinking: /home/rosievoice/main_ws/mic_ws/install/prototype/local/lib/python3.10/dist-packages/prototype/libprototype__rosidl_generator_py.so
[83.485s] -- Symlinking: /home/rosievoice/main_ws/mic_ws/install/prototype/local/lib/python3.10/dist-packages/prototype/msg/__init__.py
[83.517s] -- Symlinking: /home/rosievoice/main_ws/mic_ws/install/prototype/local/lib/python3.10/dist-packages/prototype/msg/_distance_angle.py
[83.549s] -- Symlinking: /home/rosievoice/main_ws/mic_ws/install/prototype/local/lib/python3.10/dist-packages/prototype/msg/_distance_angle_s.c
[83.580s] -- Symlinking: /home/rosievoice/main_ws/mic_ws/install/prototype/local/lib/python3.10/dist-packages/prototype/msg/_food.py
[83.613s] -- Symlinking: /home/rosievoice/main_ws/mic_ws/install/prototype/local/lib/python3.10/dist-packages/prototype/msg/_food_s.c
[83.645s] -- Symlinking: /home/rosievoice/main_ws/mic_ws/install/prototype/local/lib/python3.10/dist-packages/prototype/prototype_s__rosidl_typesupport_c.cpython-310-aarch64-linux-gnu.so
[83.677s] -- Symlinking: /home/rosievoice/main_ws/mic_ws/install/prototype/local/lib/python3.10/dist-packages/prototype/prototype_s__rosidl_typesupport_fastrtps_c.cpython-310-aarch64-linux-gnu.so
[83.709s] -- Symlinking: /home/rosievoice/main_ws/mic_ws/install/prototype/local/lib/python3.10/dist-packages/prototype/prototype_s__rosidl_typesupport_introspection_c.cpython-310-aarch64-linux-gnu.so
[83.742s] -- Up-to-date symlink: /home/rosievoice/main_ws/mic_ws/install/prototype/local/lib/python3.10/dist-packages/prototype/prototype_s__rosidl_typesupport_fastrtps_c.cpython-310-aarch64-linux-gnu.so
[83.743s] -- Up-to-date symlink: /home/rosievoice/main_ws/mic_ws/install/prototype/local/lib/python3.10/dist-packages/prototype/prototype_s__rosidl_typesupport_introspection_c.cpython-310-aarch64-linux-gnu.so
[83.745s] -- Up-to-date symlink: /home/rosievoice/main_ws/mic_ws/install/prototype/local/lib/python3.10/dist-packages/prototype/prototype_s__rosidl_typesupport_c.cpython-310-aarch64-linux-gnu.so
[83.746s] -- Symlinking: /home/rosievoice/main_ws/mic_ws/install/prototype/share/prototype/action/SendCoordinates.idl
[83.779s] -- Symlinking: /home/rosievoice/main_ws/mic_ws/install/prototype/share/prototype/action/GoTo.idl
[83.811s] -- Symlinking: /home/rosievoice/main_ws/mic_ws/install/prototype/share/prototype/action/FoodMenu.idl
[83.843s] -- Symlinking: /home/rosievoice/main_ws/mic_ws/install/prototype/share/prototype/action/AiCamera.idl
[83.875s] -- Symlinking: /home/rosievoice/main_ws/mic_ws/install/prototype/share/prototype/msg/Food.idl
[83.908s] -- Symlinking: /home/rosievoice/main_ws/mic_ws/install/prototype/share/prototype/msg/DistanceAngle.idl
[83.940s] -- Up-to-date symlink: /home/rosievoice/main_ws/mic_ws/install/prototype/share/prototype/action/SendCoordinates.action
[83.942s] -- Up-to-date symlink: /home/rosievoice/main_ws/mic_ws/install/prototype/share/prototype/action/GoTo.action
[83.943s] -- Up-to-date symlink: /home/rosievoice/main_ws/mic_ws/install/prototype/share/prototype/action/FoodMenu.action
[83.944s] -- Up-to-date symlink: /home/rosievoice/main_ws/mic_ws/install/prototype/share/prototype/action/AiCamera.action
[83.945s] -- Up-to-date symlink: /home/rosievoice/main_ws/mic_ws/install/prototype/share/prototype/msg/Food.msg
[83.946s] -- Up-to-date symlink: /home/rosievoice/main_ws/mic_ws/install/prototype/share/prototype/msg/DistanceAngle.msg
[83.947s] -- Symlinking: /home/rosievoice/main_ws/mic_ws/install/prototype/share/ament_index/resource_index/package_run_dependencies/prototype
[83.979s] -- Symlinking: /home/rosievoice/main_ws/mic_ws/install/prototype/share/ament_index/resource_index/parent_prefix_path/prototype
[84.011s] -- Symlinking: /home/rosievoice/main_ws/mic_ws/install/prototype/share/prototype/environment/ament_prefix_path.sh
[84.043s] -- Symlinking: /home/rosievoice/main_ws/mic_ws/install/prototype/share/prototype/environment/ament_prefix_path.dsv
[84.076s] -- Symlinking: /home/rosievoice/main_ws/mic_ws/install/prototype/share/prototype/environment/path.sh
[84.109s] -- Symlinking: /home/rosievoice/main_ws/mic_ws/install/prototype/share/prototype/environment/path.dsv
[84.142s] -- Symlinking: /home/rosievoice/main_ws/mic_ws/install/prototype/share/prototype/local_setup.bash
[84.174s] -- Symlinking: /home/rosievoice/main_ws/mic_ws/install/prototype/share/prototype/local_setup.sh
[84.206s] -- Symlinking: /home/rosievoice/main_ws/mic_ws/install/prototype/share/prototype/local_setup.zsh
[84.239s] -- Symlinking: /home/rosievoice/main_ws/mic_ws/install/prototype/share/prototype/local_setup.dsv
[84.274s] -- Symlinking: /home/rosievoice/main_ws/mic_ws/install/prototype/share/prototype/package.dsv
[84.310s] -- Symlinking: /home/rosievoice/main_ws/mic_ws/install/prototype/share/ament_index/resource_index/packages/prototype
[84.343s] -- Symlinking: /home/rosievoice/main_ws/mic_ws/install/prototype/share/prototype/cmake/rosidl_cmake-extras.cmake
[84.377s] -- Symlinking: /home/rosievoice/main_ws/mic_ws/install/prototype/share/prototype/cmake/ament_cmake_export_dependencies-extras.cmake
[84.409s] -- Symlinking: /home/rosievoice/main_ws/mic_ws/install/prototype/share/prototype/cmake/ament_cmake_export_include_directories-extras.cmake
[84.441s] -- Symlinking: /home/rosievoice/main_ws/mic_ws/install/prototype/share/prototype/cmake/ament_cmake_export_libraries-extras.cmake
[84.474s] -- Symlinking: /home/rosievoice/main_ws/mic_ws/install/prototype/share/prototype/cmake/ament_cmake_export_targets-extras.cmake
[84.507s] -- Symlinking: /home/rosievoice/main_ws/mic_ws/install/prototype/share/prototype/cmake/rosidl_cmake_export_typesupport_targets-extras.cmake
[84.538s] -- Symlinking: /home/rosievoice/main_ws/mic_ws/install/prototype/share/prototype/cmake/rosidl_cmake_export_typesupport_libraries-extras.cmake
[84.572s] -- Symlinking: /home/rosievoice/main_ws/mic_ws/install/prototype/share/prototype/cmake/prototypeConfig.cmake
[84.604s] -- Symlinking: /home/rosievoice/main_ws/mic_ws/install/prototype/share/prototype/cmake/prototypeConfig-version.cmake
[84.635s] -- Symlinking: /home/rosievoice/main_ws/mic_ws/install/prototype/share/prototype/package.xml
[84.667s] -- Installing: /home/rosievoice/main_ws/mic_ws/install/prototype/lib/libprototype__rosidl_generator_c.so
[84.673s] -- Set runtime path of "/home/rosievoice/main_ws/mic_ws/install/prototype/lib/libprototype__rosidl_generator_c.so" to ""
[84.674s] -- Installing: /home/rosievoice/main_ws/mic_ws/install/prototype/lib/libprototype__rosidl_typesupport_fastrtps_c.so
[84.679s] -- Set runtime path of "/home/rosievoice/main_ws/mic_ws/install/prototype/lib/libprototype__rosidl_typesupport_fastrtps_c.so" to ""
[84.680s] -- Installing: /home/rosievoice/main_ws/mic_ws/install/prototype/lib/libprototype__rosidl_typesupport_fastrtps_cpp.so
[84.685s] -- Set runtime path of "/home/rosievoice/main_ws/mic_ws/install/prototype/lib/libprototype__rosidl_typesupport_fastrtps_cpp.so" to ""
[84.685s] -- Installing: /home/rosievoice/main_ws/mic_ws/install/prototype/lib/libprototype__rosidl_typesupport_introspection_c.so
[84.689s] -- Set runtime path of "/home/rosievoice/main_ws/mic_ws/install/prototype/lib/libprototype__rosidl_typesupport_introspection_c.so" to ""
[84.689s] -- Installing: /home/rosievoice/main_ws/mic_ws/install/prototype/lib/libprototype__rosidl_typesupport_c.so
[84.692s] -- Set runtime path of "/home/rosievoice/main_ws/mic_ws/install/prototype/lib/libprototype__rosidl_typesupport_c.so" to ""
[84.693s] -- Installing: /home/rosievoice/main_ws/mic_ws/install/prototype/lib/libprototype__rosidl_typesupport_introspection_cpp.so
[84.697s] -- Set runtime path of "/home/rosievoice/main_ws/mic_ws/install/prototype/lib/libprototype__rosidl_typesupport_introspection_cpp.so" to ""
[84.697s] -- Installing: /home/rosievoice/main_ws/mic_ws/install/prototype/lib/libprototype__rosidl_typesupport_cpp.so
[84.701s] -- Set runtime path of "/home/rosievoice/main_ws/mic_ws/install/prototype/lib/libprototype__rosidl_typesupport_cpp.so" to ""
[84.943s] Listing '/home/rosievoice/main_ws/mic_ws/install/prototype/local/lib/python3.10/dist-packages/prototype'...
[84.944s] Compiling '/home/rosievoice/main_ws/mic_ws/install/prototype/local/lib/python3.10/dist-packages/prototype/__init__.py'...
[84.945s] Listing '/home/rosievoice/main_ws/mic_ws/install/prototype/local/lib/python3.10/dist-packages/prototype/action'...
[84.946s] Compiling '/home/rosievoice/main_ws/mic_ws/install/prototype/local/lib/python3.10/dist-packages/prototype/action/__init__.py'...
[84.947s] Compiling '/home/rosievoice/main_ws/mic_ws/install/prototype/local/lib/python3.10/dist-packages/prototype/action/_ai_camera.py'...
[84.948s] Compiling '/home/rosievoice/main_ws/mic_ws/install/prototype/local/lib/python3.10/dist-packages/prototype/action/_food_menu.py'...
[84.949s] Compiling '/home/rosievoice/main_ws/mic_ws/install/prototype/local/lib/python3.10/dist-packages/prototype/action/_go_to.py'...
[84.950s] Compiling '/home/rosievoice/main_ws/mic_ws/install/prototype/local/lib/python3.10/dist-packages/prototype/action/_send_coordinates.py'...
[84.951s] Listing '/home/rosievoice/main_ws/mic_ws/install/prototype/local/lib/python3.10/dist-packages/prototype/msg'...
[84.952s] Compiling '/home/rosievoice/main_ws/mic_ws/install/prototype/local/lib/python3.10/dist-packages/prototype/msg/__init__.py'...
[84.953s] Compiling '/home/rosievoice/main_ws/mic_ws/install/prototype/local/lib/python3.10/dist-packages/prototype/msg/_distance_angle.py'...
[84.954s] Compiling '/home/rosievoice/main_ws/mic_ws/install/prototype/local/lib/python3.10/dist-packages/prototype/msg/_food.py'...
[84.969s] -- Installing: /home/rosievoice/main_ws/mic_ws/install/prototype/lib/libprototype__rosidl_generator_py.so
[84.973s] -- Set runtime path of "/home/rosievoice/main_ws/mic_ws/install/prototype/lib/libprototype__rosidl_generator_py.so" to ""
[84.974s] -- Installing: /home/rosievoice/main_ws/mic_ws/install/prototype/share/prototype/cmake/export_prototype__rosidl_generator_cExport.cmake
[84.975s] -- Installing: /home/rosievoice/main_ws/mic_ws/install/prototype/share/prototype/cmake/export_prototype__rosidl_generator_cExport-noconfig.cmake
[84.977s] -- Installing: /home/rosievoice/main_ws/mic_ws/install/prototype/share/prototype/cmake/export_prototype__rosidl_typesupport_fastrtps_cExport.cmake
[84.979s] -- Installing: /home/rosievoice/main_ws/mic_ws/install/prototype/share/prototype/cmake/export_prototype__rosidl_typesupport_fastrtps_cExport-noconfig.cmake
[84.980s] -- Installing: /home/rosievoice/main_ws/mic_ws/install/prototype/share/prototype/cmake/export_prototype__rosidl_generator_cppExport.cmake
[84.982s] -- Installing: /home/rosievoice/main_ws/mic_ws/install/prototype/share/prototype/cmake/export_prototype__rosidl_typesupport_fastrtps_cppExport.cmake
[84.984s] -- Installing: /home/rosievoice/main_ws/mic_ws/install/prototype/share/prototype/cmake/export_prototype__rosidl_typesupport_fastrtps_cppExport-noconfig.cmake
[84.986s] -- Installing: /home/rosievoice/main_ws/mic_ws/install/prototype/share/prototype/cmake/prototype__rosidl_typesupport_introspection_cExport.cmake
[84.987s] -- Installing: /home/rosievoice/main_ws/mic_ws/install/prototype/share/prototype/cmake/prototype__rosidl_typesupport_introspection_cExport-noconfig.cmake
[84.989s] -- Installing: /home/rosievoice/main_ws/mic_ws/install/prototype/share/prototype/cmake/prototype__rosidl_typesupport_cExport.cmake
[84.990s] -- Installing: /home/rosievoice/main_ws/mic_ws/install/prototype/share/prototype/cmake/prototype__rosidl_typesupport_cExport-noconfig.cmake
[84.991s] -- Installing: /home/rosievoice/main_ws/mic_ws/install/prototype/share/prototype/cmake/prototype__rosidl_typesupport_introspection_cppExport.cmake
[84.993s] -- Installing: /home/rosievoice/main_ws/mic_ws/install/prototype/share/prototype/cmake/prototype__rosidl_typesupport_introspection_cppExport-noconfig.cmake
[84.995s] -- Installing: /home/rosievoice/main_ws/mic_ws/install/prototype/share/prototype/cmake/prototype__rosidl_typesupport_cppExport.cmake
[84.996s] -- Installing: /home/rosievoice/main_ws/mic_ws/install/prototype/share/prototype/cmake/prototype__rosidl_typesupport_cppExport-noconfig.cmake
[84.998s] -- Installing: /home/rosievoice/main_ws/mic_ws/install/prototype/share/prototype/cmake/export_prototype__rosidl_generator_pyExport.cmake
[84.999s] -- Installing: /home/rosievoice/main_ws/mic_ws/install/prototype/share/prototype/cmake/export_prototype__rosidl_generator_pyExport-noconfig.cmake
[85.009s] Invoked command in '/home/rosievoice/main_ws/mic_ws/build/prototype' returned '0': CMAKE_PREFIX_PATH=/opt/ros/humble /usr/bin/cmake --install /home/rosievoice/main_ws/mic_ws/build/prototype
