[0.074s] Invoking command in '/home/rosievoice/main_ws/mic_ws/build/prototype': CMAKE_PREFIX_PATH=/opt/ros/humble /usr/bin/cmake --build /home/rosievoice/main_ws/mic_ws/build/prototype -- -j4 -l4
[0.877s] [  1%] Built target prototype__cpp
[0.922s] [ 12%] Built target ament_cmake_python_symlink_prototype
[0.928s] [ 12%] Built target prototype__rosidl_generator_c
[1.049s] [ 23%] Built target prototype__rosidl_typesupport_cpp
[1.153s] [ 35%] Built target prototype__rosidl_typesupport_introspection_cpp
[1.201s] [ 46%] Built target prototype__rosidl_typesupport_fastrtps_cpp
[1.280s] [ 57%] Built target prototype__rosidl_typesupport_fastrtps_c
[1.399s] [ 69%] Built target prototype__rosidl_typesupport_introspection_c
[1.416s] [ 80%] Built target prototype__rosidl_typesupport_c
[1.549s] [ 80%] Built target prototype
[1.663s] [ 81%] Built target prototype__py
[2.021s] [ 91%] Built target prototype__rosidl_generator_py
[2.272s] [ 94%] Built target prototype__rosidl_typesupport_introspection_c__pyext
[2.289s] [ 97%] Built target prototype__rosidl_typesupport_fastrtps_c__pyext
[2.326s] [100%] Built target prototype__rosidl_typesupport_c__pyext
[2.890s] running egg_info
[2.892s] writing prototype.egg-info/PKG-INFO
[2.893s] writing dependency_links to prototype.egg-info/dependency_links.txt
[2.894s] writing top-level names to prototype.egg-info/top_level.txt
[2.912s] reading manifest file 'prototype.egg-info/SOURCES.txt'
[2.921s] writing manifest file 'prototype.egg-info/SOURCES.txt'
[3.107s] [100%] Built target ament_cmake_python_build_prototype_egg
[3.227s] Invoked command in '/home/rosievoice/main_ws/mic_ws/build/prototype' returned '0': CMAKE_PREFIX_PATH=/opt/ros/humble /usr/bin/cmake --build /home/rosievoice/main_ws/mic_ws/build/prototype -- -j4 -l4
[4.389s] Invoking command in '/home/rosievoice/main_ws/mic_ws/build/prototype': CMAKE_PREFIX_PATH=/opt/ros/humble /usr/bin/cmake --install /home/rosievoice/main_ws/mic_ws/build/prototype
[4.427s] -- Install configuration: ""
[4.432s] -- Execute custom install script
[4.437s] -- Up-to-date symlink: /home/rosievoice/main_ws/mic_ws/install/prototype/share/prototype//config/camera.yaml
[4.438s] -- Up-to-date symlink: /home/rosievoice/main_ws/mic_ws/install/prototype/share/prototype//config/ekf.yaml
[4.442s] -- Up-to-date symlink: /home/rosievoice/main_ws/mic_ws/install/prototype/share/prototype//config/ekf_map.yaml
[4.443s] -- Up-to-date symlink: /home/rosievoice/main_ws/mic_ws/install/prototype/share/prototype//config/joystick.yaml
[4.443s] -- Up-to-date symlink: /home/rosievoice/main_ws/mic_ws/install/prototype/share/prototype//config/motor_control.yaml
[4.444s] -- Up-to-date symlink: /home/rosievoice/main_ws/mic_ws/install/prototype/share/prototype//config/nn/mobilenet.json
[4.449s] -- Up-to-date symlink: /home/rosievoice/main_ws/mic_ws/install/prototype/share/prototype//config/nn/segmentation.json
[4.449s] -- Up-to-date symlink: /home/rosievoice/main_ws/mic_ws/install/prototype/share/prototype//config/nn/yolo.json
[4.450s] -- Up-to-date symlink: /home/rosievoice/main_ws/mic_ws/install/prototype/share/prototype//config/rgbd.yaml
[4.451s] -- Up-to-date symlink: /home/rosievoice/main_ws/mic_ws/install/prototype/share/prototype//config/spatial_bb.yaml
[4.455s] -- Up-to-date symlink: /home/rosievoice/main_ws/mic_ws/install/prototype/share/prototype//config/twist_mux.yaml
[4.460s] -- Up-to-date symlink: /home/rosievoice/main_ws/mic_ws/install/prototype/share/prototype//launch/battery_state.launch.py
[4.461s] -- Up-to-date symlink: /home/rosievoice/main_ws/mic_ws/install/prototype/share/prototype//launch/camera.launch.py
[4.462s] -- Up-to-date symlink: /home/rosievoice/main_ws/mic_ws/install/prototype/share/prototype//launch/camera_local.launch.py
[4.462s] -- Up-to-date symlink: /home/rosievoice/main_ws/mic_ws/install/prototype/share/prototype//launch/camera_uncompressed_launch.py
[4.463s] -- Up-to-date symlink: /home/rosievoice/main_ws/mic_ws/install/prototype/share/prototype//launch/gui.launch.py
[4.466s] -- Up-to-date symlink: /home/rosievoice/main_ws/mic_ws/install/prototype/share/prototype//launch/hand_gesture.launch.py
[4.467s] -- Up-to-date symlink: /home/rosievoice/main_ws/mic_ws/install/prototype/share/prototype//launch/image_pro.py
[4.471s] -- Up-to-date symlink: /home/rosievoice/main_ws/mic_ws/install/prototype/share/prototype//launch/imu_launch.py
[4.474s] -- Up-to-date symlink: /home/rosievoice/main_ws/mic_ws/install/prototype/share/prototype//launch/joystick.launch.py
[4.478s] -- Up-to-date symlink: /home/rosievoice/main_ws/mic_ws/install/prototype/share/prototype//launch/laser_launch.py
[4.479s] -- Up-to-date symlink: /home/rosievoice/main_ws/mic_ws/install/prototype/share/prototype//launch/localization_launch.py
[4.479s] -- Up-to-date symlink: /home/rosievoice/main_ws/mic_ws/install/prototype/share/prototype//launch/main_launch.py
[4.480s] -- Up-to-date symlink: /home/rosievoice/main_ws/mic_ws/install/prototype/share/prototype//launch/motor_launch.py
[4.483s] -- Up-to-date symlink: /home/rosievoice/main_ws/mic_ws/install/prototype/share/prototype//launch/navigation.launch.py
[4.488s] -- Up-to-date symlink: /home/rosievoice/main_ws/mic_ws/install/prototype/share/prototype//launch/no_com_camera.launch.py
[4.489s] -- Up-to-date symlink: /home/rosievoice/main_ws/mic_ws/install/prototype/share/prototype//launch/rgbd_pcl.launch.py
[4.489s] -- Up-to-date symlink: /home/rosievoice/main_ws/mic_ws/install/prototype/share/prototype//launch/robot_localization_launch.py
[4.494s] -- Up-to-date symlink: /home/rosievoice/main_ws/mic_ws/install/prototype/share/prototype//launch/robotmodel.launch.py
[4.494s] -- Up-to-date symlink: /home/rosievoice/main_ws/mic_ws/install/prototype/share/prototype//launch/rtab_odom.launch.py
[4.495s] -- Up-to-date symlink: /home/rosievoice/main_ws/mic_ws/install/prototype/share/prototype//launch/rtabmap.launch.py
[4.495s] -- Up-to-date symlink: /home/rosievoice/main_ws/mic_ws/install/prototype/share/prototype//launch/rviz2_launch.py
[4.500s] -- Up-to-date symlink: /home/rosievoice/main_ws/mic_ws/install/prototype/share/prototype//launch/sensors_launch.py
[4.501s] -- Up-to-date symlink: /home/rosievoice/main_ws/mic_ws/install/prototype/share/prototype//launch/spatial_bb.launch.py
[4.501s] -- Up-to-date symlink: /home/rosievoice/main_ws/mic_ws/install/prototype/share/prototype//launch/spawn.launch.xml
[4.501s] -- Up-to-date symlink: /home/rosievoice/main_ws/mic_ws/install/prototype/share/prototype//launch/spawn_pos.launch.py
[4.502s] -- Up-to-date symlink: /home/rosievoice/main_ws/mic_ws/install/prototype/share/prototype//launch/stereo.launch.py
[4.504s] -- Up-to-date symlink: /home/rosievoice/main_ws/mic_ws/install/prototype/share/prototype//action/AiCamera.action
[4.505s] -- Up-to-date symlink: /home/rosievoice/main_ws/mic_ws/install/prototype/share/prototype//action/FoodMenu.action
[4.505s] -- Up-to-date symlink: /home/rosievoice/main_ws/mic_ws/install/prototype/share/prototype//action/GoTo.action
[4.506s] -- Up-to-date symlink: /home/rosievoice/main_ws/mic_ws/install/prototype/share/prototype//action/SendCoordinates.action
[4.507s] -- Up-to-date symlink: /home/rosievoice/main_ws/mic_ws/install/prototype/share/prototype//worlds/empty_world.world
[4.510s] -- Up-to-date symlink: /home/rosievoice/main_ws/mic_ws/install/prototype/share/prototype//models/box_room/meshes/box_room.dae
[4.513s] -- Up-to-date symlink: /home/rosievoice/main_ws/mic_ws/install/prototype/share/prototype//models/box_room/meshes/chambre.png
[4.513s] -- Up-to-date symlink: /home/rosievoice/main_ws/mic_ws/install/prototype/share/prototype//models/model.config
[4.515s] -- Up-to-date symlink: /home/rosievoice/main_ws/mic_ws/install/prototype/share/prototype//models/model.sdf
[4.515s] -- Up-to-date symlink: /home/rosievoice/main_ws/mic_ws/install/prototype/share/prototype//urdf/camera.xacro
[4.515s] -- Up-to-date symlink: /home/rosievoice/main_ws/mic_ws/install/prototype/share/prototype//urdf/hardware_interface.xacro
[4.516s] -- Up-to-date symlink: /home/rosievoice/main_ws/mic_ws/install/prototype/share/prototype//urdf/joint_macros.xacro
[4.516s] -- Up-to-date symlink: /home/rosievoice/main_ws/mic_ws/install/prototype/share/prototype//urdf/lidar.xacro
[4.517s] -- Up-to-date symlink: /home/rosievoice/main_ws/mic_ws/install/prototype/share/prototype//urdf/link_macros.xacro
[4.517s] -- Up-to-date symlink: /home/rosievoice/main_ws/mic_ws/install/prototype/share/prototype//urdf/prototype.xacro
[4.517s] -- Up-to-date symlink: /home/rosievoice/main_ws/mic_ws/install/prototype/share/prototype//urdf/wheel.xacro
[4.518s] -- Up-to-date symlink: /home/rosievoice/main_ws/mic_ws/install/prototype/share/prototype//sambot/camera.xacro
[4.518s] -- Up-to-date symlink: /home/rosievoice/main_ws/mic_ws/install/prototype/share/prototype//sambot/hardware_interface.xacro
[4.518s] -- Up-to-date symlink: /home/rosievoice/main_ws/mic_ws/install/prototype/share/prototype//sambot/joint_macros.xacro
[4.519s] -- Up-to-date symlink: /home/rosievoice/main_ws/mic_ws/install/prototype/share/prototype//sambot/lidar.xacro
[4.519s] -- Up-to-date symlink: /home/rosievoice/main_ws/mic_ws/install/prototype/share/prototype//sambot/link_macros.xacro
[4.523s] -- Up-to-date symlink: /home/rosievoice/main_ws/mic_ws/install/prototype/share/prototype//sambot/prototype.xacro
[4.525s] -- Up-to-date symlink: /home/rosievoice/main_ws/mic_ws/install/prototype/share/prototype//sambot/wheel.xacro
[4.528s] -- Up-to-date symlink: /home/rosievoice/main_ws/mic_ws/install/prototype/share/prototype//meshes/Dazzling.stl
[4.529s] -- Up-to-date symlink: /home/rosievoice/main_ws/mic_ws/install/prototype/share/prototype//meshes/Dbrakes2K.png
[4.529s] -- Up-to-date symlink: /home/rosievoice/main_ws/mic_ws/install/prototype/share/prototype//meshes/Dreaotherothertex2K.png
[4.530s] -- Up-to-date symlink: /home/rosievoice/main_ws/mic_ws/install/prototype/share/prototype//meshes/Dtire_rim_detail2Ktex.png
[4.530s] -- Up-to-date symlink: /home/rosievoice/main_ws/mic_ws/install/prototype/share/prototype//meshes/Material Base Color.png
[4.530s] -- Up-to-date symlink: /home/rosievoice/main_ws/mic_ws/install/prototype/share/prototype//meshes/Material.005 Base Color.png
[4.531s] -- Up-to-date symlink: /home/rosievoice/main_ws/mic_ws/install/prototype/share/prototype//meshes/Prototype_mesh(1).stl
[4.531s] -- Up-to-date symlink: /home/rosievoice/main_ws/mic_ws/install/prototype/share/prototype//meshes/Prototype_mesh(3).stl
[4.531s] -- Up-to-date symlink: /home/rosievoice/main_ws/mic_ws/install/prototype/share/prototype//meshes/Prototype_mesh.stl
[4.535s] -- Up-to-date symlink: /home/rosievoice/main_ws/mic_ws/install/prototype/share/prototype//meshes/Wheels.dae
[4.536s] -- Up-to-date symlink: /home/rosievoice/main_ws/mic_ws/install/prototype/share/prototype//meshes/blender_mesh.stl
[4.540s] -- Up-to-date symlink: /home/rosievoice/main_ws/mic_ws/install/prototype/share/prototype//meshes/crane base.png
[4.541s] -- Up-to-date symlink: /home/rosievoice/main_ws/mic_ws/install/prototype/share/prototype//meshes/crane stand.001.png
[4.541s] -- Up-to-date symlink: /home/rosievoice/main_ws/mic_ws/install/prototype/share/prototype//meshes/crane.blend
[4.542s] -- Up-to-date symlink: /home/rosievoice/main_ws/mic_ws/install/prototype/share/prototype//meshes/crane.blend1
[4.542s] -- Up-to-date symlink: /home/rosievoice/main_ws/mic_ws/install/prototype/share/prototype//meshes/crane.dae
[4.543s] -- Up-to-date symlink: /home/rosievoice/main_ws/mic_ws/install/prototype/share/prototype//meshes/crane_base.png
[4.544s] -- Up-to-date symlink: /home/rosievoice/main_ws/mic_ws/install/prototype/share/prototype//meshes/crane_stand.png
[4.548s] -- Up-to-date symlink: /home/rosievoice/main_ws/mic_ws/install/prototype/share/prototype//meshes/cute_cube.blend
[4.549s] -- Up-to-date symlink: /home/rosievoice/main_ws/mic_ws/install/prototype/share/prototype//meshes/cute_cube.dae
[4.549s] -- Up-to-date symlink: /home/rosievoice/main_ws/mic_ws/install/prototype/share/prototype//meshes/first wheel.blend
[4.550s] -- Up-to-date symlink: /home/rosievoice/main_ws/mic_ws/install/prototype/share/prototype//meshes/gear color.png
[4.551s] -- Up-to-date symlink: /home/rosievoice/main_ws/mic_ws/install/prototype/share/prototype//meshes/lambert3_baseColor.png
[4.551s] -- Up-to-date symlink: /home/rosievoice/main_ws/mic_ws/install/prototype/share/prototype//meshes/motor .png
[4.556s] -- Up-to-date symlink: /home/rosievoice/main_ws/mic_ws/install/prototype/share/prototype//meshes/prototype.blend
[4.557s] -- Up-to-date symlink: /home/rosievoice/main_ws/mic_ws/install/prototype/share/prototype//meshes/prototype.dae
[4.557s] -- Up-to-date symlink: /home/rosievoice/main_ws/mic_ws/install/prototype/share/prototype//meshes/sensors/realsense.dae
[4.557s] -- Up-to-date symlink: /home/rosievoice/main_ws/mic_ws/install/prototype/share/prototype//meshes/sensors/rplidar.dae
[4.560s] -- Up-to-date symlink: /home/rosievoice/main_ws/mic_ws/install/prototype/share/prototype//meshes/sensors/rplidartexture.png
[4.560s] -- Up-to-date symlink: /home/rosievoice/main_ws/mic_ws/install/prototype/share/prototype//meshes/textures/lambert3_baseColor.png
[4.561s] -- Up-to-date symlink: /home/rosievoice/main_ws/mic_ws/install/prototype/share/prototype//meshes/tinker.stl
[4.561s] -- Up-to-date symlink: /home/rosievoice/main_ws/mic_ws/install/prototype/share/prototype//meshes/tire_rubber_2K_NRM.png
[4.562s] -- Up-to-date symlink: /home/rosievoice/main_ws/mic_ws/install/prototype/share/prototype//meshes/tires/obj.mtl
[4.562s] -- Up-to-date symlink: /home/rosievoice/main_ws/mic_ws/install/prototype/share/prototype//meshes/tires/tinker.obj
[4.562s] -- Up-to-date symlink: /home/rosievoice/main_ws/mic_ws/install/prototype/share/prototype//scripts/__init__.py
[4.563s] -- Up-to-date symlink: /home/rosievoice/main_ws/mic_ws/install/prototype/share/prototype//scripts/__pycache__/gesture_recognition.cpython-310.pyc
[4.563s] -- Up-to-date symlink: /home/rosievoice/main_ws/mic_ws/install/prototype/share/prototype//scripts/__pycache__/robot_navigator.cpython-310.pyc
[4.563s] -- Up-to-date symlink: /home/rosievoice/main_ws/mic_ws/install/prototype/share/prototype//scripts/action_client.py
[4.564s] -- Up-to-date symlink: /home/rosievoice/main_ws/mic_ws/install/prototype/share/prototype//scripts/action_server.py
[4.566s] -- Up-to-date symlink: /home/rosievoice/main_ws/mic_ws/install/prototype/share/prototype//scripts/battery.py
[4.567s] -- Up-to-date symlink: /home/rosievoice/main_ws/mic_ws/install/prototype/share/prototype//scripts/battery_boot.py
[4.569s] -- Up-to-date symlink: /home/rosievoice/main_ws/mic_ws/install/prototype/share/prototype//scripts/battery_test.py
[4.570s] -- Up-to-date symlink: /home/rosievoice/main_ws/mic_ws/install/prototype/share/prototype//scripts/behaviours.py
[4.570s] -- Up-to-date symlink: /home/rosievoice/main_ws/mic_ws/install/prototype/share/prototype//scripts/cvfpscalc.py
[4.572s] -- Up-to-date symlink: /home/rosievoice/main_ws/mic_ws/install/prototype/share/prototype//scripts/data_gathering.py
[4.573s] -- Up-to-date symlink: /home/rosievoice/main_ws/mic_ws/install/prototype/share/prototype//scripts/face.py
[4.574s] -- Up-to-date symlink: /home/rosievoice/main_ws/mic_ws/install/prototype/share/prototype//scripts/gesture_recognition.py
[4.575s] -- Up-to-date symlink: /home/rosievoice/main_ws/mic_ws/install/prototype/share/prototype//scripts/goal.py
[4.576s] -- Up-to-date symlink: /home/rosievoice/main_ws/mic_ws/install/prototype/share/prototype//scripts/hand.py
[4.577s] -- Up-to-date symlink: /home/rosievoice/main_ws/mic_ws/install/prototype/share/prototype//scripts/hand_sign_recognition.py
[4.579s] -- Up-to-date symlink: /home/rosievoice/main_ws/mic_ws/install/prototype/share/prototype//scripts/map.py
[4.580s] -- Up-to-date symlink: /home/rosievoice/main_ws/mic_ws/install/prototype/share/prototype//scripts/map_object.py
[4.581s] -- Up-to-date symlink: /home/rosievoice/main_ws/mic_ws/install/prototype/share/prototype//scripts/move_laser.py
[4.581s] -- Up-to-date symlink: /home/rosievoice/main_ws/mic_ws/install/prototype/share/prototype//scripts/move_shaft.py
[4.582s] -- Up-to-date symlink: /home/rosievoice/main_ws/mic_ws/install/prototype/share/prototype//scripts/object_broadcast.py
[4.584s] -- Up-to-date symlink: /home/rosievoice/main_ws/mic_ws/install/prototype/share/prototype//scripts/odom_base.py
[4.584s] -- Up-to-date symlink: /home/rosievoice/main_ws/mic_ws/install/prototype/share/prototype//scripts/py_tree_server.py
[4.585s] -- Up-to-date symlink: /home/rosievoice/main_ws/mic_ws/install/prototype/share/prototype//scripts/robot_navigator.py
[4.586s] -- Up-to-date symlink: /home/rosievoice/main_ws/mic_ws/install/prototype/share/prototype//scripts/robotmodel.py
[4.586s] -- Up-to-date symlink: /home/rosievoice/main_ws/mic_ws/install/prototype/share/prototype//scripts/service_velocity.py
[4.586s] -- Up-to-date symlink: /home/rosievoice/main_ws/mic_ws/install/prototype/share/prototype//scripts/spatial.py
[4.587s] -- Up-to-date symlink: /home/rosievoice/main_ws/mic_ws/install/prototype/share/prototype//scripts/string_sub.py
[4.587s] -- Up-to-date symlink: /home/rosievoice/main_ws/mic_ws/install/prototype/share/prototype//scripts/test.py
[4.587s] -- Up-to-date symlink: /home/rosievoice/main_ws/mic_ws/install/prototype/share/prototype//scripts/tf.py
[4.589s] -- Up-to-date symlink: /home/rosievoice/main_ws/mic_ws/install/prototype/share/prototype//scripts/waiter.dot
[4.590s] -- Up-to-date symlink: /home/rosievoice/main_ws/mic_ws/install/prototype/share/prototype//scripts/waiter.png
[4.591s] -- Up-to-date symlink: /home/rosievoice/main_ws/mic_ws/install/prototype/share/prototype//scripts/waiter.svg
[4.593s] -- Up-to-date symlink: /home/rosievoice/main_ws/mic_ws/install/prototype/share/prototype//rviz/localizer_rviz_config.rviz
[4.593s] -- Up-to-date symlink: /home/rosievoice/main_ws/mic_ws/install/prototype/share/prototype//msg/DistanceAngle.msg
[4.594s] -- Up-to-date symlink: /home/rosievoice/main_ws/mic_ws/install/prototype/share/prototype//msg/Food.msg
[4.595s] -- Up-to-date symlink: /home/rosievoice/main_ws/mic_ws/install/prototype/lib/prototype/move_laser.py
[4.596s] -- Up-to-date symlink: /home/rosievoice/main_ws/mic_ws/install/prototype/lib/prototype/move_shaft.py
[4.597s] -- Up-to-date symlink: /home/rosievoice/main_ws/mic_ws/install/prototype/lib/prototype/action_client.py
[4.597s] -- Up-to-date symlink: /home/rosievoice/main_ws/mic_ws/install/prototype/share/ament_index/resource_index/rosidl_interfaces/prototype
[4.598s] -- Up-to-date symlink: /home/rosievoice/main_ws/mic_ws/install/prototype/include/prototype/prototype/action/ai_camera.h
[4.598s] -- Up-to-date symlink: /home/rosievoice/main_ws/mic_ws/install/prototype/include/prototype/prototype/action/detail/ai_camera__functions.h
[4.600s] -- Up-to-date symlink: /home/rosievoice/main_ws/mic_ws/install/prototype/include/prototype/prototype/action/detail/ai_camera__struct.h
[4.601s] -- Up-to-date symlink: /home/rosievoice/main_ws/mic_ws/install/prototype/include/prototype/prototype/action/detail/ai_camera__type_support.h
[4.601s] -- Up-to-date symlink: /home/rosievoice/main_ws/mic_ws/install/prototype/include/prototype/prototype/action/detail/food_menu__functions.h
[4.602s] -- Up-to-date symlink: /home/rosievoice/main_ws/mic_ws/install/prototype/include/prototype/prototype/action/detail/food_menu__struct.h
[4.603s] -- Up-to-date symlink: /home/rosievoice/main_ws/mic_ws/install/prototype/include/prototype/prototype/action/detail/food_menu__type_support.h
[4.604s] -- Up-to-date symlink: /home/rosievoice/main_ws/mic_ws/install/prototype/include/prototype/prototype/action/detail/go_to__functions.h
[4.605s] -- Up-to-date symlink: /home/rosievoice/main_ws/mic_ws/install/prototype/include/prototype/prototype/action/detail/go_to__struct.h
[4.605s] -- Up-to-date symlink: /home/rosievoice/main_ws/mic_ws/install/prototype/include/prototype/prototype/action/detail/go_to__type_support.h
[4.606s] -- Up-to-date symlink: /home/rosievoice/main_ws/mic_ws/install/prototype/include/prototype/prototype/action/detail/send_coordinates__functions.h
[4.607s] -- Up-to-date symlink: /home/rosievoice/main_ws/mic_ws/install/prototype/include/prototype/prototype/action/detail/send_coordinates__struct.h
[4.608s] -- Up-to-date symlink: /home/rosievoice/main_ws/mic_ws/install/prototype/include/prototype/prototype/action/detail/send_coordinates__type_support.h
[4.608s] -- Up-to-date symlink: /home/rosievoice/main_ws/mic_ws/install/prototype/include/prototype/prototype/action/food_menu.h
[4.609s] -- Up-to-date symlink: /home/rosievoice/main_ws/mic_ws/install/prototype/include/prototype/prototype/action/go_to.h
[4.609s] -- Up-to-date symlink: /home/rosievoice/main_ws/mic_ws/install/prototype/include/prototype/prototype/action/send_coordinates.h
[4.609s] -- Up-to-date symlink: /home/rosievoice/main_ws/mic_ws/install/prototype/include/prototype/prototype/msg/detail/distance_angle__functions.h
[4.610s] -- Up-to-date symlink: /home/rosievoice/main_ws/mic_ws/install/prototype/include/prototype/prototype/msg/detail/distance_angle__struct.h
[4.610s] -- Up-to-date symlink: /home/rosievoice/main_ws/mic_ws/install/prototype/include/prototype/prototype/msg/detail/distance_angle__type_support.h
[4.610s] -- Up-to-date symlink: /home/rosievoice/main_ws/mic_ws/install/prototype/include/prototype/prototype/msg/detail/food__functions.h
[4.613s] -- Up-to-date symlink: /home/rosievoice/main_ws/mic_ws/install/prototype/include/prototype/prototype/msg/detail/food__struct.h
[4.614s] -- Up-to-date symlink: /home/rosievoice/main_ws/mic_ws/install/prototype/include/prototype/prototype/msg/detail/food__type_support.h
[4.615s] -- Up-to-date symlink: /home/rosievoice/main_ws/mic_ws/install/prototype/include/prototype/prototype/msg/distance_angle.h
[4.616s] -- Up-to-date symlink: /home/rosievoice/main_ws/mic_ws/install/prototype/include/prototype/prototype/msg/food.h
[4.617s] -- Up-to-date symlink: /home/rosievoice/main_ws/mic_ws/install/prototype/include/prototype/prototype/msg/rosidl_generator_c__visibility_control.h
[4.618s] -- Up-to-date symlink: /home/rosievoice/main_ws/mic_ws/install/prototype/share/prototype/environment/library_path.sh
[4.619s] -- Up-to-date symlink: /home/rosievoice/main_ws/mic_ws/install/prototype/share/prototype/environment/library_path.dsv
[4.624s] -- Up-to-date symlink: /home/rosievoice/main_ws/mic_ws/install/prototype/include/prototype/prototype/action/detail/ai_camera__rosidl_typesupport_fastrtps_c.h
[4.625s] -- Up-to-date symlink: /home/rosievoice/main_ws/mic_ws/install/prototype/include/prototype/prototype/action/detail/food_menu__rosidl_typesupport_fastrtps_c.h
[4.626s] -- Up-to-date symlink: /home/rosievoice/main_ws/mic_ws/install/prototype/include/prototype/prototype/action/detail/go_to__rosidl_typesupport_fastrtps_c.h
[4.627s] -- Up-to-date symlink: /home/rosievoice/main_ws/mic_ws/install/prototype/include/prototype/prototype/action/detail/send_coordinates__rosidl_typesupport_fastrtps_c.h
[4.628s] -- Up-to-date symlink: /home/rosievoice/main_ws/mic_ws/install/prototype/include/prototype/prototype/msg/detail/distance_angle__rosidl_typesupport_fastrtps_c.h
[4.629s] -- Up-to-date symlink: /home/rosievoice/main_ws/mic_ws/install/prototype/include/prototype/prototype/msg/detail/food__rosidl_typesupport_fastrtps_c.h
[4.630s] -- Up-to-date symlink: /home/rosievoice/main_ws/mic_ws/install/prototype/include/prototype/prototype/msg/rosidl_typesupport_fastrtps_c__visibility_control.h
[4.634s] -- Up-to-date symlink: /home/rosievoice/main_ws/mic_ws/install/prototype/include/prototype/prototype/action/ai_camera.hpp
[4.635s] -- Up-to-date symlink: /home/rosievoice/main_ws/mic_ws/install/prototype/include/prototype/prototype/action/detail/ai_camera__builder.hpp
[4.636s] -- Up-to-date symlink: /home/rosievoice/main_ws/mic_ws/install/prototype/include/prototype/prototype/action/detail/ai_camera__struct.hpp
[4.637s] -- Up-to-date symlink: /home/rosievoice/main_ws/mic_ws/install/prototype/include/prototype/prototype/action/detail/ai_camera__traits.hpp
[4.638s] -- Up-to-date symlink: /home/rosievoice/main_ws/mic_ws/install/prototype/include/prototype/prototype/action/detail/food_menu__builder.hpp
[4.639s] -- Up-to-date symlink: /home/rosievoice/main_ws/mic_ws/install/prototype/include/prototype/prototype/action/detail/food_menu__struct.hpp
[4.640s] -- Up-to-date symlink: /home/rosievoice/main_ws/mic_ws/install/prototype/include/prototype/prototype/action/detail/food_menu__traits.hpp
[4.641s] -- Up-to-date symlink: /home/rosievoice/main_ws/mic_ws/install/prototype/include/prototype/prototype/action/detail/go_to__builder.hpp
[4.642s] -- Up-to-date symlink: /home/rosievoice/main_ws/mic_ws/install/prototype/include/prototype/prototype/action/detail/go_to__struct.hpp
[4.643s] -- Up-to-date symlink: /home/rosievoice/main_ws/mic_ws/install/prototype/include/prototype/prototype/action/detail/go_to__traits.hpp
[4.645s] -- Up-to-date symlink: /home/rosievoice/main_ws/mic_ws/install/prototype/include/prototype/prototype/action/detail/send_coordinates__builder.hpp
[4.646s] -- Up-to-date symlink: /home/rosievoice/main_ws/mic_ws/install/prototype/include/prototype/prototype/action/detail/send_coordinates__struct.hpp
[4.647s] -- Up-to-date symlink: /home/rosievoice/main_ws/mic_ws/install/prototype/include/prototype/prototype/action/detail/send_coordinates__traits.hpp
[4.647s] -- Up-to-date symlink: /home/rosievoice/main_ws/mic_ws/install/prototype/include/prototype/prototype/action/food_menu.hpp
[4.648s] -- Up-to-date symlink: /home/rosievoice/main_ws/mic_ws/install/prototype/include/prototype/prototype/action/go_to.hpp
[4.649s] -- Up-to-date symlink: /home/rosievoice/main_ws/mic_ws/install/prototype/include/prototype/prototype/action/send_coordinates.hpp
[4.650s] -- Up-to-date symlink: /home/rosievoice/main_ws/mic_ws/install/prototype/include/prototype/prototype/msg/detail/distance_angle__builder.hpp
[4.651s] -- Up-to-date symlink: /home/rosievoice/main_ws/mic_ws/install/prototype/include/prototype/prototype/msg/detail/distance_angle__struct.hpp
[4.652s] -- Up-to-date symlink: /home/rosievoice/main_ws/mic_ws/install/prototype/include/prototype/prototype/msg/detail/distance_angle__traits.hpp
[4.653s] -- Up-to-date symlink: /home/rosievoice/main_ws/mic_ws/install/prototype/include/prototype/prototype/msg/detail/food__builder.hpp
[4.654s] -- Up-to-date symlink: /home/rosievoice/main_ws/mic_ws/install/prototype/include/prototype/prototype/msg/detail/food__struct.hpp
[4.655s] -- Up-to-date symlink: /home/rosievoice/main_ws/mic_ws/install/prototype/include/prototype/prototype/msg/detail/food__traits.hpp
[4.656s] -- Up-to-date symlink: /home/rosievoice/main_ws/mic_ws/install/prototype/include/prototype/prototype/msg/distance_angle.hpp
[4.657s] -- Up-to-date symlink: /home/rosievoice/main_ws/mic_ws/install/prototype/include/prototype/prototype/msg/food.hpp
[4.663s] -- Up-to-date symlink: /home/rosievoice/main_ws/mic_ws/install/prototype/include/prototype/prototype/action/detail/ai_camera__rosidl_typesupport_fastrtps_cpp.hpp
[4.664s] -- Up-to-date symlink: /home/rosievoice/main_ws/mic_ws/install/prototype/include/prototype/prototype/action/detail/food_menu__rosidl_typesupport_fastrtps_cpp.hpp
[4.665s] -- Up-to-date symlink: /home/rosievoice/main_ws/mic_ws/install/prototype/include/prototype/prototype/action/detail/go_to__rosidl_typesupport_fastrtps_cpp.hpp
[4.667s] -- Up-to-date symlink: /home/rosievoice/main_ws/mic_ws/install/prototype/include/prototype/prototype/action/detail/send_coordinates__rosidl_typesupport_fastrtps_cpp.hpp
[4.668s] -- Up-to-date symlink: /home/rosievoice/main_ws/mic_ws/install/prototype/include/prototype/prototype/msg/detail/distance_angle__rosidl_typesupport_fastrtps_cpp.hpp
[4.669s] -- Up-to-date symlink: /home/rosievoice/main_ws/mic_ws/install/prototype/include/prototype/prototype/msg/detail/food__rosidl_typesupport_fastrtps_cpp.hpp
[4.670s] -- Up-to-date symlink: /home/rosievoice/main_ws/mic_ws/install/prototype/include/prototype/prototype/msg/rosidl_typesupport_fastrtps_cpp__visibility_control.h
[4.673s] -- Up-to-date symlink: /home/rosievoice/main_ws/mic_ws/install/prototype/include/prototype/prototype/action/detail/ai_camera__rosidl_typesupport_introspection_c.h
[4.674s] -- Up-to-date symlink: /home/rosievoice/main_ws/mic_ws/install/prototype/include/prototype/prototype/action/detail/food_menu__rosidl_typesupport_introspection_c.h
[4.675s] -- Up-to-date symlink: /home/rosievoice/main_ws/mic_ws/install/prototype/include/prototype/prototype/action/detail/go_to__rosidl_typesupport_introspection_c.h
[4.676s] -- Up-to-date symlink: /home/rosievoice/main_ws/mic_ws/install/prototype/include/prototype/prototype/action/detail/send_coordinates__rosidl_typesupport_introspection_c.h
[4.677s] -- Up-to-date symlink: /home/rosievoice/main_ws/mic_ws/install/prototype/include/prototype/prototype/msg/detail/distance_angle__rosidl_typesupport_introspection_c.h
[4.678s] -- Up-to-date symlink: /home/rosievoice/main_ws/mic_ws/install/prototype/include/prototype/prototype/msg/detail/food__rosidl_typesupport_introspection_c.h
[4.679s] -- Up-to-date symlink: /home/rosievoice/main_ws/mic_ws/install/prototype/include/prototype/prototype/msg/rosidl_typesupport_introspection_c__visibility_control.h
[4.683s] -- Up-to-date symlink: /home/rosievoice/main_ws/mic_ws/install/prototype/include/prototype/prototype/action/detail/ai_camera__rosidl_typesupport_introspection_cpp.hpp
[4.684s] -- Up-to-date symlink: /home/rosievoice/main_ws/mic_ws/install/prototype/include/prototype/prototype/action/detail/food_menu__rosidl_typesupport_introspection_cpp.hpp
[4.685s] -- Up-to-date symlink: /home/rosievoice/main_ws/mic_ws/install/prototype/include/prototype/prototype/action/detail/go_to__rosidl_typesupport_introspection_cpp.hpp
[4.686s] -- Up-to-date symlink: /home/rosievoice/main_ws/mic_ws/install/prototype/include/prototype/prototype/action/detail/send_coordinates__rosidl_typesupport_introspection_cpp.hpp
[4.687s] -- Up-to-date symlink: /home/rosievoice/main_ws/mic_ws/install/prototype/include/prototype/prototype/msg/detail/distance_angle__rosidl_typesupport_introspection_cpp.hpp
[4.688s] -- Up-to-date symlink: /home/rosievoice/main_ws/mic_ws/install/prototype/include/prototype/prototype/msg/detail/food__rosidl_typesupport_introspection_cpp.hpp
[4.689s] -- Up-to-date symlink: /home/rosievoice/main_ws/mic_ws/install/prototype/share/prototype/environment/pythonpath.sh
[4.690s] -- Up-to-date symlink: /home/rosievoice/main_ws/mic_ws/install/prototype/share/prototype/environment/pythonpath.dsv
[4.693s] -- Up-to-date symlink: /home/rosievoice/main_ws/mic_ws/install/prototype/local/lib/python3.10/dist-packages/prototype-0.0.0-py3.10.egg-info/PKG-INFO
[4.694s] -- Up-to-date symlink: /home/rosievoice/main_ws/mic_ws/install/prototype/local/lib/python3.10/dist-packages/prototype-0.0.0-py3.10.egg-info/SOURCES.txt
[4.694s] -- Up-to-date symlink: /home/rosievoice/main_ws/mic_ws/install/prototype/local/lib/python3.10/dist-packages/prototype-0.0.0-py3.10.egg-info/dependency_links.txt
[4.695s] -- Up-to-date symlink: /home/rosievoice/main_ws/mic_ws/install/prototype/local/lib/python3.10/dist-packages/prototype-0.0.0-py3.10.egg-info/top_level.txt
[4.703s] -- Up-to-date symlink: /home/rosievoice/main_ws/mic_ws/install/prototype/local/lib/python3.10/dist-packages/prototype/__init__.py
[4.704s] -- Up-to-date symlink: /home/rosievoice/main_ws/mic_ws/install/prototype/local/lib/python3.10/dist-packages/prototype/_prototype_s.ep.rosidl_typesupport_c.c
[4.709s] -- Up-to-date symlink: /home/rosievoice/main_ws/mic_ws/install/prototype/local/lib/python3.10/dist-packages/prototype/_prototype_s.ep.rosidl_typesupport_fastrtps_c.c
[4.709s] -- Up-to-date symlink: /home/rosievoice/main_ws/mic_ws/install/prototype/local/lib/python3.10/dist-packages/prototype/_prototype_s.ep.rosidl_typesupport_introspection_c.c
[4.710s] -- Up-to-date symlink: /home/rosievoice/main_ws/mic_ws/install/prototype/local/lib/python3.10/dist-packages/prototype/action/__init__.py
[4.710s] -- Up-to-date symlink: /home/rosievoice/main_ws/mic_ws/install/prototype/local/lib/python3.10/dist-packages/prototype/action/_ai_camera.py
[4.716s] -- Up-to-date symlink: /home/rosievoice/main_ws/mic_ws/install/prototype/local/lib/python3.10/dist-packages/prototype/action/_ai_camera_s.c
[4.717s] -- Up-to-date symlink: /home/rosievoice/main_ws/mic_ws/install/prototype/local/lib/python3.10/dist-packages/prototype/action/_food_menu.py
[4.717s] -- Up-to-date symlink: /home/rosievoice/main_ws/mic_ws/install/prototype/local/lib/python3.10/dist-packages/prototype/action/_food_menu_s.c
[4.718s] -- Up-to-date symlink: /home/rosievoice/main_ws/mic_ws/install/prototype/local/lib/python3.10/dist-packages/prototype/action/_go_to.py
[4.718s] -- Up-to-date symlink: /home/rosievoice/main_ws/mic_ws/install/prototype/local/lib/python3.10/dist-packages/prototype/action/_go_to_s.c
[4.724s] -- Up-to-date symlink: /home/rosievoice/main_ws/mic_ws/install/prototype/local/lib/python3.10/dist-packages/prototype/action/_send_coordinates.py
[4.724s] -- Up-to-date symlink: /home/rosievoice/main_ws/mic_ws/install/prototype/local/lib/python3.10/dist-packages/prototype/action/_send_coordinates_s.c
[4.725s] -- Up-to-date symlink: /home/rosievoice/main_ws/mic_ws/install/prototype/local/lib/python3.10/dist-packages/prototype/libprototype__rosidl_generator_py.so
[4.725s] -- Up-to-date symlink: /home/rosievoice/main_ws/mic_ws/install/prototype/local/lib/python3.10/dist-packages/prototype/msg/__init__.py
[4.725s] -- Up-to-date symlink: /home/rosievoice/main_ws/mic_ws/install/prototype/local/lib/python3.10/dist-packages/prototype/msg/_distance_angle.py
[4.726s] -- Up-to-date symlink: /home/rosievoice/main_ws/mic_ws/install/prototype/local/lib/python3.10/dist-packages/prototype/msg/_distance_angle_s.c
[4.727s] -- Up-to-date symlink: /home/rosievoice/main_ws/mic_ws/install/prototype/local/lib/python3.10/dist-packages/prototype/msg/_food.py
[4.728s] -- Up-to-date symlink: /home/rosievoice/main_ws/mic_ws/install/prototype/local/lib/python3.10/dist-packages/prototype/msg/_food_s.c
[4.728s] -- Up-to-date symlink: /home/rosievoice/main_ws/mic_ws/install/prototype/local/lib/python3.10/dist-packages/prototype/prototype_s__rosidl_typesupport_c.cpython-310-aarch64-linux-gnu.so
[4.729s] -- Up-to-date symlink: /home/rosievoice/main_ws/mic_ws/install/prototype/local/lib/python3.10/dist-packages/prototype/prototype_s__rosidl_typesupport_fastrtps_c.cpython-310-aarch64-linux-gnu.so
[4.731s] -- Up-to-date symlink: /home/rosievoice/main_ws/mic_ws/install/prototype/local/lib/python3.10/dist-packages/prototype/prototype_s__rosidl_typesupport_introspection_c.cpython-310-aarch64-linux-gnu.so
[4.731s] -- Up-to-date symlink: /home/rosievoice/main_ws/mic_ws/install/prototype/local/lib/python3.10/dist-packages/prototype/prototype_s__rosidl_typesupport_fastrtps_c.cpython-310-aarch64-linux-gnu.so
[4.733s] -- Up-to-date symlink: /home/rosievoice/main_ws/mic_ws/install/prototype/local/lib/python3.10/dist-packages/prototype/prototype_s__rosidl_typesupport_introspection_c.cpython-310-aarch64-linux-gnu.so
[4.735s] -- Up-to-date symlink: /home/rosievoice/main_ws/mic_ws/install/prototype/local/lib/python3.10/dist-packages/prototype/prototype_s__rosidl_typesupport_c.cpython-310-aarch64-linux-gnu.so
[4.736s] -- Up-to-date symlink: /home/rosievoice/main_ws/mic_ws/install/prototype/share/prototype/action/SendCoordinates.idl
[4.737s] -- Up-to-date symlink: /home/rosievoice/main_ws/mic_ws/install/prototype/share/prototype/action/GoTo.idl
[4.738s] -- Up-to-date symlink: /home/rosievoice/main_ws/mic_ws/install/prototype/share/prototype/action/FoodMenu.idl
[4.739s] -- Up-to-date symlink: /home/rosievoice/main_ws/mic_ws/install/prototype/share/prototype/action/AiCamera.idl
[4.741s] -- Up-to-date symlink: /home/rosievoice/main_ws/mic_ws/install/prototype/share/prototype/msg/Food.idl
[4.742s] -- Up-to-date symlink: /home/rosievoice/main_ws/mic_ws/install/prototype/share/prototype/msg/DistanceAngle.idl
[4.743s] -- Up-to-date symlink: /home/rosievoice/main_ws/mic_ws/install/prototype/share/prototype/action/SendCoordinates.action
[4.744s] -- Up-to-date symlink: /home/rosievoice/main_ws/mic_ws/install/prototype/share/prototype/action/GoTo.action
[4.752s] -- Up-to-date symlink: /home/rosievoice/main_ws/mic_ws/install/prototype/share/prototype/action/FoodMenu.action
[4.753s] -- Up-to-date symlink: /home/rosievoice/main_ws/mic_ws/install/prototype/share/prototype/action/AiCamera.action
[4.754s] -- Up-to-date symlink: /home/rosievoice/main_ws/mic_ws/install/prototype/share/prototype/msg/Food.msg
[4.755s] -- Up-to-date symlink: /home/rosievoice/main_ws/mic_ws/install/prototype/share/prototype/msg/DistanceAngle.msg
[4.756s] -- Up-to-date symlink: /home/rosievoice/main_ws/mic_ws/install/prototype/share/ament_index/resource_index/package_run_dependencies/prototype
[4.757s] -- Up-to-date symlink: /home/rosievoice/main_ws/mic_ws/install/prototype/share/ament_index/resource_index/parent_prefix_path/prototype
[4.758s] -- Up-to-date symlink: /home/rosievoice/main_ws/mic_ws/install/prototype/share/prototype/environment/ament_prefix_path.sh
[4.759s] -- Up-to-date symlink: /home/rosievoice/main_ws/mic_ws/install/prototype/share/prototype/environment/ament_prefix_path.dsv
[4.760s] -- Up-to-date symlink: /home/rosievoice/main_ws/mic_ws/install/prototype/share/prototype/environment/path.sh
[4.770s] -- Up-to-date symlink: /home/rosievoice/main_ws/mic_ws/install/prototype/share/prototype/environment/path.dsv
[4.771s] -- Up-to-date symlink: /home/rosievoice/main_ws/mic_ws/install/prototype/share/prototype/local_setup.bash
[4.773s] -- Up-to-date symlink: /home/rosievoice/main_ws/mic_ws/install/prototype/share/prototype/local_setup.sh
[4.773s] -- Up-to-date symlink: /home/rosievoice/main_ws/mic_ws/install/prototype/share/prototype/local_setup.zsh
[4.774s] -- Up-to-date symlink: /home/rosievoice/main_ws/mic_ws/install/prototype/share/prototype/local_setup.dsv
[4.775s] -- Symlinking: /home/rosievoice/main_ws/mic_ws/install/prototype/share/prototype/package.dsv
[4.809s] -- Up-to-date symlink: /home/rosievoice/main_ws/mic_ws/install/prototype/share/ament_index/resource_index/packages/prototype
[4.810s] -- Up-to-date symlink: /home/rosievoice/main_ws/mic_ws/install/prototype/share/prototype/cmake/rosidl_cmake-extras.cmake
[4.811s] -- Up-to-date symlink: /home/rosievoice/main_ws/mic_ws/install/prototype/share/prototype/cmake/ament_cmake_export_dependencies-extras.cmake
[4.813s] -- Up-to-date symlink: /home/rosievoice/main_ws/mic_ws/install/prototype/share/prototype/cmake/ament_cmake_export_include_directories-extras.cmake
[4.814s] -- Up-to-date symlink: /home/rosievoice/main_ws/mic_ws/install/prototype/share/prototype/cmake/ament_cmake_export_libraries-extras.cmake
[4.815s] -- Up-to-date symlink: /home/rosievoice/main_ws/mic_ws/install/prototype/share/prototype/cmake/ament_cmake_export_targets-extras.cmake
[4.816s] -- Up-to-date symlink: /home/rosievoice/main_ws/mic_ws/install/prototype/share/prototype/cmake/rosidl_cmake_export_typesupport_targets-extras.cmake
[4.817s] -- Up-to-date symlink: /home/rosievoice/main_ws/mic_ws/install/prototype/share/prototype/cmake/rosidl_cmake_export_typesupport_libraries-extras.cmake
[4.819s] -- Up-to-date symlink: /home/rosievoice/main_ws/mic_ws/install/prototype/share/prototype/cmake/prototypeConfig.cmake
[4.820s] -- Up-to-date symlink: /home/rosievoice/main_ws/mic_ws/install/prototype/share/prototype/cmake/prototypeConfig-version.cmake
[4.821s] -- Up-to-date symlink: /home/rosievoice/main_ws/mic_ws/install/prototype/share/prototype/package.xml
[4.829s] -- Up-to-date: /home/rosievoice/main_ws/mic_ws/install/prototype/lib/libprototype__rosidl_generator_c.so
[4.833s] -- Up-to-date: /home/rosievoice/main_ws/mic_ws/install/prototype/lib/libprototype__rosidl_typesupport_fastrtps_c.so
[4.839s] -- Up-to-date: /home/rosievoice/main_ws/mic_ws/install/prototype/lib/libprototype__rosidl_typesupport_fastrtps_cpp.so
[4.844s] -- Up-to-date: /home/rosievoice/main_ws/mic_ws/install/prototype/lib/libprototype__rosidl_typesupport_introspection_c.so
[4.849s] -- Up-to-date: /home/rosievoice/main_ws/mic_ws/install/prototype/lib/libprototype__rosidl_typesupport_c.so
[4.853s] -- Up-to-date: /home/rosievoice/main_ws/mic_ws/install/prototype/lib/libprototype__rosidl_typesupport_introspection_cpp.so
[4.859s] -- Up-to-date: /home/rosievoice/main_ws/mic_ws/install/prototype/lib/libprototype__rosidl_typesupport_cpp.so
[5.045s] Listing '/home/rosievoice/main_ws/mic_ws/install/prototype/local/lib/python3.10/dist-packages/prototype'...
[5.046s] Listing '/home/rosievoice/main_ws/mic_ws/install/prototype/local/lib/python3.10/dist-packages/prototype/action'...
[5.047s] Listing '/home/rosievoice/main_ws/mic_ws/install/prototype/local/lib/python3.10/dist-packages/prototype/msg'...
[5.087s] -- Up-to-date: /home/rosievoice/main_ws/mic_ws/install/prototype/lib/libprototype__rosidl_generator_py.so
[5.090s] -- Up-to-date: /home/rosievoice/main_ws/mic_ws/install/prototype/share/prototype/cmake/export_prototype__rosidl_generator_cExport.cmake
[5.090s] -- Up-to-date: /home/rosievoice/main_ws/mic_ws/install/prototype/share/prototype/cmake/export_prototype__rosidl_generator_cExport-noconfig.cmake
[5.092s] -- Up-to-date: /home/rosievoice/main_ws/mic_ws/install/prototype/share/prototype/cmake/export_prototype__rosidl_typesupport_fastrtps_cExport.cmake
[5.093s] -- Up-to-date: /home/rosievoice/main_ws/mic_ws/install/prototype/share/prototype/cmake/export_prototype__rosidl_typesupport_fastrtps_cExport-noconfig.cmake
[5.095s] -- Up-to-date: /home/rosievoice/main_ws/mic_ws/install/prototype/share/prototype/cmake/export_prototype__rosidl_generator_cppExport.cmake
[5.097s] -- Up-to-date: /home/rosievoice/main_ws/mic_ws/install/prototype/share/prototype/cmake/export_prototype__rosidl_typesupport_fastrtps_cppExport.cmake
[5.098s] -- Up-to-date: /home/rosievoice/main_ws/mic_ws/install/prototype/share/prototype/cmake/export_prototype__rosidl_typesupport_fastrtps_cppExport-noconfig.cmake
[5.100s] -- Up-to-date: /home/rosievoice/main_ws/mic_ws/install/prototype/share/prototype/cmake/prototype__rosidl_typesupport_introspection_cExport.cmake
[5.101s] -- Up-to-date: /home/rosievoice/main_ws/mic_ws/install/prototype/share/prototype/cmake/prototype__rosidl_typesupport_introspection_cExport-noconfig.cmake
[5.103s] -- Up-to-date: /home/rosievoice/main_ws/mic_ws/install/prototype/share/prototype/cmake/prototype__rosidl_typesupport_cExport.cmake
[5.104s] -- Up-to-date: /home/rosievoice/main_ws/mic_ws/install/prototype/share/prototype/cmake/prototype__rosidl_typesupport_cExport-noconfig.cmake
[5.106s] -- Up-to-date: /home/rosievoice/main_ws/mic_ws/install/prototype/share/prototype/cmake/prototype__rosidl_typesupport_introspection_cppExport.cmake
[5.107s] -- Up-to-date: /home/rosievoice/main_ws/mic_ws/install/prototype/share/prototype/cmake/prototype__rosidl_typesupport_introspection_cppExport-noconfig.cmake
[5.108s] -- Up-to-date: /home/rosievoice/main_ws/mic_ws/install/prototype/share/prototype/cmake/prototype__rosidl_typesupport_cppExport.cmake
[5.109s] -- Up-to-date: /home/rosievoice/main_ws/mic_ws/install/prototype/share/prototype/cmake/prototype__rosidl_typesupport_cppExport-noconfig.cmake
[5.111s] -- Up-to-date: /home/rosievoice/main_ws/mic_ws/install/prototype/share/prototype/cmake/export_prototype__rosidl_generator_pyExport.cmake
[5.112s] -- Up-to-date: /home/rosievoice/main_ws/mic_ws/install/prototype/share/prototype/cmake/export_prototype__rosidl_generator_pyExport-noconfig.cmake
[5.135s] Invoked command in '/home/rosievoice/main_ws/mic_ws/build/prototype' returned '0': CMAKE_PREFIX_PATH=/opt/ros/humble /usr/bin/cmake --install /home/rosievoice/main_ws/mic_ws/build/prototype
