[1.148s] DEBUG:colcon:Command line arguments: ['/usr/bin/colcon', 'build', '--symlink-install']
[1.149s] DEBUG:colcon:Parsed command line arguments: Namespace(log_base=None, log_level=None, verb_name='build', build_base='build', install_base='install', merge_install=False, symlink_install=True, test_result_base=None, continue_on_error=False, executor='parallel', parallel_workers=4, event_handlers=None, ignore_user_meta=False, metas=['./colcon.meta'], base_paths=['.'], packages_ignore=None, packages_ignore_regex=None, paths=None, packages_up_to=None, packages_up_to_regex=None, packages_above=None, packages_above_and_dependencies=None, packages_above_depth=None, packages_select_by_dep=None, packages_skip_by_dep=None, packages_skip_up_to=None, packages_select_build_failed=False, packages_skip_build_finished=False, packages_select_test_failures=False, packages_skip_test_passed=False, packages_select=None, packages_skip=None, packages_select_regex=None, packages_skip_regex=None, packages_start=None, packages_end=None, allow_overriding=[], cmake_args=None, cmake_target=None, cmake_target_skip_unavailable=False, cmake_clean_cache=False, cmake_clean_first=False, cmake_force_configure=False, ament_cmake_args=None, catkin_cmake_args=None, catkin_skip_building_tests=False, mixin_files=None, mixin=None, verb_parser=<colcon_mixin.mixin.mixin_argument.MixinArgumentDecorator object at 0xffff8d2b0340>, verb_extension=<colcon_core.verb.build.BuildVerb object at 0xffff8d3f8a60>, main=<bound method BuildVerb.main of <colcon_core.verb.build.BuildVerb object at 0xffff8d3f8a60>>, mixin_verb=('build',))
[2.203s] Level 1:colcon.colcon_core.package_discovery:discover_packages(colcon_meta) check parameters
[2.203s] Level 1:colcon.colcon_core.package_discovery:discover_packages(recursive) check parameters
[2.204s] Level 1:colcon.colcon_core.package_discovery:discover_packages(ignore) check parameters
[2.204s] Level 1:colcon.colcon_core.package_discovery:discover_packages(path) check parameters
[2.204s] Level 1:colcon.colcon_core.package_discovery:discover_packages(colcon_meta) discover
[2.204s] Level 1:colcon.colcon_core.package_discovery:discover_packages(recursive) discover
[2.204s] INFO:colcon.colcon_core.package_discovery:Crawling recursively for packages in '/home/rosievoice/main_ws/mic_ws'
[2.205s] Level 1:colcon.colcon_core.package_identification:_identify(.) by extensions ['ignore', 'ignore_ament_install']
[2.205s] Level 1:colcon.colcon_core.package_identification:_identify(.) by extension 'ignore'
[2.205s] Level 1:colcon.colcon_core.package_identification:_identify(.) by extension 'ignore_ament_install'
[2.206s] Level 1:colcon.colcon_core.package_identification:_identify(.) by extensions ['colcon_pkg']
[2.206s] Level 1:colcon.colcon_core.package_identification:_identify(.) by extension 'colcon_pkg'
[2.206s] Level 1:colcon.colcon_core.package_identification:_identify(.) by extensions ['colcon_meta']
[2.206s] Level 1:colcon.colcon_core.package_identification:_identify(.) by extension 'colcon_meta'
[2.206s] Level 1:colcon.colcon_core.package_identification:_identify(.) by extensions ['ros']
[2.207s] Level 1:colcon.colcon_core.package_identification:_identify(.) by extension 'ros'
[2.281s] Level 1:colcon.colcon_core.package_identification:_identify(.) by extensions ['cmake', 'python']
[2.281s] Level 1:colcon.colcon_core.package_identification:_identify(.) by extension 'cmake'
[2.281s] Level 1:colcon.colcon_core.package_identification:_identify(.) by extension 'python'
[2.282s] Level 1:colcon.colcon_core.package_identification:_identify(.) by extensions ['python_setup_py']
[2.282s] Level 1:colcon.colcon_core.package_identification:_identify(.) by extension 'python_setup_py'
[2.282s] Level 1:colcon.colcon_core.package_identification:_identify(build) by extensions ['ignore', 'ignore_ament_install']
[2.283s] Level 1:colcon.colcon_core.package_identification:_identify(build) by extension 'ignore'
[2.283s] Level 1:colcon.colcon_core.package_identification:_identify(build) ignored
[2.284s] Level 1:colcon.colcon_core.package_identification:_identify(install) by extensions ['ignore', 'ignore_ament_install']
[2.284s] Level 1:colcon.colcon_core.package_identification:_identify(install) by extension 'ignore'
[2.284s] Level 1:colcon.colcon_core.package_identification:_identify(install) ignored
[2.285s] Level 1:colcon.colcon_core.package_identification:_identify(log) by extensions ['ignore', 'ignore_ament_install']
[2.286s] Level 1:colcon.colcon_core.package_identification:_identify(log) by extension 'ignore'
[2.286s] Level 1:colcon.colcon_core.package_identification:_identify(log) ignored
[2.289s] Level 1:colcon.colcon_core.package_identification:_identify(src) by extensions ['ignore', 'ignore_ament_install']
[2.289s] Level 1:colcon.colcon_core.package_identification:_identify(src) by extension 'ignore'
[2.290s] Level 1:colcon.colcon_core.package_identification:_identify(src) by extension 'ignore_ament_install'
[2.290s] Level 1:colcon.colcon_core.package_identification:_identify(src) by extensions ['colcon_pkg']
[2.290s] Level 1:colcon.colcon_core.package_identification:_identify(src) by extension 'colcon_pkg'
[2.290s] Level 1:colcon.colcon_core.package_identification:_identify(src) by extensions ['colcon_meta']
[2.290s] Level 1:colcon.colcon_core.package_identification:_identify(src) by extension 'colcon_meta'
[2.290s] Level 1:colcon.colcon_core.package_identification:_identify(src) by extensions ['ros']
[2.290s] Level 1:colcon.colcon_core.package_identification:_identify(src) by extension 'ros'
[2.291s] Level 1:colcon.colcon_core.package_identification:_identify(src) by extensions ['cmake', 'python']
[2.291s] Level 1:colcon.colcon_core.package_identification:_identify(src) by extension 'cmake'
[2.291s] Level 1:colcon.colcon_core.package_identification:_identify(src) by extension 'python'
[2.291s] Level 1:colcon.colcon_core.package_identification:_identify(src) by extensions ['python_setup_py']
[2.291s] Level 1:colcon.colcon_core.package_identification:_identify(src) by extension 'python_setup_py'
[2.292s] Level 1:colcon.colcon_core.package_identification:_identify(src/ai_client) by extensions ['ignore', 'ignore_ament_install']
[2.293s] Level 1:colcon.colcon_core.package_identification:_identify(src/ai_client) by extension 'ignore'
[2.293s] Level 1:colcon.colcon_core.package_identification:_identify(src/ai_client) by extension 'ignore_ament_install'
[2.293s] Level 1:colcon.colcon_core.package_identification:_identify(src/ai_client) by extensions ['colcon_pkg']
[2.293s] Level 1:colcon.colcon_core.package_identification:_identify(src/ai_client) by extension 'colcon_pkg'
[2.293s] Level 1:colcon.colcon_core.package_identification:_identify(src/ai_client) by extensions ['colcon_meta']
[2.294s] Level 1:colcon.colcon_core.package_identification:_identify(src/ai_client) by extension 'colcon_meta'
[2.294s] Level 1:colcon.colcon_core.package_identification:_identify(src/ai_client) by extensions ['ros']
[2.294s] Level 1:colcon.colcon_core.package_identification:_identify(src/ai_client) by extension 'ros'
[2.308s] DEBUG:colcon.colcon_core.package_identification:Package 'src/ai_client' with type 'ros.ament_cmake' and name 'ai_client'
[2.314s] Level 1:colcon.colcon_core.package_identification:_identify(src/build) by extensions ['ignore', 'ignore_ament_install']
[2.314s] Level 1:colcon.colcon_core.package_identification:_identify(src/build) by extension 'ignore'
[2.314s] Level 1:colcon.colcon_core.package_identification:_identify(src/build) ignored
[2.315s] Level 1:colcon.colcon_core.package_identification:_identify(src/install) by extensions ['ignore', 'ignore_ament_install']
[2.316s] Level 1:colcon.colcon_core.package_identification:_identify(src/install) by extension 'ignore'
[2.316s] Level 1:colcon.colcon_core.package_identification:_identify(src/install) ignored
[2.317s] Level 1:colcon.colcon_core.package_identification:_identify(src/log) by extensions ['ignore', 'ignore_ament_install']
[2.317s] Level 1:colcon.colcon_core.package_identification:_identify(src/log) by extension 'ignore'
[2.318s] Level 1:colcon.colcon_core.package_identification:_identify(src/log) ignored
[2.319s] Level 1:colcon.colcon_core.package_identification:_identify(src/prototype) by extensions ['ignore', 'ignore_ament_install']
[2.319s] Level 1:colcon.colcon_core.package_identification:_identify(src/prototype) by extension 'ignore'
[2.319s] Level 1:colcon.colcon_core.package_identification:_identify(src/prototype) by extension 'ignore_ament_install'
[2.320s] Level 1:colcon.colcon_core.package_identification:_identify(src/prototype) by extensions ['colcon_pkg']
[2.320s] Level 1:colcon.colcon_core.package_identification:_identify(src/prototype) by extension 'colcon_pkg'
[2.320s] Level 1:colcon.colcon_core.package_identification:_identify(src/prototype) by extensions ['colcon_meta']
[2.320s] Level 1:colcon.colcon_core.package_identification:_identify(src/prototype) by extension 'colcon_meta'
[2.320s] Level 1:colcon.colcon_core.package_identification:_identify(src/prototype) by extensions ['ros']
[2.321s] Level 1:colcon.colcon_core.package_identification:_identify(src/prototype) by extension 'ros'
[2.326s] DEBUG:colcon.colcon_core.package_identification:Package 'src/prototype' with type 'ros.ament_cmake' and name 'prototype'
[2.332s] Level 1:colcon.colcon_core.package_identification:_identify(src/vosk-model-small-en-us-0.15) by extensions ['ignore', 'ignore_ament_install']
[2.332s] Level 1:colcon.colcon_core.package_identification:_identify(src/vosk-model-small-en-us-0.15) by extension 'ignore'
[2.332s] Level 1:colcon.colcon_core.package_identification:_identify(src/vosk-model-small-en-us-0.15) by extension 'ignore_ament_install'
[2.333s] Level 1:colcon.colcon_core.package_identification:_identify(src/vosk-model-small-en-us-0.15) by extensions ['colcon_pkg']
[2.333s] Level 1:colcon.colcon_core.package_identification:_identify(src/vosk-model-small-en-us-0.15) by extension 'colcon_pkg'
[2.333s] Level 1:colcon.colcon_core.package_identification:_identify(src/vosk-model-small-en-us-0.15) by extensions ['colcon_meta']
[2.334s] Level 1:colcon.colcon_core.package_identification:_identify(src/vosk-model-small-en-us-0.15) by extension 'colcon_meta'
[2.334s] Level 1:colcon.colcon_core.package_identification:_identify(src/vosk-model-small-en-us-0.15) by extensions ['ros']
[2.334s] Level 1:colcon.colcon_core.package_identification:_identify(src/vosk-model-small-en-us-0.15) by extension 'ros'
[2.334s] Level 1:colcon.colcon_core.package_identification:_identify(src/vosk-model-small-en-us-0.15) by extensions ['cmake', 'python']
[2.335s] Level 1:colcon.colcon_core.package_identification:_identify(src/vosk-model-small-en-us-0.15) by extension 'cmake'
[2.335s] Level 1:colcon.colcon_core.package_identification:_identify(src/vosk-model-small-en-us-0.15) by extension 'python'
[2.335s] Level 1:colcon.colcon_core.package_identification:_identify(src/vosk-model-small-en-us-0.15) by extensions ['python_setup_py']
[2.335s] Level 1:colcon.colcon_core.package_identification:_identify(src/vosk-model-small-en-us-0.15) by extension 'python_setup_py'
[2.337s] Level 1:colcon.colcon_core.package_identification:_identify(src/vosk-model-small-en-us-0.15/am) by extensions ['ignore', 'ignore_ament_install']
[2.337s] Level 1:colcon.colcon_core.package_identification:_identify(src/vosk-model-small-en-us-0.15/am) by extension 'ignore'
[2.337s] Level 1:colcon.colcon_core.package_identification:_identify(src/vosk-model-small-en-us-0.15/am) by extension 'ignore_ament_install'
[2.338s] Level 1:colcon.colcon_core.package_identification:_identify(src/vosk-model-small-en-us-0.15/am) by extensions ['colcon_pkg']
[2.338s] Level 1:colcon.colcon_core.package_identification:_identify(src/vosk-model-small-en-us-0.15/am) by extension 'colcon_pkg'
[2.338s] Level 1:colcon.colcon_core.package_identification:_identify(src/vosk-model-small-en-us-0.15/am) by extensions ['colcon_meta']
[2.338s] Level 1:colcon.colcon_core.package_identification:_identify(src/vosk-model-small-en-us-0.15/am) by extension 'colcon_meta'
[2.339s] Level 1:colcon.colcon_core.package_identification:_identify(src/vosk-model-small-en-us-0.15/am) by extensions ['ros']
[2.339s] Level 1:colcon.colcon_core.package_identification:_identify(src/vosk-model-small-en-us-0.15/am) by extension 'ros'
[2.339s] Level 1:colcon.colcon_core.package_identification:_identify(src/vosk-model-small-en-us-0.15/am) by extensions ['cmake', 'python']
[2.339s] Level 1:colcon.colcon_core.package_identification:_identify(src/vosk-model-small-en-us-0.15/am) by extension 'cmake'
[2.340s] Level 1:colcon.colcon_core.package_identification:_identify(src/vosk-model-small-en-us-0.15/am) by extension 'python'
[2.340s] Level 1:colcon.colcon_core.package_identification:_identify(src/vosk-model-small-en-us-0.15/am) by extensions ['python_setup_py']
[2.340s] Level 1:colcon.colcon_core.package_identification:_identify(src/vosk-model-small-en-us-0.15/am) by extension 'python_setup_py'
[2.341s] Level 1:colcon.colcon_core.package_identification:_identify(src/vosk-model-small-en-us-0.15/conf) by extensions ['ignore', 'ignore_ament_install']
[2.342s] Level 1:colcon.colcon_core.package_identification:_identify(src/vosk-model-small-en-us-0.15/conf) by extension 'ignore'
[2.342s] Level 1:colcon.colcon_core.package_identification:_identify(src/vosk-model-small-en-us-0.15/conf) by extension 'ignore_ament_install'
[2.342s] Level 1:colcon.colcon_core.package_identification:_identify(src/vosk-model-small-en-us-0.15/conf) by extensions ['colcon_pkg']
[2.342s] Level 1:colcon.colcon_core.package_identification:_identify(src/vosk-model-small-en-us-0.15/conf) by extension 'colcon_pkg'
[2.343s] Level 1:colcon.colcon_core.package_identification:_identify(src/vosk-model-small-en-us-0.15/conf) by extensions ['colcon_meta']
[2.343s] Level 1:colcon.colcon_core.package_identification:_identify(src/vosk-model-small-en-us-0.15/conf) by extension 'colcon_meta'
[2.343s] Level 1:colcon.colcon_core.package_identification:_identify(src/vosk-model-small-en-us-0.15/conf) by extensions ['ros']
[2.343s] Level 1:colcon.colcon_core.package_identification:_identify(src/vosk-model-small-en-us-0.15/conf) by extension 'ros'
[2.344s] Level 1:colcon.colcon_core.package_identification:_identify(src/vosk-model-small-en-us-0.15/conf) by extensions ['cmake', 'python']
[2.344s] Level 1:colcon.colcon_core.package_identification:_identify(src/vosk-model-small-en-us-0.15/conf) by extension 'cmake'
[2.344s] Level 1:colcon.colcon_core.package_identification:_identify(src/vosk-model-small-en-us-0.15/conf) by extension 'python'
[2.344s] Level 1:colcon.colcon_core.package_identification:_identify(src/vosk-model-small-en-us-0.15/conf) by extensions ['python_setup_py']
[2.345s] Level 1:colcon.colcon_core.package_identification:_identify(src/vosk-model-small-en-us-0.15/conf) by extension 'python_setup_py'
[2.346s] Level 1:colcon.colcon_core.package_identification:_identify(src/vosk-model-small-en-us-0.15/graph) by extensions ['ignore', 'ignore_ament_install']
[2.346s] Level 1:colcon.colcon_core.package_identification:_identify(src/vosk-model-small-en-us-0.15/graph) by extension 'ignore'
[2.347s] Level 1:colcon.colcon_core.package_identification:_identify(src/vosk-model-small-en-us-0.15/graph) by extension 'ignore_ament_install'
[2.347s] Level 1:colcon.colcon_core.package_identification:_identify(src/vosk-model-small-en-us-0.15/graph) by extensions ['colcon_pkg']
[2.347s] Level 1:colcon.colcon_core.package_identification:_identify(src/vosk-model-small-en-us-0.15/graph) by extension 'colcon_pkg'
[2.347s] Level 1:colcon.colcon_core.package_identification:_identify(src/vosk-model-small-en-us-0.15/graph) by extensions ['colcon_meta']
[2.347s] Level 1:colcon.colcon_core.package_identification:_identify(src/vosk-model-small-en-us-0.15/graph) by extension 'colcon_meta'
[2.348s] Level 1:colcon.colcon_core.package_identification:_identify(src/vosk-model-small-en-us-0.15/graph) by extensions ['ros']
[2.348s] Level 1:colcon.colcon_core.package_identification:_identify(src/vosk-model-small-en-us-0.15/graph) by extension 'ros'
[2.348s] Level 1:colcon.colcon_core.package_identification:_identify(src/vosk-model-small-en-us-0.15/graph) by extensions ['cmake', 'python']
[2.349s] Level 1:colcon.colcon_core.package_identification:_identify(src/vosk-model-small-en-us-0.15/graph) by extension 'cmake'
[2.349s] Level 1:colcon.colcon_core.package_identification:_identify(src/vosk-model-small-en-us-0.15/graph) by extension 'python'
[2.349s] Level 1:colcon.colcon_core.package_identification:_identify(src/vosk-model-small-en-us-0.15/graph) by extensions ['python_setup_py']
[2.349s] Level 1:colcon.colcon_core.package_identification:_identify(src/vosk-model-small-en-us-0.15/graph) by extension 'python_setup_py'
[2.350s] Level 1:colcon.colcon_core.package_identification:_identify(src/vosk-model-small-en-us-0.15/graph/phones) by extensions ['ignore', 'ignore_ament_install']
[2.351s] Level 1:colcon.colcon_core.package_identification:_identify(src/vosk-model-small-en-us-0.15/graph/phones) by extension 'ignore'
[2.351s] Level 1:colcon.colcon_core.package_identification:_identify(src/vosk-model-small-en-us-0.15/graph/phones) by extension 'ignore_ament_install'
[2.351s] Level 1:colcon.colcon_core.package_identification:_identify(src/vosk-model-small-en-us-0.15/graph/phones) by extensions ['colcon_pkg']
[2.351s] Level 1:colcon.colcon_core.package_identification:_identify(src/vosk-model-small-en-us-0.15/graph/phones) by extension 'colcon_pkg'
[2.351s] Level 1:colcon.colcon_core.package_identification:_identify(src/vosk-model-small-en-us-0.15/graph/phones) by extensions ['colcon_meta']
[2.351s] Level 1:colcon.colcon_core.package_identification:_identify(src/vosk-model-small-en-us-0.15/graph/phones) by extension 'colcon_meta'
[2.352s] Level 1:colcon.colcon_core.package_identification:_identify(src/vosk-model-small-en-us-0.15/graph/phones) by extensions ['ros']
[2.352s] Level 1:colcon.colcon_core.package_identification:_identify(src/vosk-model-small-en-us-0.15/graph/phones) by extension 'ros'
[2.352s] Level 1:colcon.colcon_core.package_identification:_identify(src/vosk-model-small-en-us-0.15/graph/phones) by extensions ['cmake', 'python']
[2.352s] Level 1:colcon.colcon_core.package_identification:_identify(src/vosk-model-small-en-us-0.15/graph/phones) by extension 'cmake'
[2.352s] Level 1:colcon.colcon_core.package_identification:_identify(src/vosk-model-small-en-us-0.15/graph/phones) by extension 'python'
[2.353s] Level 1:colcon.colcon_core.package_identification:_identify(src/vosk-model-small-en-us-0.15/graph/phones) by extensions ['python_setup_py']
[2.353s] Level 1:colcon.colcon_core.package_identification:_identify(src/vosk-model-small-en-us-0.15/graph/phones) by extension 'python_setup_py'
[2.354s] Level 1:colcon.colcon_core.package_identification:_identify(src/vosk-model-small-en-us-0.15/ivector) by extensions ['ignore', 'ignore_ament_install']
[2.354s] Level 1:colcon.colcon_core.package_identification:_identify(src/vosk-model-small-en-us-0.15/ivector) by extension 'ignore'
[2.354s] Level 1:colcon.colcon_core.package_identification:_identify(src/vosk-model-small-en-us-0.15/ivector) by extension 'ignore_ament_install'
[2.355s] Level 1:colcon.colcon_core.package_identification:_identify(src/vosk-model-small-en-us-0.15/ivector) by extensions ['colcon_pkg']
[2.355s] Level 1:colcon.colcon_core.package_identification:_identify(src/vosk-model-small-en-us-0.15/ivector) by extension 'colcon_pkg'
[2.355s] Level 1:colcon.colcon_core.package_identification:_identify(src/vosk-model-small-en-us-0.15/ivector) by extensions ['colcon_meta']
[2.355s] Level 1:colcon.colcon_core.package_identification:_identify(src/vosk-model-small-en-us-0.15/ivector) by extension 'colcon_meta'
[2.355s] Level 1:colcon.colcon_core.package_identification:_identify(src/vosk-model-small-en-us-0.15/ivector) by extensions ['ros']
[2.355s] Level 1:colcon.colcon_core.package_identification:_identify(src/vosk-model-small-en-us-0.15/ivector) by extension 'ros'
[2.356s] Level 1:colcon.colcon_core.package_identification:_identify(src/vosk-model-small-en-us-0.15/ivector) by extensions ['cmake', 'python']
[2.356s] Level 1:colcon.colcon_core.package_identification:_identify(src/vosk-model-small-en-us-0.15/ivector) by extension 'cmake'
[2.356s] Level 1:colcon.colcon_core.package_identification:_identify(src/vosk-model-small-en-us-0.15/ivector) by extension 'python'
[2.356s] Level 1:colcon.colcon_core.package_identification:_identify(src/vosk-model-small-en-us-0.15/ivector) by extensions ['python_setup_py']
[2.356s] Level 1:colcon.colcon_core.package_identification:_identify(src/vosk-model-small-en-us-0.15/ivector) by extension 'python_setup_py'
[2.357s] Level 1:colcon.colcon_core.package_discovery:discover_packages(recursive) using defaults
[2.357s] Level 1:colcon.colcon_core.package_discovery:discover_packages(ignore) discover
[2.357s] Level 1:colcon.colcon_core.package_discovery:discover_packages(ignore) using defaults
[2.357s] Level 1:colcon.colcon_core.package_discovery:discover_packages(path) discover
[2.357s] Level 1:colcon.colcon_core.package_discovery:discover_packages(path) using defaults
[2.495s] Level 1:colcon.colcon_core.package_discovery:discover_packages(prefix_path) check parameters
[2.495s] Level 1:colcon.colcon_core.package_discovery:discover_packages(prefix_path) discover
[2.514s] DEBUG:colcon.colcon_installed_package_information.package_discovery:Found 181 installed packages in /opt/ros/humble
[2.519s] Level 1:colcon.colcon_core.package_discovery:discover_packages(prefix_path) using defaults
[2.677s] Level 5:colcon.colcon_core.verb:set package 'ai_client' build argument 'cmake_args' from command line to 'None'
[2.678s] Level 5:colcon.colcon_core.verb:set package 'ai_client' build argument 'cmake_target' from command line to 'None'
[2.678s] Level 5:colcon.colcon_core.verb:set package 'ai_client' build argument 'cmake_target_skip_unavailable' from command line to 'False'
[2.678s] Level 5:colcon.colcon_core.verb:set package 'ai_client' build argument 'cmake_clean_cache' from command line to 'False'
[2.678s] Level 5:colcon.colcon_core.verb:set package 'ai_client' build argument 'cmake_clean_first' from command line to 'False'
[2.678s] Level 5:colcon.colcon_core.verb:set package 'ai_client' build argument 'cmake_force_configure' from command line to 'False'
[2.678s] Level 5:colcon.colcon_core.verb:set package 'ai_client' build argument 'ament_cmake_args' from command line to 'None'
[2.678s] Level 5:colcon.colcon_core.verb:set package 'ai_client' build argument 'catkin_cmake_args' from command line to 'None'
[2.678s] Level 5:colcon.colcon_core.verb:set package 'ai_client' build argument 'catkin_skip_building_tests' from command line to 'False'
[2.678s] DEBUG:colcon.colcon_core.verb:Building package 'ai_client' with the following arguments: {'ament_cmake_args': None, 'build_base': '/home/rosievoice/main_ws/mic_ws/build/ai_client', 'catkin_cmake_args': None, 'catkin_skip_building_tests': False, 'cmake_args': None, 'cmake_clean_cache': False, 'cmake_clean_first': False, 'cmake_force_configure': False, 'cmake_target': None, 'cmake_target_skip_unavailable': False, 'install_base': '/home/rosievoice/main_ws/mic_ws/install/ai_client', 'merge_install': False, 'path': '/home/rosievoice/main_ws/mic_ws/src/ai_client', 'symlink_install': True, 'test_result_base': None}
[2.680s] Level 5:colcon.colcon_core.verb:set package 'prototype' build argument 'cmake_args' from command line to 'None'
[2.680s] Level 5:colcon.colcon_core.verb:set package 'prototype' build argument 'cmake_target' from command line to 'None'
[2.680s] Level 5:colcon.colcon_core.verb:set package 'prototype' build argument 'cmake_target_skip_unavailable' from command line to 'False'
[2.680s] Level 5:colcon.colcon_core.verb:set package 'prototype' build argument 'cmake_clean_cache' from command line to 'False'
[2.680s] Level 5:colcon.colcon_core.verb:set package 'prototype' build argument 'cmake_clean_first' from command line to 'False'
[2.680s] Level 5:colcon.colcon_core.verb:set package 'prototype' build argument 'cmake_force_configure' from command line to 'False'
[2.680s] Level 5:colcon.colcon_core.verb:set package 'prototype' build argument 'ament_cmake_args' from command line to 'None'
[2.681s] Level 5:colcon.colcon_core.verb:set package 'prototype' build argument 'catkin_cmake_args' from command line to 'None'
[2.681s] Level 5:colcon.colcon_core.verb:set package 'prototype' build argument 'catkin_skip_building_tests' from command line to 'False'
[2.681s] DEBUG:colcon.colcon_core.verb:Building package 'prototype' with the following arguments: {'ament_cmake_args': None, 'build_base': '/home/rosievoice/main_ws/mic_ws/build/prototype', 'catkin_cmake_args': None, 'catkin_skip_building_tests': False, 'cmake_args': None, 'cmake_clean_cache': False, 'cmake_clean_first': False, 'cmake_force_configure': False, 'cmake_target': None, 'cmake_target_skip_unavailable': False, 'install_base': '/home/rosievoice/main_ws/mic_ws/install/prototype', 'merge_install': False, 'path': '/home/rosievoice/main_ws/mic_ws/src/prototype', 'symlink_install': True, 'test_result_base': None}
[2.681s] INFO:colcon.colcon_core.executor:Executing jobs using 'parallel' executor
[2.684s] DEBUG:colcon.colcon_parallel_executor.executor.parallel:run_until_complete
[2.686s] INFO:colcon.colcon_ros.task.ament_cmake.build:Building ROS package in '/home/rosievoice/main_ws/mic_ws/src/ai_client' with build type 'ament_cmake'
[2.686s] INFO:colcon.colcon_cmake.task.cmake.build:Building CMake package in '/home/rosievoice/main_ws/mic_ws/src/ai_client'
[2.708s] INFO:colcon.colcon_core.plugin_system:Skipping extension 'colcon_core.shell.bat': Not used on non-Windows systems
[2.709s] INFO:colcon.colcon_core.shell:Skip shell extension 'powershell' for command environment: Not usable outside of PowerShell
[2.709s] DEBUG:colcon.colcon_core.shell:Skip shell extension 'dsv' for command environment
[2.727s] INFO:colcon.colcon_ros.task.ament_cmake.build:Building ROS package in '/home/rosievoice/main_ws/mic_ws/src/prototype' with build type 'ament_cmake'
[2.727s] INFO:colcon.colcon_cmake.task.cmake.build:Building CMake package in '/home/rosievoice/main_ws/mic_ws/src/prototype'
[2.728s] INFO:colcon.colcon_core.shell:Skip shell extension 'powershell' for command environment: Not usable outside of PowerShell
[2.729s] DEBUG:colcon.colcon_core.shell:Skip shell extension 'dsv' for command environment
[2.766s] DEBUG:colcon.colcon_core.event_handler.log_command:Invoking command in '/home/rosievoice/main_ws/mic_ws/build/ai_client': CMAKE_PREFIX_PATH=/opt/ros/humble /usr/bin/cmake --build /home/rosievoice/main_ws/mic_ws/build/ai_client -- -j4 -l4
[2.814s] DEBUG:colcon.colcon_core.event_handler.log_command:Invoking command in '/home/rosievoice/main_ws/mic_ws/build/prototype': CMAKE_PREFIX_PATH=/opt/ros/humble /usr/bin/cmake --build /home/rosievoice/main_ws/mic_ws/build/prototype -- -j4 -l4
[4.938s] DEBUG:colcon.colcon_core.event_handler.log_command:Invoked command in '/home/rosievoice/main_ws/mic_ws/build/ai_client' returned '0': CMAKE_PREFIX_PATH=/opt/ros/humble /usr/bin/cmake --build /home/rosievoice/main_ws/mic_ws/build/ai_client -- -j4 -l4
[4.950s] DEBUG:colcon.colcon_core.event_handler.log_command:Invoked command in '/home/rosievoice/main_ws/mic_ws/build/prototype' returned '0': CMAKE_PREFIX_PATH=/opt/ros/humble /usr/bin/cmake --build /home/rosievoice/main_ws/mic_ws/build/prototype -- -j4 -l4
[5.076s] DEBUG:colcon.colcon_core.event_handler.log_command:Invoking command in '/home/rosievoice/main_ws/mic_ws/build/ai_client': CMAKE_PREFIX_PATH=/opt/ros/humble /usr/bin/cmake --install /home/rosievoice/main_ws/mic_ws/build/ai_client
[5.450s] Level 1:colcon.colcon_core.environment:create_environment_scripts_only(ai_client)
[5.452s] DEBUG:colcon.colcon_core.event_handler.log_command:Invoked command in '/home/rosievoice/main_ws/mic_ws/build/ai_client' returned '0': CMAKE_PREFIX_PATH=/opt/ros/humble /usr/bin/cmake --install /home/rosievoice/main_ws/mic_ws/build/ai_client
[5.479s] Level 1:colcon.colcon_core.environment:checking '/home/rosievoice/main_ws/mic_ws/install/ai_client' for CMake module files
[5.482s] Level 1:colcon.colcon_core.environment:checking '/home/rosievoice/main_ws/mic_ws/install/ai_client' for CMake config files
[5.484s] Level 1:colcon.colcon_core.shell:create_environment_hook('ai_client', 'cmake_prefix_path')
[5.485s] INFO:colcon.colcon_core.shell:Creating environment hook '/home/rosievoice/main_ws/mic_ws/install/ai_client/share/ai_client/hook/cmake_prefix_path.ps1'
[5.491s] INFO:colcon.colcon_core.shell:Creating environment descriptor '/home/rosievoice/main_ws/mic_ws/install/ai_client/share/ai_client/hook/cmake_prefix_path.dsv'
[5.494s] INFO:colcon.colcon_core.shell:Creating environment hook '/home/rosievoice/main_ws/mic_ws/install/ai_client/share/ai_client/hook/cmake_prefix_path.sh'
[5.499s] Level 1:colcon.colcon_core.environment:checking '/home/rosievoice/main_ws/mic_ws/install/ai_client/lib'
[5.500s] Level 1:colcon.colcon_core.environment:checking '/home/rosievoice/main_ws/mic_ws/install/ai_client/bin'
[5.501s] Level 1:colcon.colcon_core.environment:checking '/home/rosievoice/main_ws/mic_ws/install/ai_client/lib/pkgconfig/ai_client.pc'
[5.502s] Level 1:colcon.colcon_core.environment:checking '/home/rosievoice/main_ws/mic_ws/install/ai_client/lib/python3.10/site-packages'
[5.503s] Level 1:colcon.colcon_core.environment:checking '/home/rosievoice/main_ws/mic_ws/install/ai_client/bin'
[5.504s] INFO:colcon.colcon_core.shell:Creating package script '/home/rosievoice/main_ws/mic_ws/install/ai_client/share/ai_client/package.ps1'
[5.508s] INFO:colcon.colcon_core.shell:Creating package descriptor '/home/rosievoice/main_ws/mic_ws/install/ai_client/share/ai_client/package.dsv'
[5.512s] INFO:colcon.colcon_core.shell:Creating package script '/home/rosievoice/main_ws/mic_ws/install/ai_client/share/ai_client/package.sh'
[5.516s] INFO:colcon.colcon_core.shell:Creating package script '/home/rosievoice/main_ws/mic_ws/install/ai_client/share/ai_client/package.bash'
[5.521s] INFO:colcon.colcon_core.shell:Creating package script '/home/rosievoice/main_ws/mic_ws/install/ai_client/share/ai_client/package.zsh'
[5.525s] Level 1:colcon.colcon_core.environment:create_file_with_runtime_dependencies(/home/rosievoice/main_ws/mic_ws/install/ai_client/share/colcon-core/packages/ai_client)
[5.627s] Level 1:colcon.colcon_core.environment:create_environment_scripts_only(ai_client)
[5.629s] Level 1:colcon.colcon_core.environment:checking '/home/rosievoice/main_ws/mic_ws/install/ai_client' for CMake module files
[5.632s] Level 1:colcon.colcon_core.environment:checking '/home/rosievoice/main_ws/mic_ws/install/ai_client' for CMake config files
[5.634s] Level 1:colcon.colcon_core.shell:create_environment_hook('ai_client', 'cmake_prefix_path')
[5.635s] INFO:colcon.colcon_core.shell:Creating environment hook '/home/rosievoice/main_ws/mic_ws/install/ai_client/share/ai_client/hook/cmake_prefix_path.ps1'
[5.638s] INFO:colcon.colcon_core.shell:Creating environment descriptor '/home/rosievoice/main_ws/mic_ws/install/ai_client/share/ai_client/hook/cmake_prefix_path.dsv'
[5.640s] INFO:colcon.colcon_core.shell:Creating environment hook '/home/rosievoice/main_ws/mic_ws/install/ai_client/share/ai_client/hook/cmake_prefix_path.sh'
[5.643s] Level 1:colcon.colcon_core.environment:checking '/home/rosievoice/main_ws/mic_ws/install/ai_client/lib'
[5.643s] Level 1:colcon.colcon_core.environment:checking '/home/rosievoice/main_ws/mic_ws/install/ai_client/bin'
[5.644s] Level 1:colcon.colcon_core.environment:checking '/home/rosievoice/main_ws/mic_ws/install/ai_client/lib/pkgconfig/ai_client.pc'
[5.645s] Level 1:colcon.colcon_core.environment:checking '/home/rosievoice/main_ws/mic_ws/install/ai_client/lib/python3.10/site-packages'
[5.646s] Level 1:colcon.colcon_core.environment:checking '/home/rosievoice/main_ws/mic_ws/install/ai_client/bin'
[5.647s] INFO:colcon.colcon_core.shell:Creating package script '/home/rosievoice/main_ws/mic_ws/install/ai_client/share/ai_client/package.ps1'
[5.649s] INFO:colcon.colcon_core.shell:Creating package descriptor '/home/rosievoice/main_ws/mic_ws/install/ai_client/share/ai_client/package.dsv'
[5.652s] INFO:colcon.colcon_core.shell:Creating package script '/home/rosievoice/main_ws/mic_ws/install/ai_client/share/ai_client/package.sh'
[5.654s] INFO:colcon.colcon_core.shell:Creating package script '/home/rosievoice/main_ws/mic_ws/install/ai_client/share/ai_client/package.bash'
[5.656s] INFO:colcon.colcon_core.shell:Creating package script '/home/rosievoice/main_ws/mic_ws/install/ai_client/share/ai_client/package.zsh'
[5.659s] Level 1:colcon.colcon_core.environment:create_file_with_runtime_dependencies(/home/rosievoice/main_ws/mic_ws/install/ai_client/share/colcon-core/packages/ai_client)
[5.749s] DEBUG:colcon.colcon_core.event_handler.log_command:Invoking command in '/home/rosievoice/main_ws/mic_ws/build/prototype': CMAKE_PREFIX_PATH=/opt/ros/humble /usr/bin/cmake --install /home/rosievoice/main_ws/mic_ws/build/prototype
[6.646s] Level 1:colcon.colcon_core.environment:create_environment_scripts_only(prototype)
[6.647s] Level 1:colcon.colcon_core.environment:checking '/home/rosievoice/main_ws/mic_ws/install/prototype' for CMake module files
[6.649s] DEBUG:colcon.colcon_core.event_handler.log_command:Invoked command in '/home/rosievoice/main_ws/mic_ws/build/prototype' returned '0': CMAKE_PREFIX_PATH=/opt/ros/humble /usr/bin/cmake --install /home/rosievoice/main_ws/mic_ws/build/prototype
[6.654s] Level 1:colcon.colcon_core.environment:checking '/home/rosievoice/main_ws/mic_ws/install/prototype' for CMake config files
[6.658s] Level 1:colcon.colcon_core.shell:create_environment_hook('prototype', 'cmake_prefix_path')
[6.659s] INFO:colcon.colcon_core.shell:Creating environment hook '/home/rosievoice/main_ws/mic_ws/install/prototype/share/prototype/hook/cmake_prefix_path.ps1'
[6.663s] INFO:colcon.colcon_core.shell:Creating environment descriptor '/home/rosievoice/main_ws/mic_ws/install/prototype/share/prototype/hook/cmake_prefix_path.dsv'
[6.664s] INFO:colcon.colcon_core.shell:Creating environment hook '/home/rosievoice/main_ws/mic_ws/install/prototype/share/prototype/hook/cmake_prefix_path.sh'
[6.667s] Level 1:colcon.colcon_core.environment:checking '/home/rosievoice/main_ws/mic_ws/install/prototype/lib'
[6.668s] Level 1:colcon.colcon_core.shell:create_environment_hook('prototype', 'ld_library_path_lib')
[6.669s] INFO:colcon.colcon_core.shell:Creating environment hook '/home/rosievoice/main_ws/mic_ws/install/prototype/share/prototype/hook/ld_library_path_lib.ps1'
[6.671s] INFO:colcon.colcon_core.shell:Creating environment descriptor '/home/rosievoice/main_ws/mic_ws/install/prototype/share/prototype/hook/ld_library_path_lib.dsv'
[6.672s] INFO:colcon.colcon_core.shell:Creating environment hook '/home/rosievoice/main_ws/mic_ws/install/prototype/share/prototype/hook/ld_library_path_lib.sh'
[6.674s] Level 1:colcon.colcon_core.environment:checking '/home/rosievoice/main_ws/mic_ws/install/prototype/bin'
[6.675s] Level 1:colcon.colcon_core.environment:checking '/home/rosievoice/main_ws/mic_ws/install/prototype/lib/pkgconfig/prototype.pc'
[6.676s] Level 1:colcon.colcon_core.environment:checking '/home/rosievoice/main_ws/mic_ws/install/prototype/lib/python3.10/site-packages'
[6.677s] Level 1:colcon.colcon_core.environment:checking '/home/rosievoice/main_ws/mic_ws/install/prototype/bin'
[6.678s] INFO:colcon.colcon_core.shell:Creating package script '/home/rosievoice/main_ws/mic_ws/install/prototype/share/prototype/package.ps1'
[6.681s] INFO:colcon.colcon_core.shell:Creating package descriptor '/home/rosievoice/main_ws/mic_ws/install/prototype/share/prototype/package.dsv'
[6.683s] INFO:colcon.colcon_core.shell:Creating package script '/home/rosievoice/main_ws/mic_ws/install/prototype/share/prototype/package.sh'
[6.685s] INFO:colcon.colcon_core.shell:Creating package script '/home/rosievoice/main_ws/mic_ws/install/prototype/share/prototype/package.bash'
[6.687s] INFO:colcon.colcon_core.shell:Creating package script '/home/rosievoice/main_ws/mic_ws/install/prototype/share/prototype/package.zsh'
[6.688s] Level 1:colcon.colcon_core.environment:create_file_with_runtime_dependencies(/home/rosievoice/main_ws/mic_ws/install/prototype/share/colcon-core/packages/prototype)
[7.427s] Level 1:colcon.colcon_core.environment:create_environment_scripts_only(prototype)
[7.428s] Level 1:colcon.colcon_core.environment:checking '/home/rosievoice/main_ws/mic_ws/install/prototype' for CMake module files
[7.434s] Level 1:colcon.colcon_core.environment:checking '/home/rosievoice/main_ws/mic_ws/install/prototype' for CMake config files
[7.438s] Level 1:colcon.colcon_core.shell:create_environment_hook('prototype', 'cmake_prefix_path')
[7.439s] INFO:colcon.colcon_core.shell:Creating environment hook '/home/rosievoice/main_ws/mic_ws/install/prototype/share/prototype/hook/cmake_prefix_path.ps1'
[7.441s] INFO:colcon.colcon_core.shell:Creating environment descriptor '/home/rosievoice/main_ws/mic_ws/install/prototype/share/prototype/hook/cmake_prefix_path.dsv'
[7.443s] INFO:colcon.colcon_core.shell:Creating environment hook '/home/rosievoice/main_ws/mic_ws/install/prototype/share/prototype/hook/cmake_prefix_path.sh'
[7.446s] Level 1:colcon.colcon_core.environment:checking '/home/rosievoice/main_ws/mic_ws/install/prototype/lib'
[7.447s] Level 1:colcon.colcon_core.shell:create_environment_hook('prototype', 'ld_library_path_lib')
[7.447s] INFO:colcon.colcon_core.shell:Creating environment hook '/home/rosievoice/main_ws/mic_ws/install/prototype/share/prototype/hook/ld_library_path_lib.ps1'
[7.449s] INFO:colcon.colcon_core.shell:Creating environment descriptor '/home/rosievoice/main_ws/mic_ws/install/prototype/share/prototype/hook/ld_library_path_lib.dsv'
[7.451s] INFO:colcon.colcon_core.shell:Creating environment hook '/home/rosievoice/main_ws/mic_ws/install/prototype/share/prototype/hook/ld_library_path_lib.sh'
[7.453s] Level 1:colcon.colcon_core.environment:checking '/home/rosievoice/main_ws/mic_ws/install/prototype/bin'
[7.453s] Level 1:colcon.colcon_core.environment:checking '/home/rosievoice/main_ws/mic_ws/install/prototype/lib/pkgconfig/prototype.pc'
[7.454s] Level 1:colcon.colcon_core.environment:checking '/home/rosievoice/main_ws/mic_ws/install/prototype/lib/python3.10/site-packages'
[7.455s] Level 1:colcon.colcon_core.environment:checking '/home/rosievoice/main_ws/mic_ws/install/prototype/bin'
[7.456s] INFO:colcon.colcon_core.shell:Creating package script '/home/rosievoice/main_ws/mic_ws/install/prototype/share/prototype/package.ps1'
[7.458s] INFO:colcon.colcon_core.shell:Creating package descriptor '/home/rosievoice/main_ws/mic_ws/install/prototype/share/prototype/package.dsv'
[7.460s] INFO:colcon.colcon_core.shell:Creating package script '/home/rosievoice/main_ws/mic_ws/install/prototype/share/prototype/package.sh'
[7.463s] INFO:colcon.colcon_core.shell:Creating package script '/home/rosievoice/main_ws/mic_ws/install/prototype/share/prototype/package.bash'
[7.464s] INFO:colcon.colcon_core.shell:Creating package script '/home/rosievoice/main_ws/mic_ws/install/prototype/share/prototype/package.zsh'
[7.466s] Level 1:colcon.colcon_core.environment:create_file_with_runtime_dependencies(/home/rosievoice/main_ws/mic_ws/install/prototype/share/colcon-core/packages/prototype)
[7.467s] DEBUG:colcon.colcon_parallel_executor.executor.parallel:closing loop
[7.468s] DEBUG:colcon.colcon_parallel_executor.executor.parallel:loop closed
[7.469s] DEBUG:colcon.colcon_parallel_executor.executor.parallel:run_until_complete finished with '0'
[7.469s] DEBUG:colcon.colcon_core.event_reactor:joining thread
[7.495s] INFO:colcon.colcon_core.plugin_system:Skipping extension 'colcon_notification.desktop_notification.terminal_notifier': Not used on non-Darwin systems
[7.495s] INFO:colcon.colcon_core.plugin_system:Skipping extension 'colcon_notification.desktop_notification.win32': Not used on non-Windows systems
[7.496s] INFO:colcon.colcon_notification.desktop_notification:Sending desktop notification using 'notify2'
[7.559s] DEBUG:colcon.colcon_core.event_reactor:joined thread
[7.560s] INFO:colcon.colcon_core.shell:Creating prefix script '/home/rosievoice/main_ws/mic_ws/install/local_setup.ps1'
[7.567s] INFO:colcon.colcon_core.shell:Creating prefix util module '/home/rosievoice/main_ws/mic_ws/install/_local_setup_util_ps1.py'
[7.577s] INFO:colcon.colcon_core.shell:Creating prefix chain script '/home/rosievoice/main_ws/mic_ws/install/setup.ps1'
[7.583s] INFO:colcon.colcon_core.shell:Creating prefix script '/home/rosievoice/main_ws/mic_ws/install/local_setup.sh'
[7.586s] INFO:colcon.colcon_core.shell:Creating prefix util module '/home/rosievoice/main_ws/mic_ws/install/_local_setup_util_sh.py'
[7.589s] INFO:colcon.colcon_core.shell:Creating prefix chain script '/home/rosievoice/main_ws/mic_ws/install/setup.sh'
[7.594s] INFO:colcon.colcon_core.shell:Creating prefix script '/home/rosievoice/main_ws/mic_ws/install/local_setup.bash'
[7.596s] INFO:colcon.colcon_core.shell:Creating prefix chain script '/home/rosievoice/main_ws/mic_ws/install/setup.bash'
[7.601s] INFO:colcon.colcon_core.shell:Creating prefix script '/home/rosievoice/main_ws/mic_ws/install/local_setup.zsh'
[7.604s] INFO:colcon.colcon_core.shell:Creating prefix chain script '/home/rosievoice/main_ws/mic_ws/install/setup.zsh'
