-- The C compiler identification is GNU 11.4.0
-- The CXX compiler identification is GNU 11.4.0
-- Detecting C compiler ABI info
-- Detecting C compiler ABI info - done
-- Check for working C compiler: /usr/bin/cc - skipped
-- Detecting C compile features
-- Detecting C compile features - done
-- Detecting CXX compiler ABI info
-- Detecting CXX compiler ABI info - done
-- Check for working CXX compiler: /usr/bin/c++ - skipped
-- Detecting CXX compile features
-- Detecting CXX compile features - done
-- Found ament_cmake: 1.3.9 (/opt/ros/humble/share/ament_cmake/cmake)
-- Found Python3: /usr/bin/python3 (found version "3.10.12") found components: Interpreter 
-- Override CMake install command with custom implementation using symlinks instead of copying resources
-- Found rclcpp: 16.0.9 (/opt/ros/humble/share/rclcpp/cmake)
-- Found rosidl_generator_c: 3.1.5 (/opt/ros/humble/share/rosidl_generator_c/cmake)
-- Found rosidl_adapter: 3.1.5 (/opt/ros/humble/share/rosidl_adapter/cmake)
-- Found rosidl_generator_cpp: 3.1.5 (/opt/ros/humble/share/rosidl_generator_cpp/cmake)
-- Using all available rosidl_typesupport_c: rosidl_typesupport_fastrtps_c;rosidl_typesupport_introspection_c
-- Using all available rosidl_typesupport_cpp: rosidl_typesupport_fastrtps_cpp;rosidl_typesupport_introspection_cpp
-- Found rmw_implementation_cmake: 6.1.2 (/opt/ros/humble/share/rmw_implementation_cmake/cmake)
-- Found rmw_fastrtps_cpp: 6.2.6 (/opt/ros/humble/share/rmw_fastrtps_cpp/cmake)
-- Found OpenSSL: /usr/lib/aarch64-linux-gnu/libcrypto.so (found version "3.0.2")  
-- Found FastRTPS: /opt/ros/humble/include  
-- Using RMW implementation 'rmw_fastrtps_cpp' as default
-- Looking for pthread.h
-- Looking for pthread.h - found
-- Performing Test CMAKE_HAVE_LIBC_PTHREAD
-- Performing Test CMAKE_HAVE_LIBC_PTHREAD - Success
-- Found Threads: TRUE  
-- Found rclpy: 3.3.13 (/opt/ros/humble/share/rclpy/cmake)
-- Found ament_lint_auto: 0.12.11 (/opt/ros/humble/share/ament_lint_auto/cmake)
-- Added test 'cppcheck' to perform static code analysis on C / C++ code
-- Configured cppcheck include dirs: 
-- Configured cppcheck exclude dirs and/or files: 
-- Added test 'flake8' to check Python code syntax and style conventions
-- Added test 'lint_cmake' to check CMake code style
-- Added test 'pep257' to check Python code against some of the docstring style conventions in PEP 257
-- Added test 'uncrustify' to check C / C++ code style
-- Configured uncrustify additional arguments: 
-- Added test 'xmllint' to check XML markup files
-- Configuring done
-- Generating done
-- Build files have been written to: /home/rosievoice/main_ws/mic_ws/build/ai_client
Built target ament_cmake_python_symlink_ai_client
running egg_info
creating ai_client.egg-info
writing ai_client.egg-info/PKG-INFO
writing dependency_links to ai_client.egg-info/dependency_links.txt
writing top-level names to ai_client.egg-info/top_level.txt
writing manifest file 'ai_client.egg-info/SOURCES.txt'
reading manifest file 'ai_client.egg-info/SOURCES.txt'
writing manifest file 'ai_client.egg-info/SOURCES.txt'
Built target ament_cmake_python_build_ai_client_egg
-- Install configuration: ""
-- Execute custom install script
-- Symlinking: /home/rosievoice/main_ws/mic_ws/install/ai_client/share/ai_client/launch/ai_client.launch.py
-- Symlinking: /home/rosievoice/main_ws/mic_ws/install/ai_client/share/ai_client/launch/navigation.launch.py
-- Symlinking: /home/rosievoice/main_ws/mic_ws/install/ai_client/share/ai_client/config/battery.xml
-- Symlinking: /home/rosievoice/main_ws/mic_ws/install/ai_client/share/ai_client/config/follow_point.xml
-- Symlinking: /home/rosievoice/main_ws/mic_ws/install/ai_client/share/ai_client/config/nav2_params.yaml
-- Symlinking: /home/rosievoice/main_ws/mic_ws/install/ai_client/share/ai_client/config/navigate_to_pose_w_replanning_and_recovery.xml
-- Symlinking: /home/rosievoice/main_ws/mic_ws/install/ai_client/share/ai_client/config/navigate_w_battery.xml
-- Symlinking: /home/rosievoice/main_ws/mic_ws/install/ai_client/share/ai_client/config/output.json
-- Symlinking: /home/rosievoice/main_ws/mic_ws/install/ai_client/share/ai_client/scripts/action_client_ai.py
-- Symlinking: /home/rosievoice/main_ws/mic_ws/install/ai_client/share/ai_client/scripts/action_server_ai.py
-- Symlinking: /home/rosievoice/main_ws/mic_ws/install/ai_client/share/ai_client/scripts/final_test.py
-- Symlinking: /home/rosievoice/main_ws/mic_ws/install/ai_client/share/ai_client/scripts/kal_.py
-- Symlinking: /home/rosievoice/main_ws/mic_ws/install/ai_client/share/ai_client/scripts/model_in/README
-- Symlinking: /home/rosievoice/main_ws/mic_ws/install/ai_client/share/ai_client/scripts/model_in/am/final.mdl
-- Symlinking: /home/rosievoice/main_ws/mic_ws/install/ai_client/share/ai_client/scripts/model_in/conf/mfcc.conf
-- Symlinking: /home/rosievoice/main_ws/mic_ws/install/ai_client/share/ai_client/scripts/model_in/conf/model.conf
-- Symlinking: /home/rosievoice/main_ws/mic_ws/install/ai_client/share/ai_client/scripts/model_in/graph/Gr.fst
-- Symlinking: /home/rosievoice/main_ws/mic_ws/install/ai_client/share/ai_client/scripts/model_in/graph/HCLr.fst
-- Symlinking: /home/rosievoice/main_ws/mic_ws/install/ai_client/share/ai_client/scripts/model_in/graph/disambig_tid.int
-- Symlinking: /home/rosievoice/main_ws/mic_ws/install/ai_client/share/ai_client/scripts/model_in/graph/phones/word_boundary.int
-- Symlinking: /home/rosievoice/main_ws/mic_ws/install/ai_client/share/ai_client/scripts/model_in/ivector/final.dubm
-- Symlinking: /home/rosievoice/main_ws/mic_ws/install/ai_client/share/ai_client/scripts/model_in/ivector/final.ie
-- Symlinking: /home/rosievoice/main_ws/mic_ws/install/ai_client/share/ai_client/scripts/model_in/ivector/final.mat
-- Symlinking: /home/rosievoice/main_ws/mic_ws/install/ai_client/share/ai_client/scripts/model_in/ivector/global_cmvn.stats
-- Symlinking: /home/rosievoice/main_ws/mic_ws/install/ai_client/share/ai_client/scripts/model_in/ivector/online_cmvn.conf
-- Symlinking: /home/rosievoice/main_ws/mic_ws/install/ai_client/share/ai_client/scripts/model_in/ivector/splice.conf
-- Symlinking: /home/rosievoice/main_ws/mic_ws/install/ai_client/share/ai_client/scripts/table_navigation.py
-- Symlinking: /home/rosievoice/main_ws/mic_ws/install/ai_client/share/ai_client/scripts/test_.py
-- Symlinking: /home/rosievoice/main_ws/mic_ws/install/ai_client/share/ai_client/scripts/vosk-model-small-en-in-0.4.zip
-- Symlinking: /home/rosievoice/main_ws/mic_ws/install/ai_client/share/ai_client/ai_client/__init__.py
-- Symlinking: /home/rosievoice/main_ws/mic_ws/install/ai_client/share/ai_client/ai_client/robot_navigator.py
-- Symlinking: /home/rosievoice/main_ws/mic_ws/install/ai_client/share/ai_client/environment/pythonpath.sh
-- Symlinking: /home/rosievoice/main_ws/mic_ws/install/ai_client/share/ai_client/environment/pythonpath.dsv
-- Symlinking: /home/rosievoice/main_ws/mic_ws/install/ai_client/local/lib/python3.10/dist-packages/ai_client-0.0.0-py3.10.egg-info/PKG-INFO
-- Symlinking: /home/rosievoice/main_ws/mic_ws/install/ai_client/local/lib/python3.10/dist-packages/ai_client-0.0.0-py3.10.egg-info/SOURCES.txt
-- Symlinking: /home/rosievoice/main_ws/mic_ws/install/ai_client/local/lib/python3.10/dist-packages/ai_client-0.0.0-py3.10.egg-info/dependency_links.txt
-- Symlinking: /home/rosievoice/main_ws/mic_ws/install/ai_client/local/lib/python3.10/dist-packages/ai_client-0.0.0-py3.10.egg-info/top_level.txt
-- Symlinking: /home/rosievoice/main_ws/mic_ws/install/ai_client/local/lib/python3.10/dist-packages/ai_client/__init__.py
-- Symlinking: /home/rosievoice/main_ws/mic_ws/install/ai_client/local/lib/python3.10/dist-packages/ai_client/robot_navigator.py
-- Symlinking: /home/rosievoice/main_ws/mic_ws/install/ai_client/lib/ai_client/action_client_ai.py
-- Symlinking: /home/rosievoice/main_ws/mic_ws/install/ai_client/share/ament_index/resource_index/package_run_dependencies/ai_client
-- Symlinking: /home/rosievoice/main_ws/mic_ws/install/ai_client/share/ament_index/resource_index/parent_prefix_path/ai_client
-- Symlinking: /home/rosievoice/main_ws/mic_ws/install/ai_client/share/ai_client/environment/ament_prefix_path.sh
-- Symlinking: /home/rosievoice/main_ws/mic_ws/install/ai_client/share/ai_client/environment/ament_prefix_path.dsv
-- Symlinking: /home/rosievoice/main_ws/mic_ws/install/ai_client/share/ai_client/environment/path.sh
-- Symlinking: /home/rosievoice/main_ws/mic_ws/install/ai_client/share/ai_client/environment/path.dsv
-- Symlinking: /home/rosievoice/main_ws/mic_ws/install/ai_client/share/ai_client/local_setup.bash
-- Symlinking: /home/rosievoice/main_ws/mic_ws/install/ai_client/share/ai_client/local_setup.sh
-- Symlinking: /home/rosievoice/main_ws/mic_ws/install/ai_client/share/ai_client/local_setup.zsh
-- Symlinking: /home/rosievoice/main_ws/mic_ws/install/ai_client/share/ai_client/local_setup.dsv
-- Symlinking: /home/rosievoice/main_ws/mic_ws/install/ai_client/share/ai_client/package.dsv
-- Symlinking: /home/rosievoice/main_ws/mic_ws/install/ai_client/share/ament_index/resource_index/packages/ai_client
-- Symlinking: /home/rosievoice/main_ws/mic_ws/install/ai_client/share/ai_client/cmake/ai_clientConfig.cmake
-- Symlinking: /home/rosievoice/main_ws/mic_ws/install/ai_client/share/ai_client/cmake/ai_clientConfig-version.cmake
-- Symlinking: /home/rosievoice/main_ws/mic_ws/install/ai_client/share/ai_client/package.xml
Listing '/home/rosievoice/main_ws/mic_ws/install/ai_client/local/lib/python3.10/dist-packages/ai_client'...
Compiling '/home/rosievoice/main_ws/mic_ws/install/ai_client/local/lib/python3.10/dist-packages/ai_client/__init__.py'...
Compiling '/home/rosievoice/main_ws/mic_ws/install/ai_client/local/lib/python3.10/dist-packages/ai_client/robot_navigator.py'...
