[0.066s] Invoking command in '/home/rosievoice/main_ws/mic_ws/build/ai_client': CMAKE_PREFIX_PATH=/opt/ros/humble /usr/bin/cmake /home/rosievoice/main_ws/mic_ws/src/ai_client -DAMENT_CMAKE_SYMLINK_INSTALL=1 -DCMAKE_INSTALL_PREFIX=/home/rosievoice/main_ws/mic_ws/install/ai_client
[0.919s] -- The C compiler identification is GNU 11.4.0
[1.503s] -- The CXX compiler identification is GNU 11.4.0
[1.553s] -- Detecting C compiler ABI info
[1.996s] -- Detecting C compiler ABI info - done
[2.032s] -- Check for working C compiler: /usr/bin/cc - skipped
[2.034s] -- Detecting C compile features
[2.037s] -- Detecting C compile features - done
[2.053s] -- Detecting CXX compiler ABI info
[2.511s] -- Detecting CXX compiler ABI info - done
[2.551s] -- Check for working CXX compiler: /usr/bin/c++ - skipped
[2.551s] -- Detecting CXX compile features
[2.553s] -- Detecting CXX compile features - done
[2.583s] -- Found ament_cmake: 1.3.9 (/opt/ros/humble/share/ament_cmake/cmake)
[3.414s] -- Found Python3: /usr/bin/python3 (found version "3.10.12") found components: Interpreter 
[3.817s] -- Override CMake install command with custom implementation using symlinks instead of copying resources
[4.101s] -- Found rclcpp: 16.0.9 (/opt/ros/humble/share/rclcpp/cmake)
[4.452s] -- Found rosidl_generator_c: 3.1.5 (/opt/ros/humble/share/rosidl_generator_c/cmake)
[4.493s] -- Found rosidl_adapter: 3.1.5 (/opt/ros/humble/share/rosidl_adapter/cmake)
[4.557s] -- Found rosidl_generator_cpp: 3.1.5 (/opt/ros/humble/share/rosidl_generator_cpp/cmake)
[4.662s] -- Using all available rosidl_typesupport_c: rosidl_typesupport_fastrtps_c;rosidl_typesupport_introspection_c
[4.779s] -- Using all available rosidl_typesupport_cpp: rosidl_typesupport_fastrtps_cpp;rosidl_typesupport_introspection_cpp
[5.201s] -- Found rmw_implementation_cmake: 6.1.2 (/opt/ros/humble/share/rmw_implementation_cmake/cmake)
[5.225s] -- Found rmw_fastrtps_cpp: 6.2.6 (/opt/ros/humble/share/rmw_fastrtps_cpp/cmake)
[5.939s] -- Found OpenSSL: /usr/lib/aarch64-linux-gnu/libcrypto.so (found version "3.0.2")  
[6.111s] -- Found FastRTPS: /opt/ros/humble/include  
[6.406s] -- Using RMW implementation 'rmw_fastrtps_cpp' as default
[6.489s] -- Looking for pthread.h
[6.889s] -- Looking for pthread.h - found
[6.891s] -- Performing Test CMAKE_HAVE_LIBC_PTHREAD
[7.310s] -- Performing Test CMAKE_HAVE_LIBC_PTHREAD - Success
[7.325s] -- Found Threads: TRUE  
[8.123s] -- Found rclpy: 3.3.13 (/opt/ros/humble/share/rclpy/cmake)
[8.560s] -- Found ament_lint_auto: 0.12.11 (/opt/ros/humble/share/ament_lint_auto/cmake)
[9.094s] -- Added test 'cppcheck' to perform static code analysis on C / C++ code
[9.095s] -- Configured cppcheck include dirs: 
[9.095s] -- Configured cppcheck exclude dirs and/or files: 
[9.110s] -- Added test 'flake8' to check Python code syntax and style conventions
[9.131s] -- Added test 'lint_cmake' to check CMake code style
[9.148s] -- Added test 'pep257' to check Python code against some of the docstring style conventions in PEP 257
[9.228s] -- Added test 'uncrustify' to check C / C++ code style
[9.229s] -- Configured uncrustify additional arguments: 
[9.242s] -- Added test 'xmllint' to check XML markup files
[9.255s] -- Configuring done
[9.301s] -- Generating done
[9.310s] -- Build files have been written to: /home/rosievoice/main_ws/mic_ws/build/ai_client
[9.350s] Invoked command in '/home/rosievoice/main_ws/mic_ws/build/ai_client' returned '0': CMAKE_PREFIX_PATH=/opt/ros/humble /usr/bin/cmake /home/rosievoice/main_ws/mic_ws/src/ai_client -DAMENT_CMAKE_SYMLINK_INSTALL=1 -DCMAKE_INSTALL_PREFIX=/home/rosievoice/main_ws/mic_ws/install/ai_client
[9.360s] Invoking command in '/home/rosievoice/main_ws/mic_ws/build/ai_client': CMAKE_PREFIX_PATH=/opt/ros/humble /usr/bin/cmake --build /home/rosievoice/main_ws/mic_ws/build/ai_client -- -j4 -l4
[9.631s] Built target ament_cmake_python_symlink_ai_client
[10.887s] running egg_info
[10.890s] creating ai_client.egg-info
[10.891s] writing ai_client.egg-info/PKG-INFO
[10.892s] writing dependency_links to ai_client.egg-info/dependency_links.txt
[10.894s] writing top-level names to ai_client.egg-info/top_level.txt
[10.895s] writing manifest file 'ai_client.egg-info/SOURCES.txt'
[10.909s] reading manifest file 'ai_client.egg-info/SOURCES.txt'
[10.911s] writing manifest file 'ai_client.egg-info/SOURCES.txt'
[11.065s] Built target ament_cmake_python_build_ai_client_egg
[11.108s] Invoked command in '/home/rosievoice/main_ws/mic_ws/build/ai_client' returned '0': CMAKE_PREFIX_PATH=/opt/ros/humble /usr/bin/cmake --build /home/rosievoice/main_ws/mic_ws/build/ai_client -- -j4 -l4
[11.276s] Invoking command in '/home/rosievoice/main_ws/mic_ws/build/ai_client': CMAKE_PREFIX_PATH=/opt/ros/humble /usr/bin/cmake --install /home/rosievoice/main_ws/mic_ws/build/ai_client
[11.301s] -- Install configuration: ""
[11.303s] -- Execute custom install script
[11.306s] -- Symlinking: /home/rosievoice/main_ws/mic_ws/install/ai_client/share/ai_client/launch/ai_client.launch.py
[11.339s] -- Symlinking: /home/rosievoice/main_ws/mic_ws/install/ai_client/share/ai_client/launch/navigation.launch.py
[11.375s] -- Symlinking: /home/rosievoice/main_ws/mic_ws/install/ai_client/share/ai_client/config/battery.xml
[11.412s] -- Symlinking: /home/rosievoice/main_ws/mic_ws/install/ai_client/share/ai_client/config/follow_point.xml
[11.447s] -- Symlinking: /home/rosievoice/main_ws/mic_ws/install/ai_client/share/ai_client/config/nav2_params.yaml
[11.480s] -- Symlinking: /home/rosievoice/main_ws/mic_ws/install/ai_client/share/ai_client/config/navigate_to_pose_w_replanning_and_recovery.xml
[11.521s] -- Symlinking: /home/rosievoice/main_ws/mic_ws/install/ai_client/share/ai_client/config/navigate_w_battery.xml
[11.555s] -- Symlinking: /home/rosievoice/main_ws/mic_ws/install/ai_client/share/ai_client/config/output.json
[11.596s] -- Symlinking: /home/rosievoice/main_ws/mic_ws/install/ai_client/share/ai_client/scripts/action_client_ai.py
[11.629s] -- Symlinking: /home/rosievoice/main_ws/mic_ws/install/ai_client/share/ai_client/scripts/action_server_ai.py
[11.662s] -- Symlinking: /home/rosievoice/main_ws/mic_ws/install/ai_client/share/ai_client/scripts/final_test.py
[11.693s] -- Symlinking: /home/rosievoice/main_ws/mic_ws/install/ai_client/share/ai_client/scripts/kal_.py
[11.727s] -- Symlinking: /home/rosievoice/main_ws/mic_ws/install/ai_client/share/ai_client/scripts/model_in/README
[11.759s] -- Symlinking: /home/rosievoice/main_ws/mic_ws/install/ai_client/share/ai_client/scripts/model_in/am/final.mdl
[11.792s] -- Symlinking: /home/rosievoice/main_ws/mic_ws/install/ai_client/share/ai_client/scripts/model_in/conf/mfcc.conf
[11.825s] -- Symlinking: /home/rosievoice/main_ws/mic_ws/install/ai_client/share/ai_client/scripts/model_in/conf/model.conf
[11.860s] -- Symlinking: /home/rosievoice/main_ws/mic_ws/install/ai_client/share/ai_client/scripts/model_in/graph/Gr.fst
[11.893s] -- Symlinking: /home/rosievoice/main_ws/mic_ws/install/ai_client/share/ai_client/scripts/model_in/graph/HCLr.fst
[11.935s] -- Symlinking: /home/rosievoice/main_ws/mic_ws/install/ai_client/share/ai_client/scripts/model_in/graph/disambig_tid.int
[11.977s] -- Symlinking: /home/rosievoice/main_ws/mic_ws/install/ai_client/share/ai_client/scripts/model_in/graph/phones/word_boundary.int
[12.015s] -- Symlinking: /home/rosievoice/main_ws/mic_ws/install/ai_client/share/ai_client/scripts/model_in/ivector/final.dubm
[12.050s] -- Symlinking: /home/rosievoice/main_ws/mic_ws/install/ai_client/share/ai_client/scripts/model_in/ivector/final.ie
[12.092s] -- Symlinking: /home/rosievoice/main_ws/mic_ws/install/ai_client/share/ai_client/scripts/model_in/ivector/final.mat
[12.126s] -- Symlinking: /home/rosievoice/main_ws/mic_ws/install/ai_client/share/ai_client/scripts/model_in/ivector/global_cmvn.stats
[12.162s] -- Symlinking: /home/rosievoice/main_ws/mic_ws/install/ai_client/share/ai_client/scripts/model_in/ivector/online_cmvn.conf
[12.212s] -- Symlinking: /home/rosievoice/main_ws/mic_ws/install/ai_client/share/ai_client/scripts/model_in/ivector/splice.conf
[12.249s] -- Symlinking: /home/rosievoice/main_ws/mic_ws/install/ai_client/share/ai_client/scripts/table_navigation.py
[12.282s] -- Symlinking: /home/rosievoice/main_ws/mic_ws/install/ai_client/share/ai_client/scripts/test_.py
[12.317s] -- Symlinking: /home/rosievoice/main_ws/mic_ws/install/ai_client/share/ai_client/scripts/vosk-model-small-en-in-0.4.zip
[12.362s] -- Symlinking: /home/rosievoice/main_ws/mic_ws/install/ai_client/share/ai_client/ai_client/__init__.py
[12.400s] -- Symlinking: /home/rosievoice/main_ws/mic_ws/install/ai_client/share/ai_client/ai_client/robot_navigator.py
[12.438s] -- Symlinking: /home/rosievoice/main_ws/mic_ws/install/ai_client/share/ai_client/environment/pythonpath.sh
[12.476s] -- Symlinking: /home/rosievoice/main_ws/mic_ws/install/ai_client/share/ai_client/environment/pythonpath.dsv
[12.510s] -- Symlinking: /home/rosievoice/main_ws/mic_ws/install/ai_client/local/lib/python3.10/dist-packages/ai_client-0.0.0-py3.10.egg-info/PKG-INFO
[12.542s] -- Symlinking: /home/rosievoice/main_ws/mic_ws/install/ai_client/local/lib/python3.10/dist-packages/ai_client-0.0.0-py3.10.egg-info/SOURCES.txt
[12.573s] -- Symlinking: /home/rosievoice/main_ws/mic_ws/install/ai_client/local/lib/python3.10/dist-packages/ai_client-0.0.0-py3.10.egg-info/dependency_links.txt
[12.607s] -- Symlinking: /home/rosievoice/main_ws/mic_ws/install/ai_client/local/lib/python3.10/dist-packages/ai_client-0.0.0-py3.10.egg-info/top_level.txt
[12.645s] -- Symlinking: /home/rosievoice/main_ws/mic_ws/install/ai_client/local/lib/python3.10/dist-packages/ai_client/__init__.py
[12.685s] -- Symlinking: /home/rosievoice/main_ws/mic_ws/install/ai_client/local/lib/python3.10/dist-packages/ai_client/robot_navigator.py
[12.716s] -- Symlinking: /home/rosievoice/main_ws/mic_ws/install/ai_client/lib/ai_client/action_client_ai.py
[12.757s] -- Symlinking: /home/rosievoice/main_ws/mic_ws/install/ai_client/share/ament_index/resource_index/package_run_dependencies/ai_client
[12.791s] -- Symlinking: /home/rosievoice/main_ws/mic_ws/install/ai_client/share/ament_index/resource_index/parent_prefix_path/ai_client
[12.825s] -- Symlinking: /home/rosievoice/main_ws/mic_ws/install/ai_client/share/ai_client/environment/ament_prefix_path.sh
[12.864s] -- Symlinking: /home/rosievoice/main_ws/mic_ws/install/ai_client/share/ai_client/environment/ament_prefix_path.dsv
[12.896s] -- Symlinking: /home/rosievoice/main_ws/mic_ws/install/ai_client/share/ai_client/environment/path.sh
[12.929s] -- Symlinking: /home/rosievoice/main_ws/mic_ws/install/ai_client/share/ai_client/environment/path.dsv
[12.961s] -- Symlinking: /home/rosievoice/main_ws/mic_ws/install/ai_client/share/ai_client/local_setup.bash
[12.995s] -- Symlinking: /home/rosievoice/main_ws/mic_ws/install/ai_client/share/ai_client/local_setup.sh
[13.029s] -- Symlinking: /home/rosievoice/main_ws/mic_ws/install/ai_client/share/ai_client/local_setup.zsh
[13.067s] -- Symlinking: /home/rosievoice/main_ws/mic_ws/install/ai_client/share/ai_client/local_setup.dsv
[13.104s] -- Symlinking: /home/rosievoice/main_ws/mic_ws/install/ai_client/share/ai_client/package.dsv
[13.141s] -- Symlinking: /home/rosievoice/main_ws/mic_ws/install/ai_client/share/ament_index/resource_index/packages/ai_client
[13.180s] -- Symlinking: /home/rosievoice/main_ws/mic_ws/install/ai_client/share/ai_client/cmake/ai_clientConfig.cmake
[13.243s] -- Symlinking: /home/rosievoice/main_ws/mic_ws/install/ai_client/share/ai_client/cmake/ai_clientConfig-version.cmake
[13.283s] -- Symlinking: /home/rosievoice/main_ws/mic_ws/install/ai_client/share/ai_client/package.xml
[13.495s] Listing '/home/rosievoice/main_ws/mic_ws/install/ai_client/local/lib/python3.10/dist-packages/ai_client'...
[13.498s] Compiling '/home/rosievoice/main_ws/mic_ws/install/ai_client/local/lib/python3.10/dist-packages/ai_client/__init__.py'...
[13.500s] Compiling '/home/rosievoice/main_ws/mic_ws/install/ai_client/local/lib/python3.10/dist-packages/ai_client/robot_navigator.py'...
[13.548s] Invoked command in '/home/rosievoice/main_ws/mic_ws/build/ai_client' returned '0': CMAKE_PREFIX_PATH=/opt/ros/humble /usr/bin/cmake --install /home/rosievoice/main_ws/mic_ws/build/ai_client
