[0.057s] Invoking command in '/home/rosievoice/main_ws/mic_ws/src/build/prototype': CMAKE_PREFIX_PATH=${CMAKE_PREFIX_PATH}:/opt/ros/humble /usr/bin/cmake /home/rosievoice/main_ws/mic_ws/src/prototype -DAMENT_CMAKE_SYMLINK_INSTALL=1 -DCMAKE_INSTALL_PREFIX=/home/rosievoice/main_ws/mic_ws/src/install/prototype
[0.698s] -- The C compiler identification is GNU 11.4.0
[1.280s] -- The CXX compiler identification is GNU 11.4.0
[1.323s] -- Detecting C compiler ABI info
[1.713s] -- Detecting C compiler ABI info - done
[1.739s] -- Check for working C compiler: /usr/bin/cc - skipped
[1.741s] -- Detecting C compile features
[1.746s] -- Detecting C compile features - done
[1.760s] -- Detecting CXX compiler ABI info
[2.189s] -- Detecting CXX compiler ABI info - done
[2.215s] -- Check for working CXX compiler: /usr/bin/c++ - skipped
[2.216s] -- Detecting CXX compile features
[2.218s] -- Detecting CXX compile features - done
[2.238s] -- Found ament_cmake: 1.3.9 (/opt/ros/humble/share/ament_cmake/cmake)
[3.061s] -- Found Python3: /usr/bin/python3 (found version "3.10.12") found components: Interpreter 
[3.441s] -- Override CMake install command with custom implementation using symlinks instead of copying resources
[3.763s] -- Found rclpy: 3.3.13 (/opt/ros/humble/share/rclpy/cmake)
[3.780s] -- Found urdf: 2.6.0 (/opt/ros/humble/share/urdf/cmake)
[4.248s] -- Found geometry_msgs: 4.2.4 (/opt/ros/humble/share/geometry_msgs/cmake)
[4.435s] -- Found rosidl_generator_c: 3.1.5 (/opt/ros/humble/share/rosidl_generator_c/cmake)
[4.473s] -- Found rosidl_adapter: 3.1.5 (/opt/ros/humble/share/rosidl_adapter/cmake)
[4.527s] -- Found rosidl_generator_cpp: 3.1.5 (/opt/ros/humble/share/rosidl_generator_cpp/cmake)
[4.602s] -- Using all available rosidl_typesupport_c: rosidl_typesupport_fastrtps_c;rosidl_typesupport_introspection_c
[4.687s] -- Using all available rosidl_typesupport_cpp: rosidl_typesupport_fastrtps_cpp;rosidl_typesupport_introspection_cpp
[5.227s] -- Found std_srvs: 4.2.4 (/opt/ros/humble/share/std_srvs/cmake)
[5.336s] -- Found tf2_ros: 0.25.7 (/opt/ros/humble/share/tf2_ros/cmake)
[6.042s] -- Found rmw_implementation_cmake: 6.1.2 (/opt/ros/humble/share/rmw_implementation_cmake/cmake)
[6.062s] -- Found rmw_cyclonedds_cpp: 1.3.4 (/opt/ros/humble/share/rmw_cyclonedds_cpp/cmake)
[6.230s] -- Using RMW implementation 'rmw_cyclonedds_cpp' as default
[6.299s] -- Looking for pthread.h
[6.674s] -- Looking for pthread.h - found
[6.675s] -- Performing Test CMAKE_HAVE_LIBC_PTHREAD
[7.057s] -- Performing Test CMAKE_HAVE_LIBC_PTHREAD - Success
[7.062s] -- Found Threads: TRUE  
[9.009s] -- Found tf2_geometry_msgs: 0.25.7 (/opt/ros/humble/share/tf2_geometry_msgs/cmake)
[9.152s] -- Found eigen3_cmake_module: 0.1.1 (/opt/ros/humble/share/eigen3_cmake_module/cmake)
[9.158s] -- Found Eigen3: TRUE (found version "3.4.0") 
[9.159s] -- Ensuring Eigen3 include directory is part of orocos-kdl CMake target
[9.211s] -- Found rosidl_default_generators: 1.2.0 (/opt/ros/humble/share/rosidl_default_generators/cmake)
[11.009s] -- Found ament_cmake_ros: 0.10.0 (/opt/ros/humble/share/ament_cmake_ros/cmake)
[13.283s] -- Using all available rosidl_typesupport_c: rosidl_typesupport_fastrtps_c;rosidl_typesupport_introspection_c
[13.935s] -- Using all available rosidl_typesupport_cpp: rosidl_typesupport_fastrtps_cpp;rosidl_typesupport_introspection_cpp
[14.026s] -- Found PythonInterp: /usr/bin/python3 (found suitable version "3.10.12", minimum required is "3.6") 
[14.048s] -- Found python_cmake_module: 0.10.0 (/opt/ros/humble/share/python_cmake_module/cmake)
[14.159s] -- Found PythonLibs: /usr/lib/aarch64-linux-gnu/libpython3.10.so (found suitable version "3.10.12", minimum required is "3.5") 
[14.159s] -- Using PYTHON_EXECUTABLE: /usr/bin/python3
[14.160s] -- Using PYTHON_INCLUDE_DIRS: /usr/include/python3.10
[14.160s] -- Using PYTHON_LIBRARIES: /usr/lib/aarch64-linux-gnu/libpython3.10.so
[14.242s] -- Found PythonExtra: .so  
[14.495s] -- Found ament_lint_auto: 0.12.11 (/opt/ros/humble/share/ament_lint_auto/cmake)
[14.707s] -- Added test 'copyright' to check source files copyright and LICENSE
[14.854s] -- Added test 'flake8' to check Python code syntax and style conventions
[14.873s] -- Added test 'lint_cmake' to check CMake code style
[14.883s] -- Added test 'pep257' to check Python code against some of the docstring style conventions in PEP 257
[14.960s] -- Added test 'xmllint' to check XML markup files
[14.982s] -- Configuring done
[15.231s] -- Generating done
[15.248s] -- Build files have been written to: /home/rosievoice/main_ws/mic_ws/src/build/prototype
[15.300s] Invoked command in '/home/rosievoice/main_ws/mic_ws/src/build/prototype' returned '0': CMAKE_PREFIX_PATH=${CMAKE_PREFIX_PATH}:/opt/ros/humble /usr/bin/cmake /home/rosievoice/main_ws/mic_ws/src/prototype -DAMENT_CMAKE_SYMLINK_INSTALL=1 -DCMAKE_INSTALL_PREFIX=/home/rosievoice/main_ws/mic_ws/src/install/prototype
[15.308s] Invoking command in '/home/rosievoice/main_ws/mic_ws/src/build/prototype': CMAKE_PREFIX_PATH=${CMAKE_PREFIX_PATH}:/opt/ros/humble /usr/bin/cmake --build /home/rosievoice/main_ws/mic_ws/src/build/prototype -- -j4 -l4
[15.549s] [  1%] [34m[1mGenerating C code for ROS interfaces[0m
[15.591s] [  2%] [34m[1mGenerating C++ code for ROS interfaces[0m
[15.628s] [  2%] Built target ament_cmake_python_symlink_prototype
[17.121s] running egg_info
[17.124s] creating prototype.egg-info
[17.126s] writing prototype.egg-info/PKG-INFO
[17.127s] writing dependency_links to prototype.egg-info/dependency_links.txt
[17.128s] writing top-level names to prototype.egg-info/top_level.txt
[17.130s] writing manifest file 'prototype.egg-info/SOURCES.txt'
[17.145s] reading manifest file 'prototype.egg-info/SOURCES.txt'
[17.148s] writing manifest file 'prototype.egg-info/SOURCES.txt'
[17.312s] [  2%] Built target ament_cmake_python_build_prototype_egg
[21.595s] [  2%] Built target prototype__cpp
[21.648s] [  4%] [34m[1mGenerating C++ type support dispatch for ROS interfaces[0m
[21.790s] [  5%] [34m[1mGenerating C++ type support for eProsima Fast-RTPS[0m
[21.898s] [  7%] [34m[1mGenerating C++ introspection for ROS interfaces[0m
[22.551s] [  8%] [32mBuilding C object CMakeFiles/prototype__rosidl_generator_c.dir/rosidl_generator_c/prototype/action/detail/send_coordinates__functions.c.o[0m
[23.366s] [  9%] [32mBuilding C object CMakeFiles/prototype__rosidl_generator_c.dir/rosidl_generator_c/prototype/action/detail/go_to__functions.c.o[0m
[24.419s] [ 11%] [32mBuilding C object CMakeFiles/prototype__rosidl_generator_c.dir/rosidl_generator_c/prototype/action/detail/food_menu__functions.c.o[0m
[25.481s] [ 12%] [32mBuilding C object CMakeFiles/prototype__rosidl_generator_c.dir/rosidl_generator_c/prototype/action/detail/ai_camera__functions.c.o[0m
[26.131s] [ 14%] [32mBuilding CXX object CMakeFiles/prototype__rosidl_typesupport_cpp.dir/rosidl_typesupport_cpp/prototype/action/send_coordinates__type_support.cpp.o[0m
[26.483s] [ 15%] [32mBuilding C object CMakeFiles/prototype__rosidl_generator_c.dir/rosidl_generator_c/prototype/msg/detail/food__functions.c.o[0m
[26.920s] [ 16%] [32mBuilding C object CMakeFiles/prototype__rosidl_generator_c.dir/rosidl_generator_c/prototype/msg/detail/distance_angle__functions.c.o[0m
[27.553s] [ 18%] [32m[1mLinking C shared library libprototype__rosidl_generator_c.so[0m
[27.941s] [ 18%] Built target prototype__rosidl_generator_c
[27.989s] [ 19%] [32mBuilding CXX object CMakeFiles/prototype__rosidl_typesupport_cpp.dir/rosidl_typesupport_cpp/prototype/action/go_to__type_support.cpp.o[0m
[28.116s] [ 21%] [32mBuilding CXX object CMakeFiles/prototype__rosidl_typesupport_introspection_cpp.dir/rosidl_typesupport_introspection_cpp/prototype/action/detail/send_coordinates__type_support.cpp.o[0m
[29.229s] [ 22%] [32mBuilding CXX object CMakeFiles/prototype__rosidl_typesupport_fastrtps_cpp.dir/rosidl_typesupport_fastrtps_cpp/prototype/action/detail/dds_fastrtps/send_coordinates__type_support.cpp.o[0m
[30.205s] [ 23%] [32mBuilding CXX object CMakeFiles/prototype__rosidl_typesupport_cpp.dir/rosidl_typesupport_cpp/prototype/action/food_menu__type_support.cpp.o[0m
[32.114s] [ 25%] [32mBuilding CXX object CMakeFiles/prototype__rosidl_typesupport_cpp.dir/rosidl_typesupport_cpp/prototype/action/ai_camera__type_support.cpp.o[0m
[33.301s] [ 26%] [32mBuilding CXX object CMakeFiles/prototype__rosidl_typesupport_introspection_cpp.dir/rosidl_typesupport_introspection_cpp/prototype/action/detail/go_to__type_support.cpp.o[0m
[33.722s] [ 28%] [32mBuilding CXX object CMakeFiles/prototype__rosidl_typesupport_fastrtps_cpp.dir/rosidl_typesupport_fastrtps_cpp/prototype/action/detail/dds_fastrtps/go_to__type_support.cpp.o[0m
[33.865s] [ 29%] [32mBuilding CXX object CMakeFiles/prototype__rosidl_typesupport_cpp.dir/rosidl_typesupport_cpp/prototype/msg/food__type_support.cpp.o[0m
[35.465s] [ 30%] [34m[1mGenerating C type support for eProsima Fast-RTPS[0m
[35.727s] [ 32%] [32mBuilding CXX object CMakeFiles/prototype__rosidl_typesupport_cpp.dir/rosidl_typesupport_cpp/prototype/msg/distance_angle__type_support.cpp.o[0m
[37.393s] [ 33%] [32mBuilding CXX object CMakeFiles/prototype__rosidl_typesupport_introspection_cpp.dir/rosidl_typesupport_introspection_cpp/prototype/action/detail/food_menu__type_support.cpp.o[0m
[37.726s] [ 35%] [32mBuilding CXX object CMakeFiles/prototype__rosidl_typesupport_fastrtps_cpp.dir/rosidl_typesupport_fastrtps_cpp/prototype/action/detail/dds_fastrtps/food_menu__type_support.cpp.o[0m
[37.775s] [ 36%] [32m[1mLinking CXX shared library libprototype__rosidl_typesupport_cpp.so[0m
[38.003s] [ 36%] Built target prototype__rosidl_typesupport_cpp
[38.048s] [ 38%] [32mBuilding CXX object CMakeFiles/prototype__rosidl_typesupport_introspection_cpp.dir/rosidl_typesupport_introspection_cpp/prototype/action/detail/ai_camera__type_support.cpp.o[0m
[41.339s] [ 39%] [32mBuilding CXX object CMakeFiles/prototype__rosidl_typesupport_introspection_cpp.dir/rosidl_typesupport_introspection_cpp/prototype/msg/detail/food__type_support.cpp.o[0m
[41.658s] [ 40%] [32mBuilding CXX object CMakeFiles/prototype__rosidl_typesupport_fastrtps_cpp.dir/rosidl_typesupport_fastrtps_cpp/prototype/action/detail/dds_fastrtps/ai_camera__type_support.cpp.o[0m
[42.543s] [ 42%] [32mBuilding CXX object CMakeFiles/prototype__rosidl_typesupport_introspection_cpp.dir/rosidl_typesupport_introspection_cpp/prototype/msg/detail/distance_angle__type_support.cpp.o[0m
[42.933s] [ 43%] [32mBuilding CXX object CMakeFiles/prototype__rosidl_typesupport_fastrtps_c.dir/rosidl_typesupport_fastrtps_c/prototype/action/detail/send_coordinates__type_support_c.cpp.o[0m
[43.819s] [ 45%] [32mBuilding CXX object CMakeFiles/prototype__rosidl_typesupport_fastrtps_c.dir/rosidl_typesupport_fastrtps_c/prototype/action/detail/go_to__type_support_c.cpp.o[0m
[45.214s] [ 46%] [32m[1mLinking CXX shared library libprototype__rosidl_typesupport_introspection_cpp.so[0m
[45.648s] [ 47%] [32mBuilding CXX object CMakeFiles/prototype__rosidl_typesupport_fastrtps_cpp.dir/rosidl_typesupport_fastrtps_cpp/prototype/msg/detail/dds_fastrtps/food__type_support.cpp.o[0m
[45.698s] [ 47%] Built target prototype__rosidl_typesupport_introspection_cpp
[45.755s] [ 49%] [34m[1mGenerating C introspection for ROS interfaces[0m
[45.786s] [ 50%] [32mBuilding CXX object CMakeFiles/prototype__rosidl_typesupport_fastrtps_c.dir/rosidl_typesupport_fastrtps_c/prototype/action/detail/food_menu__type_support_c.cpp.o[0m
[46.658s] [ 52%] [32mBuilding CXX object CMakeFiles/prototype__rosidl_typesupport_fastrtps_c.dir/rosidl_typesupport_fastrtps_c/prototype/action/detail/ai_camera__type_support_c.cpp.o[0m
[48.439s] [ 53%] [32mBuilding CXX object CMakeFiles/prototype__rosidl_typesupport_fastrtps_cpp.dir/rosidl_typesupport_fastrtps_cpp/prototype/msg/detail/dds_fastrtps/distance_angle__type_support.cpp.o[0m
[48.598s] [ 54%] [32mBuilding CXX object CMakeFiles/prototype__rosidl_typesupport_fastrtps_c.dir/rosidl_typesupport_fastrtps_c/prototype/msg/detail/food__type_support_c.cpp.o[0m
[49.295s] [ 56%] [32mBuilding CXX object CMakeFiles/prototype__rosidl_typesupport_fastrtps_c.dir/rosidl_typesupport_fastrtps_c/prototype/msg/detail/distance_angle__type_support_c.cpp.o[0m
[51.079s] [ 57%] [34m[1mGenerating C type support dispatch for ROS interfaces[0m
[51.277s] [ 59%] [32m[1mLinking CXX shared library libprototype__rosidl_typesupport_fastrtps_cpp.so[0m
[51.750s] [ 59%] Built target prototype__rosidl_typesupport_fastrtps_cpp
[51.853s] [ 60%] [32mBuilding C object CMakeFiles/prototype__rosidl_typesupport_introspection_c.dir/rosidl_typesupport_introspection_c/prototype/action/detail/send_coordinates__type_support.c.o[0m
[51.857s] [ 61%] [32mBuilding C object CMakeFiles/prototype__rosidl_typesupport_introspection_c.dir/rosidl_typesupport_introspection_c/prototype/action/detail/go_to__type_support.c.o[0m
[51.909s] [ 63%] [32m[1mLinking CXX shared library libprototype__rosidl_typesupport_fastrtps_c.so[0m
[52.253s] [ 64%] [32mBuilding C object CMakeFiles/prototype__rosidl_typesupport_introspection_c.dir/rosidl_typesupport_introspection_c/prototype/action/detail/food_menu__type_support.c.o[0m
[52.305s] [ 66%] [32mBuilding C object CMakeFiles/prototype__rosidl_typesupport_introspection_c.dir/rosidl_typesupport_introspection_c/prototype/action/detail/ai_camera__type_support.c.o[0m
[52.406s] [ 66%] Built target prototype__rosidl_typesupport_fastrtps_c
[52.458s] [ 67%] [32mBuilding C object CMakeFiles/prototype__rosidl_typesupport_introspection_c.dir/rosidl_typesupport_introspection_c/prototype/msg/detail/food__type_support.c.o[0m
[52.578s] [ 69%] [32mBuilding C object CMakeFiles/prototype__rosidl_typesupport_introspection_c.dir/rosidl_typesupport_introspection_c/prototype/msg/detail/distance_angle__type_support.c.o[0m
[52.773s] [ 70%] [32m[1mLinking C shared library libprototype__rosidl_typesupport_introspection_c.so[0m
[52.937s] [ 70%] Built target prototype__rosidl_typesupport_introspection_c
[54.446s] [ 73%] [32mBuilding CXX object CMakeFiles/prototype__rosidl_typesupport_c.dir/rosidl_typesupport_c/prototype/action/go_to__type_support.cpp.o[0m
[54.448s] [ 73%] [32mBuilding CXX object CMakeFiles/prototype__rosidl_typesupport_c.dir/rosidl_typesupport_c/prototype/action/send_coordinates__type_support.cpp.o[0m
[54.449s] [ 74%] [32mBuilding CXX object CMakeFiles/prototype__rosidl_typesupport_c.dir/rosidl_typesupport_c/prototype/action/food_menu__type_support.cpp.o[0m
[54.452s] [ 76%] [32mBuilding CXX object CMakeFiles/prototype__rosidl_typesupport_c.dir/rosidl_typesupport_c/prototype/action/ai_camera__type_support.cpp.o[0m
[54.754s] [ 77%] [32mBuilding CXX object CMakeFiles/prototype__rosidl_typesupport_c.dir/rosidl_typesupport_c/prototype/msg/food__type_support.cpp.o[0m
[54.766s] [ 78%] [32mBuilding CXX object CMakeFiles/prototype__rosidl_typesupport_c.dir/rosidl_typesupport_c/prototype/msg/distance_angle__type_support.cpp.o[0m
[54.927s] [ 80%] [32m[1mLinking CXX shared library libprototype__rosidl_typesupport_c.so[0m
[55.112s] [ 80%] Built target prototype__rosidl_typesupport_c
[55.195s] [ 80%] Built target prototype
[55.283s] [ 81%] [34m[1mGenerating Python code for ROS interfaces[0m
[65.642s] [ 81%] Built target prototype__py
[65.737s] [ 83%] [32mBuilding C object CMakeFiles/prototype__rosidl_generator_py.dir/rosidl_generator_py/prototype/action/_send_coordinates_s.c.o[0m
[65.740s] [ 84%] [32mBuilding C object CMakeFiles/prototype__rosidl_generator_py.dir/rosidl_generator_py/prototype/action/_food_menu_s.c.o[0m
[65.741s] [ 85%] [32mBuilding C object CMakeFiles/prototype__rosidl_generator_py.dir/rosidl_generator_py/prototype/action/_go_to_s.c.o[0m
[65.755s] [ 87%] [32mBuilding C object CMakeFiles/prototype__rosidl_generator_py.dir/rosidl_generator_py/prototype/action/_ai_camera_s.c.o[0m
[66.626s] [ 88%] [32mBuilding C object CMakeFiles/prototype__rosidl_generator_py.dir/rosidl_generator_py/prototype/msg/_food_s.c.o[0m
[66.675s] [ 90%] [32mBuilding C object CMakeFiles/prototype__rosidl_generator_py.dir/rosidl_generator_py/prototype/msg/_distance_angle_s.c.o[0m
[67.188s] [ 91%] [32m[1mLinking C shared library rosidl_generator_py/prototype/libprototype__rosidl_generator_py.so[0m
[67.406s] [ 91%] Built target prototype__rosidl_generator_py
[67.511s] [ 94%] [32mBuilding C object CMakeFiles/prototype__rosidl_typesupport_fastrtps_c__pyext.dir/rosidl_generator_py/prototype/_prototype_s.ep.rosidl_typesupport_fastrtps_c.c.o[0m
[67.512s] [ 94%] [32mBuilding C object CMakeFiles/prototype__rosidl_typesupport_introspection_c__pyext.dir/rosidl_generator_py/prototype/_prototype_s.ep.rosidl_typesupport_introspection_c.c.o[0m
[67.515s] [ 95%] [32mBuilding C object CMakeFiles/prototype__rosidl_typesupport_c__pyext.dir/rosidl_generator_py/prototype/_prototype_s.ep.rosidl_typesupport_c.c.o[0m
[68.615s] [ 97%] [32m[1mLinking C shared library rosidl_generator_py/prototype/prototype_s__rosidl_typesupport_fastrtps_c.cpython-310-aarch64-linux-gnu.so[0m
[68.619s] [ 98%] [32m[1mLinking C shared library rosidl_generator_py/prototype/prototype_s__rosidl_typesupport_introspection_c.cpython-310-aarch64-linux-gnu.so[0m
[68.645s] [100%] [32m[1mLinking C shared library rosidl_generator_py/prototype/prototype_s__rosidl_typesupport_c.cpython-310-aarch64-linux-gnu.so[0m
[68.991s] [100%] Built target prototype__rosidl_typesupport_introspection_c__pyext
[68.995s] [100%] Built target prototype__rosidl_typesupport_fastrtps_c__pyext
[69.007s] [100%] Built target prototype__rosidl_typesupport_c__pyext
[69.054s] Invoked command in '/home/rosievoice/main_ws/mic_ws/src/build/prototype' returned '0': CMAKE_PREFIX_PATH=${CMAKE_PREFIX_PATH}:/opt/ros/humble /usr/bin/cmake --build /home/rosievoice/main_ws/mic_ws/src/build/prototype -- -j4 -l4
[69.967s] Invoking command in '/home/rosievoice/main_ws/mic_ws/src/build/prototype': CMAKE_PREFIX_PATH=${CMAKE_PREFIX_PATH}:/opt/ros/humble /usr/bin/cmake --install /home/rosievoice/main_ws/mic_ws/src/build/prototype
[69.998s] -- Install configuration: ""
[70.000s] -- Execute custom install script
[70.003s] -- Symlinking: /home/rosievoice/main_ws/mic_ws/src/install/prototype/share/prototype//config/camera.yaml
[70.037s] -- Symlinking: /home/rosievoice/main_ws/mic_ws/src/install/prototype/share/prototype//config/ekf.yaml
[70.070s] -- Symlinking: /home/rosievoice/main_ws/mic_ws/src/install/prototype/share/prototype//config/ekf_map.yaml
[70.102s] -- Symlinking: /home/rosievoice/main_ws/mic_ws/src/install/prototype/share/prototype//config/joystick.yaml
[70.136s] -- Symlinking: /home/rosievoice/main_ws/mic_ws/src/install/prototype/share/prototype//config/motor_control.yaml
[70.169s] -- Symlinking: /home/rosievoice/main_ws/mic_ws/src/install/prototype/share/prototype//config/nn/mobilenet.json
[70.202s] -- Symlinking: /home/rosievoice/main_ws/mic_ws/src/install/prototype/share/prototype//config/nn/segmentation.json
[70.235s] -- Symlinking: /home/rosievoice/main_ws/mic_ws/src/install/prototype/share/prototype//config/nn/yolo.json
[70.268s] -- Symlinking: /home/rosievoice/main_ws/mic_ws/src/install/prototype/share/prototype//config/rgbd.yaml
[70.300s] -- Symlinking: /home/rosievoice/main_ws/mic_ws/src/install/prototype/share/prototype//config/spatial_bb.yaml
[70.332s] -- Symlinking: /home/rosievoice/main_ws/mic_ws/src/install/prototype/share/prototype//config/twist_mux.yaml
[70.366s] -- Symlinking: /home/rosievoice/main_ws/mic_ws/src/install/prototype/share/prototype//launch/battery_state.launch.py
[70.401s] -- Symlinking: /home/rosievoice/main_ws/mic_ws/src/install/prototype/share/prototype//launch/camera.launch.py
[70.431s] -- Symlinking: /home/rosievoice/main_ws/mic_ws/src/install/prototype/share/prototype//launch/camera_local.launch.py
[70.464s] -- Symlinking: /home/rosievoice/main_ws/mic_ws/src/install/prototype/share/prototype//launch/camera_uncompressed_launch.py
[70.497s] -- Symlinking: /home/rosievoice/main_ws/mic_ws/src/install/prototype/share/prototype//launch/gui.launch.py
[70.529s] -- Symlinking: /home/rosievoice/main_ws/mic_ws/src/install/prototype/share/prototype//launch/hand_gesture.launch.py
[70.562s] -- Symlinking: /home/rosievoice/main_ws/mic_ws/src/install/prototype/share/prototype//launch/image_pro.py
[70.595s] -- Symlinking: /home/rosievoice/main_ws/mic_ws/src/install/prototype/share/prototype//launch/imu_launch.py
[70.629s] -- Symlinking: /home/rosievoice/main_ws/mic_ws/src/install/prototype/share/prototype//launch/joystick.launch.py
[70.661s] -- Symlinking: /home/rosievoice/main_ws/mic_ws/src/install/prototype/share/prototype//launch/laser_launch.py
[70.693s] -- Symlinking: /home/rosievoice/main_ws/mic_ws/src/install/prototype/share/prototype//launch/localization_launch.py
[70.727s] -- Symlinking: /home/rosievoice/main_ws/mic_ws/src/install/prototype/share/prototype//launch/main_launch.py
[70.759s] -- Symlinking: /home/rosievoice/main_ws/mic_ws/src/install/prototype/share/prototype//launch/motor_launch.py
[70.792s] -- Symlinking: /home/rosievoice/main_ws/mic_ws/src/install/prototype/share/prototype//launch/navigation.launch.py
[70.825s] -- Symlinking: /home/rosievoice/main_ws/mic_ws/src/install/prototype/share/prototype//launch/no_com_camera.launch.py
[70.859s] -- Symlinking: /home/rosievoice/main_ws/mic_ws/src/install/prototype/share/prototype//launch/rgbd_pcl.launch.py
[70.893s] -- Symlinking: /home/rosievoice/main_ws/mic_ws/src/install/prototype/share/prototype//launch/robot_localization_launch.py
[70.926s] -- Symlinking: /home/rosievoice/main_ws/mic_ws/src/install/prototype/share/prototype//launch/robotmodel.launch.py
[70.961s] -- Symlinking: /home/rosievoice/main_ws/mic_ws/src/install/prototype/share/prototype//launch/rtab_odom.launch.py
[70.993s] -- Symlinking: /home/rosievoice/main_ws/mic_ws/src/install/prototype/share/prototype//launch/rtabmap.launch.py
[71.025s] -- Symlinking: /home/rosievoice/main_ws/mic_ws/src/install/prototype/share/prototype//launch/rviz2_launch.py
[71.058s] -- Symlinking: /home/rosievoice/main_ws/mic_ws/src/install/prototype/share/prototype//launch/sensors_launch.py
[71.090s] -- Symlinking: /home/rosievoice/main_ws/mic_ws/src/install/prototype/share/prototype//launch/spatial_bb.launch.py
[71.123s] -- Symlinking: /home/rosievoice/main_ws/mic_ws/src/install/prototype/share/prototype//launch/spawn.launch.xml
[71.156s] -- Symlinking: /home/rosievoice/main_ws/mic_ws/src/install/prototype/share/prototype//launch/spawn_pos.launch.py
[71.189s] -- Symlinking: /home/rosievoice/main_ws/mic_ws/src/install/prototype/share/prototype//launch/stereo.launch.py
[71.225s] -- Symlinking: /home/rosievoice/main_ws/mic_ws/src/install/prototype/share/prototype//action/AiCamera.action
[71.258s] -- Symlinking: /home/rosievoice/main_ws/mic_ws/src/install/prototype/share/prototype//action/FoodMenu.action
[71.294s] -- Symlinking: /home/rosievoice/main_ws/mic_ws/src/install/prototype/share/prototype//action/GoTo.action
[71.329s] -- Symlinking: /home/rosievoice/main_ws/mic_ws/src/install/prototype/share/prototype//action/SendCoordinates.action
[71.363s] -- Symlinking: /home/rosievoice/main_ws/mic_ws/src/install/prototype/share/prototype//worlds/empty_world.world
[71.397s] -- Symlinking: /home/rosievoice/main_ws/mic_ws/src/install/prototype/share/prototype//models/box_room/meshes/box_room.dae
[71.431s] -- Symlinking: /home/rosievoice/main_ws/mic_ws/src/install/prototype/share/prototype//models/box_room/meshes/chambre.png
[71.463s] -- Symlinking: /home/rosievoice/main_ws/mic_ws/src/install/prototype/share/prototype//models/model.config
[71.495s] -- Symlinking: /home/rosievoice/main_ws/mic_ws/src/install/prototype/share/prototype//models/model.sdf
[71.528s] -- Symlinking: /home/rosievoice/main_ws/mic_ws/src/install/prototype/share/prototype//urdf/camera.xacro
[71.562s] -- Symlinking: /home/rosievoice/main_ws/mic_ws/src/install/prototype/share/prototype//urdf/hardware_interface.xacro
[71.595s] -- Symlinking: /home/rosievoice/main_ws/mic_ws/src/install/prototype/share/prototype//urdf/joint_macros.xacro
[71.626s] -- Symlinking: /home/rosievoice/main_ws/mic_ws/src/install/prototype/share/prototype//urdf/lidar.xacro
[71.658s] -- Symlinking: /home/rosievoice/main_ws/mic_ws/src/install/prototype/share/prototype//urdf/link_macros.xacro
[71.689s] -- Symlinking: /home/rosievoice/main_ws/mic_ws/src/install/prototype/share/prototype//urdf/prototype.xacro
[71.721s] -- Symlinking: /home/rosievoice/main_ws/mic_ws/src/install/prototype/share/prototype//urdf/wheel.xacro
[71.754s] -- Symlinking: /home/rosievoice/main_ws/mic_ws/src/install/prototype/share/prototype//sambot/camera.xacro
[71.787s] -- Symlinking: /home/rosievoice/main_ws/mic_ws/src/install/prototype/share/prototype//sambot/hardware_interface.xacro
[71.818s] -- Symlinking: /home/rosievoice/main_ws/mic_ws/src/install/prototype/share/prototype//sambot/joint_macros.xacro
[71.849s] -- Symlinking: /home/rosievoice/main_ws/mic_ws/src/install/prototype/share/prototype//sambot/lidar.xacro
[71.881s] -- Symlinking: /home/rosievoice/main_ws/mic_ws/src/install/prototype/share/prototype//sambot/link_macros.xacro
[71.913s] -- Symlinking: /home/rosievoice/main_ws/mic_ws/src/install/prototype/share/prototype//sambot/prototype.xacro
[71.944s] -- Symlinking: /home/rosievoice/main_ws/mic_ws/src/install/prototype/share/prototype//sambot/wheel.xacro
[71.983s] -- Symlinking: /home/rosievoice/main_ws/mic_ws/src/install/prototype/share/prototype//meshes/Dazzling.stl
[72.015s] -- Symlinking: /home/rosievoice/main_ws/mic_ws/src/install/prototype/share/prototype//meshes/Dbrakes2K.png
[72.046s] -- Symlinking: /home/rosievoice/main_ws/mic_ws/src/install/prototype/share/prototype//meshes/Dreaotherothertex2K.png
[72.079s] -- Symlinking: /home/rosievoice/main_ws/mic_ws/src/install/prototype/share/prototype//meshes/Dtire_rim_detail2Ktex.png
[72.112s] -- Symlinking: /home/rosievoice/main_ws/mic_ws/src/install/prototype/share/prototype//meshes/Material Base Color.png
[72.144s] -- Symlinking: /home/rosievoice/main_ws/mic_ws/src/install/prototype/share/prototype//meshes/Material.005 Base Color.png
[72.176s] -- Symlinking: /home/rosievoice/main_ws/mic_ws/src/install/prototype/share/prototype//meshes/Prototype_mesh(1).stl
[72.210s] -- Symlinking: /home/rosievoice/main_ws/mic_ws/src/install/prototype/share/prototype//meshes/Prototype_mesh(3).stl
[72.241s] -- Symlinking: /home/rosievoice/main_ws/mic_ws/src/install/prototype/share/prototype//meshes/Prototype_mesh.stl
[72.274s] -- Symlinking: /home/rosievoice/main_ws/mic_ws/src/install/prototype/share/prototype//meshes/Wheels.dae
[72.306s] -- Symlinking: /home/rosievoice/main_ws/mic_ws/src/install/prototype/share/prototype//meshes/blender_mesh.stl
[72.338s] -- Symlinking: /home/rosievoice/main_ws/mic_ws/src/install/prototype/share/prototype//meshes/crane base.png
[72.370s] -- Symlinking: /home/rosievoice/main_ws/mic_ws/src/install/prototype/share/prototype//meshes/crane stand.001.png
[72.403s] -- Symlinking: /home/rosievoice/main_ws/mic_ws/src/install/prototype/share/prototype//meshes/crane.blend
[72.437s] -- Symlinking: /home/rosievoice/main_ws/mic_ws/src/install/prototype/share/prototype//meshes/crane.blend1
[72.468s] -- Symlinking: /home/rosievoice/main_ws/mic_ws/src/install/prototype/share/prototype//meshes/crane.dae
[72.525s] -- Symlinking: /home/rosievoice/main_ws/mic_ws/src/install/prototype/share/prototype//meshes/crane_base.png
[72.565s] -- Symlinking: /home/rosievoice/main_ws/mic_ws/src/install/prototype/share/prototype//meshes/crane_stand.png
[72.598s] -- Symlinking: /home/rosievoice/main_ws/mic_ws/src/install/prototype/share/prototype//meshes/cute_cube.blend
[72.632s] -- Symlinking: /home/rosievoice/main_ws/mic_ws/src/install/prototype/share/prototype//meshes/cute_cube.dae
[72.665s] -- Symlinking: /home/rosievoice/main_ws/mic_ws/src/install/prototype/share/prototype//meshes/first wheel.blend
[72.697s] -- Symlinking: /home/rosievoice/main_ws/mic_ws/src/install/prototype/share/prototype//meshes/gear color.png
[72.730s] -- Symlinking: /home/rosievoice/main_ws/mic_ws/src/install/prototype/share/prototype//meshes/lambert3_baseColor.png
[72.761s] -- Symlinking: /home/rosievoice/main_ws/mic_ws/src/install/prototype/share/prototype//meshes/motor .png
[72.794s] -- Symlinking: /home/rosievoice/main_ws/mic_ws/src/install/prototype/share/prototype//meshes/prototype.blend
[72.828s] -- Symlinking: /home/rosievoice/main_ws/mic_ws/src/install/prototype/share/prototype//meshes/prototype.dae
[72.861s] -- Symlinking: /home/rosievoice/main_ws/mic_ws/src/install/prototype/share/prototype//meshes/sensors/realsense.dae
[72.894s] -- Symlinking: /home/rosievoice/main_ws/mic_ws/src/install/prototype/share/prototype//meshes/sensors/rplidar.dae
[72.927s] -- Symlinking: /home/rosievoice/main_ws/mic_ws/src/install/prototype/share/prototype//meshes/sensors/rplidartexture.png
[72.959s] -- Symlinking: /home/rosievoice/main_ws/mic_ws/src/install/prototype/share/prototype//meshes/textures/lambert3_baseColor.png
[72.992s] -- Symlinking: /home/rosievoice/main_ws/mic_ws/src/install/prototype/share/prototype//meshes/tinker.stl
[73.024s] -- Symlinking: /home/rosievoice/main_ws/mic_ws/src/install/prototype/share/prototype//meshes/tire_rubber_2K_NRM.png
[73.058s] -- Symlinking: /home/rosievoice/main_ws/mic_ws/src/install/prototype/share/prototype//meshes/tires/obj.mtl
[73.090s] -- Symlinking: /home/rosievoice/main_ws/mic_ws/src/install/prototype/share/prototype//meshes/tires/tinker.obj
[73.124s] -- Symlinking: /home/rosievoice/main_ws/mic_ws/src/install/prototype/share/prototype//scripts/__init__.py
[73.158s] -- Symlinking: /home/rosievoice/main_ws/mic_ws/src/install/prototype/share/prototype//scripts/__pycache__/gesture_recognition.cpython-310.pyc
[73.191s] -- Symlinking: /home/rosievoice/main_ws/mic_ws/src/install/prototype/share/prototype//scripts/__pycache__/robot_navigator.cpython-310.pyc
[73.224s] -- Symlinking: /home/rosievoice/main_ws/mic_ws/src/install/prototype/share/prototype//scripts/action_client.py
[73.259s] -- Symlinking: /home/rosievoice/main_ws/mic_ws/src/install/prototype/share/prototype//scripts/action_server.py
[73.291s] -- Symlinking: /home/rosievoice/main_ws/mic_ws/src/install/prototype/share/prototype//scripts/battery.py
[73.324s] -- Symlinking: /home/rosievoice/main_ws/mic_ws/src/install/prototype/share/prototype//scripts/battery_boot.py
[73.355s] -- Symlinking: /home/rosievoice/main_ws/mic_ws/src/install/prototype/share/prototype//scripts/battery_test.py
[73.387s] -- Symlinking: /home/rosievoice/main_ws/mic_ws/src/install/prototype/share/prototype//scripts/behaviours.py
[73.419s] -- Symlinking: /home/rosievoice/main_ws/mic_ws/src/install/prototype/share/prototype//scripts/cvfpscalc.py
[73.451s] -- Symlinking: /home/rosievoice/main_ws/mic_ws/src/install/prototype/share/prototype//scripts/data_gathering.py
[73.484s] -- Symlinking: /home/rosievoice/main_ws/mic_ws/src/install/prototype/share/prototype//scripts/face.py
[73.517s] -- Symlinking: /home/rosievoice/main_ws/mic_ws/src/install/prototype/share/prototype//scripts/gesture_recognition.py
[73.549s] -- Symlinking: /home/rosievoice/main_ws/mic_ws/src/install/prototype/share/prototype//scripts/goal.py
[73.581s] -- Symlinking: /home/rosievoice/main_ws/mic_ws/src/install/prototype/share/prototype//scripts/hand.py
[73.614s] -- Symlinking: /home/rosievoice/main_ws/mic_ws/src/install/prototype/share/prototype//scripts/hand_sign_recognition.py
[73.646s] -- Symlinking: /home/rosievoice/main_ws/mic_ws/src/install/prototype/share/prototype//scripts/map.py
[73.678s] -- Symlinking: /home/rosievoice/main_ws/mic_ws/src/install/prototype/share/prototype//scripts/map_object.py
[73.710s] -- Symlinking: /home/rosievoice/main_ws/mic_ws/src/install/prototype/share/prototype//scripts/move_laser.py
[73.741s] -- Symlinking: /home/rosievoice/main_ws/mic_ws/src/install/prototype/share/prototype//scripts/move_shaft.py
[73.773s] -- Symlinking: /home/rosievoice/main_ws/mic_ws/src/install/prototype/share/prototype//scripts/object_broadcast.py
[73.809s] -- Symlinking: /home/rosievoice/main_ws/mic_ws/src/install/prototype/share/prototype//scripts/odom_base.py
[73.842s] -- Symlinking: /home/rosievoice/main_ws/mic_ws/src/install/prototype/share/prototype//scripts/py_tree_server.py
[73.874s] -- Symlinking: /home/rosievoice/main_ws/mic_ws/src/install/prototype/share/prototype//scripts/robot_navigator.py
[73.908s] -- Symlinking: /home/rosievoice/main_ws/mic_ws/src/install/prototype/share/prototype//scripts/robotmodel.py
[73.939s] -- Symlinking: /home/rosievoice/main_ws/mic_ws/src/install/prototype/share/prototype//scripts/service_velocity.py
[73.972s] -- Symlinking: /home/rosievoice/main_ws/mic_ws/src/install/prototype/share/prototype//scripts/spatial.py
[74.004s] -- Symlinking: /home/rosievoice/main_ws/mic_ws/src/install/prototype/share/prototype//scripts/string_sub.py
[74.037s] -- Symlinking: /home/rosievoice/main_ws/mic_ws/src/install/prototype/share/prototype//scripts/test.py
[74.069s] -- Symlinking: /home/rosievoice/main_ws/mic_ws/src/install/prototype/share/prototype//scripts/tf.py
[74.100s] -- Symlinking: /home/rosievoice/main_ws/mic_ws/src/install/prototype/share/prototype//scripts/waiter.dot
[74.132s] -- Symlinking: /home/rosievoice/main_ws/mic_ws/src/install/prototype/share/prototype//scripts/waiter.png
[74.164s] -- Symlinking: /home/rosievoice/main_ws/mic_ws/src/install/prototype/share/prototype//scripts/waiter.svg
[74.199s] -- Symlinking: /home/rosievoice/main_ws/mic_ws/src/install/prototype/share/prototype//rviz/localizer_rviz_config.rviz
[74.233s] -- Symlinking: /home/rosievoice/main_ws/mic_ws/src/install/prototype/share/prototype//msg/DistanceAngle.msg
[74.265s] -- Symlinking: /home/rosievoice/main_ws/mic_ws/src/install/prototype/share/prototype//msg/Food.msg
[74.297s] -- Symlinking: /home/rosievoice/main_ws/mic_ws/src/install/prototype/lib/prototype/move_laser.py
[74.330s] -- Symlinking: /home/rosievoice/main_ws/mic_ws/src/install/prototype/lib/prototype/move_shaft.py
[74.362s] -- Symlinking: /home/rosievoice/main_ws/mic_ws/src/install/prototype/lib/prototype/action_client.py
[74.395s] -- Symlinking: /home/rosievoice/main_ws/mic_ws/src/install/prototype/share/ament_index/resource_index/rosidl_interfaces/prototype
[74.433s] -- Symlinking: /home/rosievoice/main_ws/mic_ws/src/install/prototype/include/prototype/prototype/action/ai_camera.h
[74.468s] -- Symlinking: /home/rosievoice/main_ws/mic_ws/src/install/prototype/include/prototype/prototype/action/detail/ai_camera__functions.h
[74.502s] -- Symlinking: /home/rosievoice/main_ws/mic_ws/src/install/prototype/include/prototype/prototype/action/detail/ai_camera__struct.h
[74.535s] -- Symlinking: /home/rosievoice/main_ws/mic_ws/src/install/prototype/include/prototype/prototype/action/detail/ai_camera__type_support.h
[74.567s] -- Symlinking: /home/rosievoice/main_ws/mic_ws/src/install/prototype/include/prototype/prototype/action/detail/food_menu__functions.h
[74.599s] -- Symlinking: /home/rosievoice/main_ws/mic_ws/src/install/prototype/include/prototype/prototype/action/detail/food_menu__struct.h
[74.632s] -- Symlinking: /home/rosievoice/main_ws/mic_ws/src/install/prototype/include/prototype/prototype/action/detail/food_menu__type_support.h
[74.664s] -- Symlinking: /home/rosievoice/main_ws/mic_ws/src/install/prototype/include/prototype/prototype/action/detail/go_to__functions.h
[74.696s] -- Symlinking: /home/rosievoice/main_ws/mic_ws/src/install/prototype/include/prototype/prototype/action/detail/go_to__struct.h
[74.729s] -- Symlinking: /home/rosievoice/main_ws/mic_ws/src/install/prototype/include/prototype/prototype/action/detail/go_to__type_support.h
[74.763s] -- Symlinking: /home/rosievoice/main_ws/mic_ws/src/install/prototype/include/prototype/prototype/action/detail/send_coordinates__functions.h
[74.798s] -- Symlinking: /home/rosievoice/main_ws/mic_ws/src/install/prototype/include/prototype/prototype/action/detail/send_coordinates__struct.h
[74.833s] -- Symlinking: /home/rosievoice/main_ws/mic_ws/src/install/prototype/include/prototype/prototype/action/detail/send_coordinates__type_support.h
[74.865s] -- Symlinking: /home/rosievoice/main_ws/mic_ws/src/install/prototype/include/prototype/prototype/action/food_menu.h
[74.898s] -- Symlinking: /home/rosievoice/main_ws/mic_ws/src/install/prototype/include/prototype/prototype/action/go_to.h
[74.929s] -- Symlinking: /home/rosievoice/main_ws/mic_ws/src/install/prototype/include/prototype/prototype/action/send_coordinates.h
[74.962s] -- Symlinking: /home/rosievoice/main_ws/mic_ws/src/install/prototype/include/prototype/prototype/msg/detail/distance_angle__functions.h
[74.996s] -- Symlinking: /home/rosievoice/main_ws/mic_ws/src/install/prototype/include/prototype/prototype/msg/detail/distance_angle__struct.h
[75.027s] -- Symlinking: /home/rosievoice/main_ws/mic_ws/src/install/prototype/include/prototype/prototype/msg/detail/distance_angle__type_support.h
[75.059s] -- Symlinking: /home/rosievoice/main_ws/mic_ws/src/install/prototype/include/prototype/prototype/msg/detail/food__functions.h
[75.092s] -- Symlinking: /home/rosievoice/main_ws/mic_ws/src/install/prototype/include/prototype/prototype/msg/detail/food__struct.h
[75.123s] -- Symlinking: /home/rosievoice/main_ws/mic_ws/src/install/prototype/include/prototype/prototype/msg/detail/food__type_support.h
[75.158s] -- Symlinking: /home/rosievoice/main_ws/mic_ws/src/install/prototype/include/prototype/prototype/msg/distance_angle.h
[75.192s] -- Symlinking: /home/rosievoice/main_ws/mic_ws/src/install/prototype/include/prototype/prototype/msg/food.h
[75.224s] -- Symlinking: /home/rosievoice/main_ws/mic_ws/src/install/prototype/include/prototype/prototype/msg/rosidl_generator_c__visibility_control.h
[75.257s] -- Symlinking: /home/rosievoice/main_ws/mic_ws/src/install/prototype/share/prototype/environment/library_path.sh
[75.291s] -- Symlinking: /home/rosievoice/main_ws/mic_ws/src/install/prototype/share/prototype/environment/library_path.dsv
[75.326s] -- Symlinking: /home/rosievoice/main_ws/mic_ws/src/install/prototype/include/prototype/prototype/action/detail/ai_camera__rosidl_typesupport_fastrtps_c.h
[75.360s] -- Symlinking: /home/rosievoice/main_ws/mic_ws/src/install/prototype/include/prototype/prototype/action/detail/food_menu__rosidl_typesupport_fastrtps_c.h
[75.394s] -- Symlinking: /home/rosievoice/main_ws/mic_ws/src/install/prototype/include/prototype/prototype/action/detail/go_to__rosidl_typesupport_fastrtps_c.h
[75.426s] -- Symlinking: /home/rosievoice/main_ws/mic_ws/src/install/prototype/include/prototype/prototype/action/detail/send_coordinates__rosidl_typesupport_fastrtps_c.h
[75.458s] -- Symlinking: /home/rosievoice/main_ws/mic_ws/src/install/prototype/include/prototype/prototype/msg/detail/distance_angle__rosidl_typesupport_fastrtps_c.h
[75.492s] -- Symlinking: /home/rosievoice/main_ws/mic_ws/src/install/prototype/include/prototype/prototype/msg/detail/food__rosidl_typesupport_fastrtps_c.h
[75.524s] -- Symlinking: /home/rosievoice/main_ws/mic_ws/src/install/prototype/include/prototype/prototype/msg/rosidl_typesupport_fastrtps_c__visibility_control.h
[75.560s] -- Symlinking: /home/rosievoice/main_ws/mic_ws/src/install/prototype/include/prototype/prototype/action/ai_camera.hpp
[75.595s] -- Symlinking: /home/rosievoice/main_ws/mic_ws/src/install/prototype/include/prototype/prototype/action/detail/ai_camera__builder.hpp
[75.630s] -- Symlinking: /home/rosievoice/main_ws/mic_ws/src/install/prototype/include/prototype/prototype/action/detail/ai_camera__struct.hpp
[75.663s] -- Symlinking: /home/rosievoice/main_ws/mic_ws/src/install/prototype/include/prototype/prototype/action/detail/ai_camera__traits.hpp
[75.694s] -- Symlinking: /home/rosievoice/main_ws/mic_ws/src/install/prototype/include/prototype/prototype/action/detail/food_menu__builder.hpp
[75.726s] -- Symlinking: /home/rosievoice/main_ws/mic_ws/src/install/prototype/include/prototype/prototype/action/detail/food_menu__struct.hpp
[75.760s] -- Symlinking: /home/rosievoice/main_ws/mic_ws/src/install/prototype/include/prototype/prototype/action/detail/food_menu__traits.hpp
[75.794s] -- Symlinking: /home/rosievoice/main_ws/mic_ws/src/install/prototype/include/prototype/prototype/action/detail/go_to__builder.hpp
[75.827s] -- Symlinking: /home/rosievoice/main_ws/mic_ws/src/install/prototype/include/prototype/prototype/action/detail/go_to__struct.hpp
[75.861s] -- Symlinking: /home/rosievoice/main_ws/mic_ws/src/install/prototype/include/prototype/prototype/action/detail/go_to__traits.hpp
[75.894s] -- Symlinking: /home/rosievoice/main_ws/mic_ws/src/install/prototype/include/prototype/prototype/action/detail/send_coordinates__builder.hpp
[75.927s] -- Symlinking: /home/rosievoice/main_ws/mic_ws/src/install/prototype/include/prototype/prototype/action/detail/send_coordinates__struct.hpp
[75.959s] -- Symlinking: /home/rosievoice/main_ws/mic_ws/src/install/prototype/include/prototype/prototype/action/detail/send_coordinates__traits.hpp
[75.991s] -- Symlinking: /home/rosievoice/main_ws/mic_ws/src/install/prototype/include/prototype/prototype/action/food_menu.hpp
[76.025s] -- Symlinking: /home/rosievoice/main_ws/mic_ws/src/install/prototype/include/prototype/prototype/action/go_to.hpp
[76.057s] -- Symlinking: /home/rosievoice/main_ws/mic_ws/src/install/prototype/include/prototype/prototype/action/send_coordinates.hpp
[76.088s] -- Symlinking: /home/rosievoice/main_ws/mic_ws/src/install/prototype/include/prototype/prototype/msg/detail/distance_angle__builder.hpp
[76.122s] -- Symlinking: /home/rosievoice/main_ws/mic_ws/src/install/prototype/include/prototype/prototype/msg/detail/distance_angle__struct.hpp
[76.154s] -- Symlinking: /home/rosievoice/main_ws/mic_ws/src/install/prototype/include/prototype/prototype/msg/detail/distance_angle__traits.hpp
[76.186s] -- Symlinking: /home/rosievoice/main_ws/mic_ws/src/install/prototype/include/prototype/prototype/msg/detail/food__builder.hpp
[76.219s] -- Symlinking: /home/rosievoice/main_ws/mic_ws/src/install/prototype/include/prototype/prototype/msg/detail/food__struct.hpp
[76.252s] -- Symlinking: /home/rosievoice/main_ws/mic_ws/src/install/prototype/include/prototype/prototype/msg/detail/food__traits.hpp
[76.285s] -- Symlinking: /home/rosievoice/main_ws/mic_ws/src/install/prototype/include/prototype/prototype/msg/distance_angle.hpp
[76.316s] -- Symlinking: /home/rosievoice/main_ws/mic_ws/src/install/prototype/include/prototype/prototype/msg/food.hpp
[76.353s] -- Symlinking: /home/rosievoice/main_ws/mic_ws/src/install/prototype/include/prototype/prototype/action/detail/ai_camera__rosidl_typesupport_fastrtps_cpp.hpp
[76.387s] -- Symlinking: /home/rosievoice/main_ws/mic_ws/src/install/prototype/include/prototype/prototype/action/detail/food_menu__rosidl_typesupport_fastrtps_cpp.hpp
[76.420s] -- Symlinking: /home/rosievoice/main_ws/mic_ws/src/install/prototype/include/prototype/prototype/action/detail/go_to__rosidl_typesupport_fastrtps_cpp.hpp
[76.453s] -- Symlinking: /home/rosievoice/main_ws/mic_ws/src/install/prototype/include/prototype/prototype/action/detail/send_coordinates__rosidl_typesupport_fastrtps_cpp.hpp
[76.485s] -- Symlinking: /home/rosievoice/main_ws/mic_ws/src/install/prototype/include/prototype/prototype/msg/detail/distance_angle__rosidl_typesupport_fastrtps_cpp.hpp
[76.519s] -- Symlinking: /home/rosievoice/main_ws/mic_ws/src/install/prototype/include/prototype/prototype/msg/detail/food__rosidl_typesupport_fastrtps_cpp.hpp
[76.552s] -- Symlinking: /home/rosievoice/main_ws/mic_ws/src/install/prototype/include/prototype/prototype/msg/rosidl_typesupport_fastrtps_cpp__visibility_control.h
[76.587s] -- Symlinking: /home/rosievoice/main_ws/mic_ws/src/install/prototype/include/prototype/prototype/action/detail/ai_camera__rosidl_typesupport_introspection_c.h
[76.621s] -- Symlinking: /home/rosievoice/main_ws/mic_ws/src/install/prototype/include/prototype/prototype/action/detail/food_menu__rosidl_typesupport_introspection_c.h
[76.654s] -- Symlinking: /home/rosievoice/main_ws/mic_ws/src/install/prototype/include/prototype/prototype/action/detail/go_to__rosidl_typesupport_introspection_c.h
[76.687s] -- Symlinking: /home/rosievoice/main_ws/mic_ws/src/install/prototype/include/prototype/prototype/action/detail/send_coordinates__rosidl_typesupport_introspection_c.h
[76.719s] -- Symlinking: /home/rosievoice/main_ws/mic_ws/src/install/prototype/include/prototype/prototype/msg/detail/distance_angle__rosidl_typesupport_introspection_c.h
[76.752s] -- Symlinking: /home/rosievoice/main_ws/mic_ws/src/install/prototype/include/prototype/prototype/msg/detail/food__rosidl_typesupport_introspection_c.h
[76.783s] -- Symlinking: /home/rosievoice/main_ws/mic_ws/src/install/prototype/include/prototype/prototype/msg/rosidl_typesupport_introspection_c__visibility_control.h
[76.819s] -- Symlinking: /home/rosievoice/main_ws/mic_ws/src/install/prototype/include/prototype/prototype/action/detail/ai_camera__rosidl_typesupport_introspection_cpp.hpp
[76.852s] -- Symlinking: /home/rosievoice/main_ws/mic_ws/src/install/prototype/include/prototype/prototype/action/detail/food_menu__rosidl_typesupport_introspection_cpp.hpp
[76.889s] -- Symlinking: /home/rosievoice/main_ws/mic_ws/src/install/prototype/include/prototype/prototype/action/detail/go_to__rosidl_typesupport_introspection_cpp.hpp
[76.921s] -- Symlinking: /home/rosievoice/main_ws/mic_ws/src/install/prototype/include/prototype/prototype/action/detail/send_coordinates__rosidl_typesupport_introspection_cpp.hpp
[76.953s] -- Symlinking: /home/rosievoice/main_ws/mic_ws/src/install/prototype/include/prototype/prototype/msg/detail/distance_angle__rosidl_typesupport_introspection_cpp.hpp
[76.988s] -- Symlinking: /home/rosievoice/main_ws/mic_ws/src/install/prototype/include/prototype/prototype/msg/detail/food__rosidl_typesupport_introspection_cpp.hpp
[77.021s] -- Symlinking: /home/rosievoice/main_ws/mic_ws/src/install/prototype/share/prototype/environment/pythonpath.sh
[77.053s] -- Symlinking: /home/rosievoice/main_ws/mic_ws/src/install/prototype/share/prototype/environment/pythonpath.dsv
[77.088s] -- Symlinking: /home/rosievoice/main_ws/mic_ws/src/install/prototype/local/lib/python3.10/dist-packages/prototype-0.0.0-py3.10.egg-info/PKG-INFO
[77.122s] -- Symlinking: /home/rosievoice/main_ws/mic_ws/src/install/prototype/local/lib/python3.10/dist-packages/prototype-0.0.0-py3.10.egg-info/SOURCES.txt
[77.154s] -- Symlinking: /home/rosievoice/main_ws/mic_ws/src/install/prototype/local/lib/python3.10/dist-packages/prototype-0.0.0-py3.10.egg-info/dependency_links.txt
[77.186s] -- Symlinking: /home/rosievoice/main_ws/mic_ws/src/install/prototype/local/lib/python3.10/dist-packages/prototype-0.0.0-py3.10.egg-info/top_level.txt
[77.225s] -- Symlinking: /home/rosievoice/main_ws/mic_ws/src/install/prototype/local/lib/python3.10/dist-packages/prototype/__init__.py
[77.260s] -- Symlinking: /home/rosievoice/main_ws/mic_ws/src/install/prototype/local/lib/python3.10/dist-packages/prototype/_prototype_s.ep.rosidl_typesupport_c.c
[77.294s] -- Symlinking: /home/rosievoice/main_ws/mic_ws/src/install/prototype/local/lib/python3.10/dist-packages/prototype/_prototype_s.ep.rosidl_typesupport_fastrtps_c.c
[77.325s] -- Symlinking: /home/rosievoice/main_ws/mic_ws/src/install/prototype/local/lib/python3.10/dist-packages/prototype/_prototype_s.ep.rosidl_typesupport_introspection_c.c
[77.358s] -- Symlinking: /home/rosievoice/main_ws/mic_ws/src/install/prototype/local/lib/python3.10/dist-packages/prototype/action/__init__.py
[77.389s] -- Symlinking: /home/rosievoice/main_ws/mic_ws/src/install/prototype/local/lib/python3.10/dist-packages/prototype/action/_ai_camera.py
[77.420s] -- Symlinking: /home/rosievoice/main_ws/mic_ws/src/install/prototype/local/lib/python3.10/dist-packages/prototype/action/_ai_camera_s.c
[77.453s] -- Symlinking: /home/rosievoice/main_ws/mic_ws/src/install/prototype/local/lib/python3.10/dist-packages/prototype/action/_food_menu.py
[77.485s] -- Symlinking: /home/rosievoice/main_ws/mic_ws/src/install/prototype/local/lib/python3.10/dist-packages/prototype/action/_food_menu_s.c
[77.541s] -- Symlinking: /home/rosievoice/main_ws/mic_ws/src/install/prototype/local/lib/python3.10/dist-packages/prototype/action/_go_to.py
[77.578s] -- Symlinking: /home/rosievoice/main_ws/mic_ws/src/install/prototype/local/lib/python3.10/dist-packages/prototype/action/_go_to_s.c
[77.610s] -- Symlinking: /home/rosievoice/main_ws/mic_ws/src/install/prototype/local/lib/python3.10/dist-packages/prototype/action/_send_coordinates.py
[77.642s] -- Symlinking: /home/rosievoice/main_ws/mic_ws/src/install/prototype/local/lib/python3.10/dist-packages/prototype/action/_send_coordinates_s.c
[77.677s] -- Symlinking: /home/rosievoice/main_ws/mic_ws/src/install/prototype/local/lib/python3.10/dist-packages/prototype/libprototype__rosidl_generator_py.so
[77.710s] -- Symlinking: /home/rosievoice/main_ws/mic_ws/src/install/prototype/local/lib/python3.10/dist-packages/prototype/msg/__init__.py
[77.744s] -- Symlinking: /home/rosievoice/main_ws/mic_ws/src/install/prototype/local/lib/python3.10/dist-packages/prototype/msg/_distance_angle.py
[77.776s] -- Symlinking: /home/rosievoice/main_ws/mic_ws/src/install/prototype/local/lib/python3.10/dist-packages/prototype/msg/_distance_angle_s.c
[77.808s] -- Symlinking: /home/rosievoice/main_ws/mic_ws/src/install/prototype/local/lib/python3.10/dist-packages/prototype/msg/_food.py
[77.840s] -- Symlinking: /home/rosievoice/main_ws/mic_ws/src/install/prototype/local/lib/python3.10/dist-packages/prototype/msg/_food_s.c
[77.872s] -- Symlinking: /home/rosievoice/main_ws/mic_ws/src/install/prototype/local/lib/python3.10/dist-packages/prototype/prototype_s__rosidl_typesupport_c.cpython-310-aarch64-linux-gnu.so
[77.905s] -- Symlinking: /home/rosievoice/main_ws/mic_ws/src/install/prototype/local/lib/python3.10/dist-packages/prototype/prototype_s__rosidl_typesupport_fastrtps_c.cpython-310-aarch64-linux-gnu.so
[77.939s] -- Symlinking: /home/rosievoice/main_ws/mic_ws/src/install/prototype/local/lib/python3.10/dist-packages/prototype/prototype_s__rosidl_typesupport_introspection_c.cpython-310-aarch64-linux-gnu.so
[77.971s] -- Up-to-date symlink: /home/rosievoice/main_ws/mic_ws/src/install/prototype/local/lib/python3.10/dist-packages/prototype/prototype_s__rosidl_typesupport_fastrtps_c.cpython-310-aarch64-linux-gnu.so
[77.973s] -- Up-to-date symlink: /home/rosievoice/main_ws/mic_ws/src/install/prototype/local/lib/python3.10/dist-packages/prototype/prototype_s__rosidl_typesupport_introspection_c.cpython-310-aarch64-linux-gnu.so
[77.975s] -- Up-to-date symlink: /home/rosievoice/main_ws/mic_ws/src/install/prototype/local/lib/python3.10/dist-packages/prototype/prototype_s__rosidl_typesupport_c.cpython-310-aarch64-linux-gnu.so
[77.975s] -- Symlinking: /home/rosievoice/main_ws/mic_ws/src/install/prototype/share/prototype/action/SendCoordinates.idl
[78.008s] -- Symlinking: /home/rosievoice/main_ws/mic_ws/src/install/prototype/share/prototype/action/GoTo.idl
[78.041s] -- Symlinking: /home/rosievoice/main_ws/mic_ws/src/install/prototype/share/prototype/action/FoodMenu.idl
[78.073s] -- Symlinking: /home/rosievoice/main_ws/mic_ws/src/install/prototype/share/prototype/action/AiCamera.idl
[78.106s] -- Symlinking: /home/rosievoice/main_ws/mic_ws/src/install/prototype/share/prototype/msg/Food.idl
[78.139s] -- Symlinking: /home/rosievoice/main_ws/mic_ws/src/install/prototype/share/prototype/msg/DistanceAngle.idl
[78.172s] -- Up-to-date symlink: /home/rosievoice/main_ws/mic_ws/src/install/prototype/share/prototype/action/SendCoordinates.action
[78.173s] -- Up-to-date symlink: /home/rosievoice/main_ws/mic_ws/src/install/prototype/share/prototype/action/GoTo.action
[78.174s] -- Up-to-date symlink: /home/rosievoice/main_ws/mic_ws/src/install/prototype/share/prototype/action/FoodMenu.action
[78.175s] -- Up-to-date symlink: /home/rosievoice/main_ws/mic_ws/src/install/prototype/share/prototype/action/AiCamera.action
[78.176s] -- Up-to-date symlink: /home/rosievoice/main_ws/mic_ws/src/install/prototype/share/prototype/msg/Food.msg
[78.177s] -- Up-to-date symlink: /home/rosievoice/main_ws/mic_ws/src/install/prototype/share/prototype/msg/DistanceAngle.msg
[78.178s] -- Symlinking: /home/rosievoice/main_ws/mic_ws/src/install/prototype/share/ament_index/resource_index/package_run_dependencies/prototype
[78.211s] -- Symlinking: /home/rosievoice/main_ws/mic_ws/src/install/prototype/share/ament_index/resource_index/parent_prefix_path/prototype
[78.245s] -- Symlinking: /home/rosievoice/main_ws/mic_ws/src/install/prototype/share/prototype/environment/ament_prefix_path.sh
[78.278s] -- Symlinking: /home/rosievoice/main_ws/mic_ws/src/install/prototype/share/prototype/environment/ament_prefix_path.dsv
[78.310s] -- Symlinking: /home/rosievoice/main_ws/mic_ws/src/install/prototype/share/prototype/environment/path.sh
[78.343s] -- Symlinking: /home/rosievoice/main_ws/mic_ws/src/install/prototype/share/prototype/environment/path.dsv
[78.377s] -- Symlinking: /home/rosievoice/main_ws/mic_ws/src/install/prototype/share/prototype/local_setup.bash
[78.410s] -- Symlinking: /home/rosievoice/main_ws/mic_ws/src/install/prototype/share/prototype/local_setup.sh
[78.443s] -- Symlinking: /home/rosievoice/main_ws/mic_ws/src/install/prototype/share/prototype/local_setup.zsh
[78.476s] -- Symlinking: /home/rosievoice/main_ws/mic_ws/src/install/prototype/share/prototype/local_setup.dsv
[78.508s] -- Symlinking: /home/rosievoice/main_ws/mic_ws/src/install/prototype/share/prototype/package.dsv
[78.541s] -- Symlinking: /home/rosievoice/main_ws/mic_ws/src/install/prototype/share/ament_index/resource_index/packages/prototype
[78.576s] -- Symlinking: /home/rosievoice/main_ws/mic_ws/src/install/prototype/share/prototype/cmake/rosidl_cmake-extras.cmake
[78.609s] -- Symlinking: /home/rosievoice/main_ws/mic_ws/src/install/prototype/share/prototype/cmake/ament_cmake_export_dependencies-extras.cmake
[78.642s] -- Symlinking: /home/rosievoice/main_ws/mic_ws/src/install/prototype/share/prototype/cmake/ament_cmake_export_include_directories-extras.cmake
[78.675s] -- Symlinking: /home/rosievoice/main_ws/mic_ws/src/install/prototype/share/prototype/cmake/ament_cmake_export_libraries-extras.cmake
[78.709s] -- Symlinking: /home/rosievoice/main_ws/mic_ws/src/install/prototype/share/prototype/cmake/ament_cmake_export_targets-extras.cmake
[78.743s] -- Symlinking: /home/rosievoice/main_ws/mic_ws/src/install/prototype/share/prototype/cmake/rosidl_cmake_export_typesupport_targets-extras.cmake
[78.776s] -- Symlinking: /home/rosievoice/main_ws/mic_ws/src/install/prototype/share/prototype/cmake/rosidl_cmake_export_typesupport_libraries-extras.cmake
[78.811s] -- Symlinking: /home/rosievoice/main_ws/mic_ws/src/install/prototype/share/prototype/cmake/prototypeConfig.cmake
[78.844s] -- Symlinking: /home/rosievoice/main_ws/mic_ws/src/install/prototype/share/prototype/cmake/prototypeConfig-version.cmake
[78.875s] -- Symlinking: /home/rosievoice/main_ws/mic_ws/src/install/prototype/share/prototype/package.xml
[78.907s] -- Installing: /home/rosievoice/main_ws/mic_ws/src/install/prototype/lib/libprototype__rosidl_generator_c.so
[78.912s] -- Set runtime path of "/home/rosievoice/main_ws/mic_ws/src/install/prototype/lib/libprototype__rosidl_generator_c.so" to ""
[78.913s] -- Installing: /home/rosievoice/main_ws/mic_ws/src/install/prototype/lib/libprototype__rosidl_typesupport_fastrtps_c.so
[78.917s] -- Set runtime path of "/home/rosievoice/main_ws/mic_ws/src/install/prototype/lib/libprototype__rosidl_typesupport_fastrtps_c.so" to ""
[78.917s] -- Installing: /home/rosievoice/main_ws/mic_ws/src/install/prototype/lib/libprototype__rosidl_typesupport_fastrtps_cpp.so
[78.922s] -- Set runtime path of "/home/rosievoice/main_ws/mic_ws/src/install/prototype/lib/libprototype__rosidl_typesupport_fastrtps_cpp.so" to ""
[78.923s] -- Installing: /home/rosievoice/main_ws/mic_ws/src/install/prototype/lib/libprototype__rosidl_typesupport_introspection_c.so
[78.927s] -- Set runtime path of "/home/rosievoice/main_ws/mic_ws/src/install/prototype/lib/libprototype__rosidl_typesupport_introspection_c.so" to ""
[78.927s] -- Installing: /home/rosievoice/main_ws/mic_ws/src/install/prototype/lib/libprototype__rosidl_typesupport_c.so
[78.930s] -- Set runtime path of "/home/rosievoice/main_ws/mic_ws/src/install/prototype/lib/libprototype__rosidl_typesupport_c.so" to ""
[78.931s] -- Installing: /home/rosievoice/main_ws/mic_ws/src/install/prototype/lib/libprototype__rosidl_typesupport_introspection_cpp.so
[78.945s] -- Set runtime path of "/home/rosievoice/main_ws/mic_ws/src/install/prototype/lib/libprototype__rosidl_typesupport_introspection_cpp.so" to ""
[78.945s] -- Installing: /home/rosievoice/main_ws/mic_ws/src/install/prototype/lib/libprototype__rosidl_typesupport_cpp.so
[78.950s] -- Set runtime path of "/home/rosievoice/main_ws/mic_ws/src/install/prototype/lib/libprototype__rosidl_typesupport_cpp.so" to ""
[79.202s] Listing '/home/rosievoice/main_ws/mic_ws/src/install/prototype/local/lib/python3.10/dist-packages/prototype'...
[79.205s] Compiling '/home/rosievoice/main_ws/mic_ws/src/install/prototype/local/lib/python3.10/dist-packages/prototype/__init__.py'...
[79.206s] Listing '/home/rosievoice/main_ws/mic_ws/src/install/prototype/local/lib/python3.10/dist-packages/prototype/action'...
[79.207s] Compiling '/home/rosievoice/main_ws/mic_ws/src/install/prototype/local/lib/python3.10/dist-packages/prototype/action/__init__.py'...
[79.208s] Compiling '/home/rosievoice/main_ws/mic_ws/src/install/prototype/local/lib/python3.10/dist-packages/prototype/action/_ai_camera.py'...
[79.210s] Compiling '/home/rosievoice/main_ws/mic_ws/src/install/prototype/local/lib/python3.10/dist-packages/prototype/action/_food_menu.py'...
[79.211s] Compiling '/home/rosievoice/main_ws/mic_ws/src/install/prototype/local/lib/python3.10/dist-packages/prototype/action/_go_to.py'...
[79.213s] Compiling '/home/rosievoice/main_ws/mic_ws/src/install/prototype/local/lib/python3.10/dist-packages/prototype/action/_send_coordinates.py'...
[79.215s] Listing '/home/rosievoice/main_ws/mic_ws/src/install/prototype/local/lib/python3.10/dist-packages/prototype/msg'...
[79.216s] Compiling '/home/rosievoice/main_ws/mic_ws/src/install/prototype/local/lib/python3.10/dist-packages/prototype/msg/__init__.py'...
[79.217s] Compiling '/home/rosievoice/main_ws/mic_ws/src/install/prototype/local/lib/python3.10/dist-packages/prototype/msg/_distance_angle.py'...
[79.218s] Compiling '/home/rosievoice/main_ws/mic_ws/src/install/prototype/local/lib/python3.10/dist-packages/prototype/msg/_food.py'...
[79.232s] -- Installing: /home/rosievoice/main_ws/mic_ws/src/install/prototype/lib/libprototype__rosidl_generator_py.so
[79.235s] -- Set runtime path of "/home/rosievoice/main_ws/mic_ws/src/install/prototype/lib/libprototype__rosidl_generator_py.so" to ""
[79.236s] -- Installing: /home/rosievoice/main_ws/mic_ws/src/install/prototype/share/prototype/cmake/export_prototype__rosidl_generator_cExport.cmake
[79.237s] -- Installing: /home/rosievoice/main_ws/mic_ws/src/install/prototype/share/prototype/cmake/export_prototype__rosidl_generator_cExport-noconfig.cmake
[79.239s] -- Installing: /home/rosievoice/main_ws/mic_ws/src/install/prototype/share/prototype/cmake/export_prototype__rosidl_typesupport_fastrtps_cExport.cmake
[79.240s] -- Installing: /home/rosievoice/main_ws/mic_ws/src/install/prototype/share/prototype/cmake/export_prototype__rosidl_typesupport_fastrtps_cExport-noconfig.cmake
[79.242s] -- Installing: /home/rosievoice/main_ws/mic_ws/src/install/prototype/share/prototype/cmake/export_prototype__rosidl_generator_cppExport.cmake
[79.243s] -- Installing: /home/rosievoice/main_ws/mic_ws/src/install/prototype/share/prototype/cmake/export_prototype__rosidl_typesupport_fastrtps_cppExport.cmake
[79.245s] -- Installing: /home/rosievoice/main_ws/mic_ws/src/install/prototype/share/prototype/cmake/export_prototype__rosidl_typesupport_fastrtps_cppExport-noconfig.cmake
[79.246s] -- Installing: /home/rosievoice/main_ws/mic_ws/src/install/prototype/share/prototype/cmake/prototype__rosidl_typesupport_introspection_cExport.cmake
[79.247s] -- Installing: /home/rosievoice/main_ws/mic_ws/src/install/prototype/share/prototype/cmake/prototype__rosidl_typesupport_introspection_cExport-noconfig.cmake
[79.249s] -- Installing: /home/rosievoice/main_ws/mic_ws/src/install/prototype/share/prototype/cmake/prototype__rosidl_typesupport_cExport.cmake
[79.250s] -- Installing: /home/rosievoice/main_ws/mic_ws/src/install/prototype/share/prototype/cmake/prototype__rosidl_typesupport_cExport-noconfig.cmake
[79.251s] -- Installing: /home/rosievoice/main_ws/mic_ws/src/install/prototype/share/prototype/cmake/prototype__rosidl_typesupport_introspection_cppExport.cmake
[79.253s] -- Installing: /home/rosievoice/main_ws/mic_ws/src/install/prototype/share/prototype/cmake/prototype__rosidl_typesupport_introspection_cppExport-noconfig.cmake
[79.254s] -- Installing: /home/rosievoice/main_ws/mic_ws/src/install/prototype/share/prototype/cmake/prototype__rosidl_typesupport_cppExport.cmake
[79.256s] -- Installing: /home/rosievoice/main_ws/mic_ws/src/install/prototype/share/prototype/cmake/prototype__rosidl_typesupport_cppExport-noconfig.cmake
[79.257s] -- Installing: /home/rosievoice/main_ws/mic_ws/src/install/prototype/share/prototype/cmake/export_prototype__rosidl_generator_pyExport.cmake
[79.259s] -- Installing: /home/rosievoice/main_ws/mic_ws/src/install/prototype/share/prototype/cmake/export_prototype__rosidl_generator_pyExport-noconfig.cmake
[79.268s] Invoked command in '/home/rosievoice/main_ws/mic_ws/src/build/prototype' returned '0': CMAKE_PREFIX_PATH=${CMAKE_PREFIX_PATH}:/opt/ros/humble /usr/bin/cmake --install /home/rosievoice/main_ws/mic_ws/src/build/prototype
