[0.712s] DEBUG:colcon:Command line arguments: ['/usr/bin/colcon', 'list', '-p', '--base-paths', '/home/rosievoice/main_ws/mic_ws']
[0.713s] DEBUG:colcon:Parsed command line arguments: Namespace(log_base=None, log_level=None, verb_name='list', build_base='build', ignore_user_meta=False, metas=['./colcon.meta'], base_paths=['/home/rosievoice/main_ws/mic_ws'], packages_ignore=None, packages_ignore_regex=None, paths=None, packages_up_to=None, packages_up_to_regex=None, packages_above=None, packages_above_and_dependencies=None, packages_above_depth=None, packages_select_by_dep=None, packages_skip_by_dep=None, packages_skip_up_to=None, packages_select_build_failed=False, packages_skip_build_finished=False, packages_select_test_failures=False, packages_skip_test_passed=False, packages_select=None, packages_skip=None, packages_select_regex=None, packages_skip_regex=None, packages_start=None, packages_end=None, allow_overriding=[], topological_order=False, names_only=False, paths_only=True, topological_graph=False, topological_graph_dot=False, topological_graph_density=False, topological_graph_legend=False, topological_graph_dot_cluster=False, topological_graph_dot_include_skipped=False, mixin_files=None, mixin=None, verb_parser=<colcon_mixin.mixin.mixin_argument.MixinArgumentDecorator object at 0xffff8f78d0f0>, verb_extension=<colcon_package_information.verb.list.ListVerb object at 0xffff8f757b80>, main=<bound method ListVerb.main of <colcon_package_information.verb.list.ListVerb object at 0xffff8f757b80>>, mixin_verb=('list',))
[2.057s] Level 1:colcon.colcon_core.package_discovery:discover_packages(colcon_meta) check parameters
[2.058s] Level 1:colcon.colcon_core.package_discovery:discover_packages(recursive) check parameters
[2.058s] Level 1:colcon.colcon_core.package_discovery:discover_packages(ignore) check parameters
[2.059s] Level 1:colcon.colcon_core.package_discovery:discover_packages(path) check parameters
[2.059s] Level 1:colcon.colcon_core.package_discovery:discover_packages(recursive) discover
[2.060s] INFO:colcon.colcon_core.package_discovery:Crawling recursively for packages in '/home/rosievoice/main_ws/mic_ws'
[2.061s] Level 1:colcon.colcon_core.package_identification:_identify(/home/rosievoice/main_ws/mic_ws) by extensions ['ignore', 'ignore_ament_install']
[2.062s] Level 1:colcon.colcon_core.package_identification:_identify(/home/rosievoice/main_ws/mic_ws) by extension 'ignore'
[2.063s] Level 1:colcon.colcon_core.package_identification:_identify(/home/rosievoice/main_ws/mic_ws) by extension 'ignore_ament_install'
[2.063s] Level 1:colcon.colcon_core.package_identification:_identify(/home/rosievoice/main_ws/mic_ws) by extensions ['colcon_pkg']
[2.064s] Level 1:colcon.colcon_core.package_identification:_identify(/home/rosievoice/main_ws/mic_ws) by extension 'colcon_pkg'
[2.065s] Level 1:colcon.colcon_core.package_identification:_identify(/home/rosievoice/main_ws/mic_ws) by extensions ['colcon_meta']
[2.065s] Level 1:colcon.colcon_core.package_identification:_identify(/home/rosievoice/main_ws/mic_ws) by extension 'colcon_meta'
[2.065s] Level 1:colcon.colcon_core.package_identification:_identify(/home/rosievoice/main_ws/mic_ws) by extensions ['ros']
[2.066s] Level 1:colcon.colcon_core.package_identification:_identify(/home/rosievoice/main_ws/mic_ws) by extension 'ros'
[2.136s] Level 1:colcon.colcon_core.package_identification:_identify(/home/rosievoice/main_ws/mic_ws) by extensions ['cmake', 'python']
[2.136s] Level 1:colcon.colcon_core.package_identification:_identify(/home/rosievoice/main_ws/mic_ws) by extension 'cmake'
[2.137s] Level 1:colcon.colcon_core.package_identification:_identify(/home/rosievoice/main_ws/mic_ws) by extension 'python'
[2.138s] Level 1:colcon.colcon_core.package_identification:_identify(/home/rosievoice/main_ws/mic_ws) by extensions ['python_setup_py']
[2.138s] Level 1:colcon.colcon_core.package_identification:_identify(/home/rosievoice/main_ws/mic_ws) by extension 'python_setup_py'
[2.139s] Level 1:colcon.colcon_core.package_identification:_identify(/home/rosievoice/main_ws/mic_ws/build) by extensions ['ignore', 'ignore_ament_install']
[2.149s] Level 1:colcon.colcon_core.package_identification:_identify(/home/rosievoice/main_ws/mic_ws/build) by extension 'ignore'
[2.150s] Level 1:colcon.colcon_core.package_identification:_identify(/home/rosievoice/main_ws/mic_ws/build) ignored
[2.151s] Level 1:colcon.colcon_core.package_identification:_identify(/home/rosievoice/main_ws/mic_ws/install) by extensions ['ignore', 'ignore_ament_install']
[2.152s] Level 1:colcon.colcon_core.package_identification:_identify(/home/rosievoice/main_ws/mic_ws/install) by extension 'ignore'
[2.153s] Level 1:colcon.colcon_core.package_identification:_identify(/home/rosievoice/main_ws/mic_ws/install) ignored
[2.154s] Level 1:colcon.colcon_core.package_identification:_identify(/home/rosievoice/main_ws/mic_ws/log) by extensions ['ignore', 'ignore_ament_install']
[2.155s] Level 1:colcon.colcon_core.package_identification:_identify(/home/rosievoice/main_ws/mic_ws/log) by extension 'ignore'
[2.155s] Level 1:colcon.colcon_core.package_identification:_identify(/home/rosievoice/main_ws/mic_ws/log) ignored
[2.156s] Level 1:colcon.colcon_core.package_identification:_identify(/home/rosievoice/main_ws/mic_ws/src) by extensions ['ignore', 'ignore_ament_install']
[2.157s] Level 1:colcon.colcon_core.package_identification:_identify(/home/rosievoice/main_ws/mic_ws/src) by extension 'ignore'
[2.158s] Level 1:colcon.colcon_core.package_identification:_identify(/home/rosievoice/main_ws/mic_ws/src) by extension 'ignore_ament_install'
[2.158s] Level 1:colcon.colcon_core.package_identification:_identify(/home/rosievoice/main_ws/mic_ws/src) by extensions ['colcon_pkg']
[2.159s] Level 1:colcon.colcon_core.package_identification:_identify(/home/rosievoice/main_ws/mic_ws/src) by extension 'colcon_pkg'
[2.159s] Level 1:colcon.colcon_core.package_identification:_identify(/home/rosievoice/main_ws/mic_ws/src) by extensions ['colcon_meta']
[2.160s] Level 1:colcon.colcon_core.package_identification:_identify(/home/rosievoice/main_ws/mic_ws/src) by extension 'colcon_meta'
[2.160s] Level 1:colcon.colcon_core.package_identification:_identify(/home/rosievoice/main_ws/mic_ws/src) by extensions ['ros']
[2.161s] Level 1:colcon.colcon_core.package_identification:_identify(/home/rosievoice/main_ws/mic_ws/src) by extension 'ros'
[2.161s] Level 1:colcon.colcon_core.package_identification:_identify(/home/rosievoice/main_ws/mic_ws/src) by extensions ['cmake', 'python']
[2.162s] Level 1:colcon.colcon_core.package_identification:_identify(/home/rosievoice/main_ws/mic_ws/src) by extension 'cmake'
[2.162s] Level 1:colcon.colcon_core.package_identification:_identify(/home/rosievoice/main_ws/mic_ws/src) by extension 'python'
[2.162s] Level 1:colcon.colcon_core.package_identification:_identify(/home/rosievoice/main_ws/mic_ws/src) by extensions ['python_setup_py']
[2.163s] Level 1:colcon.colcon_core.package_identification:_identify(/home/rosievoice/main_ws/mic_ws/src) by extension 'python_setup_py'
[2.164s] Level 1:colcon.colcon_core.package_identification:_identify(/home/rosievoice/main_ws/mic_ws/src/ai_client) by extensions ['ignore', 'ignore_ament_install']
[2.165s] Level 1:colcon.colcon_core.package_identification:_identify(/home/rosievoice/main_ws/mic_ws/src/ai_client) by extension 'ignore'
[2.165s] Level 1:colcon.colcon_core.package_identification:_identify(/home/rosievoice/main_ws/mic_ws/src/ai_client) by extension 'ignore_ament_install'
[2.166s] Level 1:colcon.colcon_core.package_identification:_identify(/home/rosievoice/main_ws/mic_ws/src/ai_client) by extensions ['colcon_pkg']
[2.167s] Level 1:colcon.colcon_core.package_identification:_identify(/home/rosievoice/main_ws/mic_ws/src/ai_client) by extension 'colcon_pkg'
[2.167s] Level 1:colcon.colcon_core.package_identification:_identify(/home/rosievoice/main_ws/mic_ws/src/ai_client) by extensions ['colcon_meta']
[2.167s] Level 1:colcon.colcon_core.package_identification:_identify(/home/rosievoice/main_ws/mic_ws/src/ai_client) by extension 'colcon_meta'
[2.168s] Level 1:colcon.colcon_core.package_identification:_identify(/home/rosievoice/main_ws/mic_ws/src/ai_client) by extensions ['ros']
[2.169s] Level 1:colcon.colcon_core.package_identification:_identify(/home/rosievoice/main_ws/mic_ws/src/ai_client) by extension 'ros'
[2.182s] DEBUG:colcon.colcon_core.package_identification:Package '/home/rosievoice/main_ws/mic_ws/src/ai_client' with type 'ros.ament_cmake' and name 'ai_client'
[2.183s] Level 1:colcon.colcon_core.package_identification:_identify(/home/rosievoice/main_ws/mic_ws/src/prototype) by extensions ['ignore', 'ignore_ament_install']
[2.184s] Level 1:colcon.colcon_core.package_identification:_identify(/home/rosievoice/main_ws/mic_ws/src/prototype) by extension 'ignore'
[2.184s] Level 1:colcon.colcon_core.package_identification:_identify(/home/rosievoice/main_ws/mic_ws/src/prototype) by extension 'ignore_ament_install'
[2.185s] Level 1:colcon.colcon_core.package_identification:_identify(/home/rosievoice/main_ws/mic_ws/src/prototype) by extensions ['colcon_pkg']
[2.185s] Level 1:colcon.colcon_core.package_identification:_identify(/home/rosievoice/main_ws/mic_ws/src/prototype) by extension 'colcon_pkg'
[2.186s] Level 1:colcon.colcon_core.package_identification:_identify(/home/rosievoice/main_ws/mic_ws/src/prototype) by extensions ['colcon_meta']
[2.186s] Level 1:colcon.colcon_core.package_identification:_identify(/home/rosievoice/main_ws/mic_ws/src/prototype) by extension 'colcon_meta'
[2.187s] Level 1:colcon.colcon_core.package_identification:_identify(/home/rosievoice/main_ws/mic_ws/src/prototype) by extensions ['ros']
[2.187s] Level 1:colcon.colcon_core.package_identification:_identify(/home/rosievoice/main_ws/mic_ws/src/prototype) by extension 'ros'
[2.192s] DEBUG:colcon.colcon_core.package_identification:Package '/home/rosievoice/main_ws/mic_ws/src/prototype' with type 'ros.ament_cmake' and name 'prototype'
[2.193s] Level 1:colcon.colcon_core.package_discovery:discover_packages(recursive) using defaults
