gmake: Warning: File 'Makefile' has modification time 9214648 s in the future
gmake[1]: Warning: File 'CMakeFiles/Makefile2' has modification time 9214648 s in the future
gmake[2]: Warning: File 'CMakeFiles/ament_cmake_python_symlink_ai_client.dir/progress.make' has modification time 9214648 s in the future
gmake[2]: warning:  Clock skew detected.  Your build may be incomplete.
gmake[2]: Warning: File 'CMakeFiles/ament_cmake_python_symlink_ai_client.dir/progress.make' has modification time 9214648 s in the future
gmake[2]: warning:  Clock skew detected.  Your build may be incomplete.
Built target ament_cmake_python_symlink_ai_client
gmake[2]: Warning: File 'CMakeFiles/ament_cmake_python_build_ai_client_egg.dir/progress.make' has modification time 9214648 s in the future
gmake[2]: warning:  Clock skew detected.  Your build may be incomplete.
gmake[2]: Warning: File 'CMakeFiles/ament_cmake_python_build_ai_client_egg.dir/progress.make' has modification time 9214648 s in the future
running egg_info
writing ai_client.egg-info/PKG-INFO
writing dependency_links to ai_client.egg-info/dependency_links.txt
writing top-level names to ai_client.egg-info/top_level.txt
reading manifest file 'ai_client.egg-info/SOURCES.txt'
writing manifest file 'ai_client.egg-info/SOURCES.txt'
gmake[2]: warning:  Clock skew detected.  Your build may be incomplete.
Built target ament_cmake_python_build_ai_client_egg
gmake[1]: warning:  Clock skew detected.  Your build may be incomplete.
gmake: warning:  Clock skew detected.  Your build may be incomplete.
-- Install configuration: ""
-- Execute custom install script
-- Up-to-date symlink: /home/rosievoice/main_ws/mic_ws/install/ai_client/share/ai_client/launch/ai_client.launch.py
-- Up-to-date symlink: /home/rosievoice/main_ws/mic_ws/install/ai_client/share/ai_client/launch/navigation.launch.py
-- Up-to-date symlink: /home/rosievoice/main_ws/mic_ws/install/ai_client/share/ai_client/config/battery.xml
-- Up-to-date symlink: /home/rosievoice/main_ws/mic_ws/install/ai_client/share/ai_client/config/follow_point.xml
-- Up-to-date symlink: /home/rosievoice/main_ws/mic_ws/install/ai_client/share/ai_client/config/nav2_params.yaml
-- Up-to-date symlink: /home/rosievoice/main_ws/mic_ws/install/ai_client/share/ai_client/config/navigate_to_pose_w_replanning_and_recovery.xml
-- Up-to-date symlink: /home/rosievoice/main_ws/mic_ws/install/ai_client/share/ai_client/config/navigate_w_battery.xml
-- Up-to-date symlink: /home/rosievoice/main_ws/mic_ws/install/ai_client/share/ai_client/config/output.json
-- Up-to-date symlink: /home/rosievoice/main_ws/mic_ws/install/ai_client/share/ai_client/scripts/action_client_ai.py
-- Up-to-date symlink: /home/rosievoice/main_ws/mic_ws/install/ai_client/share/ai_client/scripts/action_server_ai.py
-- Up-to-date symlink: /home/rosievoice/main_ws/mic_ws/install/ai_client/share/ai_client/scripts/final_test.py
-- Up-to-date symlink: /home/rosievoice/main_ws/mic_ws/install/ai_client/share/ai_client/scripts/kal_.py
-- Up-to-date symlink: /home/rosievoice/main_ws/mic_ws/install/ai_client/share/ai_client/scripts/model_in/README
-- Up-to-date symlink: /home/rosievoice/main_ws/mic_ws/install/ai_client/share/ai_client/scripts/model_in/am/final.mdl
-- Up-to-date symlink: /home/rosievoice/main_ws/mic_ws/install/ai_client/share/ai_client/scripts/model_in/conf/mfcc.conf
-- Up-to-date symlink: /home/rosievoice/main_ws/mic_ws/install/ai_client/share/ai_client/scripts/model_in/conf/model.conf
-- Up-to-date symlink: /home/rosievoice/main_ws/mic_ws/install/ai_client/share/ai_client/scripts/model_in/graph/Gr.fst
-- Up-to-date symlink: /home/rosievoice/main_ws/mic_ws/install/ai_client/share/ai_client/scripts/model_in/graph/HCLr.fst
-- Up-to-date symlink: /home/rosievoice/main_ws/mic_ws/install/ai_client/share/ai_client/scripts/model_in/graph/disambig_tid.int
-- Up-to-date symlink: /home/rosievoice/main_ws/mic_ws/install/ai_client/share/ai_client/scripts/model_in/graph/phones/word_boundary.int
-- Up-to-date symlink: /home/rosievoice/main_ws/mic_ws/install/ai_client/share/ai_client/scripts/model_in/ivector/final.dubm
-- Up-to-date symlink: /home/rosievoice/main_ws/mic_ws/install/ai_client/share/ai_client/scripts/model_in/ivector/final.ie
-- Up-to-date symlink: /home/rosievoice/main_ws/mic_ws/install/ai_client/share/ai_client/scripts/model_in/ivector/final.mat
-- Up-to-date symlink: /home/rosievoice/main_ws/mic_ws/install/ai_client/share/ai_client/scripts/model_in/ivector/global_cmvn.stats
-- Up-to-date symlink: /home/rosievoice/main_ws/mic_ws/install/ai_client/share/ai_client/scripts/model_in/ivector/online_cmvn.conf
-- Up-to-date symlink: /home/rosievoice/main_ws/mic_ws/install/ai_client/share/ai_client/scripts/model_in/ivector/splice.conf
-- Up-to-date symlink: /home/rosievoice/main_ws/mic_ws/install/ai_client/share/ai_client/scripts/table_navigation.py
-- Up-to-date symlink: /home/rosievoice/main_ws/mic_ws/install/ai_client/share/ai_client/scripts/test_.py
-- Up-to-date symlink: /home/rosievoice/main_ws/mic_ws/install/ai_client/share/ai_client/scripts/vosk-model-small-en-in-0.4.zip
-- Up-to-date symlink: /home/rosievoice/main_ws/mic_ws/install/ai_client/share/ai_client/ai_client/__init__.py
-- Up-to-date symlink: /home/rosievoice/main_ws/mic_ws/install/ai_client/share/ai_client/ai_client/robot_navigator.py
-- Up-to-date symlink: /home/rosievoice/main_ws/mic_ws/install/ai_client/share/ai_client/environment/pythonpath.sh
-- Up-to-date symlink: /home/rosievoice/main_ws/mic_ws/install/ai_client/share/ai_client/environment/pythonpath.dsv
-- Up-to-date symlink: /home/rosievoice/main_ws/mic_ws/install/ai_client/local/lib/python3.10/dist-packages/ai_client-0.0.0-py3.10.egg-info/PKG-INFO
-- Up-to-date symlink: /home/rosievoice/main_ws/mic_ws/install/ai_client/local/lib/python3.10/dist-packages/ai_client-0.0.0-py3.10.egg-info/SOURCES.txt
-- Up-to-date symlink: /home/rosievoice/main_ws/mic_ws/install/ai_client/local/lib/python3.10/dist-packages/ai_client-0.0.0-py3.10.egg-info/dependency_links.txt
-- Up-to-date symlink: /home/rosievoice/main_ws/mic_ws/install/ai_client/local/lib/python3.10/dist-packages/ai_client-0.0.0-py3.10.egg-info/top_level.txt
-- Up-to-date symlink: /home/rosievoice/main_ws/mic_ws/install/ai_client/local/lib/python3.10/dist-packages/ai_client/__init__.py
-- Up-to-date symlink: /home/rosievoice/main_ws/mic_ws/install/ai_client/local/lib/python3.10/dist-packages/ai_client/robot_navigator.py
-- Up-to-date symlink: /home/rosievoice/main_ws/mic_ws/install/ai_client/lib/ai_client/action_client_ai.py
-- Up-to-date symlink: /home/rosievoice/main_ws/mic_ws/install/ai_client/share/ament_index/resource_index/package_run_dependencies/ai_client
-- Up-to-date symlink: /home/rosievoice/main_ws/mic_ws/install/ai_client/share/ament_index/resource_index/parent_prefix_path/ai_client
-- Up-to-date symlink: /home/rosievoice/main_ws/mic_ws/install/ai_client/share/ai_client/environment/ament_prefix_path.sh
-- Up-to-date symlink: /home/rosievoice/main_ws/mic_ws/install/ai_client/share/ai_client/environment/ament_prefix_path.dsv
-- Up-to-date symlink: /home/rosievoice/main_ws/mic_ws/install/ai_client/share/ai_client/environment/path.sh
-- Up-to-date symlink: /home/rosievoice/main_ws/mic_ws/install/ai_client/share/ai_client/environment/path.dsv
-- Up-to-date symlink: /home/rosievoice/main_ws/mic_ws/install/ai_client/share/ai_client/local_setup.bash
-- Up-to-date symlink: /home/rosievoice/main_ws/mic_ws/install/ai_client/share/ai_client/local_setup.sh
-- Up-to-date symlink: /home/rosievoice/main_ws/mic_ws/install/ai_client/share/ai_client/local_setup.zsh
-- Up-to-date symlink: /home/rosievoice/main_ws/mic_ws/install/ai_client/share/ai_client/local_setup.dsv
-- Symlinking: /home/rosievoice/main_ws/mic_ws/install/ai_client/share/ai_client/package.dsv
-- Up-to-date symlink: /home/rosievoice/main_ws/mic_ws/install/ai_client/share/ament_index/resource_index/packages/ai_client
-- Up-to-date symlink: /home/rosievoice/main_ws/mic_ws/install/ai_client/share/ai_client/cmake/ai_clientConfig.cmake
-- Up-to-date symlink: /home/rosievoice/main_ws/mic_ws/install/ai_client/share/ai_client/cmake/ai_clientConfig-version.cmake
-- Up-to-date symlink: /home/rosievoice/main_ws/mic_ws/install/ai_client/share/ai_client/package.xml
Listing '/home/rosievoice/main_ws/mic_ws/install/ai_client/local/lib/python3.10/dist-packages/ai_client'...
