[0.078s] Invoking command in '/home/rosievoice/main_ws/mic_ws/build/ai_client': CMAKE_PREFIX_PATH=/opt/ros/humble /usr/bin/cmake --build /home/rosievoice/main_ws/mic_ws/build/ai_client -- -j4 -l4
[0.300s] gmake: Warning: File 'Makefile' has modification time 9214648 s in the future
[0.533s] gmake[1]: Warning: File 'CMakeFiles/Makefile2' has modification time 9214648 s in the future
[0.541s] gmake[2]: Warning: File 'CMakeFiles/ament_cmake_python_symlink_ai_client.dir/progress.make' has modification time 9214648 s in the future
[0.588s] gmake[2]: warning:  Clock skew detected.  Your build may be incomplete.
[0.598s] gmake[2]: Warning: File 'CMakeFiles/ament_cmake_python_symlink_ai_client.dir/progress.make' has modification time 9214648 s in the future
[0.630s] gmake[2]: warning:  Clock skew detected.  Your build may be incomplete.
[0.662s] Built target ament_cmake_python_symlink_ai_client
[0.684s] gmake[2]: Warning: File 'CMakeFiles/ament_cmake_python_build_ai_client_egg.dir/progress.make' has modification time 9214648 s in the future
[0.726s] gmake[2]: warning:  Clock skew detected.  Your build may be incomplete.
[0.732s] gmake[2]: Warning: File 'CMakeFiles/ament_cmake_python_build_ai_client_egg.dir/progress.make' has modification time 9214648 s in the future
[2.008s] running egg_info
[2.009s] writing ai_client.egg-info/PKG-INFO
[2.010s] writing dependency_links to ai_client.egg-info/dependency_links.txt
[2.011s] writing top-level names to ai_client.egg-info/top_level.txt
[2.045s] reading manifest file 'ai_client.egg-info/SOURCES.txt'
[2.062s] writing manifest file 'ai_client.egg-info/SOURCES.txt'
[2.210s] gmake[2]: warning:  Clock skew detected.  Your build may be incomplete.
[2.249s] Built target ament_cmake_python_build_ai_client_egg
[2.252s] gmake[1]: warning:  Clock skew detected.  Your build may be incomplete.
[2.280s] gmake: warning:  Clock skew detected.  Your build may be incomplete.
[2.287s] Invoked command in '/home/rosievoice/main_ws/mic_ws/build/ai_client' returned '0': CMAKE_PREFIX_PATH=/opt/ros/humble /usr/bin/cmake --build /home/rosievoice/main_ws/mic_ws/build/ai_client -- -j4 -l4
[2.428s] Invoking command in '/home/rosievoice/main_ws/mic_ws/build/ai_client': CMAKE_PREFIX_PATH=/opt/ros/humble /usr/bin/cmake --install /home/rosievoice/main_ws/mic_ws/build/ai_client
[2.456s] -- Install configuration: ""
[2.462s] -- Execute custom install script
[2.472s] -- Up-to-date symlink: /home/rosievoice/main_ws/mic_ws/install/ai_client/share/ai_client/launch/ai_client.launch.py
[2.474s] -- Up-to-date symlink: /home/rosievoice/main_ws/mic_ws/install/ai_client/share/ai_client/launch/navigation.launch.py
[2.478s] -- Up-to-date symlink: /home/rosievoice/main_ws/mic_ws/install/ai_client/share/ai_client/config/battery.xml
[2.479s] -- Up-to-date symlink: /home/rosievoice/main_ws/mic_ws/install/ai_client/share/ai_client/config/follow_point.xml
[2.481s] -- Up-to-date symlink: /home/rosievoice/main_ws/mic_ws/install/ai_client/share/ai_client/config/nav2_params.yaml
[2.482s] -- Up-to-date symlink: /home/rosievoice/main_ws/mic_ws/install/ai_client/share/ai_client/config/navigate_to_pose_w_replanning_and_recovery.xml
[2.484s] -- Up-to-date symlink: /home/rosievoice/main_ws/mic_ws/install/ai_client/share/ai_client/config/navigate_w_battery.xml
[2.486s] -- Up-to-date symlink: /home/rosievoice/main_ws/mic_ws/install/ai_client/share/ai_client/config/output.json
[2.494s] -- Up-to-date symlink: /home/rosievoice/main_ws/mic_ws/install/ai_client/share/ai_client/scripts/action_client_ai.py
[2.496s] -- Up-to-date symlink: /home/rosievoice/main_ws/mic_ws/install/ai_client/share/ai_client/scripts/action_server_ai.py
[2.498s] -- Up-to-date symlink: /home/rosievoice/main_ws/mic_ws/install/ai_client/share/ai_client/scripts/final_test.py
[2.499s] -- Up-to-date symlink: /home/rosievoice/main_ws/mic_ws/install/ai_client/share/ai_client/scripts/kal_.py
[2.501s] -- Up-to-date symlink: /home/rosievoice/main_ws/mic_ws/install/ai_client/share/ai_client/scripts/model_in/README
[2.503s] -- Up-to-date symlink: /home/rosievoice/main_ws/mic_ws/install/ai_client/share/ai_client/scripts/model_in/am/final.mdl
[2.505s] -- Up-to-date symlink: /home/rosievoice/main_ws/mic_ws/install/ai_client/share/ai_client/scripts/model_in/conf/mfcc.conf
[2.507s] -- Up-to-date symlink: /home/rosievoice/main_ws/mic_ws/install/ai_client/share/ai_client/scripts/model_in/conf/model.conf
[2.509s] -- Up-to-date symlink: /home/rosievoice/main_ws/mic_ws/install/ai_client/share/ai_client/scripts/model_in/graph/Gr.fst
[2.511s] -- Up-to-date symlink: /home/rosievoice/main_ws/mic_ws/install/ai_client/share/ai_client/scripts/model_in/graph/HCLr.fst
[2.512s] -- Up-to-date symlink: /home/rosievoice/main_ws/mic_ws/install/ai_client/share/ai_client/scripts/model_in/graph/disambig_tid.int
[2.514s] -- Up-to-date symlink: /home/rosievoice/main_ws/mic_ws/install/ai_client/share/ai_client/scripts/model_in/graph/phones/word_boundary.int
[2.516s] -- Up-to-date symlink: /home/rosievoice/main_ws/mic_ws/install/ai_client/share/ai_client/scripts/model_in/ivector/final.dubm
[2.518s] -- Up-to-date symlink: /home/rosievoice/main_ws/mic_ws/install/ai_client/share/ai_client/scripts/model_in/ivector/final.ie
[2.520s] -- Up-to-date symlink: /home/rosievoice/main_ws/mic_ws/install/ai_client/share/ai_client/scripts/model_in/ivector/final.mat
[2.521s] -- Up-to-date symlink: /home/rosievoice/main_ws/mic_ws/install/ai_client/share/ai_client/scripts/model_in/ivector/global_cmvn.stats
[2.522s] -- Up-to-date symlink: /home/rosievoice/main_ws/mic_ws/install/ai_client/share/ai_client/scripts/model_in/ivector/online_cmvn.conf
[2.524s] -- Up-to-date symlink: /home/rosievoice/main_ws/mic_ws/install/ai_client/share/ai_client/scripts/model_in/ivector/splice.conf
[2.526s] -- Up-to-date symlink: /home/rosievoice/main_ws/mic_ws/install/ai_client/share/ai_client/scripts/table_navigation.py
[2.527s] -- Up-to-date symlink: /home/rosievoice/main_ws/mic_ws/install/ai_client/share/ai_client/scripts/test_.py
[2.529s] -- Up-to-date symlink: /home/rosievoice/main_ws/mic_ws/install/ai_client/share/ai_client/scripts/vosk-model-small-en-in-0.4.zip
[2.532s] -- Up-to-date symlink: /home/rosievoice/main_ws/mic_ws/install/ai_client/share/ai_client/ai_client/__init__.py
[2.533s] -- Up-to-date symlink: /home/rosievoice/main_ws/mic_ws/install/ai_client/share/ai_client/ai_client/robot_navigator.py
[2.535s] -- Up-to-date symlink: /home/rosievoice/main_ws/mic_ws/install/ai_client/share/ai_client/environment/pythonpath.sh
[2.537s] -- Up-to-date symlink: /home/rosievoice/main_ws/mic_ws/install/ai_client/share/ai_client/environment/pythonpath.dsv
[2.542s] -- Up-to-date symlink: /home/rosievoice/main_ws/mic_ws/install/ai_client/local/lib/python3.10/dist-packages/ai_client-0.0.0-py3.10.egg-info/PKG-INFO
[2.544s] -- Up-to-date symlink: /home/rosievoice/main_ws/mic_ws/install/ai_client/local/lib/python3.10/dist-packages/ai_client-0.0.0-py3.10.egg-info/SOURCES.txt
[2.545s] -- Up-to-date symlink: /home/rosievoice/main_ws/mic_ws/install/ai_client/local/lib/python3.10/dist-packages/ai_client-0.0.0-py3.10.egg-info/dependency_links.txt
[2.547s] -- Up-to-date symlink: /home/rosievoice/main_ws/mic_ws/install/ai_client/local/lib/python3.10/dist-packages/ai_client-0.0.0-py3.10.egg-info/top_level.txt
[2.551s] -- Up-to-date symlink: /home/rosievoice/main_ws/mic_ws/install/ai_client/local/lib/python3.10/dist-packages/ai_client/__init__.py
[2.553s] -- Up-to-date symlink: /home/rosievoice/main_ws/mic_ws/install/ai_client/local/lib/python3.10/dist-packages/ai_client/robot_navigator.py
[2.555s] -- Up-to-date symlink: /home/rosievoice/main_ws/mic_ws/install/ai_client/lib/ai_client/action_client_ai.py
[2.559s] -- Up-to-date symlink: /home/rosievoice/main_ws/mic_ws/install/ai_client/share/ament_index/resource_index/package_run_dependencies/ai_client
[2.562s] -- Up-to-date symlink: /home/rosievoice/main_ws/mic_ws/install/ai_client/share/ament_index/resource_index/parent_prefix_path/ai_client
[2.564s] -- Up-to-date symlink: /home/rosievoice/main_ws/mic_ws/install/ai_client/share/ai_client/environment/ament_prefix_path.sh
[2.565s] -- Up-to-date symlink: /home/rosievoice/main_ws/mic_ws/install/ai_client/share/ai_client/environment/ament_prefix_path.dsv
[2.567s] -- Up-to-date symlink: /home/rosievoice/main_ws/mic_ws/install/ai_client/share/ai_client/environment/path.sh
[2.569s] -- Up-to-date symlink: /home/rosievoice/main_ws/mic_ws/install/ai_client/share/ai_client/environment/path.dsv
[2.571s] -- Up-to-date symlink: /home/rosievoice/main_ws/mic_ws/install/ai_client/share/ai_client/local_setup.bash
[2.573s] -- Up-to-date symlink: /home/rosievoice/main_ws/mic_ws/install/ai_client/share/ai_client/local_setup.sh
[2.575s] -- Up-to-date symlink: /home/rosievoice/main_ws/mic_ws/install/ai_client/share/ai_client/local_setup.zsh
[2.576s] -- Up-to-date symlink: /home/rosievoice/main_ws/mic_ws/install/ai_client/share/ai_client/local_setup.dsv
[2.577s] -- Symlinking: /home/rosievoice/main_ws/mic_ws/install/ai_client/share/ai_client/package.dsv
[2.612s] -- Up-to-date symlink: /home/rosievoice/main_ws/mic_ws/install/ai_client/share/ament_index/resource_index/packages/ai_client
[2.614s] -- Up-to-date symlink: /home/rosievoice/main_ws/mic_ws/install/ai_client/share/ai_client/cmake/ai_clientConfig.cmake
[2.616s] -- Up-to-date symlink: /home/rosievoice/main_ws/mic_ws/install/ai_client/share/ai_client/cmake/ai_clientConfig-version.cmake
[2.617s] -- Up-to-date symlink: /home/rosievoice/main_ws/mic_ws/install/ai_client/share/ai_client/package.xml
[2.769s] Listing '/home/rosievoice/main_ws/mic_ws/install/ai_client/local/lib/python3.10/dist-packages/ai_client'...
[2.799s] Invoked command in '/home/rosievoice/main_ws/mic_ws/build/ai_client' returned '0': CMAKE_PREFIX_PATH=/opt/ros/humble /usr/bin/cmake --install /home/rosievoice/main_ws/mic_ws/build/ai_client
