[  1%] Built target prototype__cpp
[ 12%] Built target prototype__rosidl_generator_c
[ 12%] Built target ament_cmake_python_symlink_prototype
[ 23%] Built target prototype__rosidl_typesupport_cpp
[ 35%] Built target prototype__rosidl_typesupport_fastrtps_cpp
[ 46%] Built target prototype__rosidl_typesupport_introspection_cpp
[ 57%] Built target prototype__rosidl_typesupport_fastrtps_c
[ 69%] Built target prototype__rosidl_typesupport_introspection_c
[ 80%] Built target prototype__rosidl_typesupport_c
[ 80%] Built target prototype
[ 81%] Built target prototype__py
[ 91%] Built target prototype__rosidl_generator_py
[ 94%] Built target prototype__rosidl_typesupport_fastrtps_c__pyext
[ 97%] Built target prototype__rosidl_typesupport_c__pyext
[100%] Built target prototype__rosidl_typesupport_introspection_c__pyext
running egg_info
writing prototype.egg-info/PKG-INFO
writing dependency_links to prototype.egg-info/dependency_links.txt
writing top-level names to prototype.egg-info/top_level.txt
reading manifest file 'prototype.egg-info/SOURCES.txt'
writing manifest file 'prototype.egg-info/SOURCES.txt'
[100%] Built target ament_cmake_python_build_prototype_egg
-- Install configuration: ""
-- Execute custom install script
-- Up-to-date symlink: /home/rosievoice/main_ws/mic_ws/install/prototype/share/prototype//config/camera.yaml
-- Up-to-date symlink: /home/rosievoice/main_ws/mic_ws/install/prototype/share/prototype//config/ekf.yaml
-- Up-to-date symlink: /home/rosievoice/main_ws/mic_ws/install/prototype/share/prototype//config/ekf_map.yaml
-- Up-to-date symlink: /home/rosievoice/main_ws/mic_ws/install/prototype/share/prototype//config/joystick.yaml
-- Up-to-date symlink: /home/rosievoice/main_ws/mic_ws/install/prototype/share/prototype//config/motor_control.yaml
-- Up-to-date symlink: /home/rosievoice/main_ws/mic_ws/install/prototype/share/prototype//config/nn/mobilenet.json
-- Up-to-date symlink: /home/rosievoice/main_ws/mic_ws/install/prototype/share/prototype//config/nn/segmentation.json
-- Up-to-date symlink: /home/rosievoice/main_ws/mic_ws/install/prototype/share/prototype//config/nn/yolo.json
-- Up-to-date symlink: /home/rosievoice/main_ws/mic_ws/install/prototype/share/prototype//config/rgbd.yaml
-- Up-to-date symlink: /home/rosievoice/main_ws/mic_ws/install/prototype/share/prototype//config/spatial_bb.yaml
-- Up-to-date symlink: /home/rosievoice/main_ws/mic_ws/install/prototype/share/prototype//config/twist_mux.yaml
-- Up-to-date symlink: /home/rosievoice/main_ws/mic_ws/install/prototype/share/prototype//launch/battery_state.launch.py
-- Up-to-date symlink: /home/rosievoice/main_ws/mic_ws/install/prototype/share/prototype//launch/camera.launch.py
-- Up-to-date symlink: /home/rosievoice/main_ws/mic_ws/install/prototype/share/prototype//launch/camera_local.launch.py
-- Up-to-date symlink: /home/rosievoice/main_ws/mic_ws/install/prototype/share/prototype//launch/camera_uncompressed_launch.py
-- Up-to-date symlink: /home/rosievoice/main_ws/mic_ws/install/prototype/share/prototype//launch/gui.launch.py
-- Up-to-date symlink: /home/rosievoice/main_ws/mic_ws/install/prototype/share/prototype//launch/hand_gesture.launch.py
-- Up-to-date symlink: /home/rosievoice/main_ws/mic_ws/install/prototype/share/prototype//launch/image_pro.py
-- Up-to-date symlink: /home/rosievoice/main_ws/mic_ws/install/prototype/share/prototype//launch/imu_launch.py
-- Up-to-date symlink: /home/rosievoice/main_ws/mic_ws/install/prototype/share/prototype//launch/joystick.launch.py
-- Up-to-date symlink: /home/rosievoice/main_ws/mic_ws/install/prototype/share/prototype//launch/laser_launch.py
-- Up-to-date symlink: /home/rosievoice/main_ws/mic_ws/install/prototype/share/prototype//launch/localization_launch.py
-- Up-to-date symlink: /home/rosievoice/main_ws/mic_ws/install/prototype/share/prototype//launch/main_launch.py
-- Up-to-date symlink: /home/rosievoice/main_ws/mic_ws/install/prototype/share/prototype//launch/motor_launch.py
-- Up-to-date symlink: /home/rosievoice/main_ws/mic_ws/install/prototype/share/prototype//launch/navigation.launch.py
-- Up-to-date symlink: /home/rosievoice/main_ws/mic_ws/install/prototype/share/prototype//launch/no_com_camera.launch.py
-- Up-to-date symlink: /home/rosievoice/main_ws/mic_ws/install/prototype/share/prototype//launch/rgbd_pcl.launch.py
-- Up-to-date symlink: /home/rosievoice/main_ws/mic_ws/install/prototype/share/prototype//launch/robot_localization_launch.py
-- Up-to-date symlink: /home/rosievoice/main_ws/mic_ws/install/prototype/share/prototype//launch/robotmodel.launch.py
-- Up-to-date symlink: /home/rosievoice/main_ws/mic_ws/install/prototype/share/prototype//launch/rtab_odom.launch.py
-- Up-to-date symlink: /home/rosievoice/main_ws/mic_ws/install/prototype/share/prototype//launch/rtabmap.launch.py
-- Up-to-date symlink: /home/rosievoice/main_ws/mic_ws/install/prototype/share/prototype//launch/rviz2_launch.py
-- Up-to-date symlink: /home/rosievoice/main_ws/mic_ws/install/prototype/share/prototype//launch/sensors_launch.py
-- Up-to-date symlink: /home/rosievoice/main_ws/mic_ws/install/prototype/share/prototype//launch/spatial_bb.launch.py
-- Up-to-date symlink: /home/rosievoice/main_ws/mic_ws/install/prototype/share/prototype//launch/spawn.launch.xml
-- Up-to-date symlink: /home/rosievoice/main_ws/mic_ws/install/prototype/share/prototype//launch/spawn_pos.launch.py
-- Up-to-date symlink: /home/rosievoice/main_ws/mic_ws/install/prototype/share/prototype//launch/stereo.launch.py
-- Up-to-date symlink: /home/rosievoice/main_ws/mic_ws/install/prototype/share/prototype//action/AiCamera.action
-- Up-to-date symlink: /home/rosievoice/main_ws/mic_ws/install/prototype/share/prototype//action/FoodMenu.action
-- Up-to-date symlink: /home/rosievoice/main_ws/mic_ws/install/prototype/share/prototype//action/GoTo.action
-- Up-to-date symlink: /home/rosievoice/main_ws/mic_ws/install/prototype/share/prototype//action/SendCoordinates.action
-- Up-to-date symlink: /home/rosievoice/main_ws/mic_ws/install/prototype/share/prototype//worlds/empty_world.world
-- Up-to-date symlink: /home/rosievoice/main_ws/mic_ws/install/prototype/share/prototype//models/box_room/meshes/box_room.dae
-- Up-to-date symlink: /home/rosievoice/main_ws/mic_ws/install/prototype/share/prototype//models/box_room/meshes/chambre.png
-- Up-to-date symlink: /home/rosievoice/main_ws/mic_ws/install/prototype/share/prototype//models/model.config
-- Up-to-date symlink: /home/rosievoice/main_ws/mic_ws/install/prototype/share/prototype//models/model.sdf
-- Up-to-date symlink: /home/rosievoice/main_ws/mic_ws/install/prototype/share/prototype//urdf/camera.xacro
-- Up-to-date symlink: /home/rosievoice/main_ws/mic_ws/install/prototype/share/prototype//urdf/hardware_interface.xacro
-- Up-to-date symlink: /home/rosievoice/main_ws/mic_ws/install/prototype/share/prototype//urdf/joint_macros.xacro
-- Up-to-date symlink: /home/rosievoice/main_ws/mic_ws/install/prototype/share/prototype//urdf/lidar.xacro
-- Up-to-date symlink: /home/rosievoice/main_ws/mic_ws/install/prototype/share/prototype//urdf/link_macros.xacro
-- Up-to-date symlink: /home/rosievoice/main_ws/mic_ws/install/prototype/share/prototype//urdf/prototype.xacro
-- Up-to-date symlink: /home/rosievoice/main_ws/mic_ws/install/prototype/share/prototype//urdf/wheel.xacro
-- Up-to-date symlink: /home/rosievoice/main_ws/mic_ws/install/prototype/share/prototype//sambot/camera.xacro
-- Up-to-date symlink: /home/rosievoice/main_ws/mic_ws/install/prototype/share/prototype//sambot/hardware_interface.xacro
-- Up-to-date symlink: /home/rosievoice/main_ws/mic_ws/install/prototype/share/prototype//sambot/joint_macros.xacro
-- Up-to-date symlink: /home/rosievoice/main_ws/mic_ws/install/prototype/share/prototype//sambot/lidar.xacro
-- Up-to-date symlink: /home/rosievoice/main_ws/mic_ws/install/prototype/share/prototype//sambot/link_macros.xacro
-- Up-to-date symlink: /home/rosievoice/main_ws/mic_ws/install/prototype/share/prototype//sambot/prototype.xacro
-- Up-to-date symlink: /home/rosievoice/main_ws/mic_ws/install/prototype/share/prototype//sambot/wheel.xacro
-- Up-to-date symlink: /home/rosievoice/main_ws/mic_ws/install/prototype/share/prototype//meshes/Dazzling.stl
-- Up-to-date symlink: /home/rosievoice/main_ws/mic_ws/install/prototype/share/prototype//meshes/Dbrakes2K.png
-- Up-to-date symlink: /home/rosievoice/main_ws/mic_ws/install/prototype/share/prototype//meshes/Dreaotherothertex2K.png
-- Up-to-date symlink: /home/rosievoice/main_ws/mic_ws/install/prototype/share/prototype//meshes/Dtire_rim_detail2Ktex.png
-- Up-to-date symlink: /home/rosievoice/main_ws/mic_ws/install/prototype/share/prototype//meshes/Material Base Color.png
-- Up-to-date symlink: /home/rosievoice/main_ws/mic_ws/install/prototype/share/prototype//meshes/Material.005 Base Color.png
-- Up-to-date symlink: /home/rosievoice/main_ws/mic_ws/install/prototype/share/prototype//meshes/Prototype_mesh(1).stl
-- Up-to-date symlink: /home/rosievoice/main_ws/mic_ws/install/prototype/share/prototype//meshes/Prototype_mesh(3).stl
-- Up-to-date symlink: /home/rosievoice/main_ws/mic_ws/install/prototype/share/prototype//meshes/Prototype_mesh.stl
-- Up-to-date symlink: /home/rosievoice/main_ws/mic_ws/install/prototype/share/prototype//meshes/Wheels.dae
-- Up-to-date symlink: /home/rosievoice/main_ws/mic_ws/install/prototype/share/prototype//meshes/blender_mesh.stl
-- Up-to-date symlink: /home/rosievoice/main_ws/mic_ws/install/prototype/share/prototype//meshes/crane base.png
-- Up-to-date symlink: /home/rosievoice/main_ws/mic_ws/install/prototype/share/prototype//meshes/crane stand.001.png
-- Up-to-date symlink: /home/rosievoice/main_ws/mic_ws/install/prototype/share/prototype//meshes/crane.blend
-- Up-to-date symlink: /home/rosievoice/main_ws/mic_ws/install/prototype/share/prototype//meshes/crane.blend1
-- Up-to-date symlink: /home/rosievoice/main_ws/mic_ws/install/prototype/share/prototype//meshes/crane.dae
-- Up-to-date symlink: /home/rosievoice/main_ws/mic_ws/install/prototype/share/prototype//meshes/crane_base.png
-- Up-to-date symlink: /home/rosievoice/main_ws/mic_ws/install/prototype/share/prototype//meshes/crane_stand.png
-- Up-to-date symlink: /home/rosievoice/main_ws/mic_ws/install/prototype/share/prototype//meshes/cute_cube.blend
-- Up-to-date symlink: /home/rosievoice/main_ws/mic_ws/install/prototype/share/prototype//meshes/cute_cube.dae
-- Up-to-date symlink: /home/rosievoice/main_ws/mic_ws/install/prototype/share/prototype//meshes/first wheel.blend
-- Up-to-date symlink: /home/rosievoice/main_ws/mic_ws/install/prototype/share/prototype//meshes/gear color.png
-- Up-to-date symlink: /home/rosievoice/main_ws/mic_ws/install/prototype/share/prototype//meshes/lambert3_baseColor.png
-- Up-to-date symlink: /home/rosievoice/main_ws/mic_ws/install/prototype/share/prototype//meshes/motor .png
-- Up-to-date symlink: /home/rosievoice/main_ws/mic_ws/install/prototype/share/prototype//meshes/prototype.blend
-- Up-to-date symlink: /home/rosievoice/main_ws/mic_ws/install/prototype/share/prototype//meshes/prototype.dae
-- Up-to-date symlink: /home/rosievoice/main_ws/mic_ws/install/prototype/share/prototype//meshes/sensors/realsense.dae
-- Up-to-date symlink: /home/rosievoice/main_ws/mic_ws/install/prototype/share/prototype//meshes/sensors/rplidar.dae
-- Up-to-date symlink: /home/rosievoice/main_ws/mic_ws/install/prototype/share/prototype//meshes/sensors/rplidartexture.png
-- Up-to-date symlink: /home/rosievoice/main_ws/mic_ws/install/prototype/share/prototype//meshes/textures/lambert3_baseColor.png
-- Up-to-date symlink: /home/rosievoice/main_ws/mic_ws/install/prototype/share/prototype//meshes/tinker.stl
-- Up-to-date symlink: /home/rosievoice/main_ws/mic_ws/install/prototype/share/prototype//meshes/tire_rubber_2K_NRM.png
-- Up-to-date symlink: /home/rosievoice/main_ws/mic_ws/install/prototype/share/prototype//meshes/tires/obj.mtl
-- Up-to-date symlink: /home/rosievoice/main_ws/mic_ws/install/prototype/share/prototype//meshes/tires/tinker.obj
-- Up-to-date symlink: /home/rosievoice/main_ws/mic_ws/install/prototype/share/prototype//scripts/__init__.py
-- Up-to-date symlink: /home/rosievoice/main_ws/mic_ws/install/prototype/share/prototype//scripts/__pycache__/gesture_recognition.cpython-310.pyc
-- Up-to-date symlink: /home/rosievoice/main_ws/mic_ws/install/prototype/share/prototype//scripts/__pycache__/robot_navigator.cpython-310.pyc
-- Up-to-date symlink: /home/rosievoice/main_ws/mic_ws/install/prototype/share/prototype//scripts/action_client.py
-- Up-to-date symlink: /home/rosievoice/main_ws/mic_ws/install/prototype/share/prototype//scripts/action_server.py
-- Up-to-date symlink: /home/rosievoice/main_ws/mic_ws/install/prototype/share/prototype//scripts/battery.py
-- Up-to-date symlink: /home/rosievoice/main_ws/mic_ws/install/prototype/share/prototype//scripts/battery_boot.py
-- Up-to-date symlink: /home/rosievoice/main_ws/mic_ws/install/prototype/share/prototype//scripts/battery_test.py
-- Up-to-date symlink: /home/rosievoice/main_ws/mic_ws/install/prototype/share/prototype//scripts/behaviours.py
-- Up-to-date symlink: /home/rosievoice/main_ws/mic_ws/install/prototype/share/prototype//scripts/cvfpscalc.py
-- Up-to-date symlink: /home/rosievoice/main_ws/mic_ws/install/prototype/share/prototype//scripts/data_gathering.py
-- Up-to-date symlink: /home/rosievoice/main_ws/mic_ws/install/prototype/share/prototype//scripts/face.py
-- Up-to-date symlink: /home/rosievoice/main_ws/mic_ws/install/prototype/share/prototype//scripts/gesture_recognition.py
-- Up-to-date symlink: /home/rosievoice/main_ws/mic_ws/install/prototype/share/prototype//scripts/goal.py
-- Up-to-date symlink: /home/rosievoice/main_ws/mic_ws/install/prototype/share/prototype//scripts/hand.py
-- Up-to-date symlink: /home/rosievoice/main_ws/mic_ws/install/prototype/share/prototype//scripts/hand_sign_recognition.py
-- Up-to-date symlink: /home/rosievoice/main_ws/mic_ws/install/prototype/share/prototype//scripts/map.py
-- Up-to-date symlink: /home/rosievoice/main_ws/mic_ws/install/prototype/share/prototype//scripts/map_object.py
-- Up-to-date symlink: /home/rosievoice/main_ws/mic_ws/install/prototype/share/prototype//scripts/move_laser.py
-- Up-to-date symlink: /home/rosievoice/main_ws/mic_ws/install/prototype/share/prototype//scripts/move_shaft.py
-- Up-to-date symlink: /home/rosievoice/main_ws/mic_ws/install/prototype/share/prototype//scripts/object_broadcast.py
-- Up-to-date symlink: /home/rosievoice/main_ws/mic_ws/install/prototype/share/prototype//scripts/odom_base.py
-- Up-to-date symlink: /home/rosievoice/main_ws/mic_ws/install/prototype/share/prototype//scripts/py_tree_server.py
-- Up-to-date symlink: /home/rosievoice/main_ws/mic_ws/install/prototype/share/prototype//scripts/robot_navigator.py
-- Up-to-date symlink: /home/rosievoice/main_ws/mic_ws/install/prototype/share/prototype//scripts/robotmodel.py
-- Up-to-date symlink: /home/rosievoice/main_ws/mic_ws/install/prototype/share/prototype//scripts/service_velocity.py
-- Up-to-date symlink: /home/rosievoice/main_ws/mic_ws/install/prototype/share/prototype//scripts/spatial.py
-- Up-to-date symlink: /home/rosievoice/main_ws/mic_ws/install/prototype/share/prototype//scripts/string_sub.py
-- Up-to-date symlink: /home/rosievoice/main_ws/mic_ws/install/prototype/share/prototype//scripts/test.py
-- Up-to-date symlink: /home/rosievoice/main_ws/mic_ws/install/prototype/share/prototype//scripts/tf.py
-- Up-to-date symlink: /home/rosievoice/main_ws/mic_ws/install/prototype/share/prototype//scripts/waiter.dot
-- Up-to-date symlink: /home/rosievoice/main_ws/mic_ws/install/prototype/share/prototype//scripts/waiter.png
-- Up-to-date symlink: /home/rosievoice/main_ws/mic_ws/install/prototype/share/prototype//scripts/waiter.svg
-- Up-to-date symlink: /home/rosievoice/main_ws/mic_ws/install/prototype/share/prototype//rviz/localizer_rviz_config.rviz
-- Up-to-date symlink: /home/rosievoice/main_ws/mic_ws/install/prototype/share/prototype//msg/DistanceAngle.msg
-- Up-to-date symlink: /home/rosievoice/main_ws/mic_ws/install/prototype/share/prototype//msg/Food.msg
-- Up-to-date symlink: /home/rosievoice/main_ws/mic_ws/install/prototype/lib/prototype/move_laser.py
-- Up-to-date symlink: /home/rosievoice/main_ws/mic_ws/install/prototype/lib/prototype/move_shaft.py
-- Up-to-date symlink: /home/rosievoice/main_ws/mic_ws/install/prototype/lib/prototype/action_client.py
-- Up-to-date symlink: /home/rosievoice/main_ws/mic_ws/install/prototype/share/ament_index/resource_index/rosidl_interfaces/prototype
-- Up-to-date symlink: /home/rosievoice/main_ws/mic_ws/install/prototype/include/prototype/prototype/action/ai_camera.h
-- Up-to-date symlink: /home/rosievoice/main_ws/mic_ws/install/prototype/include/prototype/prototype/action/detail/ai_camera__functions.h
-- Up-to-date symlink: /home/rosievoice/main_ws/mic_ws/install/prototype/include/prototype/prototype/action/detail/ai_camera__struct.h
-- Up-to-date symlink: /home/rosievoice/main_ws/mic_ws/install/prototype/include/prototype/prototype/action/detail/ai_camera__type_support.h
-- Up-to-date symlink: /home/rosievoice/main_ws/mic_ws/install/prototype/include/prototype/prototype/action/detail/food_menu__functions.h
-- Up-to-date symlink: /home/rosievoice/main_ws/mic_ws/install/prototype/include/prototype/prototype/action/detail/food_menu__struct.h
-- Up-to-date symlink: /home/rosievoice/main_ws/mic_ws/install/prototype/include/prototype/prototype/action/detail/food_menu__type_support.h
-- Up-to-date symlink: /home/rosievoice/main_ws/mic_ws/install/prototype/include/prototype/prototype/action/detail/go_to__functions.h
-- Up-to-date symlink: /home/rosievoice/main_ws/mic_ws/install/prototype/include/prototype/prototype/action/detail/go_to__struct.h
-- Up-to-date symlink: /home/rosievoice/main_ws/mic_ws/install/prototype/include/prototype/prototype/action/detail/go_to__type_support.h
-- Up-to-date symlink: /home/rosievoice/main_ws/mic_ws/install/prototype/include/prototype/prototype/action/detail/send_coordinates__functions.h
-- Up-to-date symlink: /home/rosievoice/main_ws/mic_ws/install/prototype/include/prototype/prototype/action/detail/send_coordinates__struct.h
-- Up-to-date symlink: /home/rosievoice/main_ws/mic_ws/install/prototype/include/prototype/prototype/action/detail/send_coordinates__type_support.h
-- Up-to-date symlink: /home/rosievoice/main_ws/mic_ws/install/prototype/include/prototype/prototype/action/food_menu.h
-- Up-to-date symlink: /home/rosievoice/main_ws/mic_ws/install/prototype/include/prototype/prototype/action/go_to.h
-- Up-to-date symlink: /home/rosievoice/main_ws/mic_ws/install/prototype/include/prototype/prototype/action/send_coordinates.h
-- Up-to-date symlink: /home/rosievoice/main_ws/mic_ws/install/prototype/include/prototype/prototype/msg/detail/distance_angle__functions.h
-- Up-to-date symlink: /home/rosievoice/main_ws/mic_ws/install/prototype/include/prototype/prototype/msg/detail/distance_angle__struct.h
-- Up-to-date symlink: /home/rosievoice/main_ws/mic_ws/install/prototype/include/prototype/prototype/msg/detail/distance_angle__type_support.h
-- Up-to-date symlink: /home/rosievoice/main_ws/mic_ws/install/prototype/include/prototype/prototype/msg/detail/food__functions.h
-- Up-to-date symlink: /home/rosievoice/main_ws/mic_ws/install/prototype/include/prototype/prototype/msg/detail/food__struct.h
-- Up-to-date symlink: /home/rosievoice/main_ws/mic_ws/install/prototype/include/prototype/prototype/msg/detail/food__type_support.h
-- Up-to-date symlink: /home/rosievoice/main_ws/mic_ws/install/prototype/include/prototype/prototype/msg/distance_angle.h
-- Up-to-date symlink: /home/rosievoice/main_ws/mic_ws/install/prototype/include/prototype/prototype/msg/food.h
-- Up-to-date symlink: /home/rosievoice/main_ws/mic_ws/install/prototype/include/prototype/prototype/msg/rosidl_generator_c__visibility_control.h
-- Up-to-date symlink: /home/rosievoice/main_ws/mic_ws/install/prototype/share/prototype/environment/library_path.sh
-- Up-to-date symlink: /home/rosievoice/main_ws/mic_ws/install/prototype/share/prototype/environment/library_path.dsv
-- Up-to-date symlink: /home/rosievoice/main_ws/mic_ws/install/prototype/include/prototype/prototype/action/detail/ai_camera__rosidl_typesupport_fastrtps_c.h
-- Up-to-date symlink: /home/rosievoice/main_ws/mic_ws/install/prototype/include/prototype/prototype/action/detail/food_menu__rosidl_typesupport_fastrtps_c.h
-- Up-to-date symlink: /home/rosievoice/main_ws/mic_ws/install/prototype/include/prototype/prototype/action/detail/go_to__rosidl_typesupport_fastrtps_c.h
-- Up-to-date symlink: /home/rosievoice/main_ws/mic_ws/install/prototype/include/prototype/prototype/action/detail/send_coordinates__rosidl_typesupport_fastrtps_c.h
-- Up-to-date symlink: /home/rosievoice/main_ws/mic_ws/install/prototype/include/prototype/prototype/msg/detail/distance_angle__rosidl_typesupport_fastrtps_c.h
-- Up-to-date symlink: /home/rosievoice/main_ws/mic_ws/install/prototype/include/prototype/prototype/msg/detail/food__rosidl_typesupport_fastrtps_c.h
-- Up-to-date symlink: /home/rosievoice/main_ws/mic_ws/install/prototype/include/prototype/prototype/msg/rosidl_typesupport_fastrtps_c__visibility_control.h
-- Up-to-date symlink: /home/rosievoice/main_ws/mic_ws/install/prototype/include/prototype/prototype/action/ai_camera.hpp
-- Up-to-date symlink: /home/rosievoice/main_ws/mic_ws/install/prototype/include/prototype/prototype/action/detail/ai_camera__builder.hpp
-- Up-to-date symlink: /home/rosievoice/main_ws/mic_ws/install/prototype/include/prototype/prototype/action/detail/ai_camera__struct.hpp
-- Up-to-date symlink: /home/rosievoice/main_ws/mic_ws/install/prototype/include/prototype/prototype/action/detail/ai_camera__traits.hpp
-- Up-to-date symlink: /home/rosievoice/main_ws/mic_ws/install/prototype/include/prototype/prototype/action/detail/food_menu__builder.hpp
-- Up-to-date symlink: /home/rosievoice/main_ws/mic_ws/install/prototype/include/prototype/prototype/action/detail/food_menu__struct.hpp
-- Up-to-date symlink: /home/rosievoice/main_ws/mic_ws/install/prototype/include/prototype/prototype/action/detail/food_menu__traits.hpp
-- Up-to-date symlink: /home/rosievoice/main_ws/mic_ws/install/prototype/include/prototype/prototype/action/detail/go_to__builder.hpp
-- Up-to-date symlink: /home/rosievoice/main_ws/mic_ws/install/prototype/include/prototype/prototype/action/detail/go_to__struct.hpp
-- Up-to-date symlink: /home/rosievoice/main_ws/mic_ws/install/prototype/include/prototype/prototype/action/detail/go_to__traits.hpp
-- Up-to-date symlink: /home/rosievoice/main_ws/mic_ws/install/prototype/include/prototype/prototype/action/detail/send_coordinates__builder.hpp
-- Up-to-date symlink: /home/rosievoice/main_ws/mic_ws/install/prototype/include/prototype/prototype/action/detail/send_coordinates__struct.hpp
-- Up-to-date symlink: /home/rosievoice/main_ws/mic_ws/install/prototype/include/prototype/prototype/action/detail/send_coordinates__traits.hpp
-- Up-to-date symlink: /home/rosievoice/main_ws/mic_ws/install/prototype/include/prototype/prototype/action/food_menu.hpp
-- Up-to-date symlink: /home/rosievoice/main_ws/mic_ws/install/prototype/include/prototype/prototype/action/go_to.hpp
-- Up-to-date symlink: /home/rosievoice/main_ws/mic_ws/install/prototype/include/prototype/prototype/action/send_coordinates.hpp
-- Up-to-date symlink: /home/rosievoice/main_ws/mic_ws/install/prototype/include/prototype/prototype/msg/detail/distance_angle__builder.hpp
-- Up-to-date symlink: /home/rosievoice/main_ws/mic_ws/install/prototype/include/prototype/prototype/msg/detail/distance_angle__struct.hpp
-- Up-to-date symlink: /home/rosievoice/main_ws/mic_ws/install/prototype/include/prototype/prototype/msg/detail/distance_angle__traits.hpp
-- Up-to-date symlink: /home/rosievoice/main_ws/mic_ws/install/prototype/include/prototype/prototype/msg/detail/food__builder.hpp
-- Up-to-date symlink: /home/rosievoice/main_ws/mic_ws/install/prototype/include/prototype/prototype/msg/detail/food__struct.hpp
-- Up-to-date symlink: /home/rosievoice/main_ws/mic_ws/install/prototype/include/prototype/prototype/msg/detail/food__traits.hpp
-- Up-to-date symlink: /home/rosievoice/main_ws/mic_ws/install/prototype/include/prototype/prototype/msg/distance_angle.hpp
-- Up-to-date symlink: /home/rosievoice/main_ws/mic_ws/install/prototype/include/prototype/prototype/msg/food.hpp
-- Up-to-date symlink: /home/rosievoice/main_ws/mic_ws/install/prototype/include/prototype/prototype/action/detail/ai_camera__rosidl_typesupport_fastrtps_cpp.hpp
-- Up-to-date symlink: /home/rosievoice/main_ws/mic_ws/install/prototype/include/prototype/prototype/action/detail/food_menu__rosidl_typesupport_fastrtps_cpp.hpp
-- Up-to-date symlink: /home/rosievoice/main_ws/mic_ws/install/prototype/include/prototype/prototype/action/detail/go_to__rosidl_typesupport_fastrtps_cpp.hpp
-- Up-to-date symlink: /home/rosievoice/main_ws/mic_ws/install/prototype/include/prototype/prototype/action/detail/send_coordinates__rosidl_typesupport_fastrtps_cpp.hpp
-- Up-to-date symlink: /home/rosievoice/main_ws/mic_ws/install/prototype/include/prototype/prototype/msg/detail/distance_angle__rosidl_typesupport_fastrtps_cpp.hpp
-- Up-to-date symlink: /home/rosievoice/main_ws/mic_ws/install/prototype/include/prototype/prototype/msg/detail/food__rosidl_typesupport_fastrtps_cpp.hpp
-- Up-to-date symlink: /home/rosievoice/main_ws/mic_ws/install/prototype/include/prototype/prototype/msg/rosidl_typesupport_fastrtps_cpp__visibility_control.h
-- Up-to-date symlink: /home/rosievoice/main_ws/mic_ws/install/prototype/include/prototype/prototype/action/detail/ai_camera__rosidl_typesupport_introspection_c.h
-- Up-to-date symlink: /home/rosievoice/main_ws/mic_ws/install/prototype/include/prototype/prototype/action/detail/food_menu__rosidl_typesupport_introspection_c.h
-- Up-to-date symlink: /home/rosievoice/main_ws/mic_ws/install/prototype/include/prototype/prototype/action/detail/go_to__rosidl_typesupport_introspection_c.h
-- Up-to-date symlink: /home/rosievoice/main_ws/mic_ws/install/prototype/include/prototype/prototype/action/detail/send_coordinates__rosidl_typesupport_introspection_c.h
-- Up-to-date symlink: /home/rosievoice/main_ws/mic_ws/install/prototype/include/prototype/prototype/msg/detail/distance_angle__rosidl_typesupport_introspection_c.h
-- Up-to-date symlink: /home/rosievoice/main_ws/mic_ws/install/prototype/include/prototype/prototype/msg/detail/food__rosidl_typesupport_introspection_c.h
-- Up-to-date symlink: /home/rosievoice/main_ws/mic_ws/install/prototype/include/prototype/prototype/msg/rosidl_typesupport_introspection_c__visibility_control.h
-- Up-to-date symlink: /home/rosievoice/main_ws/mic_ws/install/prototype/include/prototype/prototype/action/detail/ai_camera__rosidl_typesupport_introspection_cpp.hpp
-- Up-to-date symlink: /home/rosievoice/main_ws/mic_ws/install/prototype/include/prototype/prototype/action/detail/food_menu__rosidl_typesupport_introspection_cpp.hpp
-- Up-to-date symlink: /home/rosievoice/main_ws/mic_ws/install/prototype/include/prototype/prototype/action/detail/go_to__rosidl_typesupport_introspection_cpp.hpp
-- Up-to-date symlink: /home/rosievoice/main_ws/mic_ws/install/prototype/include/prototype/prototype/action/detail/send_coordinates__rosidl_typesupport_introspection_cpp.hpp
-- Up-to-date symlink: /home/rosievoice/main_ws/mic_ws/install/prototype/include/prototype/prototype/msg/detail/distance_angle__rosidl_typesupport_introspection_cpp.hpp
-- Up-to-date symlink: /home/rosievoice/main_ws/mic_ws/install/prototype/include/prototype/prototype/msg/detail/food__rosidl_typesupport_introspection_cpp.hpp
-- Up-to-date symlink: /home/rosievoice/main_ws/mic_ws/install/prototype/share/prototype/environment/pythonpath.sh
-- Up-to-date symlink: /home/rosievoice/main_ws/mic_ws/install/prototype/share/prototype/environment/pythonpath.dsv
-- Up-to-date symlink: /home/rosievoice/main_ws/mic_ws/install/prototype/local/lib/python3.10/dist-packages/prototype-0.0.0-py3.10.egg-info/PKG-INFO
-- Up-to-date symlink: /home/rosievoice/main_ws/mic_ws/install/prototype/local/lib/python3.10/dist-packages/prototype-0.0.0-py3.10.egg-info/SOURCES.txt
-- Up-to-date symlink: /home/rosievoice/main_ws/mic_ws/install/prototype/local/lib/python3.10/dist-packages/prototype-0.0.0-py3.10.egg-info/dependency_links.txt
-- Up-to-date symlink: /home/rosievoice/main_ws/mic_ws/install/prototype/local/lib/python3.10/dist-packages/prototype-0.0.0-py3.10.egg-info/top_level.txt
-- Up-to-date symlink: /home/rosievoice/main_ws/mic_ws/install/prototype/local/lib/python3.10/dist-packages/prototype/__init__.py
-- Up-to-date symlink: /home/rosievoice/main_ws/mic_ws/install/prototype/local/lib/python3.10/dist-packages/prototype/_prototype_s.ep.rosidl_typesupport_c.c
-- Up-to-date symlink: /home/rosievoice/main_ws/mic_ws/install/prototype/local/lib/python3.10/dist-packages/prototype/_prototype_s.ep.rosidl_typesupport_fastrtps_c.c
-- Up-to-date symlink: /home/rosievoice/main_ws/mic_ws/install/prototype/local/lib/python3.10/dist-packages/prototype/_prototype_s.ep.rosidl_typesupport_introspection_c.c
-- Up-to-date symlink: /home/rosievoice/main_ws/mic_ws/install/prototype/local/lib/python3.10/dist-packages/prototype/action/__init__.py
-- Up-to-date symlink: /home/rosievoice/main_ws/mic_ws/install/prototype/local/lib/python3.10/dist-packages/prototype/action/_ai_camera.py
-- Up-to-date symlink: /home/rosievoice/main_ws/mic_ws/install/prototype/local/lib/python3.10/dist-packages/prototype/action/_ai_camera_s.c
-- Up-to-date symlink: /home/rosievoice/main_ws/mic_ws/install/prototype/local/lib/python3.10/dist-packages/prototype/action/_food_menu.py
-- Up-to-date symlink: /home/rosievoice/main_ws/mic_ws/install/prototype/local/lib/python3.10/dist-packages/prototype/action/_food_menu_s.c
-- Up-to-date symlink: /home/rosievoice/main_ws/mic_ws/install/prototype/local/lib/python3.10/dist-packages/prototype/action/_go_to.py
-- Up-to-date symlink: /home/rosievoice/main_ws/mic_ws/install/prototype/local/lib/python3.10/dist-packages/prototype/action/_go_to_s.c
-- Up-to-date symlink: /home/rosievoice/main_ws/mic_ws/install/prototype/local/lib/python3.10/dist-packages/prototype/action/_send_coordinates.py
-- Up-to-date symlink: /home/rosievoice/main_ws/mic_ws/install/prototype/local/lib/python3.10/dist-packages/prototype/action/_send_coordinates_s.c
-- Up-to-date symlink: /home/rosievoice/main_ws/mic_ws/install/prototype/local/lib/python3.10/dist-packages/prototype/libprototype__rosidl_generator_py.so
-- Up-to-date symlink: /home/rosievoice/main_ws/mic_ws/install/prototype/local/lib/python3.10/dist-packages/prototype/msg/__init__.py
-- Up-to-date symlink: /home/rosievoice/main_ws/mic_ws/install/prototype/local/lib/python3.10/dist-packages/prototype/msg/_distance_angle.py
-- Up-to-date symlink: /home/rosievoice/main_ws/mic_ws/install/prototype/local/lib/python3.10/dist-packages/prototype/msg/_distance_angle_s.c
-- Up-to-date symlink: /home/rosievoice/main_ws/mic_ws/install/prototype/local/lib/python3.10/dist-packages/prototype/msg/_food.py
-- Up-to-date symlink: /home/rosievoice/main_ws/mic_ws/install/prototype/local/lib/python3.10/dist-packages/prototype/msg/_food_s.c
-- Up-to-date symlink: /home/rosievoice/main_ws/mic_ws/install/prototype/local/lib/python3.10/dist-packages/prototype/prototype_s__rosidl_typesupport_c.cpython-310-aarch64-linux-gnu.so
-- Up-to-date symlink: /home/rosievoice/main_ws/mic_ws/install/prototype/local/lib/python3.10/dist-packages/prototype/prototype_s__rosidl_typesupport_fastrtps_c.cpython-310-aarch64-linux-gnu.so
-- Up-to-date symlink: /home/rosievoice/main_ws/mic_ws/install/prototype/local/lib/python3.10/dist-packages/prototype/prototype_s__rosidl_typesupport_introspection_c.cpython-310-aarch64-linux-gnu.so
-- Up-to-date symlink: /home/rosievoice/main_ws/mic_ws/install/prototype/local/lib/python3.10/dist-packages/prototype/prototype_s__rosidl_typesupport_fastrtps_c.cpython-310-aarch64-linux-gnu.so
-- Up-to-date symlink: /home/rosievoice/main_ws/mic_ws/install/prototype/local/lib/python3.10/dist-packages/prototype/prototype_s__rosidl_typesupport_introspection_c.cpython-310-aarch64-linux-gnu.so
-- Up-to-date symlink: /home/rosievoice/main_ws/mic_ws/install/prototype/local/lib/python3.10/dist-packages/prototype/prototype_s__rosidl_typesupport_c.cpython-310-aarch64-linux-gnu.so
-- Up-to-date symlink: /home/rosievoice/main_ws/mic_ws/install/prototype/share/prototype/action/SendCoordinates.idl
-- Up-to-date symlink: /home/rosievoice/main_ws/mic_ws/install/prototype/share/prototype/action/GoTo.idl
-- Up-to-date symlink: /home/rosievoice/main_ws/mic_ws/install/prototype/share/prototype/action/FoodMenu.idl
-- Up-to-date symlink: /home/rosievoice/main_ws/mic_ws/install/prototype/share/prototype/action/AiCamera.idl
-- Up-to-date symlink: /home/rosievoice/main_ws/mic_ws/install/prototype/share/prototype/msg/Food.idl
-- Up-to-date symlink: /home/rosievoice/main_ws/mic_ws/install/prototype/share/prototype/msg/DistanceAngle.idl
-- Up-to-date symlink: /home/rosievoice/main_ws/mic_ws/install/prototype/share/prototype/action/SendCoordinates.action
-- Up-to-date symlink: /home/rosievoice/main_ws/mic_ws/install/prototype/share/prototype/action/GoTo.action
-- Up-to-date symlink: /home/rosievoice/main_ws/mic_ws/install/prototype/share/prototype/action/FoodMenu.action
-- Up-to-date symlink: /home/rosievoice/main_ws/mic_ws/install/prototype/share/prototype/action/AiCamera.action
-- Up-to-date symlink: /home/rosievoice/main_ws/mic_ws/install/prototype/share/prototype/msg/Food.msg
-- Up-to-date symlink: /home/rosievoice/main_ws/mic_ws/install/prototype/share/prototype/msg/DistanceAngle.msg
-- Up-to-date symlink: /home/rosievoice/main_ws/mic_ws/install/prototype/share/ament_index/resource_index/package_run_dependencies/prototype
-- Up-to-date symlink: /home/rosievoice/main_ws/mic_ws/install/prototype/share/ament_index/resource_index/parent_prefix_path/prototype
-- Up-to-date symlink: /home/rosievoice/main_ws/mic_ws/install/prototype/share/prototype/environment/ament_prefix_path.sh
-- Up-to-date symlink: /home/rosievoice/main_ws/mic_ws/install/prototype/share/prototype/environment/ament_prefix_path.dsv
-- Up-to-date symlink: /home/rosievoice/main_ws/mic_ws/install/prototype/share/prototype/environment/path.sh
-- Up-to-date symlink: /home/rosievoice/main_ws/mic_ws/install/prototype/share/prototype/environment/path.dsv
-- Up-to-date symlink: /home/rosievoice/main_ws/mic_ws/install/prototype/share/prototype/local_setup.bash
-- Up-to-date symlink: /home/rosievoice/main_ws/mic_ws/install/prototype/share/prototype/local_setup.sh
-- Up-to-date symlink: /home/rosievoice/main_ws/mic_ws/install/prototype/share/prototype/local_setup.zsh
-- Up-to-date symlink: /home/rosievoice/main_ws/mic_ws/install/prototype/share/prototype/local_setup.dsv
-- Symlinking: /home/rosievoice/main_ws/mic_ws/install/prototype/share/prototype/package.dsv
-- Up-to-date symlink: /home/rosievoice/main_ws/mic_ws/install/prototype/share/ament_index/resource_index/packages/prototype
-- Up-to-date symlink: /home/rosievoice/main_ws/mic_ws/install/prototype/share/prototype/cmake/rosidl_cmake-extras.cmake
-- Up-to-date symlink: /home/rosievoice/main_ws/mic_ws/install/prototype/share/prototype/cmake/ament_cmake_export_dependencies-extras.cmake
-- Up-to-date symlink: /home/rosievoice/main_ws/mic_ws/install/prototype/share/prototype/cmake/ament_cmake_export_include_directories-extras.cmake
-- Up-to-date symlink: /home/rosievoice/main_ws/mic_ws/install/prototype/share/prototype/cmake/ament_cmake_export_libraries-extras.cmake
-- Up-to-date symlink: /home/rosievoice/main_ws/mic_ws/install/prototype/share/prototype/cmake/ament_cmake_export_targets-extras.cmake
-- Up-to-date symlink: /home/rosievoice/main_ws/mic_ws/install/prototype/share/prototype/cmake/rosidl_cmake_export_typesupport_targets-extras.cmake
-- Up-to-date symlink: /home/rosievoice/main_ws/mic_ws/install/prototype/share/prototype/cmake/rosidl_cmake_export_typesupport_libraries-extras.cmake
-- Up-to-date symlink: /home/rosievoice/main_ws/mic_ws/install/prototype/share/prototype/cmake/prototypeConfig.cmake
-- Up-to-date symlink: /home/rosievoice/main_ws/mic_ws/install/prototype/share/prototype/cmake/prototypeConfig-version.cmake
-- Up-to-date symlink: /home/rosievoice/main_ws/mic_ws/install/prototype/share/prototype/package.xml
-- Up-to-date: /home/rosievoice/main_ws/mic_ws/install/prototype/lib/libprototype__rosidl_generator_c.so
-- Up-to-date: /home/rosievoice/main_ws/mic_ws/install/prototype/lib/libprototype__rosidl_typesupport_fastrtps_c.so
-- Up-to-date: /home/rosievoice/main_ws/mic_ws/install/prototype/lib/libprototype__rosidl_typesupport_fastrtps_cpp.so
-- Up-to-date: /home/rosievoice/main_ws/mic_ws/install/prototype/lib/libprototype__rosidl_typesupport_introspection_c.so
-- Up-to-date: /home/rosievoice/main_ws/mic_ws/install/prototype/lib/libprototype__rosidl_typesupport_c.so
-- Up-to-date: /home/rosievoice/main_ws/mic_ws/install/prototype/lib/libprototype__rosidl_typesupport_introspection_cpp.so
-- Up-to-date: /home/rosievoice/main_ws/mic_ws/install/prototype/lib/libprototype__rosidl_typesupport_cpp.so
Listing '/home/rosievoice/main_ws/mic_ws/install/prototype/local/lib/python3.10/dist-packages/prototype'...
Listing '/home/rosievoice/main_ws/mic_ws/install/prototype/local/lib/python3.10/dist-packages/prototype/action'...
Listing '/home/rosievoice/main_ws/mic_ws/install/prototype/local/lib/python3.10/dist-packages/prototype/msg'...
-- Up-to-date: /home/rosievoice/main_ws/mic_ws/install/prototype/lib/libprototype__rosidl_generator_py.so
-- Up-to-date: /home/rosievoice/main_ws/mic_ws/install/prototype/share/prototype/cmake/export_prototype__rosidl_generator_cExport.cmake
-- Up-to-date: /home/rosievoice/main_ws/mic_ws/install/prototype/share/prototype/cmake/export_prototype__rosidl_generator_cExport-noconfig.cmake
-- Up-to-date: /home/rosievoice/main_ws/mic_ws/install/prototype/share/prototype/cmake/export_prototype__rosidl_typesupport_fastrtps_cExport.cmake
-- Up-to-date: /home/rosievoice/main_ws/mic_ws/install/prototype/share/prototype/cmake/export_prototype__rosidl_typesupport_fastrtps_cExport-noconfig.cmake
-- Up-to-date: /home/rosievoice/main_ws/mic_ws/install/prototype/share/prototype/cmake/export_prototype__rosidl_generator_cppExport.cmake
-- Up-to-date: /home/rosievoice/main_ws/mic_ws/install/prototype/share/prototype/cmake/export_prototype__rosidl_typesupport_fastrtps_cppExport.cmake
-- Up-to-date: /home/rosievoice/main_ws/mic_ws/install/prototype/share/prototype/cmake/export_prototype__rosidl_typesupport_fastrtps_cppExport-noconfig.cmake
-- Up-to-date: /home/rosievoice/main_ws/mic_ws/install/prototype/share/prototype/cmake/prototype__rosidl_typesupport_introspection_cExport.cmake
-- Up-to-date: /home/rosievoice/main_ws/mic_ws/install/prototype/share/prototype/cmake/prototype__rosidl_typesupport_introspection_cExport-noconfig.cmake
-- Up-to-date: /home/rosievoice/main_ws/mic_ws/install/prototype/share/prototype/cmake/prototype__rosidl_typesupport_cExport.cmake
-- Up-to-date: /home/rosievoice/main_ws/mic_ws/install/prototype/share/prototype/cmake/prototype__rosidl_typesupport_cExport-noconfig.cmake
-- Up-to-date: /home/rosievoice/main_ws/mic_ws/install/prototype/share/prototype/cmake/prototype__rosidl_typesupport_introspection_cppExport.cmake
-- Up-to-date: /home/rosievoice/main_ws/mic_ws/install/prototype/share/prototype/cmake/prototype__rosidl_typesupport_introspection_cppExport-noconfig.cmake
-- Up-to-date: /home/rosievoice/main_ws/mic_ws/install/prototype/share/prototype/cmake/prototype__rosidl_typesupport_cppExport.cmake
-- Up-to-date: /home/rosievoice/main_ws/mic_ws/install/prototype/share/prototype/cmake/prototype__rosidl_typesupport_cppExport-noconfig.cmake
-- Up-to-date: /home/rosievoice/main_ws/mic_ws/install/prototype/share/prototype/cmake/export_prototype__rosidl_generator_pyExport.cmake
-- Up-to-date: /home/rosievoice/main_ws/mic_ws/install/prototype/share/prototype/cmake/export_prototype__rosidl_generator_pyExport-noconfig.cmake
